[2025-11-30T19:07:29.054+0000] {local_task_job_runner.py:120} INFO - ::group::Pre task execution logs
[2025-11-30T19:07:29.096+0000] {taskinstance.py:2076} INFO - Dependencies all met for dep_context=non-requeueable deps ti=<TaskInstance: real_estate_etl_pipeline.transform_dubbizle manual__2025-11-30T18:25:30.102845+00:00 [queued]>
[2025-11-30T19:07:29.115+0000] {taskinstance.py:2076} INFO - Dependencies all met for dep_context=requeueable deps ti=<TaskInstance: real_estate_etl_pipeline.transform_dubbizle manual__2025-11-30T18:25:30.102845+00:00 [queued]>
[2025-11-30T19:07:29.117+0000] {taskinstance.py:2306} INFO - Starting attempt 1 of 2
[2025-11-30T19:07:29.150+0000] {taskinstance.py:2330} INFO - Executing <Task(BashOperator): transform_dubbizle> on 2025-11-30 18:25:30.102845+00:00
[2025-11-30T19:07:29.169+0000] {warnings.py:112} WARNING - /home/***/.local/lib/python3.12/site-packages/***/task/task_runner/standard_task_runner.py:61: DeprecationWarning: This process (pid=557) is multi-threaded, use of fork() may lead to deadlocks in the child.
  pid = os.fork()

[2025-11-30T19:07:29.172+0000] {standard_task_runner.py:63} INFO - Started process 565 to run task
[2025-11-30T19:07:29.173+0000] {standard_task_runner.py:90} INFO - Running: ['***', 'tasks', 'run', 'real_estate_etl_pipeline', 'transform_dubbizle', 'manual__2025-11-30T18:25:30.102845+00:00', '--job-id', '38', '--raw', '--subdir', 'DAGS_FOLDER/scraping_dag.py', '--cfg-path', '/tmp/tmp0c52cpp8']
[2025-11-30T19:07:29.178+0000] {standard_task_runner.py:91} INFO - Job 38: Subtask transform_dubbizle
[2025-11-30T19:07:29.307+0000] {task_command.py:426} INFO - Running <TaskInstance: real_estate_etl_pipeline.transform_dubbizle manual__2025-11-30T18:25:30.102845+00:00 [running]> on host 9a9a5f972fcd
[2025-11-30T19:07:29.420+0000] {taskinstance.py:2648} INFO - Exporting env vars: AIRFLOW_CTX_DAG_OWNER='***' AIRFLOW_CTX_DAG_ID='real_estate_etl_pipeline' AIRFLOW_CTX_TASK_ID='transform_dubbizle' AIRFLOW_CTX_EXECUTION_DATE='2025-11-30T18:25:30.102845+00:00' AIRFLOW_CTX_TRY_NUMBER='1' AIRFLOW_CTX_DAG_RUN_ID='manual__2025-11-30T18:25:30.102845+00:00'
[2025-11-30T19:07:29.423+0000] {taskinstance.py:430} INFO - ::endgroup::
[2025-11-30T19:07:29.424+0000] {subprocess.py:63} INFO - Tmp dir root location: /tmp
[2025-11-30T19:07:29.426+0000] {subprocess.py:75} INFO - Running command: ['/usr/bin/bash', '-c', 'docker exec jupyter spark-submit --master local[*] /data/Transformation_Layer_Pyspark/transform_dubbizle.py']
[2025-11-30T19:07:29.444+0000] {subprocess.py:86} INFO - Output:
[2025-11-30T19:07:35.222+0000] {subprocess.py:93} INFO - 25/11/30 19:07:35 INFO SparkContext: Running Spark version 3.5.0
[2025-11-30T19:07:35.229+0000] {subprocess.py:93} INFO - 25/11/30 19:07:35 INFO SparkContext: OS info Linux, 5.15.167.4-microsoft-standard-WSL2, amd64
[2025-11-30T19:07:35.230+0000] {subprocess.py:93} INFO - 25/11/30 19:07:35 INFO SparkContext: Java version 17.0.8.1
[2025-11-30T19:07:35.368+0000] {subprocess.py:93} INFO - 25/11/30 19:07:35 WARN NativeCodeLoader: Unable to load native-hadoop library for your platform... using builtin-java classes where applicable
[2025-11-30T19:07:35.555+0000] {subprocess.py:93} INFO - 25/11/30 19:07:35 INFO ResourceUtils: ==============================================================
[2025-11-30T19:07:35.558+0000] {subprocess.py:93} INFO - 25/11/30 19:07:35 INFO ResourceUtils: No custom resources configured for spark.driver.
[2025-11-30T19:07:35.560+0000] {subprocess.py:93} INFO - 25/11/30 19:07:35 INFO ResourceUtils: ==============================================================
[2025-11-30T19:07:35.562+0000] {subprocess.py:93} INFO - 25/11/30 19:07:35 INFO SparkContext: Submitted application: Transform_Dubbizle
[2025-11-30T19:07:35.611+0000] {subprocess.py:93} INFO - 25/11/30 19:07:35 INFO ResourceProfile: Default ResourceProfile created, executor resources: Map(cores -> name: cores, amount: 1, script: , vendor: , memory -> name: memory, amount: 1024, script: , vendor: , offHeap -> name: offHeap, amount: 0, script: , vendor: ), task resources: Map(cpus -> name: cpus, amount: 1.0)
[2025-11-30T19:07:35.627+0000] {subprocess.py:93} INFO - 25/11/30 19:07:35 INFO ResourceProfile: Limiting resource is cpu
[2025-11-30T19:07:35.632+0000] {subprocess.py:93} INFO - 25/11/30 19:07:35 INFO ResourceProfileManager: Added ResourceProfile id: 0
[2025-11-30T19:07:35.728+0000] {subprocess.py:93} INFO - 25/11/30 19:07:35 INFO SecurityManager: Changing view acls to: jovyan
[2025-11-30T19:07:35.729+0000] {subprocess.py:93} INFO - 25/11/30 19:07:35 INFO SecurityManager: Changing modify acls to: jovyan
[2025-11-30T19:07:35.730+0000] {subprocess.py:93} INFO - 25/11/30 19:07:35 INFO SecurityManager: Changing view acls groups to:
[2025-11-30T19:07:35.732+0000] {subprocess.py:93} INFO - 25/11/30 19:07:35 INFO SecurityManager: Changing modify acls groups to:
[2025-11-30T19:07:35.733+0000] {subprocess.py:93} INFO - 25/11/30 19:07:35 INFO SecurityManager: SecurityManager: authentication disabled; ui acls disabled; users with view permissions: jovyan; groups with view permissions: EMPTY; users with modify permissions: jovyan; groups with modify permissions: EMPTY
[2025-11-30T19:07:36.287+0000] {subprocess.py:93} INFO - 25/11/30 19:07:36 INFO Utils: Successfully started service 'sparkDriver' on port 33577.
[2025-11-30T19:07:36.355+0000] {subprocess.py:93} INFO - 25/11/30 19:07:36 INFO SparkEnv: Registering MapOutputTracker
[2025-11-30T19:07:36.416+0000] {subprocess.py:93} INFO - 25/11/30 19:07:36 INFO SparkEnv: Registering BlockManagerMaster
[2025-11-30T19:07:36.441+0000] {subprocess.py:93} INFO - 25/11/30 19:07:36 INFO BlockManagerMasterEndpoint: Using org.apache.spark.storage.DefaultTopologyMapper for getting topology information
[2025-11-30T19:07:36.442+0000] {subprocess.py:93} INFO - 25/11/30 19:07:36 INFO BlockManagerMasterEndpoint: BlockManagerMasterEndpoint up
[2025-11-30T19:07:36.454+0000] {subprocess.py:93} INFO - 25/11/30 19:07:36 INFO SparkEnv: Registering BlockManagerMasterHeartbeat
[2025-11-30T19:07:36.502+0000] {subprocess.py:93} INFO - 25/11/30 19:07:36 INFO DiskBlockManager: Created local directory at /tmp/blockmgr-9025b3d6-5019-4d9f-a6f2-08f17949d453
[2025-11-30T19:07:36.532+0000] {subprocess.py:93} INFO - 25/11/30 19:07:36 INFO MemoryStore: MemoryStore started with capacity 434.4 MiB
[2025-11-30T19:07:36.564+0000] {subprocess.py:93} INFO - 25/11/30 19:07:36 INFO SparkEnv: Registering OutputCommitCoordinator
[2025-11-30T19:07:36.886+0000] {subprocess.py:93} INFO - 25/11/30 19:07:36 INFO JettyUtils: Start Jetty 0.0.0.0:4040 for SparkUI
[2025-11-30T19:07:37.051+0000] {subprocess.py:93} INFO - 25/11/30 19:07:37 INFO Utils: Successfully started service 'SparkUI' on port 4040.
[2025-11-30T19:07:37.364+0000] {subprocess.py:93} INFO - 25/11/30 19:07:37 INFO Executor: Starting executor ID driver on host 76c6f5c40d8c
[2025-11-30T19:07:37.367+0000] {subprocess.py:93} INFO - 25/11/30 19:07:37 INFO Executor: OS info Linux, 5.15.167.4-microsoft-standard-WSL2, amd64
[2025-11-30T19:07:37.369+0000] {subprocess.py:93} INFO - 25/11/30 19:07:37 INFO Executor: Java version 17.0.8.1
[2025-11-30T19:07:37.385+0000] {subprocess.py:93} INFO - 25/11/30 19:07:37 INFO Executor: Starting executor with user classpath (userClassPathFirst = false): ''
[2025-11-30T19:07:37.387+0000] {subprocess.py:93} INFO - 25/11/30 19:07:37 INFO Executor: Created or updated repl class loader org.apache.spark.util.MutableURLClassLoader@5e1d25fc for default.
[2025-11-30T19:07:37.432+0000] {subprocess.py:93} INFO - 25/11/30 19:07:37 INFO Utils: Successfully started service 'org.apache.spark.network.netty.NettyBlockTransferService' on port 37933.
[2025-11-30T19:07:37.433+0000] {subprocess.py:93} INFO - 25/11/30 19:07:37 INFO NettyBlockTransferService: Server created on 76c6f5c40d8c:37933
[2025-11-30T19:07:37.437+0000] {subprocess.py:93} INFO - 25/11/30 19:07:37 INFO BlockManager: Using org.apache.spark.storage.RandomBlockReplicationPolicy for block replication policy
[2025-11-30T19:07:37.450+0000] {subprocess.py:93} INFO - 25/11/30 19:07:37 INFO BlockManagerMaster: Registering BlockManager BlockManagerId(driver, 76c6f5c40d8c, 37933, None)
[2025-11-30T19:07:37.458+0000] {subprocess.py:93} INFO - 25/11/30 19:07:37 INFO BlockManagerMasterEndpoint: Registering block manager 76c6f5c40d8c:37933 with 434.4 MiB RAM, BlockManagerId(driver, 76c6f5c40d8c, 37933, None)
[2025-11-30T19:07:37.463+0000] {subprocess.py:93} INFO - 25/11/30 19:07:37 INFO BlockManagerMaster: Registered BlockManager BlockManagerId(driver, 76c6f5c40d8c, 37933, None)
[2025-11-30T19:07:37.467+0000] {subprocess.py:93} INFO - 25/11/30 19:07:37 INFO BlockManager: Initialized BlockManager: BlockManagerId(driver, 76c6f5c40d8c, 37933, None)
[2025-11-30T19:07:38.184+0000] {subprocess.py:93} INFO - 25/11/30 19:07:38 INFO SharedState: Setting hive.metastore.warehouse.dir ('null') to the value of spark.sql.warehouse.dir.
[2025-11-30T19:07:38.197+0000] {subprocess.py:93} INFO - 25/11/30 19:07:38 INFO SharedState: Warehouse path is 'file:/home/jovyan/spark-warehouse'.
[2025-11-30T19:07:40.667+0000] {subprocess.py:93} INFO - 25/11/30 19:07:40 INFO InMemoryFileIndex: It took 147 ms to list leaf files for 1 paths.
[2025-11-30T19:07:41.365+0000] {subprocess.py:93} INFO - 25/11/30 19:07:41 INFO SparkContext: Starting job: parquet at NativeMethodAccessorImpl.java:0
[2025-11-30T19:07:41.399+0000] {subprocess.py:93} INFO - 25/11/30 19:07:41 INFO DAGScheduler: Got job 0 (parquet at NativeMethodAccessorImpl.java:0) with 1 output partitions
[2025-11-30T19:07:41.400+0000] {subprocess.py:93} INFO - 25/11/30 19:07:41 INFO DAGScheduler: Final stage: ResultStage 0 (parquet at NativeMethodAccessorImpl.java:0)
[2025-11-30T19:07:41.402+0000] {subprocess.py:93} INFO - 25/11/30 19:07:41 INFO DAGScheduler: Parents of final stage: List()
[2025-11-30T19:07:41.406+0000] {subprocess.py:93} INFO - 25/11/30 19:07:41 INFO DAGScheduler: Missing parents: List()
[2025-11-30T19:07:41.415+0000] {subprocess.py:93} INFO - 25/11/30 19:07:41 INFO DAGScheduler: Submitting ResultStage 0 (MapPartitionsRDD[1] at parquet at NativeMethodAccessorImpl.java:0), which has no missing parents
[2025-11-30T19:07:41.530+0000] {subprocess.py:93} INFO - 25/11/30 19:07:41 INFO MemoryStore: Block broadcast_0 stored as values in memory (estimated size 103.1 KiB, free 434.3 MiB)
[2025-11-30T19:07:41.582+0000] {subprocess.py:93} INFO - 25/11/30 19:07:41 INFO MemoryStore: Block broadcast_0_piece0 stored as bytes in memory (estimated size 37.2 KiB, free 434.3 MiB)
[2025-11-30T19:07:41.589+0000] {subprocess.py:93} INFO - 25/11/30 19:07:41 INFO BlockManagerInfo: Added broadcast_0_piece0 in memory on 76c6f5c40d8c:37933 (size: 37.2 KiB, free: 434.4 MiB)
[2025-11-30T19:07:41.597+0000] {subprocess.py:93} INFO - 25/11/30 19:07:41 INFO SparkContext: Created broadcast 0 from broadcast at DAGScheduler.scala:1580
[2025-11-30T19:07:41.621+0000] {subprocess.py:93} INFO - 25/11/30 19:07:41 INFO DAGScheduler: Submitting 1 missing tasks from ResultStage 0 (MapPartitionsRDD[1] at parquet at NativeMethodAccessorImpl.java:0) (first 15 tasks are for partitions Vector(0))
[2025-11-30T19:07:41.624+0000] {subprocess.py:93} INFO - 25/11/30 19:07:41 INFO TaskSchedulerImpl: Adding task set 0.0 with 1 tasks resource profile 0
[2025-11-30T19:07:41.723+0000] {subprocess.py:93} INFO - 25/11/30 19:07:41 INFO TaskSetManager: Starting task 0.0 in stage 0.0 (TID 0) (76c6f5c40d8c, executor driver, partition 0, PROCESS_LOCAL, 7837 bytes)
[2025-11-30T19:07:41.752+0000] {subprocess.py:93} INFO - 25/11/30 19:07:41 INFO Executor: Running task 0.0 in stage 0.0 (TID 0)
[2025-11-30T19:07:42.715+0000] {subprocess.py:93} INFO - 25/11/30 19:07:42 INFO Executor: Finished task 0.0 in stage 0.0 (TID 0). 2039 bytes result sent to driver
[2025-11-30T19:07:42.782+0000] {subprocess.py:93} INFO - 25/11/30 19:07:42 INFO TaskSetManager: Finished task 0.0 in stage 0.0 (TID 0) in 1079 ms on 76c6f5c40d8c (executor driver) (1/1)
[2025-11-30T19:07:42.795+0000] {subprocess.py:93} INFO - 25/11/30 19:07:42 INFO TaskSchedulerImpl: Removed TaskSet 0.0, whose tasks have all completed, from pool
[2025-11-30T19:07:42.837+0000] {subprocess.py:93} INFO - 25/11/30 19:07:42 INFO DAGScheduler: ResultStage 0 (parquet at NativeMethodAccessorImpl.java:0) finished in 1.376 s
[2025-11-30T19:07:42.844+0000] {subprocess.py:93} INFO - 25/11/30 19:07:42 INFO DAGScheduler: Job 0 is finished. Cancelling potential speculative or zombie tasks for this job
[2025-11-30T19:07:42.849+0000] {subprocess.py:93} INFO - 25/11/30 19:07:42 INFO TaskSchedulerImpl: Killing all running tasks in stage 0: Stage finished
[2025-11-30T19:07:42.854+0000] {subprocess.py:93} INFO - 25/11/30 19:07:42 INFO DAGScheduler: Job 0 finished: parquet at NativeMethodAccessorImpl.java:0, took 1.475784 s
[2025-11-30T19:07:43.217+0000] {subprocess.py:93} INFO - 25/11/30 19:07:43 INFO BlockManagerInfo: Removed broadcast_0_piece0 on 76c6f5c40d8c:37933 in memory (size: 37.2 KiB, free: 434.4 MiB)
[2025-11-30T19:07:44.234+0000] {subprocess.py:93} INFO - 25/11/30 19:07:44 INFO InMemoryFileIndex: It took 9 ms to list leaf files for 1 paths.
[2025-11-30T19:07:44.315+0000] {subprocess.py:93} INFO - 25/11/30 19:07:44 INFO SparkContext: Starting job: parquet at NativeMethodAccessorImpl.java:0
[2025-11-30T19:07:44.319+0000] {subprocess.py:93} INFO - 25/11/30 19:07:44 INFO DAGScheduler: Got job 1 (parquet at NativeMethodAccessorImpl.java:0) with 1 output partitions
[2025-11-30T19:07:44.320+0000] {subprocess.py:93} INFO - 25/11/30 19:07:44 INFO DAGScheduler: Final stage: ResultStage 1 (parquet at NativeMethodAccessorImpl.java:0)
[2025-11-30T19:07:44.321+0000] {subprocess.py:93} INFO - 25/11/30 19:07:44 INFO DAGScheduler: Parents of final stage: List()
[2025-11-30T19:07:44.322+0000] {subprocess.py:93} INFO - 25/11/30 19:07:44 INFO DAGScheduler: Missing parents: List()
[2025-11-30T19:07:44.323+0000] {subprocess.py:93} INFO - 25/11/30 19:07:44 INFO DAGScheduler: Submitting ResultStage 1 (MapPartitionsRDD[3] at parquet at NativeMethodAccessorImpl.java:0), which has no missing parents
[2025-11-30T19:07:44.344+0000] {subprocess.py:93} INFO - 25/11/30 19:07:44 INFO MemoryStore: Block broadcast_1 stored as values in memory (estimated size 103.1 KiB, free 434.3 MiB)
[2025-11-30T19:07:44.352+0000] {subprocess.py:93} INFO - 25/11/30 19:07:44 INFO MemoryStore: Block broadcast_1_piece0 stored as bytes in memory (estimated size 37.2 KiB, free 434.3 MiB)
[2025-11-30T19:07:44.353+0000] {subprocess.py:93} INFO - 25/11/30 19:07:44 INFO BlockManagerInfo: Added broadcast_1_piece0 in memory on 76c6f5c40d8c:37933 (size: 37.2 KiB, free: 434.4 MiB)
[2025-11-30T19:07:44.355+0000] {subprocess.py:93} INFO - 25/11/30 19:07:44 INFO SparkContext: Created broadcast 1 from broadcast at DAGScheduler.scala:1580
[2025-11-30T19:07:44.358+0000] {subprocess.py:93} INFO - 25/11/30 19:07:44 INFO DAGScheduler: Submitting 1 missing tasks from ResultStage 1 (MapPartitionsRDD[3] at parquet at NativeMethodAccessorImpl.java:0) (first 15 tasks are for partitions Vector(0))
[2025-11-30T19:07:44.360+0000] {subprocess.py:93} INFO - 25/11/30 19:07:44 INFO TaskSchedulerImpl: Adding task set 1.0 with 1 tasks resource profile 0
[2025-11-30T19:07:44.368+0000] {subprocess.py:93} INFO - 25/11/30 19:07:44 INFO TaskSetManager: Starting task 0.0 in stage 1.0 (TID 1) (76c6f5c40d8c, executor driver, partition 0, PROCESS_LOCAL, 7842 bytes)
[2025-11-30T19:07:44.371+0000] {subprocess.py:93} INFO - 25/11/30 19:07:44 INFO Executor: Running task 0.0 in stage 1.0 (TID 1)
[2025-11-30T19:07:44.414+0000] {subprocess.py:93} INFO - 25/11/30 19:07:44 INFO Executor: Finished task 0.0 in stage 1.0 (TID 1). 1953 bytes result sent to driver
[2025-11-30T19:07:44.419+0000] {subprocess.py:93} INFO - 25/11/30 19:07:44 INFO TaskSetManager: Finished task 0.0 in stage 1.0 (TID 1) in 51 ms on 76c6f5c40d8c (executor driver) (1/1)
[2025-11-30T19:07:44.420+0000] {subprocess.py:93} INFO - 25/11/30 19:07:44 INFO TaskSchedulerImpl: Removed TaskSet 1.0, whose tasks have all completed, from pool
[2025-11-30T19:07:44.421+0000] {subprocess.py:93} INFO - 25/11/30 19:07:44 INFO DAGScheduler: ResultStage 1 (parquet at NativeMethodAccessorImpl.java:0) finished in 0.097 s
[2025-11-30T19:07:44.422+0000] {subprocess.py:93} INFO - 25/11/30 19:07:44 INFO DAGScheduler: Job 1 is finished. Cancelling potential speculative or zombie tasks for this job
[2025-11-30T19:07:44.422+0000] {subprocess.py:93} INFO - 25/11/30 19:07:44 INFO TaskSchedulerImpl: Killing all running tasks in stage 1: Stage finished
[2025-11-30T19:07:44.423+0000] {subprocess.py:93} INFO - 25/11/30 19:07:44 INFO DAGScheduler: Job 1 finished: parquet at NativeMethodAccessorImpl.java:0, took 0.108665 s
[2025-11-30T19:07:46.318+0000] {subprocess.py:93} INFO - 25/11/30 19:07:46 INFO BlockManagerInfo: Removed broadcast_1_piece0 on 76c6f5c40d8c:37933 in memory (size: 37.2 KiB, free: 434.4 MiB)
[2025-11-30T19:07:46.617+0000] {subprocess.py:93} INFO - 25/11/30 19:07:46 INFO FileSourceStrategy: Pushed Filters:
[2025-11-30T19:07:46.621+0000] {subprocess.py:93} INFO - 25/11/30 19:07:46 INFO FileSourceStrategy: Post-Scan Filters:
[2025-11-30T19:07:46.649+0000] {subprocess.py:93} INFO - 25/11/30 19:07:46 INFO FileSourceStrategy: Pushed Filters:
[2025-11-30T19:07:46.650+0000] {subprocess.py:93} INFO - 25/11/30 19:07:46 INFO FileSourceStrategy: Post-Scan Filters:
[2025-11-30T19:07:46.841+0000] {subprocess.py:93} INFO - 25/11/30 19:07:46 INFO ParquetUtils: Using default output committer for Parquet: org.apache.parquet.hadoop.ParquetOutputCommitter
[2025-11-30T19:07:46.866+0000] {subprocess.py:93} INFO - 25/11/30 19:07:46 INFO FileOutputCommitter: File Output Committer Algorithm version is 1
[2025-11-30T19:07:46.867+0000] {subprocess.py:93} INFO - 25/11/30 19:07:46 INFO FileOutputCommitter: FileOutputCommitter skip cleanup _temporary folders under output directory:false, ignore cleanup failures: false
[2025-11-30T19:07:46.870+0000] {subprocess.py:93} INFO - 25/11/30 19:07:46 INFO SQLHadoopMapReduceCommitProtocol: Using user defined output committer class org.apache.parquet.hadoop.ParquetOutputCommitter
[2025-11-30T19:07:46.871+0000] {subprocess.py:93} INFO - 25/11/30 19:07:46 INFO FileOutputCommitter: File Output Committer Algorithm version is 1
[2025-11-30T19:07:46.872+0000] {subprocess.py:93} INFO - 25/11/30 19:07:46 INFO FileOutputCommitter: FileOutputCommitter skip cleanup _temporary folders under output directory:false, ignore cleanup failures: false
[2025-11-30T19:07:46.873+0000] {subprocess.py:93} INFO - 25/11/30 19:07:46 INFO SQLHadoopMapReduceCommitProtocol: Using output committer class org.apache.parquet.hadoop.ParquetOutputCommitter
[2025-11-30T19:07:47.588+0000] {subprocess.py:93} INFO - 25/11/30 19:07:47 INFO CodeGenerator: Code generated in 524.235988 ms
[2025-11-30T19:07:47.619+0000] {subprocess.py:93} INFO - 25/11/30 19:07:47 INFO MemoryStore: Block broadcast_2 stored as values in memory (estimated size 201.5 KiB, free 434.2 MiB)
[2025-11-30T19:07:47.641+0000] {subprocess.py:93} INFO - 25/11/30 19:07:47 INFO MemoryStore: Block broadcast_2_piece0 stored as bytes in memory (estimated size 35.0 KiB, free 434.2 MiB)
[2025-11-30T19:07:47.642+0000] {subprocess.py:93} INFO - 25/11/30 19:07:47 INFO BlockManagerInfo: Added broadcast_2_piece0 in memory on 76c6f5c40d8c:37933 (size: 35.0 KiB, free: 434.4 MiB)
[2025-11-30T19:07:47.648+0000] {subprocess.py:93} INFO - 25/11/30 19:07:47 INFO SparkContext: Created broadcast 2 from parquet at NativeMethodAccessorImpl.java:0
[2025-11-30T19:07:47.674+0000] {subprocess.py:93} INFO - 25/11/30 19:07:47 INFO FileSourceScanExec: Planning scan with bin packing, max size: 4194304 bytes, open cost is considered as scanning 4194304 bytes.
[2025-11-30T19:07:47.932+0000] {subprocess.py:93} INFO - 25/11/30 19:07:47 INFO CodeGenerator: Code generated in 134.120428 ms
[2025-11-30T19:07:47.947+0000] {subprocess.py:93} INFO - 25/11/30 19:07:47 INFO MemoryStore: Block broadcast_3 stored as values in memory (estimated size 201.5 KiB, free 434.0 MiB)
[2025-11-30T19:07:47.968+0000] {subprocess.py:93} INFO - 25/11/30 19:07:47 INFO MemoryStore: Block broadcast_3_piece0 stored as bytes in memory (estimated size 35.0 KiB, free 433.9 MiB)
[2025-11-30T19:07:47.971+0000] {subprocess.py:93} INFO - 25/11/30 19:07:47 INFO BlockManagerInfo: Added broadcast_3_piece0 in memory on 76c6f5c40d8c:37933 (size: 35.0 KiB, free: 434.3 MiB)
[2025-11-30T19:07:47.973+0000] {subprocess.py:93} INFO - 25/11/30 19:07:47 INFO SparkContext: Created broadcast 3 from parquet at NativeMethodAccessorImpl.java:0
[2025-11-30T19:07:47.986+0000] {subprocess.py:93} INFO - 25/11/30 19:07:47 INFO FileSourceScanExec: Planning scan with bin packing, max size: 4194304 bytes, open cost is considered as scanning 4194304 bytes.
[2025-11-30T19:07:48.031+0000] {subprocess.py:93} INFO - 25/11/30 19:07:48 INFO SparkContext: Starting job: parquet at NativeMethodAccessorImpl.java:0
[2025-11-30T19:07:48.045+0000] {subprocess.py:93} INFO - 25/11/30 19:07:48 INFO DAGScheduler: Got job 2 (parquet at NativeMethodAccessorImpl.java:0) with 2 output partitions
[2025-11-30T19:07:48.046+0000] {subprocess.py:93} INFO - 25/11/30 19:07:48 INFO DAGScheduler: Final stage: ResultStage 2 (parquet at NativeMethodAccessorImpl.java:0)
[2025-11-30T19:07:48.052+0000] {subprocess.py:93} INFO - 25/11/30 19:07:48 INFO DAGScheduler: Parents of final stage: List()
[2025-11-30T19:07:48.054+0000] {subprocess.py:93} INFO - 25/11/30 19:07:48 INFO DAGScheduler: Missing parents: List()
[2025-11-30T19:07:48.055+0000] {subprocess.py:93} INFO - 25/11/30 19:07:48 INFO DAGScheduler: Submitting ResultStage 2 (MapPartitionsRDD[11] at parquet at NativeMethodAccessorImpl.java:0), which has no missing parents
[2025-11-30T19:07:48.203+0000] {subprocess.py:93} INFO - 25/11/30 19:07:48 INFO MemoryStore: Block broadcast_4 stored as values in memory (estimated size 248.8 KiB, free 433.7 MiB)
[2025-11-30T19:07:48.209+0000] {subprocess.py:93} INFO - 25/11/30 19:07:48 INFO MemoryStore: Block broadcast_4_piece0 stored as bytes in memory (estimated size 85.0 KiB, free 433.6 MiB)
[2025-11-30T19:07:48.214+0000] {subprocess.py:93} INFO - 25/11/30 19:07:48 INFO BlockManagerInfo: Added broadcast_4_piece0 in memory on 76c6f5c40d8c:37933 (size: 85.0 KiB, free: 434.2 MiB)
[2025-11-30T19:07:48.215+0000] {subprocess.py:93} INFO - 25/11/30 19:07:48 INFO SparkContext: Created broadcast 4 from broadcast at DAGScheduler.scala:1580
[2025-11-30T19:07:48.216+0000] {subprocess.py:93} INFO - 25/11/30 19:07:48 INFO DAGScheduler: Submitting 2 missing tasks from ResultStage 2 (MapPartitionsRDD[11] at parquet at NativeMethodAccessorImpl.java:0) (first 15 tasks are for partitions Vector(0, 1))
[2025-11-30T19:07:48.221+0000] {subprocess.py:93} INFO - 25/11/30 19:07:48 INFO TaskSchedulerImpl: Adding task set 2.0 with 2 tasks resource profile 0
[2025-11-30T19:07:48.247+0000] {subprocess.py:93} INFO - 25/11/30 19:07:48 INFO TaskSetManager: Starting task 0.0 in stage 2.0 (TID 2) (76c6f5c40d8c, executor driver, partition 0, ANY, 8414 bytes)
[2025-11-30T19:07:48.248+0000] {subprocess.py:93} INFO - 25/11/30 19:07:48 INFO TaskSetManager: Starting task 1.0 in stage 2.0 (TID 3) (76c6f5c40d8c, executor driver, partition 1, ANY, 8419 bytes)
[2025-11-30T19:07:48.251+0000] {subprocess.py:93} INFO - 25/11/30 19:07:48 INFO Executor: Running task 0.0 in stage 2.0 (TID 2)
[2025-11-30T19:07:48.252+0000] {subprocess.py:93} INFO - 25/11/30 19:07:48 INFO Executor: Running task 1.0 in stage 2.0 (TID 3)
[2025-11-30T19:07:48.501+0000] {subprocess.py:93} INFO - 25/11/30 19:07:48 INFO CodeGenerator: Code generated in 103.746708 ms
[2025-11-30T19:07:48.508+0000] {subprocess.py:93} INFO - 25/11/30 19:07:48 INFO CodeGenerator: Code generated in 110.614024 ms
[2025-11-30T19:07:48.509+0000] {subprocess.py:93} INFO - 25/11/30 19:07:48 INFO FileOutputCommitter: File Output Committer Algorithm version is 1
[2025-11-30T19:07:48.512+0000] {subprocess.py:93} INFO - 25/11/30 19:07:48 INFO FileOutputCommitter: FileOutputCommitter skip cleanup _temporary folders under output directory:false, ignore cleanup failures: false
[2025-11-30T19:07:48.514+0000] {subprocess.py:93} INFO - 25/11/30 19:07:48 INFO SQLHadoopMapReduceCommitProtocol: Using user defined output committer class org.apache.parquet.hadoop.ParquetOutputCommitter
[2025-11-30T19:07:48.515+0000] {subprocess.py:93} INFO - 25/11/30 19:07:48 INFO FileOutputCommitter: File Output Committer Algorithm version is 1
[2025-11-30T19:07:48.516+0000] {subprocess.py:93} INFO - 25/11/30 19:07:48 INFO FileOutputCommitter: FileOutputCommitter skip cleanup _temporary folders under output directory:false, ignore cleanup failures: false
[2025-11-30T19:07:48.516+0000] {subprocess.py:93} INFO - 25/11/30 19:07:48 INFO SQLHadoopMapReduceCommitProtocol: Using output committer class org.apache.parquet.hadoop.ParquetOutputCommitter
[2025-11-30T19:07:48.517+0000] {subprocess.py:93} INFO - 25/11/30 19:07:48 INFO FileOutputCommitter: File Output Committer Algorithm version is 1
[2025-11-30T19:07:48.518+0000] {subprocess.py:93} INFO - 25/11/30 19:07:48 INFO FileOutputCommitter: FileOutputCommitter skip cleanup _temporary folders under output directory:false, ignore cleanup failures: false
[2025-11-30T19:07:48.524+0000] {subprocess.py:93} INFO - 25/11/30 19:07:48 INFO SQLHadoopMapReduceCommitProtocol: Using user defined output committer class org.apache.parquet.hadoop.ParquetOutputCommitter
[2025-11-30T19:07:48.526+0000] {subprocess.py:93} INFO - 25/11/30 19:07:48 INFO FileOutputCommitter: File Output Committer Algorithm version is 1
[2025-11-30T19:07:48.528+0000] {subprocess.py:93} INFO - 25/11/30 19:07:48 INFO FileOutputCommitter: FileOutputCommitter skip cleanup _temporary folders under output directory:false, ignore cleanup failures: false
[2025-11-30T19:07:48.529+0000] {subprocess.py:93} INFO - 25/11/30 19:07:48 INFO SQLHadoopMapReduceCommitProtocol: Using output committer class org.apache.parquet.hadoop.ParquetOutputCommitter
[2025-11-30T19:07:48.530+0000] {subprocess.py:93} INFO - 25/11/30 19:07:48 INFO FileScanRDD: Reading File path: hdfs://namenode:9000/datalake/silver/cleaned_dubbizle_alexandria/part-00000-430db2f5-f24a-4d44-9357-847c9f516700-c000.snappy.parquet, range: 0-155005, partition values: [empty row]
[2025-11-30T19:07:48.531+0000] {subprocess.py:93} INFO - 25/11/30 19:07:48 INFO CodecConfig: Compression: SNAPPY
[2025-11-30T19:07:48.536+0000] {subprocess.py:93} INFO - 25/11/30 19:07:48 INFO CodecConfig: Compression: SNAPPY
[2025-11-30T19:07:48.572+0000] {subprocess.py:93} INFO - 25/11/30 19:07:48 INFO ParquetOutputFormat: ParquetRecordWriter [block size: 134217728b, row group padding size: 8388608b, validating: false]
[2025-11-30T19:07:48.603+0000] {subprocess.py:93} INFO - 25/11/30 19:07:48 INFO ParquetWriteSupport: Initialized Parquet WriteSupport with Catalyst schema:
[2025-11-30T19:07:48.604+0000] {subprocess.py:93} INFO - {
[2025-11-30T19:07:48.605+0000] {subprocess.py:93} INFO -   "type" : "struct",
[2025-11-30T19:07:48.605+0000] {subprocess.py:93} INFO -   "fields" : [ {
[2025-11-30T19:07:48.606+0000] {subprocess.py:93} INFO -     "name" : "title",
[2025-11-30T19:07:48.607+0000] {subprocess.py:93} INFO -     "type" : "string",
[2025-11-30T19:07:48.608+0000] {subprocess.py:93} INFO -     "nullable" : true,
[2025-11-30T19:07:48.608+0000] {subprocess.py:93} INFO -     "metadata" : { }
[2025-11-30T19:07:48.609+0000] {subprocess.py:93} INFO -   }, {
[2025-11-30T19:07:48.610+0000] {subprocess.py:93} INFO -     "name" : "price",
[2025-11-30T19:07:48.611+0000] {subprocess.py:93} INFO -     "type" : "double",
[2025-11-30T19:07:48.612+0000] {subprocess.py:93} INFO -     "nullable" : true,
[2025-11-30T19:07:48.612+0000] {subprocess.py:93} INFO -     "metadata" : { }
[2025-11-30T19:07:48.613+0000] {subprocess.py:93} INFO -   }, {
[2025-11-30T19:07:48.614+0000] {subprocess.py:93} INFO -     "name" : "location",
[2025-11-30T19:07:48.614+0000] {subprocess.py:93} INFO -     "type" : "string",
[2025-11-30T19:07:48.616+0000] {subprocess.py:93} INFO -     "nullable" : true,
[2025-11-30T19:07:48.617+0000] {subprocess.py:93} INFO -     "metadata" : { }
[2025-11-30T19:07:48.617+0000] {subprocess.py:93} INFO -   }, {
[2025-11-30T19:07:48.618+0000] {subprocess.py:93} INFO -     "name" : "size",
[2025-11-30T19:07:48.619+0000] {subprocess.py:93} INFO -     "type" : "double",
[2025-11-30T19:07:48.619+0000] {subprocess.py:93} INFO -     "nullable" : true,
[2025-11-30T19:07:48.620+0000] {subprocess.py:93} INFO -     "metadata" : { }
[2025-11-30T19:07:48.621+0000] {subprocess.py:93} INFO -   }, {
[2025-11-30T19:07:48.622+0000] {subprocess.py:93} INFO -     "name" : "bedrooms",
[2025-11-30T19:07:48.623+0000] {subprocess.py:93} INFO -     "type" : "integer",
[2025-11-30T19:07:48.625+0000] {subprocess.py:93} INFO -     "nullable" : true,
[2025-11-30T19:07:48.633+0000] {subprocess.py:93} INFO -     "metadata" : { }
[2025-11-30T19:07:48.634+0000] {subprocess.py:93} INFO -   }, {
[2025-11-30T19:07:48.635+0000] {subprocess.py:93} INFO -     "name" : "bathrooms",
[2025-11-30T19:07:48.636+0000] {subprocess.py:93} INFO -     "type" : "integer",
[2025-11-30T19:07:48.637+0000] {subprocess.py:93} INFO -     "nullable" : true,
[2025-11-30T19:07:48.638+0000] {subprocess.py:93} INFO -     "metadata" : { }
[2025-11-30T19:07:48.638+0000] {subprocess.py:93} INFO -   }, {
[2025-11-30T19:07:48.639+0000] {subprocess.py:93} INFO -     "name" : "compound",
[2025-11-30T19:07:48.640+0000] {subprocess.py:93} INFO -     "type" : "string",
[2025-11-30T19:07:48.640+0000] {subprocess.py:93} INFO -     "nullable" : false,
[2025-11-30T19:07:48.641+0000] {subprocess.py:93} INFO -     "metadata" : { }
[2025-11-30T19:07:48.642+0000] {subprocess.py:93} INFO -   }, {
[2025-11-30T19:07:48.642+0000] {subprocess.py:93} INFO -     "name" : "source",
[2025-11-30T19:07:48.643+0000] {subprocess.py:93} INFO -     "type" : "string",
[2025-11-30T19:07:48.644+0000] {subprocess.py:93} INFO -     "nullable" : false,
[2025-11-30T19:07:48.645+0000] {subprocess.py:93} INFO -     "metadata" : { }
[2025-11-30T19:07:48.647+0000] {subprocess.py:93} INFO -   }, {
[2025-11-30T19:07:48.648+0000] {subprocess.py:93} INFO -     "name" : "property_type",
[2025-11-30T19:07:48.649+0000] {subprocess.py:93} INFO -     "type" : "string",
[2025-11-30T19:07:48.649+0000] {subprocess.py:93} INFO -     "nullable" : false,
[2025-11-30T19:07:48.650+0000] {subprocess.py:93} INFO -     "metadata" : { }
[2025-11-30T19:07:48.651+0000] {subprocess.py:93} INFO -   }, {
[2025-11-30T19:07:48.652+0000] {subprocess.py:93} INFO -     "name" : "link",
[2025-11-30T19:07:48.653+0000] {subprocess.py:93} INFO -     "type" : "string",
[2025-11-30T19:07:48.654+0000] {subprocess.py:93} INFO -     "nullable" : true,
[2025-11-30T19:07:48.655+0000] {subprocess.py:93} INFO -     "metadata" : { }
[2025-11-30T19:07:48.656+0000] {subprocess.py:93} INFO -   }, {
[2025-11-30T19:07:48.656+0000] {subprocess.py:93} INFO -     "name" : "description",
[2025-11-30T19:07:48.657+0000] {subprocess.py:93} INFO -     "type" : "string",
[2025-11-30T19:07:48.658+0000] {subprocess.py:93} INFO -     "nullable" : true,
[2025-11-30T19:07:48.659+0000] {subprocess.py:93} INFO -     "metadata" : { }
[2025-11-30T19:07:48.660+0000] {subprocess.py:93} INFO -   }, {
[2025-11-30T19:07:48.661+0000] {subprocess.py:93} INFO -     "name" : "price_per_sqm",
[2025-11-30T19:07:48.661+0000] {subprocess.py:93} INFO -     "type" : "double",
[2025-11-30T19:07:48.662+0000] {subprocess.py:93} INFO -     "nullable" : true,
[2025-11-30T19:07:48.663+0000] {subprocess.py:93} INFO -     "metadata" : { }
[2025-11-30T19:07:48.664+0000] {subprocess.py:93} INFO -   }, {
[2025-11-30T19:07:48.666+0000] {subprocess.py:93} INFO -     "name" : "Jacuzzi",
[2025-11-30T19:07:48.667+0000] {subprocess.py:93} INFO -     "type" : "integer",
[2025-11-30T19:07:48.667+0000] {subprocess.py:93} INFO -     "nullable" : false,
[2025-11-30T19:07:48.668+0000] {subprocess.py:93} INFO -     "metadata" : { }
[2025-11-30T19:07:48.669+0000] {subprocess.py:93} INFO -   }, {
[2025-11-30T19:07:48.669+0000] {subprocess.py:93} INFO -     "name" : "Garden",
[2025-11-30T19:07:48.670+0000] {subprocess.py:93} INFO -     "type" : "integer",
[2025-11-30T19:07:48.672+0000] {subprocess.py:93} INFO -     "nullable" : false,
[2025-11-30T19:07:48.672+0000] {subprocess.py:93} INFO -     "metadata" : { }
[2025-11-30T19:07:48.673+0000] {subprocess.py:93} INFO -   }, {
[2025-11-30T19:07:48.674+0000] {subprocess.py:93} INFO -     "name" : "Balcony",
[2025-11-30T19:07:48.675+0000] {subprocess.py:93} INFO -     "type" : "integer",
[2025-11-30T19:07:48.679+0000] {subprocess.py:93} INFO -     "nullable" : false,
[2025-11-30T19:07:48.680+0000] {subprocess.py:93} INFO -     "metadata" : { }
[2025-11-30T19:07:48.681+0000] {subprocess.py:93} INFO -   }, {
[2025-11-30T19:07:48.684+0000] {subprocess.py:93} INFO -     "name" : "Pool",
[2025-11-30T19:07:48.686+0000] {subprocess.py:93} INFO -     "type" : "integer",
[2025-11-30T19:07:48.688+0000] {subprocess.py:93} INFO -     "nullable" : false,
[2025-11-30T19:07:48.689+0000] {subprocess.py:93} INFO -     "metadata" : { }
[2025-11-30T19:07:48.691+0000] {subprocess.py:93} INFO -   }, {
[2025-11-30T19:07:48.692+0000] {subprocess.py:93} INFO -     "name" : "Parking",
[2025-11-30T19:07:48.693+0000] {subprocess.py:93} INFO -     "type" : "integer",
[2025-11-30T19:07:48.694+0000] {subprocess.py:93} INFO -     "nullable" : false,
[2025-11-30T19:07:48.696+0000] {subprocess.py:93} INFO -     "metadata" : { }
[2025-11-30T19:07:48.698+0000] {subprocess.py:93} INFO -   }, {
[2025-11-30T19:07:48.699+0000] {subprocess.py:93} INFO -     "name" : "Gym",
[2025-11-30T19:07:48.700+0000] {subprocess.py:93} INFO -     "type" : "integer",
[2025-11-30T19:07:48.702+0000] {subprocess.py:93} INFO -     "nullable" : false,
[2025-11-30T19:07:48.703+0000] {subprocess.py:93} INFO -     "metadata" : { }
[2025-11-30T19:07:48.704+0000] {subprocess.py:93} INFO -   }, {
[2025-11-30T19:07:48.705+0000] {subprocess.py:93} INFO -     "name" : "Maids_Quarters",
[2025-11-30T19:07:48.706+0000] {subprocess.py:93} INFO -     "type" : "integer",
[2025-11-30T19:07:48.707+0000] {subprocess.py:93} INFO -     "nullable" : false,
[2025-11-30T19:07:48.707+0000] {subprocess.py:93} INFO -     "metadata" : { }
[2025-11-30T19:07:48.708+0000] {subprocess.py:93} INFO -   }, {
[2025-11-30T19:07:48.709+0000] {subprocess.py:93} INFO -     "name" : "Spa",
[2025-11-30T19:07:48.710+0000] {subprocess.py:93} INFO -     "type" : "integer",
[2025-11-30T19:07:48.710+0000] {subprocess.py:93} INFO -     "nullable" : false,
[2025-11-30T19:07:48.711+0000] {subprocess.py:93} INFO -     "metadata" : { }
[2025-11-30T19:07:48.712+0000] {subprocess.py:93} INFO -   } ]
[2025-11-30T19:07:48.712+0000] {subprocess.py:93} INFO - }
[2025-11-30T19:07:48.713+0000] {subprocess.py:93} INFO - and corresponding Parquet message type:
[2025-11-30T19:07:48.714+0000] {subprocess.py:93} INFO - message spark_schema {
[2025-11-30T19:07:48.715+0000] {subprocess.py:93} INFO -   optional binary title (STRING);
[2025-11-30T19:07:48.716+0000] {subprocess.py:93} INFO -   optional double price;
[2025-11-30T19:07:48.716+0000] {subprocess.py:93} INFO -   optional binary location (STRING);
[2025-11-30T19:07:48.717+0000] {subprocess.py:93} INFO -   optional double size;
[2025-11-30T19:07:48.717+0000] {subprocess.py:93} INFO -   optional int32 bedrooms;
[2025-11-30T19:07:48.718+0000] {subprocess.py:93} INFO -   optional int32 bathrooms;
[2025-11-30T19:07:48.718+0000] {subprocess.py:93} INFO -   required binary compound (STRING);
[2025-11-30T19:07:48.719+0000] {subprocess.py:93} INFO -   required binary source (STRING);
[2025-11-30T19:07:48.720+0000] {subprocess.py:93} INFO -   required binary property_type (STRING);
[2025-11-30T19:07:48.720+0000] {subprocess.py:93} INFO -   optional binary link (STRING);
[2025-11-30T19:07:48.721+0000] {subprocess.py:93} INFO -   optional binary description (STRING);
[2025-11-30T19:07:48.722+0000] {subprocess.py:93} INFO -   optional double price_per_sqm;
[2025-11-30T19:07:48.723+0000] {subprocess.py:93} INFO -   required int32 Jacuzzi;
[2025-11-30T19:07:48.723+0000] {subprocess.py:93} INFO -   required int32 Garden;
[2025-11-30T19:07:48.724+0000] {subprocess.py:93} INFO -   required int32 Balcony;
[2025-11-30T19:07:48.725+0000] {subprocess.py:93} INFO -   required int32 Pool;
[2025-11-30T19:07:48.726+0000] {subprocess.py:93} INFO -   required int32 Parking;
[2025-11-30T19:07:48.726+0000] {subprocess.py:93} INFO -   required int32 Gym;
[2025-11-30T19:07:48.727+0000] {subprocess.py:93} INFO -   required int32 Maids_Quarters;
[2025-11-30T19:07:48.728+0000] {subprocess.py:93} INFO -   required int32 Spa;
[2025-11-30T19:07:48.728+0000] {subprocess.py:93} INFO - }
[2025-11-30T19:07:48.729+0000] {subprocess.py:93} INFO - 
[2025-11-30T19:07:48.730+0000] {subprocess.py:93} INFO - 
[2025-11-30T19:07:48.730+0000] {subprocess.py:93} INFO - 25/11/30 19:07:48 INFO CodecPool: Got brand-new compressor [.snappy]
[2025-11-30T19:07:48.778+0000] {subprocess.py:93} INFO - 25/11/30 19:07:48 INFO CodecPool: Got brand-new decompressor [.snappy]
[2025-11-30T19:07:48.933+0000] {subprocess.py:93} INFO - 25/11/30 19:07:48 INFO CodecConfig: Compression: SNAPPY
[2025-11-30T19:07:48.939+0000] {subprocess.py:93} INFO - 25/11/30 19:07:48 INFO CodecConfig: Compression: SNAPPY
[2025-11-30T19:07:48.943+0000] {subprocess.py:93} INFO - 25/11/30 19:07:48 INFO ParquetOutputFormat: ParquetRecordWriter [block size: 134217728b, row group padding size: 8388608b, validating: false]
[2025-11-30T19:07:48.944+0000] {subprocess.py:93} INFO - 25/11/30 19:07:48 INFO ParquetWriteSupport: Initialized Parquet WriteSupport with Catalyst schema:
[2025-11-30T19:07:48.947+0000] {subprocess.py:93} INFO - {
[2025-11-30T19:07:48.948+0000] {subprocess.py:93} INFO -   "type" : "struct",
[2025-11-30T19:07:48.949+0000] {subprocess.py:93} INFO -   "fields" : [ {
[2025-11-30T19:07:48.950+0000] {subprocess.py:93} INFO -     "name" : "title",
[2025-11-30T19:07:48.952+0000] {subprocess.py:93} INFO -     "type" : "string",
[2025-11-30T19:07:48.952+0000] {subprocess.py:93} INFO -     "nullable" : true,
[2025-11-30T19:07:48.953+0000] {subprocess.py:93} INFO -     "metadata" : { }
[2025-11-30T19:07:48.955+0000] {subprocess.py:93} INFO -   }, {
[2025-11-30T19:07:48.956+0000] {subprocess.py:93} INFO -     "name" : "price",
[2025-11-30T19:07:48.956+0000] {subprocess.py:93} INFO -     "type" : "double",
[2025-11-30T19:07:48.959+0000] {subprocess.py:93} INFO -     "nullable" : true,
[2025-11-30T19:07:48.960+0000] {subprocess.py:93} INFO -     "metadata" : { }
[2025-11-30T19:07:48.961+0000] {subprocess.py:93} INFO -   }, {
[2025-11-30T19:07:48.962+0000] {subprocess.py:93} INFO -     "name" : "location",
[2025-11-30T19:07:48.962+0000] {subprocess.py:93} INFO -     "type" : "string",
[2025-11-30T19:07:48.963+0000] {subprocess.py:93} INFO -     "nullable" : true,
[2025-11-30T19:07:48.964+0000] {subprocess.py:93} INFO -     "metadata" : { }
[2025-11-30T19:07:48.964+0000] {subprocess.py:93} INFO -   }, {
[2025-11-30T19:07:48.965+0000] {subprocess.py:93} INFO -     "name" : "size",
[2025-11-30T19:07:48.966+0000] {subprocess.py:93} INFO -     "type" : "double",
[2025-11-30T19:07:48.967+0000] {subprocess.py:93} INFO -     "nullable" : true,
[2025-11-30T19:07:48.967+0000] {subprocess.py:93} INFO -     "metadata" : { }
[2025-11-30T19:07:48.968+0000] {subprocess.py:93} INFO -   }, {
[2025-11-30T19:07:48.969+0000] {subprocess.py:93} INFO -     "name" : "bedrooms",
[2025-11-30T19:07:48.970+0000] {subprocess.py:93} INFO -     "type" : "integer",
[2025-11-30T19:07:48.971+0000] {subprocess.py:93} INFO -     "nullable" : true,
[2025-11-30T19:07:48.972+0000] {subprocess.py:93} INFO -     "metadata" : { }
[2025-11-30T19:07:48.973+0000] {subprocess.py:93} INFO -   }, {
[2025-11-30T19:07:48.973+0000] {subprocess.py:93} INFO -     "name" : "bathrooms",
[2025-11-30T19:07:48.974+0000] {subprocess.py:93} INFO -     "type" : "integer",
[2025-11-30T19:07:48.976+0000] {subprocess.py:93} INFO -     "nullable" : true,
[2025-11-30T19:07:48.978+0000] {subprocess.py:93} INFO -     "metadata" : { }
[2025-11-30T19:07:48.979+0000] {subprocess.py:93} INFO -   }, {
[2025-11-30T19:07:48.980+0000] {subprocess.py:93} INFO -     "name" : "compound",
[2025-11-30T19:07:48.981+0000] {subprocess.py:93} INFO -     "type" : "string",
[2025-11-30T19:07:48.982+0000] {subprocess.py:93} INFO -     "nullable" : false,
[2025-11-30T19:07:48.983+0000] {subprocess.py:93} INFO -     "metadata" : { }
[2025-11-30T19:07:48.985+0000] {subprocess.py:93} INFO -   }, {
[2025-11-30T19:07:48.986+0000] {subprocess.py:93} INFO -     "name" : "source",
[2025-11-30T19:07:48.987+0000] {subprocess.py:93} INFO -     "type" : "string",
[2025-11-30T19:07:48.988+0000] {subprocess.py:93} INFO -     "nullable" : false,
[2025-11-30T19:07:48.989+0000] {subprocess.py:93} INFO -     "metadata" : { }
[2025-11-30T19:07:48.990+0000] {subprocess.py:93} INFO -   }, {
[2025-11-30T19:07:48.991+0000] {subprocess.py:93} INFO -     "name" : "property_type",
[2025-11-30T19:07:48.992+0000] {subprocess.py:93} INFO -     "type" : "string",
[2025-11-30T19:07:48.992+0000] {subprocess.py:93} INFO -     "nullable" : false,
[2025-11-30T19:07:48.993+0000] {subprocess.py:93} INFO -     "metadata" : { }
[2025-11-30T19:07:48.994+0000] {subprocess.py:93} INFO -   }, {
[2025-11-30T19:07:48.995+0000] {subprocess.py:93} INFO -     "name" : "link",
[2025-11-30T19:07:48.996+0000] {subprocess.py:93} INFO -     "type" : "string",
[2025-11-30T19:07:48.997+0000] {subprocess.py:93} INFO -     "nullable" : true,
[2025-11-30T19:07:48.997+0000] {subprocess.py:93} INFO -     "metadata" : { }
[2025-11-30T19:07:48.998+0000] {subprocess.py:93} INFO -   }, {
[2025-11-30T19:07:48.999+0000] {subprocess.py:93} INFO -     "name" : "description",
[2025-11-30T19:07:49.000+0000] {subprocess.py:93} INFO -     "type" : "string",
[2025-11-30T19:07:49.001+0000] {subprocess.py:93} INFO -     "nullable" : true,
[2025-11-30T19:07:49.002+0000] {subprocess.py:93} INFO -     "metadata" : { }
[2025-11-30T19:07:49.003+0000] {subprocess.py:93} INFO -   }, {
[2025-11-30T19:07:49.003+0000] {subprocess.py:93} INFO -     "name" : "price_per_sqm",
[2025-11-30T19:07:49.004+0000] {subprocess.py:93} INFO -     "type" : "double",
[2025-11-30T19:07:49.005+0000] {subprocess.py:93} INFO -     "nullable" : true,
[2025-11-30T19:07:49.005+0000] {subprocess.py:93} INFO -     "metadata" : { }
[2025-11-30T19:07:49.006+0000] {subprocess.py:93} INFO -   }, {
[2025-11-30T19:07:49.007+0000] {subprocess.py:93} INFO -     "name" : "Jacuzzi",
[2025-11-30T19:07:49.008+0000] {subprocess.py:93} INFO -     "type" : "integer",
[2025-11-30T19:07:49.009+0000] {subprocess.py:93} INFO -     "nullable" : false,
[2025-11-30T19:07:49.010+0000] {subprocess.py:93} INFO -     "metadata" : { }
[2025-11-30T19:07:49.010+0000] {subprocess.py:93} INFO -   }, {
[2025-11-30T19:07:49.011+0000] {subprocess.py:93} INFO -     "name" : "Garden",
[2025-11-30T19:07:49.012+0000] {subprocess.py:93} INFO -     "type" : "integer",
[2025-11-30T19:07:49.012+0000] {subprocess.py:93} INFO -     "nullable" : false,
[2025-11-30T19:07:49.013+0000] {subprocess.py:93} INFO -     "metadata" : { }
[2025-11-30T19:07:49.014+0000] {subprocess.py:93} INFO -   }, {
[2025-11-30T19:07:49.015+0000] {subprocess.py:93} INFO -     "name" : "Balcony",
[2025-11-30T19:07:49.015+0000] {subprocess.py:93} INFO -     "type" : "integer",
[2025-11-30T19:07:49.016+0000] {subprocess.py:93} INFO -     "nullable" : false,
[2025-11-30T19:07:49.017+0000] {subprocess.py:93} INFO -     "metadata" : { }
[2025-11-30T19:07:49.018+0000] {subprocess.py:93} INFO -   }, {
[2025-11-30T19:07:49.019+0000] {subprocess.py:93} INFO -     "name" : "Pool",
[2025-11-30T19:07:49.020+0000] {subprocess.py:93} INFO -     "type" : "integer",
[2025-11-30T19:07:49.021+0000] {subprocess.py:93} INFO -     "nullable" : false,
[2025-11-30T19:07:49.022+0000] {subprocess.py:93} INFO -     "metadata" : { }
[2025-11-30T19:07:49.022+0000] {subprocess.py:93} INFO -   }, {
[2025-11-30T19:07:49.023+0000] {subprocess.py:93} INFO -     "name" : "Parking",
[2025-11-30T19:07:49.024+0000] {subprocess.py:93} INFO -     "type" : "integer",
[2025-11-30T19:07:49.024+0000] {subprocess.py:93} INFO -     "nullable" : false,
[2025-11-30T19:07:49.025+0000] {subprocess.py:93} INFO -     "metadata" : { }
[2025-11-30T19:07:49.026+0000] {subprocess.py:93} INFO -   }, {
[2025-11-30T19:07:49.026+0000] {subprocess.py:93} INFO -     "name" : "Gym",
[2025-11-30T19:07:49.027+0000] {subprocess.py:93} INFO -     "type" : "integer",
[2025-11-30T19:07:49.028+0000] {subprocess.py:93} INFO -     "nullable" : false,
[2025-11-30T19:07:49.029+0000] {subprocess.py:93} INFO -     "metadata" : { }
[2025-11-30T19:07:49.030+0000] {subprocess.py:93} INFO -   }, {
[2025-11-30T19:07:49.031+0000] {subprocess.py:93} INFO -     "name" : "Maids_Quarters",
[2025-11-30T19:07:49.034+0000] {subprocess.py:93} INFO -     "type" : "integer",
[2025-11-30T19:07:49.035+0000] {subprocess.py:93} INFO -     "nullable" : false,
[2025-11-30T19:07:49.036+0000] {subprocess.py:93} INFO -     "metadata" : { }
[2025-11-30T19:07:49.036+0000] {subprocess.py:93} INFO -   }, {
[2025-11-30T19:07:49.037+0000] {subprocess.py:93} INFO -     "name" : "Spa",
[2025-11-30T19:07:49.038+0000] {subprocess.py:93} INFO -     "type" : "integer",
[2025-11-30T19:07:49.039+0000] {subprocess.py:93} INFO -     "nullable" : false,
[2025-11-30T19:07:49.039+0000] {subprocess.py:93} INFO -     "metadata" : { }
[2025-11-30T19:07:49.040+0000] {subprocess.py:93} INFO -   } ]
[2025-11-30T19:07:49.041+0000] {subprocess.py:93} INFO - }
[2025-11-30T19:07:49.042+0000] {subprocess.py:93} INFO - and corresponding Parquet message type:
[2025-11-30T19:07:49.043+0000] {subprocess.py:93} INFO - message spark_schema {
[2025-11-30T19:07:49.043+0000] {subprocess.py:93} INFO -   optional binary title (STRING);
[2025-11-30T19:07:49.044+0000] {subprocess.py:93} INFO -   optional double price;
[2025-11-30T19:07:49.045+0000] {subprocess.py:93} INFO -   optional binary location (STRING);
[2025-11-30T19:07:49.046+0000] {subprocess.py:93} INFO -   optional double size;
[2025-11-30T19:07:49.046+0000] {subprocess.py:93} INFO -   optional int32 bedrooms;
[2025-11-30T19:07:49.047+0000] {subprocess.py:93} INFO -   optional int32 bathrooms;
[2025-11-30T19:07:49.047+0000] {subprocess.py:93} INFO -   required binary compound (STRING);
[2025-11-30T19:07:49.048+0000] {subprocess.py:93} INFO -   required binary source (STRING);
[2025-11-30T19:07:49.049+0000] {subprocess.py:93} INFO -   required binary property_type (STRING);
[2025-11-30T19:07:49.050+0000] {subprocess.py:93} INFO -   optional binary link (STRING);
[2025-11-30T19:07:49.050+0000] {subprocess.py:93} INFO -   optional binary description (STRING);
[2025-11-30T19:07:49.051+0000] {subprocess.py:93} INFO -   optional double price_per_sqm;
[2025-11-30T19:07:49.052+0000] {subprocess.py:93} INFO -   required int32 Jacuzzi;
[2025-11-30T19:07:49.052+0000] {subprocess.py:93} INFO -   required int32 Garden;
[2025-11-30T19:07:49.053+0000] {subprocess.py:93} INFO -   required int32 Balcony;
[2025-11-30T19:07:49.054+0000] {subprocess.py:93} INFO -   required int32 Pool;
[2025-11-30T19:07:49.054+0000] {subprocess.py:93} INFO -   required int32 Parking;
[2025-11-30T19:07:49.055+0000] {subprocess.py:93} INFO -   required int32 Gym;
[2025-11-30T19:07:49.056+0000] {subprocess.py:93} INFO -   required int32 Maids_Quarters;
[2025-11-30T19:07:49.056+0000] {subprocess.py:93} INFO -   required int32 Spa;
[2025-11-30T19:07:49.057+0000] {subprocess.py:93} INFO - }
[2025-11-30T19:07:49.058+0000] {subprocess.py:93} INFO - 
[2025-11-30T19:07:49.058+0000] {subprocess.py:93} INFO - 
[2025-11-30T19:07:49.059+0000] {subprocess.py:93} INFO - 25/11/30 19:07:48 INFO CodecPool: Got brand-new compressor [.snappy]
[2025-11-30T19:07:49.061+0000] {subprocess.py:93} INFO - 25/11/30 19:07:48 INFO FileScanRDD: Reading File path: hdfs://namenode:9000/datalake/silver/cleaned_dubbizle_cairo/part-00000-48470c65-dd28-4888-9a98-26aa8c9e7646-c000.snappy.parquet, range: 0-284351, partition values: [empty row]
[2025-11-30T19:07:49.061+0000] {subprocess.py:93} INFO - 25/11/30 19:07:49 INFO CodecPool: Got brand-new decompressor [.snappy]
[2025-11-30T19:07:49.366+0000] {subprocess.py:93} INFO - 25/11/30 19:07:49 INFO FileOutputCommitter: Saved output of task 'attempt_202511301907486319467279143194196_0002_m_000000_2' to hdfs://namenode:9000/datalake/gold/dubbizle_gold/_temporary/0/task_202511301907486319467279143194196_0002_m_000000
[2025-11-30T19:07:49.367+0000] {subprocess.py:93} INFO - 25/11/30 19:07:49 INFO SparkHadoopMapRedUtil: attempt_202511301907486319467279143194196_0002_m_000000_2: Committed. Elapsed time: 25 ms.
[2025-11-30T19:07:49.390+0000] {subprocess.py:93} INFO - 25/11/30 19:07:49 INFO Executor: Finished task 0.0 in stage 2.0 (TID 2). 3101 bytes result sent to driver
[2025-11-30T19:07:49.394+0000] {subprocess.py:93} INFO - 25/11/30 19:07:49 INFO TaskSetManager: Finished task 0.0 in stage 2.0 (TID 2) in 1161 ms on 76c6f5c40d8c (executor driver) (1/2)
[2025-11-30T19:07:49.755+0000] {subprocess.py:93} INFO - 25/11/30 19:07:49 INFO FileOutputCommitter: Saved output of task 'attempt_202511301907486319467279143194196_0002_m_000001_3' to hdfs://namenode:9000/datalake/gold/dubbizle_gold/_temporary/0/task_202511301907486319467279143194196_0002_m_000001
[2025-11-30T19:07:49.756+0000] {subprocess.py:93} INFO - 25/11/30 19:07:49 INFO SparkHadoopMapRedUtil: attempt_202511301907486319467279143194196_0002_m_000001_3: Committed. Elapsed time: 9 ms.
[2025-11-30T19:07:49.760+0000] {subprocess.py:93} INFO - 25/11/30 19:07:49 INFO Executor: Finished task 1.0 in stage 2.0 (TID 3). 3101 bytes result sent to driver
[2025-11-30T19:07:49.766+0000] {subprocess.py:93} INFO - 25/11/30 19:07:49 INFO TaskSetManager: Finished task 1.0 in stage 2.0 (TID 3) in 1516 ms on 76c6f5c40d8c (executor driver) (2/2)
[2025-11-30T19:07:49.767+0000] {subprocess.py:93} INFO - 25/11/30 19:07:49 INFO TaskSchedulerImpl: Removed TaskSet 2.0, whose tasks have all completed, from pool
[2025-11-30T19:07:49.768+0000] {subprocess.py:93} INFO - 25/11/30 19:07:49 INFO DAGScheduler: ResultStage 2 (parquet at NativeMethodAccessorImpl.java:0) finished in 1.697 s
[2025-11-30T19:07:49.769+0000] {subprocess.py:93} INFO - 25/11/30 19:07:49 INFO DAGScheduler: Job 2 is finished. Cancelling potential speculative or zombie tasks for this job
[2025-11-30T19:07:49.769+0000] {subprocess.py:93} INFO - 25/11/30 19:07:49 INFO TaskSchedulerImpl: Killing all running tasks in stage 2: Stage finished
[2025-11-30T19:07:49.770+0000] {subprocess.py:93} INFO - 25/11/30 19:07:49 INFO DAGScheduler: Job 2 finished: parquet at NativeMethodAccessorImpl.java:0, took 1.739874 s
[2025-11-30T19:07:49.773+0000] {subprocess.py:93} INFO - 25/11/30 19:07:49 INFO FileFormatWriter: Start to commit write Job cdc464b2-db64-4da5-a900-4af66492d139.
[2025-11-30T19:07:49.819+0000] {subprocess.py:93} INFO - 25/11/30 19:07:49 INFO FileFormatWriter: Write Job cdc464b2-db64-4da5-a900-4af66492d139 committed. Elapsed time: 44 ms.
[2025-11-30T19:07:49.821+0000] {subprocess.py:93} INFO - 25/11/30 19:07:49 INFO FileFormatWriter: Finished processing stats for write job cdc464b2-db64-4da5-a900-4af66492d139.
[2025-11-30T19:07:49.825+0000] {subprocess.py:93} INFO -  Dubbizle Gold data (Enriched) saved to hdfs://namenode:9000/datalake/gold/dubbizle_gold
[2025-11-30T19:07:49.826+0000] {subprocess.py:93} INFO - 25/11/30 19:07:49 INFO SparkContext: SparkContext is stopping with exitCode 0.
[2025-11-30T19:07:49.846+0000] {subprocess.py:93} INFO - 25/11/30 19:07:49 INFO SparkUI: Stopped Spark web UI at http://76c6f5c40d8c:4040
[2025-11-30T19:07:49.865+0000] {subprocess.py:93} INFO - 25/11/30 19:07:49 INFO MapOutputTrackerMasterEndpoint: MapOutputTrackerMasterEndpoint stopped!
[2025-11-30T19:07:49.882+0000] {subprocess.py:93} INFO - 25/11/30 19:07:49 INFO MemoryStore: MemoryStore cleared
[2025-11-30T19:07:49.884+0000] {subprocess.py:93} INFO - 25/11/30 19:07:49 INFO BlockManager: BlockManager stopped
[2025-11-30T19:07:49.889+0000] {subprocess.py:93} INFO - 25/11/30 19:07:49 INFO BlockManagerMaster: BlockManagerMaster stopped
[2025-11-30T19:07:49.892+0000] {subprocess.py:93} INFO - 25/11/30 19:07:49 INFO OutputCommitCoordinator$OutputCommitCoordinatorEndpoint: OutputCommitCoordinator stopped!
[2025-11-30T19:07:49.903+0000] {subprocess.py:93} INFO - 25/11/30 19:07:49 INFO SparkContext: Successfully stopped SparkContext
[2025-11-30T19:07:50.388+0000] {subprocess.py:93} INFO - 25/11/30 19:07:50 INFO ShutdownHookManager: Shutdown hook called
[2025-11-30T19:07:50.389+0000] {subprocess.py:93} INFO - 25/11/30 19:07:50 INFO ShutdownHookManager: Deleting directory /tmp/spark-f5190990-a0eb-4393-859e-e422917c1df4
[2025-11-30T19:07:50.391+0000] {subprocess.py:93} INFO - 25/11/30 19:07:50 INFO ShutdownHookManager: Deleting directory /tmp/spark-c5744181-d1e2-4fc5-bf2a-595c3cac2283
[2025-11-30T19:07:50.392+0000] {subprocess.py:93} INFO - 25/11/30 19:07:50 INFO ShutdownHookManager: Deleting directory /tmp/spark-c5744181-d1e2-4fc5-bf2a-595c3cac2283/pyspark-b271bb47-fe65-4127-9e6c-9b518e3b08be
[2025-11-30T19:07:50.437+0000] {subprocess.py:97} INFO - Command exited with return code 0
[2025-11-30T19:07:50.439+0000] {taskinstance.py:441} INFO - ::group::Post task execution logs
[2025-11-30T19:07:50.464+0000] {taskinstance.py:1206} INFO - Marking task as SUCCESS. dag_id=real_estate_etl_pipeline, task_id=transform_dubbizle, run_id=manual__2025-11-30T18:25:30.102845+00:00, execution_date=20251130T182530, start_date=20251130T190729, end_date=20251130T190750
[2025-11-30T19:07:50.517+0000] {local_task_job_runner.py:240} INFO - Task exited with return code 0
[2025-11-30T19:07:50.537+0000] {taskinstance.py:3503} INFO - 0 downstream tasks scheduled from follow-on schedule check
[2025-11-30T19:07:50.539+0000] {local_task_job_runner.py:222} INFO - ::endgroup::
