[2025-11-30T19:15:46.920+0000] {local_task_job_runner.py:120} INFO - ::group::Pre task execution logs
[2025-11-30T19:15:46.940+0000] {taskinstance.py:2076} INFO - Dependencies all met for dep_context=non-requeueable deps ti=<TaskInstance: real_estate_etl_pipeline.transform_dubbizle manual__2025-11-30T18:25:30.102845+00:00 [queued]>
[2025-11-30T19:15:46.949+0000] {taskinstance.py:2076} INFO - Dependencies all met for dep_context=requeueable deps ti=<TaskInstance: real_estate_etl_pipeline.transform_dubbizle manual__2025-11-30T18:25:30.102845+00:00 [queued]>
[2025-11-30T19:15:46.953+0000] {taskinstance.py:2306} INFO - Starting attempt 2 of 3
[2025-11-30T19:15:46.967+0000] {taskinstance.py:2330} INFO - Executing <Task(BashOperator): transform_dubbizle> on 2025-11-30 18:25:30.102845+00:00
[2025-11-30T19:15:46.976+0000] {warnings.py:112} WARNING - /home/***/.local/lib/python3.12/site-packages/***/task/task_runner/standard_task_runner.py:61: DeprecationWarning: This process (pid=737) is multi-threaded, use of fork() may lead to deadlocks in the child.
  pid = os.fork()

[2025-11-30T19:15:46.978+0000] {standard_task_runner.py:63} INFO - Started process 745 to run task
[2025-11-30T19:15:46.978+0000] {standard_task_runner.py:90} INFO - Running: ['***', 'tasks', 'run', 'real_estate_etl_pipeline', 'transform_dubbizle', 'manual__2025-11-30T18:25:30.102845+00:00', '--job-id', '50', '--raw', '--subdir', 'DAGS_FOLDER/scraping_dag.py', '--cfg-path', '/tmp/tmpg5moa6kx']
[2025-11-30T19:15:46.981+0000] {standard_task_runner.py:91} INFO - Job 50: Subtask transform_dubbizle
[2025-11-30T19:15:47.031+0000] {task_command.py:426} INFO - Running <TaskInstance: real_estate_etl_pipeline.transform_dubbizle manual__2025-11-30T18:25:30.102845+00:00 [running]> on host 9a9a5f972fcd
[2025-11-30T19:15:47.105+0000] {taskinstance.py:2648} INFO - Exporting env vars: AIRFLOW_CTX_DAG_OWNER='***' AIRFLOW_CTX_DAG_ID='real_estate_etl_pipeline' AIRFLOW_CTX_TASK_ID='transform_dubbizle' AIRFLOW_CTX_EXECUTION_DATE='2025-11-30T18:25:30.102845+00:00' AIRFLOW_CTX_TRY_NUMBER='2' AIRFLOW_CTX_DAG_RUN_ID='manual__2025-11-30T18:25:30.102845+00:00'
[2025-11-30T19:15:47.107+0000] {taskinstance.py:430} INFO - ::endgroup::
[2025-11-30T19:15:47.108+0000] {subprocess.py:63} INFO - Tmp dir root location: /tmp
[2025-11-30T19:15:47.109+0000] {subprocess.py:75} INFO - Running command: ['/usr/bin/bash', '-c', 'docker exec jupyter spark-submit --master local[*] /data/Transformation_Layer_Pyspark/transform_dubbizle.py']
[2025-11-30T19:15:47.119+0000] {subprocess.py:86} INFO - Output:
[2025-11-30T19:15:54.596+0000] {subprocess.py:93} INFO - 25/11/30 19:15:54 INFO SparkContext: Running Spark version 3.5.0
[2025-11-30T19:15:54.598+0000] {subprocess.py:93} INFO - 25/11/30 19:15:54 INFO SparkContext: OS info Linux, 5.15.167.4-microsoft-standard-WSL2, amd64
[2025-11-30T19:15:54.599+0000] {subprocess.py:93} INFO - 25/11/30 19:15:54 INFO SparkContext: Java version 17.0.8.1
[2025-11-30T19:15:54.681+0000] {subprocess.py:93} INFO - 25/11/30 19:15:54 WARN NativeCodeLoader: Unable to load native-hadoop library for your platform... using builtin-java classes where applicable
[2025-11-30T19:15:54.804+0000] {subprocess.py:93} INFO - 25/11/30 19:15:54 INFO ResourceUtils: ==============================================================
[2025-11-30T19:15:54.805+0000] {subprocess.py:93} INFO - 25/11/30 19:15:54 INFO ResourceUtils: No custom resources configured for spark.driver.
[2025-11-30T19:15:54.806+0000] {subprocess.py:93} INFO - 25/11/30 19:15:54 INFO ResourceUtils: ==============================================================
[2025-11-30T19:15:54.806+0000] {subprocess.py:93} INFO - 25/11/30 19:15:54 INFO SparkContext: Submitted application: Transform_Dubbizle
[2025-11-30T19:15:54.839+0000] {subprocess.py:93} INFO - 25/11/30 19:15:54 INFO ResourceProfile: Default ResourceProfile created, executor resources: Map(cores -> name: cores, amount: 1, script: , vendor: , memory -> name: memory, amount: 1024, script: , vendor: , offHeap -> name: offHeap, amount: 0, script: , vendor: ), task resources: Map(cpus -> name: cpus, amount: 1.0)
[2025-11-30T19:15:54.848+0000] {subprocess.py:93} INFO - 25/11/30 19:15:54 INFO ResourceProfile: Limiting resource is cpu
[2025-11-30T19:15:54.850+0000] {subprocess.py:93} INFO - 25/11/30 19:15:54 INFO ResourceProfileManager: Added ResourceProfile id: 0
[2025-11-30T19:15:55.049+0000] {subprocess.py:93} INFO - 25/11/30 19:15:55 INFO SecurityManager: Changing view acls to: jovyan
[2025-11-30T19:15:55.054+0000] {subprocess.py:93} INFO - 25/11/30 19:15:55 INFO SecurityManager: Changing modify acls to: jovyan
[2025-11-30T19:15:55.055+0000] {subprocess.py:93} INFO - 25/11/30 19:15:55 INFO SecurityManager: Changing view acls groups to:
[2025-11-30T19:15:55.059+0000] {subprocess.py:93} INFO - 25/11/30 19:15:55 INFO SecurityManager: Changing modify acls groups to:
[2025-11-30T19:15:55.060+0000] {subprocess.py:93} INFO - 25/11/30 19:15:55 INFO SecurityManager: SecurityManager: authentication disabled; ui acls disabled; users with view permissions: jovyan; groups with view permissions: EMPTY; users with modify permissions: jovyan; groups with modify permissions: EMPTY
[2025-11-30T19:15:55.630+0000] {subprocess.py:93} INFO - 25/11/30 19:15:55 INFO Utils: Successfully started service 'sparkDriver' on port 33283.
[2025-11-30T19:15:55.684+0000] {subprocess.py:93} INFO - 25/11/30 19:15:55 INFO SparkEnv: Registering MapOutputTracker
[2025-11-30T19:15:55.726+0000] {subprocess.py:93} INFO - 25/11/30 19:15:55 INFO SparkEnv: Registering BlockManagerMaster
[2025-11-30T19:15:55.750+0000] {subprocess.py:93} INFO - 25/11/30 19:15:55 INFO BlockManagerMasterEndpoint: Using org.apache.spark.storage.DefaultTopologyMapper for getting topology information
[2025-11-30T19:15:55.754+0000] {subprocess.py:93} INFO - 25/11/30 19:15:55 INFO BlockManagerMasterEndpoint: BlockManagerMasterEndpoint up
[2025-11-30T19:15:55.758+0000] {subprocess.py:93} INFO - 25/11/30 19:15:55 INFO SparkEnv: Registering BlockManagerMasterHeartbeat
[2025-11-30T19:15:55.803+0000] {subprocess.py:93} INFO - 25/11/30 19:15:55 INFO DiskBlockManager: Created local directory at /tmp/blockmgr-f5e2f692-4f9d-4cd8-b54d-aaf3ca3520e7
[2025-11-30T19:15:55.823+0000] {subprocess.py:93} INFO - 25/11/30 19:15:55 INFO MemoryStore: MemoryStore started with capacity 434.4 MiB
[2025-11-30T19:15:55.849+0000] {subprocess.py:93} INFO - 25/11/30 19:15:55 INFO SparkEnv: Registering OutputCommitCoordinator
[2025-11-30T19:15:56.049+0000] {subprocess.py:93} INFO - 25/11/30 19:15:56 INFO JettyUtils: Start Jetty 0.0.0.0:4040 for SparkUI
[2025-11-30T19:15:56.119+0000] {subprocess.py:93} INFO - 25/11/30 19:15:56 WARN Utils: Service 'SparkUI' could not bind on port 4040. Attempting port 4041.
[2025-11-30T19:15:56.120+0000] {subprocess.py:93} INFO - 25/11/30 19:15:56 WARN Utils: Service 'SparkUI' could not bind on port 4041. Attempting port 4042.
[2025-11-30T19:15:56.144+0000] {subprocess.py:93} INFO - 25/11/30 19:15:56 INFO Utils: Successfully started service 'SparkUI' on port 4042.
[2025-11-30T19:15:56.311+0000] {subprocess.py:93} INFO - 25/11/30 19:15:56 INFO Executor: Starting executor ID driver on host 76c6f5c40d8c
[2025-11-30T19:15:56.312+0000] {subprocess.py:93} INFO - 25/11/30 19:15:56 INFO Executor: OS info Linux, 5.15.167.4-microsoft-standard-WSL2, amd64
[2025-11-30T19:15:56.313+0000] {subprocess.py:93} INFO - 25/11/30 19:15:56 INFO Executor: Java version 17.0.8.1
[2025-11-30T19:15:56.323+0000] {subprocess.py:93} INFO - 25/11/30 19:15:56 INFO Executor: Starting executor with user classpath (userClassPathFirst = false): ''
[2025-11-30T19:15:56.325+0000] {subprocess.py:93} INFO - 25/11/30 19:15:56 INFO Executor: Created or updated repl class loader org.apache.spark.util.MutableURLClassLoader@ec33337 for default.
[2025-11-30T19:15:56.347+0000] {subprocess.py:93} INFO - 25/11/30 19:15:56 INFO Utils: Successfully started service 'org.apache.spark.network.netty.NettyBlockTransferService' on port 35207.
[2025-11-30T19:15:56.348+0000] {subprocess.py:93} INFO - 25/11/30 19:15:56 INFO NettyBlockTransferService: Server created on 76c6f5c40d8c:35207
[2025-11-30T19:15:56.350+0000] {subprocess.py:93} INFO - 25/11/30 19:15:56 INFO BlockManager: Using org.apache.spark.storage.RandomBlockReplicationPolicy for block replication policy
[2025-11-30T19:15:56.358+0000] {subprocess.py:93} INFO - 25/11/30 19:15:56 INFO BlockManagerMaster: Registering BlockManager BlockManagerId(driver, 76c6f5c40d8c, 35207, None)
[2025-11-30T19:15:56.371+0000] {subprocess.py:93} INFO - 25/11/30 19:15:56 INFO BlockManagerMasterEndpoint: Registering block manager 76c6f5c40d8c:35207 with 434.4 MiB RAM, BlockManagerId(driver, 76c6f5c40d8c, 35207, None)
[2025-11-30T19:15:56.373+0000] {subprocess.py:93} INFO - 25/11/30 19:15:56 INFO BlockManagerMaster: Registered BlockManager BlockManagerId(driver, 76c6f5c40d8c, 35207, None)
[2025-11-30T19:15:56.375+0000] {subprocess.py:93} INFO - 25/11/30 19:15:56 INFO BlockManager: Initialized BlockManager: BlockManagerId(driver, 76c6f5c40d8c, 35207, None)
[2025-11-30T19:15:57.027+0000] {subprocess.py:93} INFO - 25/11/30 19:15:57 INFO SharedState: Setting hive.metastore.warehouse.dir ('null') to the value of spark.sql.warehouse.dir.
[2025-11-30T19:15:57.037+0000] {subprocess.py:93} INFO - 25/11/30 19:15:57 INFO SharedState: Warehouse path is 'file:/home/jovyan/spark-warehouse'.
[2025-11-30T19:15:58.802+0000] {subprocess.py:93} INFO - 25/11/30 19:15:58 INFO InMemoryFileIndex: It took 71 ms to list leaf files for 1 paths.
[2025-11-30T19:15:59.534+0000] {subprocess.py:93} INFO - 25/11/30 19:15:59 INFO SparkContext: Starting job: parquet at NativeMethodAccessorImpl.java:0
[2025-11-30T19:15:59.570+0000] {subprocess.py:93} INFO - 25/11/30 19:15:59 INFO DAGScheduler: Got job 0 (parquet at NativeMethodAccessorImpl.java:0) with 1 output partitions
[2025-11-30T19:15:59.571+0000] {subprocess.py:93} INFO - 25/11/30 19:15:59 INFO DAGScheduler: Final stage: ResultStage 0 (parquet at NativeMethodAccessorImpl.java:0)
[2025-11-30T19:15:59.572+0000] {subprocess.py:93} INFO - 25/11/30 19:15:59 INFO DAGScheduler: Parents of final stage: List()
[2025-11-30T19:15:59.573+0000] {subprocess.py:93} INFO - 25/11/30 19:15:59 INFO DAGScheduler: Missing parents: List()
[2025-11-30T19:15:59.583+0000] {subprocess.py:93} INFO - 25/11/30 19:15:59 INFO DAGScheduler: Submitting ResultStage 0 (MapPartitionsRDD[1] at parquet at NativeMethodAccessorImpl.java:0), which has no missing parents
[2025-11-30T19:15:59.725+0000] {subprocess.py:93} INFO - 25/11/30 19:15:59 INFO MemoryStore: Block broadcast_0 stored as values in memory (estimated size 103.1 KiB, free 434.3 MiB)
[2025-11-30T19:15:59.772+0000] {subprocess.py:93} INFO - 25/11/30 19:15:59 INFO MemoryStore: Block broadcast_0_piece0 stored as bytes in memory (estimated size 37.1 KiB, free 434.3 MiB)
[2025-11-30T19:15:59.776+0000] {subprocess.py:93} INFO - 25/11/30 19:15:59 INFO BlockManagerInfo: Added broadcast_0_piece0 in memory on 76c6f5c40d8c:35207 (size: 37.1 KiB, free: 434.4 MiB)
[2025-11-30T19:15:59.781+0000] {subprocess.py:93} INFO - 25/11/30 19:15:59 INFO SparkContext: Created broadcast 0 from broadcast at DAGScheduler.scala:1580
[2025-11-30T19:15:59.809+0000] {subprocess.py:93} INFO - 25/11/30 19:15:59 INFO DAGScheduler: Submitting 1 missing tasks from ResultStage 0 (MapPartitionsRDD[1] at parquet at NativeMethodAccessorImpl.java:0) (first 15 tasks are for partitions Vector(0))
[2025-11-30T19:15:59.811+0000] {subprocess.py:93} INFO - 25/11/30 19:15:59 INFO TaskSchedulerImpl: Adding task set 0.0 with 1 tasks resource profile 0
[2025-11-30T19:15:59.889+0000] {subprocess.py:93} INFO - 25/11/30 19:15:59 INFO TaskSetManager: Starting task 0.0 in stage 0.0 (TID 0) (76c6f5c40d8c, executor driver, partition 0, PROCESS_LOCAL, 7837 bytes)
[2025-11-30T19:15:59.926+0000] {subprocess.py:93} INFO - 25/11/30 19:15:59 INFO Executor: Running task 0.0 in stage 0.0 (TID 0)
[2025-11-30T19:16:00.470+0000] {subprocess.py:93} INFO - 25/11/30 19:16:00 INFO Executor: Finished task 0.0 in stage 0.0 (TID 0). 1996 bytes result sent to driver
[2025-11-30T19:16:00.482+0000] {subprocess.py:93} INFO - 25/11/30 19:16:00 INFO TaskSetManager: Finished task 0.0 in stage 0.0 (TID 0) in 622 ms on 76c6f5c40d8c (executor driver) (1/1)
[2025-11-30T19:16:00.485+0000] {subprocess.py:93} INFO - 25/11/30 19:16:00 INFO TaskSchedulerImpl: Removed TaskSet 0.0, whose tasks have all completed, from pool
[2025-11-30T19:16:00.493+0000] {subprocess.py:93} INFO - 25/11/30 19:16:00 INFO DAGScheduler: ResultStage 0 (parquet at NativeMethodAccessorImpl.java:0) finished in 0.881 s
[2025-11-30T19:16:00.502+0000] {subprocess.py:93} INFO - 25/11/30 19:16:00 INFO DAGScheduler: Job 0 is finished. Cancelling potential speculative or zombie tasks for this job
[2025-11-30T19:16:00.503+0000] {subprocess.py:93} INFO - 25/11/30 19:16:00 INFO TaskSchedulerImpl: Killing all running tasks in stage 0: Stage finished
[2025-11-30T19:16:00.507+0000] {subprocess.py:93} INFO - 25/11/30 19:16:00 INFO DAGScheduler: Job 0 finished: parquet at NativeMethodAccessorImpl.java:0, took 0.971511 s
[2025-11-30T19:16:00.567+0000] {subprocess.py:93} INFO - 25/11/30 19:16:00 INFO BlockManagerInfo: Removed broadcast_0_piece0 on 76c6f5c40d8c:35207 in memory (size: 37.1 KiB, free: 434.4 MiB)
[2025-11-30T19:16:01.269+0000] {subprocess.py:93} INFO - 25/11/30 19:16:01 INFO InMemoryFileIndex: It took 9 ms to list leaf files for 1 paths.
[2025-11-30T19:16:01.304+0000] {subprocess.py:93} INFO - 25/11/30 19:16:01 INFO SparkContext: Starting job: parquet at NativeMethodAccessorImpl.java:0
[2025-11-30T19:16:01.305+0000] {subprocess.py:93} INFO - 25/11/30 19:16:01 INFO DAGScheduler: Got job 1 (parquet at NativeMethodAccessorImpl.java:0) with 1 output partitions
[2025-11-30T19:16:01.306+0000] {subprocess.py:93} INFO - 25/11/30 19:16:01 INFO DAGScheduler: Final stage: ResultStage 1 (parquet at NativeMethodAccessorImpl.java:0)
[2025-11-30T19:16:01.307+0000] {subprocess.py:93} INFO - 25/11/30 19:16:01 INFO DAGScheduler: Parents of final stage: List()
[2025-11-30T19:16:01.307+0000] {subprocess.py:93} INFO - 25/11/30 19:16:01 INFO DAGScheduler: Missing parents: List()
[2025-11-30T19:16:01.308+0000] {subprocess.py:93} INFO - 25/11/30 19:16:01 INFO DAGScheduler: Submitting ResultStage 1 (MapPartitionsRDD[3] at parquet at NativeMethodAccessorImpl.java:0), which has no missing parents
[2025-11-30T19:16:01.317+0000] {subprocess.py:93} INFO - 25/11/30 19:16:01 INFO MemoryStore: Block broadcast_1 stored as values in memory (estimated size 103.1 KiB, free 434.3 MiB)
[2025-11-30T19:16:01.328+0000] {subprocess.py:93} INFO - 25/11/30 19:16:01 INFO MemoryStore: Block broadcast_1_piece0 stored as bytes in memory (estimated size 37.1 KiB, free 434.3 MiB)
[2025-11-30T19:16:01.329+0000] {subprocess.py:93} INFO - 25/11/30 19:16:01 INFO BlockManagerInfo: Added broadcast_1_piece0 in memory on 76c6f5c40d8c:35207 (size: 37.1 KiB, free: 434.4 MiB)
[2025-11-30T19:16:01.331+0000] {subprocess.py:93} INFO - 25/11/30 19:16:01 INFO SparkContext: Created broadcast 1 from broadcast at DAGScheduler.scala:1580
[2025-11-30T19:16:01.333+0000] {subprocess.py:93} INFO - 25/11/30 19:16:01 INFO DAGScheduler: Submitting 1 missing tasks from ResultStage 1 (MapPartitionsRDD[3] at parquet at NativeMethodAccessorImpl.java:0) (first 15 tasks are for partitions Vector(0))
[2025-11-30T19:16:01.334+0000] {subprocess.py:93} INFO - 25/11/30 19:16:01 INFO TaskSchedulerImpl: Adding task set 1.0 with 1 tasks resource profile 0
[2025-11-30T19:16:01.336+0000] {subprocess.py:93} INFO - 25/11/30 19:16:01 INFO TaskSetManager: Starting task 0.0 in stage 1.0 (TID 1) (76c6f5c40d8c, executor driver, partition 0, PROCESS_LOCAL, 7842 bytes)
[2025-11-30T19:16:01.337+0000] {subprocess.py:93} INFO - 25/11/30 19:16:01 INFO Executor: Running task 0.0 in stage 1.0 (TID 1)
[2025-11-30T19:16:01.376+0000] {subprocess.py:93} INFO - 25/11/30 19:16:01 INFO Executor: Finished task 0.0 in stage 1.0 (TID 1). 2039 bytes result sent to driver
[2025-11-30T19:16:01.378+0000] {subprocess.py:93} INFO - 25/11/30 19:16:01 INFO TaskSetManager: Finished task 0.0 in stage 1.0 (TID 1) in 43 ms on 76c6f5c40d8c (executor driver) (1/1)
[2025-11-30T19:16:01.379+0000] {subprocess.py:93} INFO - 25/11/30 19:16:01 INFO TaskSchedulerImpl: Removed TaskSet 1.0, whose tasks have all completed, from pool
[2025-11-30T19:16:01.380+0000] {subprocess.py:93} INFO - 25/11/30 19:16:01 INFO DAGScheduler: ResultStage 1 (parquet at NativeMethodAccessorImpl.java:0) finished in 0.071 s
[2025-11-30T19:16:01.380+0000] {subprocess.py:93} INFO - 25/11/30 19:16:01 INFO DAGScheduler: Job 1 is finished. Cancelling potential speculative or zombie tasks for this job
[2025-11-30T19:16:01.381+0000] {subprocess.py:93} INFO - 25/11/30 19:16:01 INFO TaskSchedulerImpl: Killing all running tasks in stage 1: Stage finished
[2025-11-30T19:16:01.382+0000] {subprocess.py:93} INFO - 25/11/30 19:16:01 INFO DAGScheduler: Job 1 finished: parquet at NativeMethodAccessorImpl.java:0, took 0.078066 s
[2025-11-30T19:16:02.152+0000] {subprocess.py:93} INFO - 25/11/30 19:16:02 INFO BlockManagerInfo: Removed broadcast_1_piece0 on 76c6f5c40d8c:35207 in memory (size: 37.1 KiB, free: 434.4 MiB)
[2025-11-30T19:16:02.501+0000] {subprocess.py:93} INFO - 25/11/30 19:16:02 INFO FileSourceStrategy: Pushed Filters:
[2025-11-30T19:16:02.501+0000] {subprocess.py:93} INFO - 25/11/30 19:16:02 INFO FileSourceStrategy: Post-Scan Filters:
[2025-11-30T19:16:02.518+0000] {subprocess.py:93} INFO - 25/11/30 19:16:02 INFO FileSourceStrategy: Pushed Filters:
[2025-11-30T19:16:02.518+0000] {subprocess.py:93} INFO - 25/11/30 19:16:02 INFO FileSourceStrategy: Post-Scan Filters:
[2025-11-30T19:16:02.698+0000] {subprocess.py:93} INFO - 25/11/30 19:16:02 INFO ParquetUtils: Using default output committer for Parquet: org.apache.parquet.hadoop.ParquetOutputCommitter
[2025-11-30T19:16:02.716+0000] {subprocess.py:93} INFO - 25/11/30 19:16:02 INFO FileOutputCommitter: File Output Committer Algorithm version is 1
[2025-11-30T19:16:02.716+0000] {subprocess.py:93} INFO - 25/11/30 19:16:02 INFO FileOutputCommitter: FileOutputCommitter skip cleanup _temporary folders under output directory:false, ignore cleanup failures: false
[2025-11-30T19:16:02.717+0000] {subprocess.py:93} INFO - 25/11/30 19:16:02 INFO SQLHadoopMapReduceCommitProtocol: Using user defined output committer class org.apache.parquet.hadoop.ParquetOutputCommitter
[2025-11-30T19:16:02.718+0000] {subprocess.py:93} INFO - 25/11/30 19:16:02 INFO FileOutputCommitter: File Output Committer Algorithm version is 1
[2025-11-30T19:16:02.718+0000] {subprocess.py:93} INFO - 25/11/30 19:16:02 INFO FileOutputCommitter: FileOutputCommitter skip cleanup _temporary folders under output directory:false, ignore cleanup failures: false
[2025-11-30T19:16:02.719+0000] {subprocess.py:93} INFO - 25/11/30 19:16:02 INFO SQLHadoopMapReduceCommitProtocol: Using output committer class org.apache.parquet.hadoop.ParquetOutputCommitter
[2025-11-30T19:16:03.250+0000] {subprocess.py:93} INFO - 25/11/30 19:16:03 INFO CodeGenerator: Code generated in 373.902207 ms
[2025-11-30T19:16:03.275+0000] {subprocess.py:93} INFO - 25/11/30 19:16:03 INFO MemoryStore: Block broadcast_2 stored as values in memory (estimated size 201.5 KiB, free 434.2 MiB)
[2025-11-30T19:16:03.289+0000] {subprocess.py:93} INFO - 25/11/30 19:16:03 INFO MemoryStore: Block broadcast_2_piece0 stored as bytes in memory (estimated size 35.0 KiB, free 434.2 MiB)
[2025-11-30T19:16:03.294+0000] {subprocess.py:93} INFO - 25/11/30 19:16:03 INFO BlockManagerInfo: Added broadcast_2_piece0 in memory on 76c6f5c40d8c:35207 (size: 35.0 KiB, free: 434.4 MiB)
[2025-11-30T19:16:03.301+0000] {subprocess.py:93} INFO - 25/11/30 19:16:03 INFO SparkContext: Created broadcast 2 from parquet at NativeMethodAccessorImpl.java:0
[2025-11-30T19:16:03.340+0000] {subprocess.py:93} INFO - 25/11/30 19:16:03 INFO FileSourceScanExec: Planning scan with bin packing, max size: 4194304 bytes, open cost is considered as scanning 4194304 bytes.
[2025-11-30T19:16:03.503+0000] {subprocess.py:93} INFO - 25/11/30 19:16:03 INFO CodeGenerator: Code generated in 66.61292 ms
[2025-11-30T19:16:03.511+0000] {subprocess.py:93} INFO - 25/11/30 19:16:03 INFO MemoryStore: Block broadcast_3 stored as values in memory (estimated size 201.5 KiB, free 434.0 MiB)
[2025-11-30T19:16:03.534+0000] {subprocess.py:93} INFO - 25/11/30 19:16:03 INFO MemoryStore: Block broadcast_3_piece0 stored as bytes in memory (estimated size 35.0 KiB, free 433.9 MiB)
[2025-11-30T19:16:03.535+0000] {subprocess.py:93} INFO - 25/11/30 19:16:03 INFO BlockManagerInfo: Added broadcast_3_piece0 in memory on 76c6f5c40d8c:35207 (size: 35.0 KiB, free: 434.3 MiB)
[2025-11-30T19:16:03.556+0000] {subprocess.py:93} INFO - 25/11/30 19:16:03 INFO SparkContext: Created broadcast 3 from parquet at NativeMethodAccessorImpl.java:0
[2025-11-30T19:16:03.559+0000] {subprocess.py:93} INFO - 25/11/30 19:16:03 INFO FileSourceScanExec: Planning scan with bin packing, max size: 4194304 bytes, open cost is considered as scanning 4194304 bytes.
[2025-11-30T19:16:03.587+0000] {subprocess.py:93} INFO - 25/11/30 19:16:03 INFO SparkContext: Starting job: parquet at NativeMethodAccessorImpl.java:0
[2025-11-30T19:16:03.596+0000] {subprocess.py:93} INFO - 25/11/30 19:16:03 INFO DAGScheduler: Got job 2 (parquet at NativeMethodAccessorImpl.java:0) with 2 output partitions
[2025-11-30T19:16:03.598+0000] {subprocess.py:93} INFO - 25/11/30 19:16:03 INFO DAGScheduler: Final stage: ResultStage 2 (parquet at NativeMethodAccessorImpl.java:0)
[2025-11-30T19:16:03.599+0000] {subprocess.py:93} INFO - 25/11/30 19:16:03 INFO DAGScheduler: Parents of final stage: List()
[2025-11-30T19:16:03.600+0000] {subprocess.py:93} INFO - 25/11/30 19:16:03 INFO DAGScheduler: Missing parents: List()
[2025-11-30T19:16:03.601+0000] {subprocess.py:93} INFO - 25/11/30 19:16:03 INFO DAGScheduler: Submitting ResultStage 2 (MapPartitionsRDD[11] at parquet at NativeMethodAccessorImpl.java:0), which has no missing parents
[2025-11-30T19:16:03.679+0000] {subprocess.py:93} INFO - 25/11/30 19:16:03 INFO MemoryStore: Block broadcast_4 stored as values in memory (estimated size 248.8 KiB, free 433.7 MiB)
[2025-11-30T19:16:03.694+0000] {subprocess.py:93} INFO - 25/11/30 19:16:03 INFO MemoryStore: Block broadcast_4_piece0 stored as bytes in memory (estimated size 85.0 KiB, free 433.6 MiB)
[2025-11-30T19:16:03.696+0000] {subprocess.py:93} INFO - 25/11/30 19:16:03 INFO BlockManagerInfo: Added broadcast_4_piece0 in memory on 76c6f5c40d8c:35207 (size: 85.0 KiB, free: 434.2 MiB)
[2025-11-30T19:16:03.698+0000] {subprocess.py:93} INFO - 25/11/30 19:16:03 INFO SparkContext: Created broadcast 4 from broadcast at DAGScheduler.scala:1580
[2025-11-30T19:16:03.703+0000] {subprocess.py:93} INFO - 25/11/30 19:16:03 INFO DAGScheduler: Submitting 2 missing tasks from ResultStage 2 (MapPartitionsRDD[11] at parquet at NativeMethodAccessorImpl.java:0) (first 15 tasks are for partitions Vector(0, 1))
[2025-11-30T19:16:03.704+0000] {subprocess.py:93} INFO - 25/11/30 19:16:03 INFO TaskSchedulerImpl: Adding task set 2.0 with 2 tasks resource profile 0
[2025-11-30T19:16:03.722+0000] {subprocess.py:93} INFO - 25/11/30 19:16:03 INFO TaskSetManager: Starting task 0.0 in stage 2.0 (TID 2) (76c6f5c40d8c, executor driver, partition 0, ANY, 8414 bytes)
[2025-11-30T19:16:03.724+0000] {subprocess.py:93} INFO - 25/11/30 19:16:03 INFO TaskSetManager: Starting task 1.0 in stage 2.0 (TID 3) (76c6f5c40d8c, executor driver, partition 1, ANY, 8419 bytes)
[2025-11-30T19:16:03.726+0000] {subprocess.py:93} INFO - 25/11/30 19:16:03 INFO Executor: Running task 0.0 in stage 2.0 (TID 2)
[2025-11-30T19:16:03.727+0000] {subprocess.py:93} INFO - 25/11/30 19:16:03 INFO Executor: Running task 1.0 in stage 2.0 (TID 3)
[2025-11-30T19:16:03.846+0000] {subprocess.py:93} INFO - 25/11/30 19:16:03 INFO CodeGenerator: Code generated in 42.513501 ms
[2025-11-30T19:16:03.853+0000] {subprocess.py:93} INFO - 25/11/30 19:16:03 INFO FileOutputCommitter: File Output Committer Algorithm version is 1
[2025-11-30T19:16:03.854+0000] {subprocess.py:93} INFO - 25/11/30 19:16:03 INFO FileOutputCommitter: FileOutputCommitter skip cleanup _temporary folders under output directory:false, ignore cleanup failures: false
[2025-11-30T19:16:03.857+0000] {subprocess.py:93} INFO - 25/11/30 19:16:03 INFO SQLHadoopMapReduceCommitProtocol: Using user defined output committer class org.apache.parquet.hadoop.ParquetOutputCommitter
[2025-11-30T19:16:03.858+0000] {subprocess.py:93} INFO - 25/11/30 19:16:03 INFO FileOutputCommitter: File Output Committer Algorithm version is 1
[2025-11-30T19:16:03.859+0000] {subprocess.py:93} INFO - 25/11/30 19:16:03 INFO FileOutputCommitter: FileOutputCommitter skip cleanup _temporary folders under output directory:false, ignore cleanup failures: false
[2025-11-30T19:16:03.860+0000] {subprocess.py:93} INFO - 25/11/30 19:16:03 INFO CodeGenerator: Code generated in 56.849706 ms
[2025-11-30T19:16:03.861+0000] {subprocess.py:93} INFO - 25/11/30 19:16:03 INFO SQLHadoopMapReduceCommitProtocol: Using output committer class org.apache.parquet.hadoop.ParquetOutputCommitter
[2025-11-30T19:16:03.864+0000] {subprocess.py:93} INFO - 25/11/30 19:16:03 INFO FileOutputCommitter: File Output Committer Algorithm version is 1
[2025-11-30T19:16:03.865+0000] {subprocess.py:93} INFO - 25/11/30 19:16:03 INFO FileOutputCommitter: FileOutputCommitter skip cleanup _temporary folders under output directory:false, ignore cleanup failures: false
[2025-11-30T19:16:03.866+0000] {subprocess.py:93} INFO - 25/11/30 19:16:03 INFO SQLHadoopMapReduceCommitProtocol: Using user defined output committer class org.apache.parquet.hadoop.ParquetOutputCommitter
[2025-11-30T19:16:03.867+0000] {subprocess.py:93} INFO - 25/11/30 19:16:03 INFO FileOutputCommitter: File Output Committer Algorithm version is 1
[2025-11-30T19:16:03.867+0000] {subprocess.py:93} INFO - 25/11/30 19:16:03 INFO FileOutputCommitter: FileOutputCommitter skip cleanup _temporary folders under output directory:false, ignore cleanup failures: false
[2025-11-30T19:16:03.868+0000] {subprocess.py:93} INFO - 25/11/30 19:16:03 INFO SQLHadoopMapReduceCommitProtocol: Using output committer class org.apache.parquet.hadoop.ParquetOutputCommitter
[2025-11-30T19:16:03.869+0000] {subprocess.py:93} INFO - 25/11/30 19:16:03 INFO FileScanRDD: Reading File path: hdfs://namenode:9000/datalake/silver/cleaned_dubbizle_alexandria/part-00000-4b8aeb58-df59-4d84-99ef-0170d0a12c4f-c000.snappy.parquet, range: 0-155005, partition values: [empty row]
[2025-11-30T19:16:03.870+0000] {subprocess.py:93} INFO - 25/11/30 19:16:03 INFO CodecConfig: Compression: SNAPPY
[2025-11-30T19:16:03.873+0000] {subprocess.py:93} INFO - 25/11/30 19:16:03 INFO CodecConfig: Compression: SNAPPY
[2025-11-30T19:16:03.899+0000] {subprocess.py:93} INFO - 25/11/30 19:16:03 INFO ParquetOutputFormat: ParquetRecordWriter [block size: 134217728b, row group padding size: 8388608b, validating: false]
[2025-11-30T19:16:03.915+0000] {subprocess.py:93} INFO - 25/11/30 19:16:03 INFO ParquetWriteSupport: Initialized Parquet WriteSupport with Catalyst schema:
[2025-11-30T19:16:03.915+0000] {subprocess.py:93} INFO - {
[2025-11-30T19:16:03.916+0000] {subprocess.py:93} INFO -   "type" : "struct",
[2025-11-30T19:16:03.916+0000] {subprocess.py:93} INFO -   "fields" : [ {
[2025-11-30T19:16:03.917+0000] {subprocess.py:93} INFO -     "name" : "title",
[2025-11-30T19:16:03.917+0000] {subprocess.py:93} INFO -     "type" : "string",
[2025-11-30T19:16:03.918+0000] {subprocess.py:93} INFO -     "nullable" : true,
[2025-11-30T19:16:03.918+0000] {subprocess.py:93} INFO -     "metadata" : { }
[2025-11-30T19:16:03.919+0000] {subprocess.py:93} INFO -   }, {
[2025-11-30T19:16:03.919+0000] {subprocess.py:93} INFO -     "name" : "price",
[2025-11-30T19:16:03.920+0000] {subprocess.py:93} INFO -     "type" : "double",
[2025-11-30T19:16:03.920+0000] {subprocess.py:93} INFO -     "nullable" : true,
[2025-11-30T19:16:03.920+0000] {subprocess.py:93} INFO -     "metadata" : { }
[2025-11-30T19:16:03.921+0000] {subprocess.py:93} INFO -   }, {
[2025-11-30T19:16:03.921+0000] {subprocess.py:93} INFO -     "name" : "location",
[2025-11-30T19:16:03.922+0000] {subprocess.py:93} INFO -     "type" : "string",
[2025-11-30T19:16:03.922+0000] {subprocess.py:93} INFO -     "nullable" : true,
[2025-11-30T19:16:03.923+0000] {subprocess.py:93} INFO -     "metadata" : { }
[2025-11-30T19:16:03.923+0000] {subprocess.py:93} INFO -   }, {
[2025-11-30T19:16:03.924+0000] {subprocess.py:93} INFO -     "name" : "size",
[2025-11-30T19:16:03.924+0000] {subprocess.py:93} INFO -     "type" : "double",
[2025-11-30T19:16:03.925+0000] {subprocess.py:93} INFO -     "nullable" : true,
[2025-11-30T19:16:03.925+0000] {subprocess.py:93} INFO -     "metadata" : { }
[2025-11-30T19:16:03.926+0000] {subprocess.py:93} INFO -   }, {
[2025-11-30T19:16:03.926+0000] {subprocess.py:93} INFO -     "name" : "bedrooms",
[2025-11-30T19:16:03.926+0000] {subprocess.py:93} INFO -     "type" : "integer",
[2025-11-30T19:16:03.927+0000] {subprocess.py:93} INFO -     "nullable" : true,
[2025-11-30T19:16:03.927+0000] {subprocess.py:93} INFO -     "metadata" : { }
[2025-11-30T19:16:03.928+0000] {subprocess.py:93} INFO -   }, {
[2025-11-30T19:16:03.928+0000] {subprocess.py:93} INFO -     "name" : "bathrooms",
[2025-11-30T19:16:03.929+0000] {subprocess.py:93} INFO -     "type" : "integer",
[2025-11-30T19:16:03.929+0000] {subprocess.py:93} INFO -     "nullable" : true,
[2025-11-30T19:16:03.930+0000] {subprocess.py:93} INFO -     "metadata" : { }
[2025-11-30T19:16:03.930+0000] {subprocess.py:93} INFO -   }, {
[2025-11-30T19:16:03.931+0000] {subprocess.py:93} INFO -     "name" : "compound",
[2025-11-30T19:16:03.931+0000] {subprocess.py:93} INFO -     "type" : "string",
[2025-11-30T19:16:03.932+0000] {subprocess.py:93} INFO -     "nullable" : false,
[2025-11-30T19:16:03.932+0000] {subprocess.py:93} INFO -     "metadata" : { }
[2025-11-30T19:16:03.932+0000] {subprocess.py:93} INFO -   }, {
[2025-11-30T19:16:03.933+0000] {subprocess.py:93} INFO -     "name" : "source",
[2025-11-30T19:16:03.933+0000] {subprocess.py:93} INFO -     "type" : "string",
[2025-11-30T19:16:03.934+0000] {subprocess.py:93} INFO -     "nullable" : false,
[2025-11-30T19:16:03.934+0000] {subprocess.py:93} INFO -     "metadata" : { }
[2025-11-30T19:16:03.935+0000] {subprocess.py:93} INFO -   }, {
[2025-11-30T19:16:03.936+0000] {subprocess.py:93} INFO -     "name" : "property_type",
[2025-11-30T19:16:03.936+0000] {subprocess.py:93} INFO -     "type" : "string",
[2025-11-30T19:16:03.937+0000] {subprocess.py:93} INFO -     "nullable" : false,
[2025-11-30T19:16:03.937+0000] {subprocess.py:93} INFO -     "metadata" : { }
[2025-11-30T19:16:03.938+0000] {subprocess.py:93} INFO -   }, {
[2025-11-30T19:16:03.938+0000] {subprocess.py:93} INFO -     "name" : "link",
[2025-11-30T19:16:03.939+0000] {subprocess.py:93} INFO -     "type" : "string",
[2025-11-30T19:16:03.939+0000] {subprocess.py:93} INFO -     "nullable" : true,
[2025-11-30T19:16:03.940+0000] {subprocess.py:93} INFO -     "metadata" : { }
[2025-11-30T19:16:03.940+0000] {subprocess.py:93} INFO -   }, {
[2025-11-30T19:16:03.941+0000] {subprocess.py:93} INFO -     "name" : "description",
[2025-11-30T19:16:03.942+0000] {subprocess.py:93} INFO -     "type" : "string",
[2025-11-30T19:16:03.942+0000] {subprocess.py:93} INFO -     "nullable" : true,
[2025-11-30T19:16:03.943+0000] {subprocess.py:93} INFO -     "metadata" : { }
[2025-11-30T19:16:03.943+0000] {subprocess.py:93} INFO -   }, {
[2025-11-30T19:16:03.944+0000] {subprocess.py:93} INFO -     "name" : "price_per_sqm",
[2025-11-30T19:16:03.944+0000] {subprocess.py:93} INFO -     "type" : "double",
[2025-11-30T19:16:03.945+0000] {subprocess.py:93} INFO -     "nullable" : true,
[2025-11-30T19:16:03.945+0000] {subprocess.py:93} INFO -     "metadata" : { }
[2025-11-30T19:16:03.946+0000] {subprocess.py:93} INFO -   }, {
[2025-11-30T19:16:03.946+0000] {subprocess.py:93} INFO -     "name" : "Jacuzzi",
[2025-11-30T19:16:03.947+0000] {subprocess.py:93} INFO -     "type" : "integer",
[2025-11-30T19:16:03.947+0000] {subprocess.py:93} INFO -     "nullable" : false,
[2025-11-30T19:16:03.948+0000] {subprocess.py:93} INFO -     "metadata" : { }
[2025-11-30T19:16:03.948+0000] {subprocess.py:93} INFO -   }, {
[2025-11-30T19:16:03.949+0000] {subprocess.py:93} INFO -     "name" : "Garden",
[2025-11-30T19:16:03.950+0000] {subprocess.py:93} INFO -     "type" : "integer",
[2025-11-30T19:16:03.950+0000] {subprocess.py:93} INFO -     "nullable" : false,
[2025-11-30T19:16:03.951+0000] {subprocess.py:93} INFO -     "metadata" : { }
[2025-11-30T19:16:03.951+0000] {subprocess.py:93} INFO -   }, {
[2025-11-30T19:16:03.952+0000] {subprocess.py:93} INFO -     "name" : "Balcony",
[2025-11-30T19:16:03.953+0000] {subprocess.py:93} INFO -     "type" : "integer",
[2025-11-30T19:16:03.955+0000] {subprocess.py:93} INFO -     "nullable" : false,
[2025-11-30T19:16:03.957+0000] {subprocess.py:93} INFO -     "metadata" : { }
[2025-11-30T19:16:03.958+0000] {subprocess.py:93} INFO -   }, {
[2025-11-30T19:16:03.958+0000] {subprocess.py:93} INFO -     "name" : "Pool",
[2025-11-30T19:16:03.959+0000] {subprocess.py:93} INFO -     "type" : "integer",
[2025-11-30T19:16:03.959+0000] {subprocess.py:93} INFO -     "nullable" : false,
[2025-11-30T19:16:03.959+0000] {subprocess.py:93} INFO -     "metadata" : { }
[2025-11-30T19:16:03.960+0000] {subprocess.py:93} INFO -   }, {
[2025-11-30T19:16:03.960+0000] {subprocess.py:93} INFO -     "name" : "Parking",
[2025-11-30T19:16:03.961+0000] {subprocess.py:93} INFO -     "type" : "integer",
[2025-11-30T19:16:03.961+0000] {subprocess.py:93} INFO -     "nullable" : false,
[2025-11-30T19:16:03.961+0000] {subprocess.py:93} INFO -     "metadata" : { }
[2025-11-30T19:16:03.962+0000] {subprocess.py:93} INFO -   }, {
[2025-11-30T19:16:03.962+0000] {subprocess.py:93} INFO -     "name" : "Gym",
[2025-11-30T19:16:03.963+0000] {subprocess.py:93} INFO -     "type" : "integer",
[2025-11-30T19:16:03.963+0000] {subprocess.py:93} INFO -     "nullable" : false,
[2025-11-30T19:16:03.963+0000] {subprocess.py:93} INFO -     "metadata" : { }
[2025-11-30T19:16:03.964+0000] {subprocess.py:93} INFO -   }, {
[2025-11-30T19:16:03.964+0000] {subprocess.py:93} INFO -     "name" : "Maids_Quarters",
[2025-11-30T19:16:03.965+0000] {subprocess.py:93} INFO -     "type" : "integer",
[2025-11-30T19:16:03.965+0000] {subprocess.py:93} INFO -     "nullable" : false,
[2025-11-30T19:16:03.966+0000] {subprocess.py:93} INFO -     "metadata" : { }
[2025-11-30T19:16:03.966+0000] {subprocess.py:93} INFO -   }, {
[2025-11-30T19:16:03.967+0000] {subprocess.py:93} INFO -     "name" : "Spa",
[2025-11-30T19:16:03.967+0000] {subprocess.py:93} INFO -     "type" : "integer",
[2025-11-30T19:16:03.968+0000] {subprocess.py:93} INFO -     "nullable" : false,
[2025-11-30T19:16:03.968+0000] {subprocess.py:93} INFO -     "metadata" : { }
[2025-11-30T19:16:03.969+0000] {subprocess.py:93} INFO -   } ]
[2025-11-30T19:16:03.969+0000] {subprocess.py:93} INFO - }
[2025-11-30T19:16:03.970+0000] {subprocess.py:93} INFO - and corresponding Parquet message type:
[2025-11-30T19:16:03.971+0000] {subprocess.py:93} INFO - message spark_schema {
[2025-11-30T19:16:03.971+0000] {subprocess.py:93} INFO -   optional binary title (STRING);
[2025-11-30T19:16:03.972+0000] {subprocess.py:93} INFO -   optional double price;
[2025-11-30T19:16:03.972+0000] {subprocess.py:93} INFO -   optional binary location (STRING);
[2025-11-30T19:16:03.973+0000] {subprocess.py:93} INFO -   optional double size;
[2025-11-30T19:16:03.973+0000] {subprocess.py:93} INFO -   optional int32 bedrooms;
[2025-11-30T19:16:03.974+0000] {subprocess.py:93} INFO -   optional int32 bathrooms;
[2025-11-30T19:16:03.974+0000] {subprocess.py:93} INFO -   required binary compound (STRING);
[2025-11-30T19:16:03.975+0000] {subprocess.py:93} INFO -   required binary source (STRING);
[2025-11-30T19:16:03.975+0000] {subprocess.py:93} INFO -   required binary property_type (STRING);
[2025-11-30T19:16:03.975+0000] {subprocess.py:93} INFO -   optional binary link (STRING);
[2025-11-30T19:16:03.976+0000] {subprocess.py:93} INFO -   optional binary description (STRING);
[2025-11-30T19:16:03.976+0000] {subprocess.py:93} INFO -   optional double price_per_sqm;
[2025-11-30T19:16:03.977+0000] {subprocess.py:93} INFO -   required int32 Jacuzzi;
[2025-11-30T19:16:03.978+0000] {subprocess.py:93} INFO -   required int32 Garden;
[2025-11-30T19:16:03.978+0000] {subprocess.py:93} INFO -   required int32 Balcony;
[2025-11-30T19:16:03.979+0000] {subprocess.py:93} INFO -   required int32 Pool;
[2025-11-30T19:16:03.979+0000] {subprocess.py:93} INFO -   required int32 Parking;
[2025-11-30T19:16:03.980+0000] {subprocess.py:93} INFO -   required int32 Gym;
[2025-11-30T19:16:03.980+0000] {subprocess.py:93} INFO -   required int32 Maids_Quarters;
[2025-11-30T19:16:03.981+0000] {subprocess.py:93} INFO -   required int32 Spa;
[2025-11-30T19:16:03.981+0000] {subprocess.py:93} INFO - }
[2025-11-30T19:16:03.982+0000] {subprocess.py:93} INFO - 
[2025-11-30T19:16:03.982+0000] {subprocess.py:93} INFO - 
[2025-11-30T19:16:03.983+0000] {subprocess.py:93} INFO - 25/11/30 19:16:03 INFO CodecPool: Got brand-new compressor [.snappy]
[2025-11-30T19:16:04.053+0000] {subprocess.py:93} INFO - 25/11/30 19:16:04 INFO CodecPool: Got brand-new decompressor [.snappy]
[2025-11-30T19:16:04.149+0000] {subprocess.py:93} INFO - 25/11/30 19:16:04 INFO CodecConfig: Compression: SNAPPY
[2025-11-30T19:16:04.149+0000] {subprocess.py:93} INFO - 25/11/30 19:16:04 INFO CodecConfig: Compression: SNAPPY
[2025-11-30T19:16:04.151+0000] {subprocess.py:93} INFO - 25/11/30 19:16:04 INFO ParquetOutputFormat: ParquetRecordWriter [block size: 134217728b, row group padding size: 8388608b, validating: false]
[2025-11-30T19:16:04.151+0000] {subprocess.py:93} INFO - 25/11/30 19:16:04 INFO FileScanRDD: Reading File path: hdfs://namenode:9000/datalake/silver/cleaned_dubbizle_cairo/part-00000-c144f906-12e8-48e6-bbeb-f4d9c2a97b7b-c000.snappy.parquet, range: 0-284351, partition values: [empty row]
[2025-11-30T19:16:04.153+0000] {subprocess.py:93} INFO - 25/11/30 19:16:04 INFO ParquetWriteSupport: Initialized Parquet WriteSupport with Catalyst schema:
[2025-11-30T19:16:04.154+0000] {subprocess.py:93} INFO - {
[2025-11-30T19:16:04.155+0000] {subprocess.py:93} INFO -   "type" : "struct",
[2025-11-30T19:16:04.155+0000] {subprocess.py:93} INFO -   "fields" : [ {
[2025-11-30T19:16:04.156+0000] {subprocess.py:93} INFO -     "name" : "title",
[2025-11-30T19:16:04.156+0000] {subprocess.py:93} INFO -     "type" : "string",
[2025-11-30T19:16:04.157+0000] {subprocess.py:93} INFO -     "nullable" : true,
[2025-11-30T19:16:04.157+0000] {subprocess.py:93} INFO -     "metadata" : { }
[2025-11-30T19:16:04.157+0000] {subprocess.py:93} INFO -   }, {
[2025-11-30T19:16:04.158+0000] {subprocess.py:93} INFO -     "name" : "price",
[2025-11-30T19:16:04.158+0000] {subprocess.py:93} INFO -     "type" : "double",
[2025-11-30T19:16:04.158+0000] {subprocess.py:93} INFO -     "nullable" : true,
[2025-11-30T19:16:04.159+0000] {subprocess.py:93} INFO -     "metadata" : { }
[2025-11-30T19:16:04.160+0000] {subprocess.py:93} INFO -   }, {
[2025-11-30T19:16:04.160+0000] {subprocess.py:93} INFO -     "name" : "location",
[2025-11-30T19:16:04.160+0000] {subprocess.py:93} INFO -     "type" : "string",
[2025-11-30T19:16:04.161+0000] {subprocess.py:93} INFO -     "nullable" : true,
[2025-11-30T19:16:04.161+0000] {subprocess.py:93} INFO -     "metadata" : { }
[2025-11-30T19:16:04.161+0000] {subprocess.py:93} INFO -   }, {
[2025-11-30T19:16:04.162+0000] {subprocess.py:93} INFO -     "name" : "size",
[2025-11-30T19:16:04.162+0000] {subprocess.py:93} INFO -     "type" : "double",
[2025-11-30T19:16:04.162+0000] {subprocess.py:93} INFO -     "nullable" : true,
[2025-11-30T19:16:04.162+0000] {subprocess.py:93} INFO -     "metadata" : { }
[2025-11-30T19:16:04.163+0000] {subprocess.py:93} INFO -   }, {
[2025-11-30T19:16:04.164+0000] {subprocess.py:93} INFO -     "name" : "bedrooms",
[2025-11-30T19:16:04.165+0000] {subprocess.py:93} INFO -     "type" : "integer",
[2025-11-30T19:16:04.166+0000] {subprocess.py:93} INFO -     "nullable" : true,
[2025-11-30T19:16:04.167+0000] {subprocess.py:93} INFO -     "metadata" : { }
[2025-11-30T19:16:04.167+0000] {subprocess.py:93} INFO -   }, {
[2025-11-30T19:16:04.168+0000] {subprocess.py:93} INFO -     "name" : "bathrooms",
[2025-11-30T19:16:04.168+0000] {subprocess.py:93} INFO -     "type" : "integer",
[2025-11-30T19:16:04.169+0000] {subprocess.py:93} INFO -     "nullable" : true,
[2025-11-30T19:16:04.169+0000] {subprocess.py:93} INFO -     "metadata" : { }
[2025-11-30T19:16:04.169+0000] {subprocess.py:93} INFO -   }, {
[2025-11-30T19:16:04.170+0000] {subprocess.py:93} INFO -     "name" : "compound",
[2025-11-30T19:16:04.170+0000] {subprocess.py:93} INFO -     "type" : "string",
[2025-11-30T19:16:04.170+0000] {subprocess.py:93} INFO -     "nullable" : false,
[2025-11-30T19:16:04.171+0000] {subprocess.py:93} INFO -     "metadata" : { }
[2025-11-30T19:16:04.171+0000] {subprocess.py:93} INFO -   }, {
[2025-11-30T19:16:04.172+0000] {subprocess.py:93} INFO -     "name" : "source",
[2025-11-30T19:16:04.173+0000] {subprocess.py:93} INFO -     "type" : "string",
[2025-11-30T19:16:04.173+0000] {subprocess.py:93} INFO -     "nullable" : false,
[2025-11-30T19:16:04.174+0000] {subprocess.py:93} INFO -     "metadata" : { }
[2025-11-30T19:16:04.175+0000] {subprocess.py:93} INFO -   }, {
[2025-11-30T19:16:04.175+0000] {subprocess.py:93} INFO -     "name" : "property_type",
[2025-11-30T19:16:04.176+0000] {subprocess.py:93} INFO -     "type" : "string",
[2025-11-30T19:16:04.176+0000] {subprocess.py:93} INFO -     "nullable" : false,
[2025-11-30T19:16:04.177+0000] {subprocess.py:93} INFO -     "metadata" : { }
[2025-11-30T19:16:04.177+0000] {subprocess.py:93} INFO -   }, {
[2025-11-30T19:16:04.178+0000] {subprocess.py:93} INFO -     "name" : "link",
[2025-11-30T19:16:04.178+0000] {subprocess.py:93} INFO -     "type" : "string",
[2025-11-30T19:16:04.178+0000] {subprocess.py:93} INFO -     "nullable" : true,
[2025-11-30T19:16:04.179+0000] {subprocess.py:93} INFO -     "metadata" : { }
[2025-11-30T19:16:04.179+0000] {subprocess.py:93} INFO -   }, {
[2025-11-30T19:16:04.180+0000] {subprocess.py:93} INFO -     "name" : "description",
[2025-11-30T19:16:04.180+0000] {subprocess.py:93} INFO -     "type" : "string",
[2025-11-30T19:16:04.181+0000] {subprocess.py:93} INFO -     "nullable" : true,
[2025-11-30T19:16:04.182+0000] {subprocess.py:93} INFO -     "metadata" : { }
[2025-11-30T19:16:04.182+0000] {subprocess.py:93} INFO -   }, {
[2025-11-30T19:16:04.182+0000] {subprocess.py:93} INFO -     "name" : "price_per_sqm",
[2025-11-30T19:16:04.183+0000] {subprocess.py:93} INFO -     "type" : "double",
[2025-11-30T19:16:04.183+0000] {subprocess.py:93} INFO -     "nullable" : true,
[2025-11-30T19:16:04.184+0000] {subprocess.py:93} INFO -     "metadata" : { }
[2025-11-30T19:16:04.184+0000] {subprocess.py:93} INFO -   }, {
[2025-11-30T19:16:04.185+0000] {subprocess.py:93} INFO -     "name" : "Jacuzzi",
[2025-11-30T19:16:04.185+0000] {subprocess.py:93} INFO -     "type" : "integer",
[2025-11-30T19:16:04.185+0000] {subprocess.py:93} INFO -     "nullable" : false,
[2025-11-30T19:16:04.186+0000] {subprocess.py:93} INFO -     "metadata" : { }
[2025-11-30T19:16:04.186+0000] {subprocess.py:93} INFO -   }, {
[2025-11-30T19:16:04.187+0000] {subprocess.py:93} INFO -     "name" : "Garden",
[2025-11-30T19:16:04.188+0000] {subprocess.py:93} INFO -     "type" : "integer",
[2025-11-30T19:16:04.188+0000] {subprocess.py:93} INFO -     "nullable" : false,
[2025-11-30T19:16:04.189+0000] {subprocess.py:93} INFO -     "metadata" : { }
[2025-11-30T19:16:04.189+0000] {subprocess.py:93} INFO -   }, {
[2025-11-30T19:16:04.190+0000] {subprocess.py:93} INFO -     "name" : "Balcony",
[2025-11-30T19:16:04.190+0000] {subprocess.py:93} INFO -     "type" : "integer",
[2025-11-30T19:16:04.190+0000] {subprocess.py:93} INFO -     "nullable" : false,
[2025-11-30T19:16:04.191+0000] {subprocess.py:93} INFO -     "metadata" : { }
[2025-11-30T19:16:04.191+0000] {subprocess.py:93} INFO -   }, {
[2025-11-30T19:16:04.192+0000] {subprocess.py:93} INFO -     "name" : "Pool",
[2025-11-30T19:16:04.192+0000] {subprocess.py:93} INFO -     "type" : "integer",
[2025-11-30T19:16:04.193+0000] {subprocess.py:93} INFO -     "nullable" : false,
[2025-11-30T19:16:04.193+0000] {subprocess.py:93} INFO -     "metadata" : { }
[2025-11-30T19:16:04.193+0000] {subprocess.py:93} INFO -   }, {
[2025-11-30T19:16:04.195+0000] {subprocess.py:93} INFO -     "name" : "Parking",
[2025-11-30T19:16:04.195+0000] {subprocess.py:93} INFO -     "type" : "integer",
[2025-11-30T19:16:04.196+0000] {subprocess.py:93} INFO -     "nullable" : false,
[2025-11-30T19:16:04.196+0000] {subprocess.py:93} INFO -     "metadata" : { }
[2025-11-30T19:16:04.196+0000] {subprocess.py:93} INFO -   }, {
[2025-11-30T19:16:04.197+0000] {subprocess.py:93} INFO -     "name" : "Gym",
[2025-11-30T19:16:04.197+0000] {subprocess.py:93} INFO -     "type" : "integer",
[2025-11-30T19:16:04.198+0000] {subprocess.py:93} INFO -     "nullable" : false,
[2025-11-30T19:16:04.198+0000] {subprocess.py:93} INFO -     "metadata" : { }
[2025-11-30T19:16:04.199+0000] {subprocess.py:93} INFO -   }, {
[2025-11-30T19:16:04.200+0000] {subprocess.py:93} INFO -     "name" : "Maids_Quarters",
[2025-11-30T19:16:04.200+0000] {subprocess.py:93} INFO -     "type" : "integer",
[2025-11-30T19:16:04.202+0000] {subprocess.py:93} INFO -     "nullable" : false,
[2025-11-30T19:16:04.202+0000] {subprocess.py:93} INFO -     "metadata" : { }
[2025-11-30T19:16:04.203+0000] {subprocess.py:93} INFO -   }, {
[2025-11-30T19:16:04.203+0000] {subprocess.py:93} INFO -     "name" : "Spa",
[2025-11-30T19:16:04.204+0000] {subprocess.py:93} INFO -     "type" : "integer",
[2025-11-30T19:16:04.204+0000] {subprocess.py:93} INFO -     "nullable" : false,
[2025-11-30T19:16:04.205+0000] {subprocess.py:93} INFO -     "metadata" : { }
[2025-11-30T19:16:04.205+0000] {subprocess.py:93} INFO -   } ]
[2025-11-30T19:16:04.206+0000] {subprocess.py:93} INFO - }
[2025-11-30T19:16:04.206+0000] {subprocess.py:93} INFO - and corresponding Parquet message type:
[2025-11-30T19:16:04.207+0000] {subprocess.py:93} INFO - message spark_schema {
[2025-11-30T19:16:04.207+0000] {subprocess.py:93} INFO -   optional binary title (STRING);
[2025-11-30T19:16:04.209+0000] {subprocess.py:93} INFO -   optional double price;
[2025-11-30T19:16:04.210+0000] {subprocess.py:93} INFO -   optional binary location (STRING);
[2025-11-30T19:16:04.211+0000] {subprocess.py:93} INFO -   optional double size;
[2025-11-30T19:16:04.212+0000] {subprocess.py:93} INFO -   optional int32 bedrooms;
[2025-11-30T19:16:04.213+0000] {subprocess.py:93} INFO -   optional int32 bathrooms;
[2025-11-30T19:16:04.214+0000] {subprocess.py:93} INFO -   required binary compound (STRING);
[2025-11-30T19:16:04.215+0000] {subprocess.py:93} INFO -   required binary source (STRING);
[2025-11-30T19:16:04.215+0000] {subprocess.py:93} INFO -   required binary property_type (STRING);
[2025-11-30T19:16:04.216+0000] {subprocess.py:93} INFO -   optional binary link (STRING);
[2025-11-30T19:16:04.216+0000] {subprocess.py:93} INFO -   optional binary description (STRING);
[2025-11-30T19:16:04.217+0000] {subprocess.py:93} INFO -   optional double price_per_sqm;
[2025-11-30T19:16:04.217+0000] {subprocess.py:93} INFO -   required int32 Jacuzzi;
[2025-11-30T19:16:04.218+0000] {subprocess.py:93} INFO -   required int32 Garden;
[2025-11-30T19:16:04.218+0000] {subprocess.py:93} INFO -   required int32 Balcony;
[2025-11-30T19:16:04.219+0000] {subprocess.py:93} INFO -   required int32 Pool;
[2025-11-30T19:16:04.219+0000] {subprocess.py:93} INFO -   required int32 Parking;
[2025-11-30T19:16:04.220+0000] {subprocess.py:93} INFO -   required int32 Gym;
[2025-11-30T19:16:04.220+0000] {subprocess.py:93} INFO -   required int32 Maids_Quarters;
[2025-11-30T19:16:04.221+0000] {subprocess.py:93} INFO -   required int32 Spa;
[2025-11-30T19:16:04.222+0000] {subprocess.py:93} INFO - }
[2025-11-30T19:16:04.223+0000] {subprocess.py:93} INFO - 
[2025-11-30T19:16:04.223+0000] {subprocess.py:93} INFO - 
[2025-11-30T19:16:04.224+0000] {subprocess.py:93} INFO - 25/11/30 19:16:04 INFO CodecPool: Got brand-new compressor [.snappy]
[2025-11-30T19:16:04.224+0000] {subprocess.py:93} INFO - 25/11/30 19:16:04 INFO CodecPool: Got brand-new decompressor [.snappy]
[2025-11-30T19:16:04.573+0000] {subprocess.py:93} INFO - 25/11/30 19:16:04 INFO FileOutputCommitter: Saved output of task 'attempt_202511301916037686486705122976352_0002_m_000000_2' to hdfs://namenode:9000/datalake/gold/dubbizle_gold/_temporary/0/task_202511301916037686486705122976352_0002_m_000000
[2025-11-30T19:16:04.574+0000] {subprocess.py:93} INFO - 25/11/30 19:16:04 INFO SparkHadoopMapRedUtil: attempt_202511301916037686486705122976352_0002_m_000000_2: Committed. Elapsed time: 106 ms.
[2025-11-30T19:16:04.591+0000] {subprocess.py:93} INFO - 25/11/30 19:16:04 INFO Executor: Finished task 0.0 in stage 2.0 (TID 2). 3101 bytes result sent to driver
[2025-11-30T19:16:04.595+0000] {subprocess.py:93} INFO - 25/11/30 19:16:04 INFO TaskSetManager: Finished task 0.0 in stage 2.0 (TID 2) in 883 ms on 76c6f5c40d8c (executor driver) (1/2)
[2025-11-30T19:16:04.867+0000] {subprocess.py:93} INFO - 25/11/30 19:16:04 INFO FileOutputCommitter: Saved output of task 'attempt_202511301916037686486705122976352_0002_m_000001_3' to hdfs://namenode:9000/datalake/gold/dubbizle_gold/_temporary/0/task_202511301916037686486705122976352_0002_m_000001
[2025-11-30T19:16:04.867+0000] {subprocess.py:93} INFO - 25/11/30 19:16:04 INFO SparkHadoopMapRedUtil: attempt_202511301916037686486705122976352_0002_m_000001_3: Committed. Elapsed time: 5 ms.
[2025-11-30T19:16:04.873+0000] {subprocess.py:93} INFO - 25/11/30 19:16:04 INFO Executor: Finished task 1.0 in stage 2.0 (TID 3). 3101 bytes result sent to driver
[2025-11-30T19:16:04.876+0000] {subprocess.py:93} INFO - 25/11/30 19:16:04 INFO TaskSetManager: Finished task 1.0 in stage 2.0 (TID 3) in 1153 ms on 76c6f5c40d8c (executor driver) (2/2)
[2025-11-30T19:16:04.877+0000] {subprocess.py:93} INFO - 25/11/30 19:16:04 INFO TaskSchedulerImpl: Removed TaskSet 2.0, whose tasks have all completed, from pool
[2025-11-30T19:16:04.877+0000] {subprocess.py:93} INFO - 25/11/30 19:16:04 INFO DAGScheduler: ResultStage 2 (parquet at NativeMethodAccessorImpl.java:0) finished in 1.272 s
[2025-11-30T19:16:04.878+0000] {subprocess.py:93} INFO - 25/11/30 19:16:04 INFO DAGScheduler: Job 2 is finished. Cancelling potential speculative or zombie tasks for this job
[2025-11-30T19:16:04.878+0000] {subprocess.py:93} INFO - 25/11/30 19:16:04 INFO TaskSchedulerImpl: Killing all running tasks in stage 2: Stage finished
[2025-11-30T19:16:04.878+0000] {subprocess.py:93} INFO - 25/11/30 19:16:04 INFO DAGScheduler: Job 2 finished: parquet at NativeMethodAccessorImpl.java:0, took 1.290593 s
[2025-11-30T19:16:04.880+0000] {subprocess.py:93} INFO - 25/11/30 19:16:04 INFO FileFormatWriter: Start to commit write Job 2095fc60-d2b0-4c97-8324-a546b3fb6b9a.
[2025-11-30T19:16:04.934+0000] {subprocess.py:93} INFO - 25/11/30 19:16:04 INFO FileFormatWriter: Write Job 2095fc60-d2b0-4c97-8324-a546b3fb6b9a committed. Elapsed time: 53 ms.
[2025-11-30T19:16:04.935+0000] {subprocess.py:93} INFO - 25/11/30 19:16:04 INFO FileFormatWriter: Finished processing stats for write job 2095fc60-d2b0-4c97-8324-a546b3fb6b9a.
[2025-11-30T19:16:04.938+0000] {subprocess.py:93} INFO -  Dubbizle Gold data (Enriched) saved to hdfs://namenode:9000/datalake/gold/dubbizle_gold
[2025-11-30T19:16:04.939+0000] {subprocess.py:93} INFO - 25/11/30 19:16:04 INFO SparkContext: SparkContext is stopping with exitCode 0.
[2025-11-30T19:16:04.950+0000] {subprocess.py:93} INFO - 25/11/30 19:16:04 INFO SparkUI: Stopped Spark web UI at http://76c6f5c40d8c:4042
[2025-11-30T19:16:04.960+0000] {subprocess.py:93} INFO - 25/11/30 19:16:04 INFO MapOutputTrackerMasterEndpoint: MapOutputTrackerMasterEndpoint stopped!
[2025-11-30T19:16:04.970+0000] {subprocess.py:93} INFO - 25/11/30 19:16:04 INFO MemoryStore: MemoryStore cleared
[2025-11-30T19:16:04.971+0000] {subprocess.py:93} INFO - 25/11/30 19:16:04 INFO BlockManager: BlockManager stopped
[2025-11-30T19:16:04.973+0000] {subprocess.py:93} INFO - 25/11/30 19:16:04 INFO BlockManagerMaster: BlockManagerMaster stopped
[2025-11-30T19:16:04.974+0000] {subprocess.py:93} INFO - 25/11/30 19:16:04 INFO OutputCommitCoordinator$OutputCommitCoordinatorEndpoint: OutputCommitCoordinator stopped!
[2025-11-30T19:16:04.981+0000] {subprocess.py:93} INFO - 25/11/30 19:16:04 INFO SparkContext: Successfully stopped SparkContext
[2025-11-30T19:16:05.135+0000] {subprocess.py:93} INFO - 25/11/30 19:16:05 INFO ShutdownHookManager: Shutdown hook called
[2025-11-30T19:16:05.136+0000] {subprocess.py:93} INFO - 25/11/30 19:16:05 INFO ShutdownHookManager: Deleting directory /tmp/spark-4ee9dc0c-2140-481a-a7b1-7e7a5add344c
[2025-11-30T19:16:05.138+0000] {subprocess.py:93} INFO - 25/11/30 19:16:05 INFO ShutdownHookManager: Deleting directory /tmp/spark-7e7f02fd-699c-4e64-a14b-b75c5c12aa70
[2025-11-30T19:16:05.141+0000] {subprocess.py:93} INFO - 25/11/30 19:16:05 INFO ShutdownHookManager: Deleting directory /tmp/spark-4ee9dc0c-2140-481a-a7b1-7e7a5add344c/pyspark-09f49ae0-f76e-4e8b-ad15-256c6eafc7b9
[2025-11-30T19:16:05.222+0000] {subprocess.py:97} INFO - Command exited with return code 0
[2025-11-30T19:16:05.223+0000] {taskinstance.py:441} INFO - ::group::Post task execution logs
[2025-11-30T19:16:05.245+0000] {taskinstance.py:1206} INFO - Marking task as SUCCESS. dag_id=real_estate_etl_pipeline, task_id=transform_dubbizle, run_id=manual__2025-11-30T18:25:30.102845+00:00, execution_date=20251130T182530, start_date=20251130T191546, end_date=20251130T191605
[2025-11-30T19:16:05.320+0000] {local_task_job_runner.py:240} INFO - Task exited with return code 0
[2025-11-30T19:16:05.328+0000] {local_task_job_runner.py:222} INFO - ::endgroup::
