[2025-11-30T18:38:53.714+0000] {local_task_job_runner.py:120} INFO - ::group::Pre task execution logs
[2025-11-30T18:38:53.748+0000] {taskinstance.py:2076} INFO - Dependencies all met for dep_context=non-requeueable deps ti=<TaskInstance: real_estate_etl_pipeline.scrape_bayut manual__2025-11-30T18:25:30.102845+00:00 [queued]>
[2025-11-30T18:38:53.762+0000] {taskinstance.py:2076} INFO - Dependencies all met for dep_context=requeueable deps ti=<TaskInstance: real_estate_etl_pipeline.scrape_bayut manual__2025-11-30T18:25:30.102845+00:00 [queued]>
[2025-11-30T18:38:53.763+0000] {taskinstance.py:2306} INFO - Starting attempt 2 of 3
[2025-11-30T18:38:53.783+0000] {taskinstance.py:2330} INFO - Executing <Task(BashOperator): scrape_bayut> on 2025-11-30 18:25:30.102845+00:00
[2025-11-30T18:38:53.796+0000] {warnings.py:112} WARNING - /home/***/.local/lib/python3.12/site-packages/***/task/task_runner/standard_task_runner.py:61: DeprecationWarning: This process (pid=156) is multi-threaded, use of fork() may lead to deadlocks in the child.
  pid = os.fork()

[2025-11-30T18:38:53.801+0000] {standard_task_runner.py:63} INFO - Started process 158 to run task
[2025-11-30T18:38:53.801+0000] {standard_task_runner.py:90} INFO - Running: ['***', 'tasks', 'run', 'real_estate_etl_pipeline', 'scrape_bayut', 'manual__2025-11-30T18:25:30.102845+00:00', '--job-id', '9', '--raw', '--subdir', 'DAGS_FOLDER/scraping_dag.py', '--cfg-path', '/tmp/tmp0v3rhjg6']
[2025-11-30T18:38:53.806+0000] {standard_task_runner.py:91} INFO - Job 9: Subtask scrape_bayut
[2025-11-30T18:38:53.886+0000] {task_command.py:426} INFO - Running <TaskInstance: real_estate_etl_pipeline.scrape_bayut manual__2025-11-30T18:25:30.102845+00:00 [running]> on host 9a9a5f972fcd
[2025-11-30T18:38:54.013+0000] {taskinstance.py:2648} INFO - Exporting env vars: AIRFLOW_CTX_DAG_OWNER='***' AIRFLOW_CTX_DAG_ID='real_estate_etl_pipeline' AIRFLOW_CTX_TASK_ID='scrape_bayut' AIRFLOW_CTX_EXECUTION_DATE='2025-11-30T18:25:30.102845+00:00' AIRFLOW_CTX_TRY_NUMBER='2' AIRFLOW_CTX_DAG_RUN_ID='manual__2025-11-30T18:25:30.102845+00:00'
[2025-11-30T18:38:54.016+0000] {taskinstance.py:430} INFO - ::endgroup::
[2025-11-30T18:38:54.018+0000] {subprocess.py:63} INFO - Tmp dir root location: /tmp
[2025-11-30T18:38:54.020+0000] {subprocess.py:75} INFO - Running command: ['/usr/bin/bash', '-c', 'docker exec jupyter python /data/scraping_scripts/bayut/bayutScript.py']
[2025-11-30T18:38:54.038+0000] {subprocess.py:86} INFO - Output:
[2025-11-30T18:42:18.087+0000] {subprocess.py:93} INFO - Warning: 'cloudscraper' library not found. Falling back to 'requests'.
[2025-11-30T18:42:18.088+0000] {subprocess.py:93} INFO - 
[2025-11-30T18:42:18.089+0000] {subprocess.py:93} INFO - --- Page 1 ---
[2025-11-30T18:42:18.090+0000] {subprocess.py:93} INFO -     → Found 24 listing URLs.
[2025-11-30T18:42:18.090+0000] {subprocess.py:93} INFO -   [1/24] https://www.bayut.eg/en/property/details-502882906.html
[2025-11-30T18:42:18.091+0000] {subprocess.py:93} INFO -       ✓ Scraped: Price:11000000 EGP | Area:150
[2025-11-30T18:42:18.091+0000] {subprocess.py:93} INFO -   [2/24] https://www.bayut.eg/en/property/details-502158139.html
[2025-11-30T18:42:18.092+0000] {subprocess.py:93} INFO -       ✓ Scraped: Price:2900000 EGP | Area:95
[2025-11-30T18:42:18.093+0000] {subprocess.py:93} INFO -   [3/24] https://www.bayut.eg/en/property/details-502884128.html
[2025-11-30T18:42:18.093+0000] {subprocess.py:93} INFO -       ✓ Scraped: Price:128000000 EGP | Area:1000
[2025-11-30T18:42:18.094+0000] {subprocess.py:93} INFO -   [4/24] https://www.bayut.eg/en/property/details-502849583.html
[2025-11-30T18:42:18.094+0000] {subprocess.py:93} INFO -       ✓ Scraped: Price:4500000 EGP | Area:155
[2025-11-30T18:42:18.095+0000] {subprocess.py:93} INFO -   [5/24] https://www.bayut.eg/en/property/details-501157444.html
[2025-11-30T18:42:18.095+0000] {subprocess.py:93} INFO -       ✓ Scraped: Price:12800000 EGP | Area:400
[2025-11-30T18:42:18.096+0000] {subprocess.py:93} INFO -   [6/24] https://www.bayut.eg/en/property/details-502882889.html
[2025-11-30T18:42:18.096+0000] {subprocess.py:93} INFO -       ✓ Scraped: Price:14000000 EGP | Area:112
[2025-11-30T18:42:18.097+0000] {subprocess.py:93} INFO -   [7/24] https://www.bayut.eg/en/property/details-502614314.html
[2025-11-30T18:42:18.097+0000] {subprocess.py:93} INFO -       ✓ Scraped: Price:11300000 EGP | Area:205
[2025-11-30T18:42:18.098+0000] {subprocess.py:93} INFO -   [8/24] https://www.bayut.eg/en/property/details-502883699.html
[2025-11-30T18:42:18.099+0000] {subprocess.py:93} INFO -       ✓ Scraped: Price:65000000 EGP | Area:666
[2025-11-30T18:42:18.099+0000] {subprocess.py:93} INFO -   [9/24] https://www.bayut.eg/en/property/details-502884154.html
[2025-11-30T18:42:18.100+0000] {subprocess.py:93} INFO -       ✓ Scraped: Price:11500000 EGP | Area:165
[2025-11-30T18:42:18.101+0000] {subprocess.py:93} INFO -   [10/24] https://www.bayut.eg/en/property/details-502882079.html
[2025-11-30T18:42:18.101+0000] {subprocess.py:93} INFO -       ✓ Scraped: Price:14400000 EGP | Area:144
[2025-11-30T18:42:18.102+0000] {subprocess.py:93} INFO -   [11/24] https://www.bayut.eg/en/property/details-502882265.html
[2025-11-30T18:42:18.103+0000] {subprocess.py:93} INFO -       ✓ Scraped: Price:9900000 EGP | Area:155
[2025-11-30T18:42:18.103+0000] {subprocess.py:93} INFO -   [12/24] https://www.bayut.eg/en/property/details-500969254.html
[2025-11-30T18:42:18.104+0000] {subprocess.py:93} INFO -       ✓ Scraped: Price:4698000 EGP | Area:132
[2025-11-30T18:42:18.105+0000] {subprocess.py:93} INFO -   [13/24] https://www.bayut.eg/en/property/details-502884063.html
[2025-11-30T18:42:18.105+0000] {subprocess.py:93} INFO -       ✓ Scraped: Price:99000000 EGP | Area:650
[2025-11-30T18:42:18.105+0000] {subprocess.py:93} INFO -   [14/24] https://www.bayut.eg/en/property/details-502886724.html
[2025-11-30T18:42:18.106+0000] {subprocess.py:93} INFO -       ✓ Scraped: Price:19000000 EGP | Area:350
[2025-11-30T18:42:18.106+0000] {subprocess.py:93} INFO -   [15/24] https://www.bayut.eg/en/property/details-502882117.html
[2025-11-30T18:42:18.107+0000] {subprocess.py:93} INFO -       ✓ Scraped: Price:13200000 EGP | Area:280
[2025-11-30T18:42:18.107+0000] {subprocess.py:93} INFO -   [16/24] https://www.bayut.eg/en/property/details-502884400.html
[2025-11-30T18:42:18.108+0000] {subprocess.py:93} INFO -       ✓ Scraped: Price:12500000 EGP | Area:165
[2025-11-30T18:42:18.108+0000] {subprocess.py:93} INFO -   [17/24] https://www.bayut.eg/en/property/details-502882620.html
[2025-11-30T18:42:18.109+0000] {subprocess.py:93} INFO -       ✓ Scraped: Price:17000000 EGP | Area:450
[2025-11-30T18:42:18.109+0000] {subprocess.py:93} INFO -   [18/24] https://www.bayut.eg/en/property/details-502884346.html
[2025-11-30T18:42:18.110+0000] {subprocess.py:93} INFO -       ✓ Scraped: Price:43000000 EGP | Area:500
[2025-11-30T18:42:18.111+0000] {subprocess.py:93} INFO -   [19/24] https://www.bayut.eg/en/property/details-502883826.html
[2025-11-30T18:42:18.111+0000] {subprocess.py:93} INFO -       ✓ Scraped: Price:22416750 EGP | Area:174
[2025-11-30T18:42:18.112+0000] {subprocess.py:93} INFO -   [20/24] https://www.bayut.eg/en/property/details-502884569.html
[2025-11-30T18:42:18.112+0000] {subprocess.py:93} INFO -       ✓ Scraped: Price:12000000 EGP | Area:155
[2025-11-30T18:42:18.113+0000] {subprocess.py:93} INFO -   [21/24] https://www.bayut.eg/en/property/details-502885837.html
[2025-11-30T18:42:18.113+0000] {subprocess.py:93} INFO -       ✓ Scraped: Price:23000000 EGP | Area:500
[2025-11-30T18:42:18.114+0000] {subprocess.py:93} INFO -   [22/24] https://www.bayut.eg/en/property/details-502881823.html
[2025-11-30T18:42:18.115+0000] {subprocess.py:93} INFO -       ✓ Scraped: Price:10950000 EGP | Area:70
[2025-11-30T18:42:18.115+0000] {subprocess.py:93} INFO -   [23/24] https://www.bayut.eg/en/property/details-502883718.html
[2025-11-30T18:42:18.116+0000] {subprocess.py:93} INFO -       ✓ Scraped: Price:11310000 EGP | Area:106
[2025-11-30T18:42:18.116+0000] {subprocess.py:93} INFO -   [24/24] https://www.bayut.eg/en/property/details-502745956.html
[2025-11-30T18:42:18.117+0000] {subprocess.py:93} INFO -       ✓ Scraped: Price:5900000 EGP | Area:184
[2025-11-30T18:42:18.117+0000] {subprocess.py:93} INFO - 
[2025-11-30T18:42:18.118+0000] {subprocess.py:93} INFO - --- Page 2 ---
[2025-11-30T18:42:18.118+0000] {subprocess.py:93} INFO -     → Found 24 listing URLs.
[2025-11-30T18:42:18.119+0000] {subprocess.py:93} INFO -   [1/24] https://www.bayut.eg/en/property/details-502879770.html
[2025-11-30T18:42:18.119+0000] {subprocess.py:93} INFO -       ✓ Scraped: Price:45000000 EGP | Area:1200
[2025-11-30T18:42:18.120+0000] {subprocess.py:93} INFO -   [2/24] https://www.bayut.eg/en/property/details-502864936.html
[2025-11-30T18:42:18.120+0000] {subprocess.py:93} INFO -       ✓ Scraped: Price:11000000 EGP | Area:110
[2025-11-30T18:42:18.121+0000] {subprocess.py:93} INFO -   [3/24] https://www.bayut.eg/en/property/details-502865191.html
[2025-11-30T18:42:18.121+0000] {subprocess.py:93} INFO -       ✓ Scraped: Price:26000000 EGP | Area:190
[2025-11-30T18:42:18.122+0000] {subprocess.py:93} INFO -   [4/24] https://www.bayut.eg/en/property/details-502877391.html
[2025-11-30T18:42:18.123+0000] {subprocess.py:93} INFO -       ✓ Scraped: Price:13150000 EGP | Area:120
[2025-11-30T18:42:18.123+0000] {subprocess.py:93} INFO -   [5/24] https://www.bayut.eg/en/property/details-502879901.html
[2025-11-30T18:42:18.124+0000] {subprocess.py:93} INFO -       ✓ Scraped: Price:8712500 EGP | Area:150
[2025-11-30T18:42:18.125+0000] {subprocess.py:93} INFO -   [6/24] https://www.bayut.eg/en/property/details-502881822.html
[2025-11-30T18:42:18.125+0000] {subprocess.py:93} INFO -       ✓ Scraped: Price:17000000 EGP | Area:198
[2025-11-30T18:42:18.126+0000] {subprocess.py:93} INFO -   [7/24] https://www.bayut.eg/en/property/details-502881932.html
[2025-11-30T18:42:18.127+0000] {subprocess.py:93} INFO -       ✓ Scraped: Price:41000000 EGP | Area:472
[2025-11-30T18:42:18.128+0000] {subprocess.py:93} INFO -   [8/24] https://www.bayut.eg/en/property/details-502850280.html
[2025-11-30T18:42:18.129+0000] {subprocess.py:93} INFO -       ✓ Scraped: Price:8000000 EGP | Area:180
[2025-11-30T18:42:18.130+0000] {subprocess.py:93} INFO -   [9/24] https://www.bayut.eg/en/property/details-502487257.html
[2025-11-30T18:42:18.131+0000] {subprocess.py:93} INFO -       ✓ Scraped: Price:10000000 EGP | Area:70
[2025-11-30T18:42:18.133+0000] {subprocess.py:93} INFO -   [10/24] https://www.bayut.eg/en/property/details-502881738.html
[2025-11-30T18:42:18.134+0000] {subprocess.py:93} INFO -       ✓ Scraped: Price:11000000 EGP | Area:116
[2025-11-30T18:42:18.135+0000] {subprocess.py:93} INFO -   [11/24] https://www.bayut.eg/en/property/details-502881705.html
[2025-11-30T18:42:18.136+0000] {subprocess.py:93} INFO -       ✓ Scraped: Price:11000000 EGP | Area:193
[2025-11-30T18:42:18.137+0000] {subprocess.py:93} INFO -   [12/24] https://www.bayut.eg/en/property/details-205263260.html
[2025-11-30T18:42:18.138+0000] {subprocess.py:93} INFO -       ✓ Scraped: Price:12990000 EGP | Area:360
[2025-11-30T18:42:18.139+0000] {subprocess.py:93} INFO -   [13/24] https://www.bayut.eg/en/property/details-502749163.html
[2025-11-30T18:42:18.139+0000] {subprocess.py:93} INFO -       ✓ Scraped: Price:1649050 EGP | Area:140
[2025-11-30T18:42:18.140+0000] {subprocess.py:93} INFO -   [14/24] https://www.bayut.eg/en/property/details-502759396.html
[2025-11-30T18:42:18.141+0000] {subprocess.py:93} INFO -       ✓ Scraped: Price:25000000 EGP | Area:303
[2025-11-30T18:42:18.142+0000] {subprocess.py:93} INFO -   [15/24] https://www.bayut.eg/en/property/details-502885349.html
[2025-11-30T18:42:18.144+0000] {subprocess.py:93} INFO -       ✓ Scraped: Price:3000000 EGP | Area:135
[2025-11-30T18:42:18.145+0000] {subprocess.py:93} INFO -   [16/24] https://www.bayut.eg/en/property/details-502881688.html
[2025-11-30T18:42:18.145+0000] {subprocess.py:93} INFO -       ✓ Scraped: Price:16700000 EGP | Area:145
[2025-11-30T18:42:18.147+0000] {subprocess.py:93} INFO -   [17/24] https://www.bayut.eg/en/property/details-502485556.html
[2025-11-30T18:42:18.148+0000] {subprocess.py:93} INFO -       ✓ Scraped: Price:29500000 EGP | Area:400
[2025-11-30T18:42:18.149+0000] {subprocess.py:93} INFO -   [18/24] https://www.bayut.eg/en/property/details-502881161.html
[2025-11-30T18:42:18.151+0000] {subprocess.py:93} INFO -       ✓ Scraped: Price:6700000 EGP | Area:109
[2025-11-30T18:42:18.152+0000] {subprocess.py:93} INFO -   [19/24] https://www.bayut.eg/en/property/details-502881439.html
[2025-11-30T18:42:18.153+0000] {subprocess.py:93} INFO -       ✓ Scraped: Price:4750000 EGP | Area:89
[2025-11-30T18:42:18.156+0000] {subprocess.py:93} INFO -   [20/24] https://www.bayut.eg/en/property/details-502759368.html
[2025-11-30T18:42:18.157+0000] {subprocess.py:93} INFO -       ✓ Scraped: Price:8950000 EGP | Area:175
[2025-11-30T18:42:18.158+0000] {subprocess.py:93} INFO -   [21/24] https://www.bayut.eg/en/property/details-502877722.html
[2025-11-30T18:42:18.159+0000] {subprocess.py:93} INFO -       ✓ Scraped: Price:2500000 EGP | Area:60
[2025-11-30T18:42:18.161+0000] {subprocess.py:93} INFO -   [22/24] https://www.bayut.eg/en/property/details-502879786.html
[2025-11-30T18:42:18.162+0000] {subprocess.py:93} INFO -       ✓ Scraped: Price:9600000 EGP | Area:200
[2025-11-30T18:42:18.163+0000] {subprocess.py:93} INFO -   [23/24] https://www.bayut.eg/en/property/details-502878632.html
[2025-11-30T18:42:18.165+0000] {subprocess.py:93} INFO -       ✓ Scraped: Price:14000000 EGP | Area:420
[2025-11-30T18:42:18.165+0000] {subprocess.py:93} INFO -   [24/24] https://www.bayut.eg/en/property/details-502749689.html
[2025-11-30T18:42:18.166+0000] {subprocess.py:93} INFO -       ✓ Scraped: Price:35000000 EGP | Area:339
[2025-11-30T18:42:18.167+0000] {subprocess.py:93} INFO - 
[2025-11-30T18:42:18.168+0000] {subprocess.py:93} INFO - --- Page 3 ---
[2025-11-30T18:42:18.169+0000] {subprocess.py:93} INFO -     → Found 24 listing URLs.
[2025-11-30T18:42:18.170+0000] {subprocess.py:93} INFO -   [1/24] https://www.bayut.eg/en/property/details-502878756.html
[2025-11-30T18:42:18.172+0000] {subprocess.py:93} INFO -       ✓ Scraped: Price:14000000 EGP | Area:420
[2025-11-30T18:42:18.173+0000] {subprocess.py:93} INFO -   [2/24] https://www.bayut.eg/en/property/details-502879117.html
[2025-11-30T18:42:18.174+0000] {subprocess.py:93} INFO -       ✓ Scraped: Price:40000000 EGP | Area:450
[2025-11-30T18:42:18.175+0000] {subprocess.py:93} INFO -   [3/24] https://www.bayut.eg/en/property/details-502604986.html
[2025-11-30T18:42:18.177+0000] {subprocess.py:93} INFO -       ✓ Scraped: Price:27000000 EGP | Area:510
[2025-11-30T18:42:18.178+0000] {subprocess.py:93} INFO -   [4/24] https://www.bayut.eg/en/property/details-502875392.html
[2025-11-30T18:42:18.179+0000] {subprocess.py:93} INFO -       ✓ Scraped: Price:6500000 EGP | Area:55
[2025-11-30T18:42:18.181+0000] {subprocess.py:93} INFO -   [5/24] https://www.bayut.eg/en/property/details-502709596.html
[2025-11-30T18:42:18.182+0000] {subprocess.py:93} INFO -       ✓ Scraped: Price:5200000 EGP | Area:170
[2025-11-30T18:42:18.183+0000] {subprocess.py:93} INFO -   [6/24] https://www.bayut.eg/en/property/details-502248725.html
[2025-11-30T18:42:18.185+0000] {subprocess.py:93} INFO -       ✓ Scraped: Price:18000000 EGP | Area:120
[2025-11-30T18:42:18.186+0000] {subprocess.py:93} INFO -   [7/24] https://www.bayut.eg/en/property/details-502877289.html
[2025-11-30T18:42:18.187+0000] {subprocess.py:93} INFO -       ✓ Scraped: Price:6200000 EGP | Area:108
[2025-11-30T18:42:18.189+0000] {subprocess.py:93} INFO -   [8/24] https://www.bayut.eg/en/property/details-502878907.html
[2025-11-30T18:42:18.190+0000] {subprocess.py:93} INFO -       ✓ Scraped: Price:82000000 EGP | Area:850
[2025-11-30T18:42:18.191+0000] {subprocess.py:93} INFO -   [9/24] https://www.bayut.eg/en/property/details-502590445.html
[2025-11-30T18:42:18.193+0000] {subprocess.py:93} INFO -       ✓ Scraped: Price:7000000 EGP | Area:159
[2025-11-30T18:42:18.194+0000] {subprocess.py:93} INFO -   [10/24] https://www.bayut.eg/en/property/details-502876403.html
[2025-11-30T18:42:18.195+0000] {subprocess.py:93} INFO -       ✓ Scraped: Price:14000000 EGP | Area:164
[2025-11-30T18:42:18.196+0000] {subprocess.py:93} INFO -   [11/24] https://www.bayut.eg/en/property/details-502876886.html
[2025-11-30T18:42:18.197+0000] {subprocess.py:93} INFO -       ✓ Scraped: Price:20000000 EGP | Area:219
[2025-11-30T18:42:18.199+0000] {subprocess.py:93} INFO -   [12/24] https://www.bayut.eg/en/property/details-502877412.html
[2025-11-30T18:42:18.200+0000] {subprocess.py:93} INFO -       ✓ Scraped: Price:13000000 EGP | Area:155
[2025-11-30T18:42:18.201+0000] {subprocess.py:93} INFO -   [13/24] https://www.bayut.eg/en/property/details-502719836.html
[2025-11-30T18:42:18.202+0000] {subprocess.py:93} INFO -       ✓ Scraped: Price:4250000 EGP | Area:95
[2025-11-30T18:42:18.204+0000] {subprocess.py:93} INFO -   [14/24] https://www.bayut.eg/en/property/details-502878130.html
[2025-11-30T18:42:18.205+0000] {subprocess.py:93} INFO -       ✓ Scraped: Price:26500000 EGP | Area:145
[2025-11-30T18:42:18.206+0000] {subprocess.py:93} INFO -   [15/24] https://www.bayut.eg/en/property/details-502875209.html
[2025-11-30T18:42:18.207+0000] {subprocess.py:93} INFO -       ✓ Scraped: Price:5381250 EGP | Area:123
[2025-11-30T18:42:18.208+0000] {subprocess.py:93} INFO -   [16/24] https://www.bayut.eg/en/property/details-502878446.html
[2025-11-30T18:42:18.209+0000] {subprocess.py:93} INFO -       ✓ Scraped: Price:8900000 EGP | Area:113
[2025-11-30T18:42:18.210+0000] {subprocess.py:93} INFO -   [17/24] https://www.bayut.eg/en/property/details-502740898.html
[2025-11-30T18:42:18.211+0000] {subprocess.py:93} INFO -       ✓ Scraped: Price:5200000 EGP | Area:132
[2025-11-30T18:42:18.212+0000] {subprocess.py:93} INFO -   [18/24] https://www.bayut.eg/en/property/details-502877047.html
[2025-11-30T18:42:18.213+0000] {subprocess.py:93} INFO -       ✓ Scraped: Price:27600000 EGP | Area:253
[2025-11-30T18:42:18.214+0000] {subprocess.py:93} INFO -   [19/24] https://www.bayut.eg/en/property/details-502876692.html
[2025-11-30T18:42:18.216+0000] {subprocess.py:93} INFO -       ✓ Scraped: Price:11800000 EGP | Area:158
[2025-11-30T18:42:18.217+0000] {subprocess.py:93} INFO -   [20/24] https://www.bayut.eg/en/property/details-502610008.html
[2025-11-30T18:42:18.218+0000] {subprocess.py:93} INFO -       ✓ Scraped: Price:9000000 EGP | Area:292
[2025-11-30T18:42:18.220+0000] {subprocess.py:93} INFO -   [21/24] https://www.bayut.eg/en/property/details-502878270.html
[2025-11-30T18:42:18.221+0000] {subprocess.py:93} INFO -       ✓ Scraped: Price:15800000 EGP | Area:98
[2025-11-30T18:42:18.222+0000] {subprocess.py:93} INFO -   [22/24] https://www.bayut.eg/en/property/details-502876536.html
[2025-11-30T18:44:49.122+0000] {local_task_job_runner.py:310} WARNING - State of this instance has been externally set to success. Terminating instance.
[2025-11-30T18:44:49.126+0000] {local_task_job_runner.py:222} INFO - ::endgroup::
[2025-11-30T18:44:49.130+0000] {process_utils.py:132} INFO - Sending 15 to group 158. PIDs of all processes in the group: [159, 158]
[2025-11-30T18:44:49.131+0000] {process_utils.py:87} INFO - Sending the signal 15 to group 158
[2025-11-30T18:44:49.133+0000] {taskinstance.py:2611} ERROR - Received SIGTERM. Terminating subprocesses.
[2025-11-30T18:44:49.135+0000] {subprocess.py:104} INFO - Sending SIGTERM signal to process group
[2025-11-30T18:44:49.137+0000] {taskinstance.py:441} INFO - ::group::Post task execution logs
[2025-11-30T18:44:49.186+0000] {process_utils.py:80} INFO - Process psutil.Process(pid=158, status='terminated', exitcode=0, started='18:38:52') (158) terminated with exit code 0
[2025-11-30T18:44:49.188+0000] {process_utils.py:80} INFO - Process psutil.Process(pid=159, status='terminated', started='18:38:53') (159) terminated with exit code None
