[2025-11-30T18:25:42.287+0000] {local_task_job_runner.py:120} INFO - ::group::Pre task execution logs
[2025-11-30T18:25:42.336+0000] {taskinstance.py:2076} INFO - Dependencies all met for dep_context=non-requeueable deps ti=<TaskInstance: real_estate_etl_pipeline.scrape_bayut manual__2025-11-30T18:25:30.102845+00:00 [queued]>
[2025-11-30T18:25:42.354+0000] {taskinstance.py:2076} INFO - Dependencies all met for dep_context=requeueable deps ti=<TaskInstance: real_estate_etl_pipeline.scrape_bayut manual__2025-11-30T18:25:30.102845+00:00 [queued]>
[2025-11-30T18:25:42.355+0000] {taskinstance.py:2306} INFO - Starting attempt 1 of 2
[2025-11-30T18:25:42.378+0000] {taskinstance.py:2330} INFO - Executing <Task(BashOperator): scrape_bayut> on 2025-11-30 18:25:30.102845+00:00
[2025-11-30T18:25:42.396+0000] {warnings.py:112} WARNING - /home/***/.local/lib/python3.12/site-packages/***/task/task_runner/standard_task_runner.py:61: DeprecationWarning: This process (pid=73) is multi-threaded, use of fork() may lead to deadlocks in the child.
  pid = os.fork()

[2025-11-30T18:25:42.403+0000] {standard_task_runner.py:63} INFO - Started process 104 to run task
[2025-11-30T18:25:42.400+0000] {standard_task_runner.py:90} INFO - Running: ['***', 'tasks', 'run', 'real_estate_etl_pipeline', 'scrape_bayut', 'manual__2025-11-30T18:25:30.102845+00:00', '--job-id', '5', '--raw', '--subdir', 'DAGS_FOLDER/scraping_dag.py', '--cfg-path', '/tmp/tmpyi1u59yg']
[2025-11-30T18:25:42.407+0000] {standard_task_runner.py:91} INFO - Job 5: Subtask scrape_bayut
[2025-11-30T18:25:42.508+0000] {task_command.py:426} INFO - Running <TaskInstance: real_estate_etl_pipeline.scrape_bayut manual__2025-11-30T18:25:30.102845+00:00 [running]> on host 9a9a5f972fcd
[2025-11-30T18:25:42.679+0000] {taskinstance.py:2648} INFO - Exporting env vars: AIRFLOW_CTX_DAG_OWNER='***' AIRFLOW_CTX_DAG_ID='real_estate_etl_pipeline' AIRFLOW_CTX_TASK_ID='scrape_bayut' AIRFLOW_CTX_EXECUTION_DATE='2025-11-30T18:25:30.102845+00:00' AIRFLOW_CTX_TRY_NUMBER='1' AIRFLOW_CTX_DAG_RUN_ID='manual__2025-11-30T18:25:30.102845+00:00'
[2025-11-30T18:25:42.682+0000] {taskinstance.py:430} INFO - ::endgroup::
[2025-11-30T18:25:42.683+0000] {subprocess.py:63} INFO - Tmp dir root location: /tmp
[2025-11-30T18:25:42.685+0000] {subprocess.py:75} INFO - Running command: ['/usr/bin/bash', '-c', 'docker exec jupyter python /data/scraping_scripts/bayut/bayutScript.py']
[2025-11-30T18:25:42.707+0000] {subprocess.py:86} INFO - Output:
[2025-11-30T18:27:46.446+0000] {subprocess.py:97} INFO - Command exited with return code 0
[2025-11-30T18:27:46.449+0000] {taskinstance.py:441} INFO - ::group::Post task execution logs
[2025-11-30T18:27:46.475+0000] {taskinstance.py:1206} INFO - Marking task as SUCCESS. dag_id=real_estate_etl_pipeline, task_id=scrape_bayut, run_id=manual__2025-11-30T18:25:30.102845+00:00, execution_date=20251130T182530, start_date=20251130T182542, end_date=20251130T182746
[2025-11-30T18:27:46.527+0000] {local_task_job_runner.py:240} INFO - Task exited with return code 0
[2025-11-30T18:27:46.556+0000] {taskinstance.py:3503} INFO - 0 downstream tasks scheduled from follow-on schedule check
[2025-11-30T18:27:46.559+0000] {local_task_job_runner.py:222} INFO - ::endgroup::
