[2025-11-30T18:51:01.883+0000] {task_command.py:426} INFO - Running <TaskInstance: real_estate_etl_pipeline.clean_fazwaz manual__2025-11-30T18:25:30.102845+00:00 [restarting]> on host 9a9a5f972fcd
[2025-11-30T18:51:02.096+0000] {taskinstance.py:2648} INFO - Exporting env vars: AIRFLOW_CTX_DAG_OWNER='***' AIRFLOW_CTX_DAG_ID='real_estate_etl_pipeline' AIRFLOW_CTX_TASK_ID='clean_fazwaz' AIRFLOW_CTX_EXECUTION_DATE='2025-11-30T18:25:30.102845+00:00' AIRFLOW_CTX_TRY_NUMBER='3' AIRFLOW_CTX_DAG_RUN_ID='manual__2025-11-30T18:25:30.102845+00:00'
[2025-11-30T18:51:02.103+0000] {taskinstance.py:430} INFO - ::endgroup::
[2025-11-30T18:51:02.106+0000] {subprocess.py:63} INFO - Tmp dir root location: /tmp
[2025-11-30T18:51:02.110+0000] {subprocess.py:75} INFO - Running command: ['/usr/bin/bash', '-c', 'docker exec jupyter spark-submit --master local[*] /data/Cleaning_Layer_Pyspark/clean_fazwaz.py']
[2025-11-30T18:51:02.139+0000] {subprocess.py:86} INFO - Output:
[2025-11-30T18:51:06.996+0000] {subprocess.py:93} INFO - 25/11/30 18:51:06 INFO SparkContext: Running Spark version 3.5.0
[2025-11-30T18:51:07.003+0000] {subprocess.py:93} INFO - 25/11/30 18:51:07 INFO SparkContext: OS info Linux, 5.15.167.4-microsoft-standard-WSL2, amd64
[2025-11-30T18:51:07.005+0000] {subprocess.py:93} INFO - 25/11/30 18:51:07 INFO SparkContext: Java version 17.0.8.1
[2025-11-30T18:51:07.156+0000] {subprocess.py:93} INFO - 25/11/30 18:51:07 WARN NativeCodeLoader: Unable to load native-hadoop library for your platform... using builtin-java classes where applicable
[2025-11-30T18:51:07.416+0000] {subprocess.py:93} INFO - 25/11/30 18:51:07 INFO ResourceUtils: ==============================================================
[2025-11-30T18:51:07.417+0000] {subprocess.py:93} INFO - 25/11/30 18:51:07 INFO ResourceUtils: No custom resources configured for spark.driver.
[2025-11-30T18:51:07.419+0000] {subprocess.py:93} INFO - 25/11/30 18:51:07 INFO ResourceUtils: ==============================================================
[2025-11-30T18:51:07.421+0000] {subprocess.py:93} INFO - 25/11/30 18:51:07 INFO SparkContext: Submitted application: Clean_Fazwaz
[2025-11-30T18:51:07.484+0000] {subprocess.py:93} INFO - 25/11/30 18:51:07 INFO ResourceProfile: Default ResourceProfile created, executor resources: Map(cores -> name: cores, amount: 1, script: , vendor: , memory -> name: memory, amount: 1024, script: , vendor: , offHeap -> name: offHeap, amount: 0, script: , vendor: ), task resources: Map(cpus -> name: cpus, amount: 1.0)
[2025-11-30T18:51:07.501+0000] {subprocess.py:93} INFO - 25/11/30 18:51:07 INFO ResourceProfile: Limiting resource is cpu
[2025-11-30T18:51:07.502+0000] {subprocess.py:93} INFO - 25/11/30 18:51:07 INFO ResourceProfileManager: Added ResourceProfile id: 0
[2025-11-30T18:51:07.596+0000] {subprocess.py:93} INFO - 25/11/30 18:51:07 INFO SecurityManager: Changing view acls to: jovyan
[2025-11-30T18:51:07.598+0000] {subprocess.py:93} INFO - 25/11/30 18:51:07 INFO SecurityManager: Changing modify acls to: jovyan
[2025-11-30T18:51:07.599+0000] {subprocess.py:93} INFO - 25/11/30 18:51:07 INFO SecurityManager: Changing view acls groups to:
[2025-11-30T18:51:07.601+0000] {subprocess.py:93} INFO - 25/11/30 18:51:07 INFO SecurityManager: Changing modify acls groups to:
[2025-11-30T18:51:07.602+0000] {subprocess.py:93} INFO - 25/11/30 18:51:07 INFO SecurityManager: SecurityManager: authentication disabled; ui acls disabled; users with view permissions: jovyan; groups with view permissions: EMPTY; users with modify permissions: jovyan; groups with modify permissions: EMPTY
[2025-11-30T18:51:07.963+0000] {subprocess.py:93} INFO - 25/11/30 18:51:07 INFO Utils: Successfully started service 'sparkDriver' on port 34509.
[2025-11-30T18:51:08.006+0000] {subprocess.py:93} INFO - 25/11/30 18:51:08 INFO SparkEnv: Registering MapOutputTracker
[2025-11-30T18:51:08.063+0000] {subprocess.py:93} INFO - 25/11/30 18:51:08 INFO SparkEnv: Registering BlockManagerMaster
[2025-11-30T18:51:08.097+0000] {subprocess.py:93} INFO - 25/11/30 18:51:08 INFO BlockManagerMasterEndpoint: Using org.apache.spark.storage.DefaultTopologyMapper for getting topology information
[2025-11-30T18:51:08.098+0000] {subprocess.py:93} INFO - 25/11/30 18:51:08 INFO BlockManagerMasterEndpoint: BlockManagerMasterEndpoint up
[2025-11-30T18:51:08.109+0000] {subprocess.py:93} INFO - 25/11/30 18:51:08 INFO SparkEnv: Registering BlockManagerMasterHeartbeat
[2025-11-30T18:51:08.153+0000] {subprocess.py:93} INFO - 25/11/30 18:51:08 INFO DiskBlockManager: Created local directory at /tmp/blockmgr-c1a948cd-6a5d-413c-ab0f-0633bccb178c
[2025-11-30T18:51:08.180+0000] {subprocess.py:93} INFO - 25/11/30 18:51:08 INFO MemoryStore: MemoryStore started with capacity 434.4 MiB
[2025-11-30T18:51:08.212+0000] {subprocess.py:93} INFO - 25/11/30 18:51:08 INFO SparkEnv: Registering OutputCommitCoordinator
[2025-11-30T18:51:08.418+0000] {subprocess.py:93} INFO - 25/11/30 18:51:08 INFO JettyUtils: Start Jetty 0.0.0.0:4040 for SparkUI
[2025-11-30T18:51:08.494+0000] {subprocess.py:93} INFO - 25/11/30 18:51:08 WARN Utils: Service 'SparkUI' could not bind on port 4040. Attempting port 4041.
[2025-11-30T18:51:08.495+0000] {subprocess.py:93} INFO - 25/11/30 18:51:08 WARN Utils: Service 'SparkUI' could not bind on port 4041. Attempting port 4042.
[2025-11-30T18:51:08.515+0000] {subprocess.py:93} INFO - 25/11/30 18:51:08 INFO Utils: Successfully started service 'SparkUI' on port 4042.
[2025-11-30T18:51:08.706+0000] {subprocess.py:93} INFO - 25/11/30 18:51:08 INFO Executor: Starting executor ID driver on host 76c6f5c40d8c
[2025-11-30T18:51:08.707+0000] {subprocess.py:93} INFO - 25/11/30 18:51:08 INFO Executor: OS info Linux, 5.15.167.4-microsoft-standard-WSL2, amd64
[2025-11-30T18:51:08.708+0000] {subprocess.py:93} INFO - 25/11/30 18:51:08 INFO Executor: Java version 17.0.8.1
[2025-11-30T18:51:08.725+0000] {subprocess.py:93} INFO - 25/11/30 18:51:08 INFO Executor: Starting executor with user classpath (userClassPathFirst = false): ''
[2025-11-30T18:51:08.726+0000] {subprocess.py:93} INFO - 25/11/30 18:51:08 INFO Executor: Created or updated repl class loader org.apache.spark.util.MutableURLClassLoader@1ed2a26e for default.
[2025-11-30T18:51:08.772+0000] {subprocess.py:93} INFO - 25/11/30 18:51:08 INFO Utils: Successfully started service 'org.apache.spark.network.netty.NettyBlockTransferService' on port 46195.
[2025-11-30T18:51:08.773+0000] {subprocess.py:93} INFO - 25/11/30 18:51:08 INFO NettyBlockTransferService: Server created on 76c6f5c40d8c:46195
[2025-11-30T18:51:08.776+0000] {subprocess.py:93} INFO - 25/11/30 18:51:08 INFO BlockManager: Using org.apache.spark.storage.RandomBlockReplicationPolicy for block replication policy
[2025-11-30T18:51:08.785+0000] {subprocess.py:93} INFO - 25/11/30 18:51:08 INFO BlockManagerMaster: Registering BlockManager BlockManagerId(driver, 76c6f5c40d8c, 46195, None)
[2025-11-30T18:51:08.791+0000] {subprocess.py:93} INFO - 25/11/30 18:51:08 INFO BlockManagerMasterEndpoint: Registering block manager 76c6f5c40d8c:46195 with 434.4 MiB RAM, BlockManagerId(driver, 76c6f5c40d8c, 46195, None)
[2025-11-30T18:51:08.794+0000] {subprocess.py:93} INFO - 25/11/30 18:51:08 INFO BlockManagerMaster: Registered BlockManager BlockManagerId(driver, 76c6f5c40d8c, 46195, None)
[2025-11-30T18:51:08.796+0000] {subprocess.py:93} INFO - 25/11/30 18:51:08 INFO BlockManager: Initialized BlockManager: BlockManagerId(driver, 76c6f5c40d8c, 46195, None)
[2025-11-30T18:51:09.435+0000] {subprocess.py:93} INFO - 25/11/30 18:51:09 INFO SharedState: Setting hive.metastore.warehouse.dir ('null') to the value of spark.sql.warehouse.dir.
[2025-11-30T18:51:09.448+0000] {subprocess.py:93} INFO - 25/11/30 18:51:09 INFO SharedState: Warehouse path is 'file:/home/jovyan/spark-warehouse'.
[2025-11-30T18:51:11.727+0000] {subprocess.py:93} INFO - Traceback (most recent call last):
[2025-11-30T18:51:11.728+0000] {subprocess.py:93} INFO -   File "/data/Cleaning_Layer_Pyspark/clean_fazwaz.py", line 40, in <module>
[2025-11-30T18:51:11.733+0000] {subprocess.py:93} INFO -     main()
[2025-11-30T18:51:11.734+0000] {subprocess.py:93} INFO -   File "/data/Cleaning_Layer_Pyspark/clean_fazwaz.py", line 8, in main
[2025-11-30T18:51:11.737+0000] {subprocess.py:93} INFO -     df = spark.read.parquet("hdfs://namenode:9000/datalake/bronze/fazwaz_apartments_allcombined")
[2025-11-30T18:51:11.737+0000] {subprocess.py:93} INFO -          ^^^^^^^^^^^^^^^^^^^^^^^^^^^^^^^^^^^^^^^^^^^^^^^^^^^^^^^^^^^^^^^^^^^^^^^^^^^^^^^^^^^^^^^^
[2025-11-30T18:51:11.738+0000] {subprocess.py:93} INFO -   File "/usr/local/spark/python/lib/pyspark.zip/pyspark/sql/readwriter.py", line 544, in parquet
[2025-11-30T18:51:11.739+0000] {subprocess.py:93} INFO -   File "/usr/local/spark/python/lib/py4j-0.10.9.7-src.zip/py4j/java_gateway.py", line 1322, in __call__
[2025-11-30T18:51:11.740+0000] {subprocess.py:93} INFO -   File "/usr/local/spark/python/lib/pyspark.zip/pyspark/errors/exceptions/captured.py", line 185, in deco
[2025-11-30T18:51:11.756+0000] {subprocess.py:93} INFO - pyspark.errors.exceptions.captured.AnalysisException: [PATH_NOT_FOUND] Path does not exist: hdfs://namenode:9000/datalake/bronze/fazwaz_apartments_allcombined.
[2025-11-30T18:51:11.776+0000] {taskinstance.py:2611} ERROR - Received SIGTERM. Terminating subprocesses.
[2025-11-30T18:51:11.779+0000] {subprocess.py:104} INFO - Sending SIGTERM signal to process group
[2025-11-30T18:51:11.780+0000] {taskinstance.py:441} INFO - ::group::Post task execution logs
[2025-11-30T18:51:11.797+0000] {taskinstance.py:2905} ERROR - Task failed with exception
Traceback (most recent call last):
  File "/home/airflow/.local/lib/python3.12/site-packages/airflow/models/taskinstance.py", line 465, in _execute_task
    result = _execute_callable(context=context, **execute_callable_kwargs)
             ^^^^^^^^^^^^^^^^^^^^^^^^^^^^^^^^^^^^^^^^^^^^^^^^^^^^^^^^^^^^^
  File "/home/airflow/.local/lib/python3.12/site-packages/airflow/models/taskinstance.py", line 432, in _execute_callable
    return execute_callable(context=context, **execute_callable_kwargs)
           ^^^^^^^^^^^^^^^^^^^^^^^^^^^^^^^^^^^^^^^^^^^^^^^^^^^^^^^^^^^^
  File "/home/airflow/.local/lib/python3.12/site-packages/airflow/models/baseoperator.py", line 401, in wrapper
    return func(self, *args, **kwargs)
           ^^^^^^^^^^^^^^^^^^^^^^^^^^^
  File "/home/airflow/.local/lib/python3.12/site-packages/airflow/operators/bash.py", line 234, in execute
    result = self.subprocess_hook.run_command(
             ^^^^^^^^^^^^^^^^^^^^^^^^^^^^^^^^^
  File "/home/airflow/.local/lib/python3.12/site-packages/airflow/hooks/subprocess.py", line 91, in run_command
    for raw_line in iter(self.sub_process.stdout.readline, b""):
  File "/home/airflow/.local/lib/python3.12/site-packages/airflow/models/taskinstance.py", line 2613, in signal_handler
    raise AirflowTaskTerminated("Task received SIGTERM signal")
airflow.exceptions.AirflowTaskTerminated: Task received SIGTERM signal
[2025-11-30T18:51:11.811+0000] {taskinstance.py:1206} INFO - Marking task as UP_FOR_RETRY. dag_id=real_estate_etl_pipeline, task_id=clean_fazwaz, run_id=manual__2025-11-30T18:25:30.102845+00:00, execution_date=20251130T182530, start_date=20251130T185101, end_date=20251130T185111
[2025-11-30T18:56:13.893+0000] {local_task_job_runner.py:120} INFO - ::group::Pre task execution logs
[2025-11-30T18:56:13.932+0000] {taskinstance.py:2076} INFO - Dependencies all met for dep_context=non-requeueable deps ti=<TaskInstance: real_estate_etl_pipeline.clean_fazwaz manual__2025-11-30T18:25:30.102845+00:00 [queued]>
[2025-11-30T18:56:13.949+0000] {taskinstance.py:2076} INFO - Dependencies all met for dep_context=requeueable deps ti=<TaskInstance: real_estate_etl_pipeline.clean_fazwaz manual__2025-11-30T18:25:30.102845+00:00 [queued]>
[2025-11-30T18:56:13.951+0000] {taskinstance.py:2306} INFO - Starting attempt 3 of 2
[2025-11-30T18:56:13.976+0000] {taskinstance.py:2330} INFO - Executing <Task(BashOperator): clean_fazwaz> on 2025-11-30 18:25:30.102845+00:00
[2025-11-30T18:56:13.988+0000] {warnings.py:112} WARNING - /home/***/.local/lib/python3.12/site-packages/***/task/task_runner/standard_task_runner.py:61: DeprecationWarning: This process (pid=366) is multi-threaded, use of fork() may lead to deadlocks in the child.
  pid = os.fork()

[2025-11-30T18:56:13.992+0000] {standard_task_runner.py:63} INFO - Started process 369 to run task
[2025-11-30T18:56:13.991+0000] {standard_task_runner.py:90} INFO - Running: ['***', 'tasks', 'run', 'real_estate_etl_pipeline', 'clean_fazwaz', 'manual__2025-11-30T18:25:30.102845+00:00', '--job-id', '23', '--raw', '--subdir', 'DAGS_FOLDER/scraping_dag.py', '--cfg-path', '/tmp/tmpniqqvaf4']
[2025-11-30T18:56:13.996+0000] {standard_task_runner.py:91} INFO - Job 23: Subtask clean_fazwaz
[2025-11-30T18:56:14.073+0000] {task_command.py:426} INFO - Running <TaskInstance: real_estate_etl_pipeline.clean_fazwaz manual__2025-11-30T18:25:30.102845+00:00 [running]> on host 9a9a5f972fcd
[2025-11-30T18:56:14.180+0000] {taskinstance.py:2648} INFO - Exporting env vars: AIRFLOW_CTX_DAG_OWNER='***' AIRFLOW_CTX_DAG_ID='real_estate_etl_pipeline' AIRFLOW_CTX_TASK_ID='clean_fazwaz' AIRFLOW_CTX_EXECUTION_DATE='2025-11-30T18:25:30.102845+00:00' AIRFLOW_CTX_TRY_NUMBER='3' AIRFLOW_CTX_DAG_RUN_ID='manual__2025-11-30T18:25:30.102845+00:00'
[2025-11-30T18:56:14.183+0000] {taskinstance.py:430} INFO - ::endgroup::
[2025-11-30T18:56:14.184+0000] {subprocess.py:63} INFO - Tmp dir root location: /tmp
[2025-11-30T18:56:14.187+0000] {subprocess.py:75} INFO - Running command: ['/usr/bin/bash', '-c', 'docker exec jupyter spark-submit --master local[*] /data/Cleaning_Layer_Pyspark/clean_fazwaz.py']
[2025-11-30T18:56:14.201+0000] {subprocess.py:86} INFO - Output:
[2025-11-30T18:56:18.280+0000] {subprocess.py:93} INFO - 25/11/30 18:56:18 INFO SparkContext: Running Spark version 3.5.0
[2025-11-30T18:56:18.284+0000] {subprocess.py:93} INFO - 25/11/30 18:56:18 INFO SparkContext: OS info Linux, 5.15.167.4-microsoft-standard-WSL2, amd64
[2025-11-30T18:56:18.285+0000] {subprocess.py:93} INFO - 25/11/30 18:56:18 INFO SparkContext: Java version 17.0.8.1
[2025-11-30T18:56:18.355+0000] {subprocess.py:93} INFO - 25/11/30 18:56:18 WARN NativeCodeLoader: Unable to load native-hadoop library for your platform... using builtin-java classes where applicable
[2025-11-30T18:56:18.476+0000] {subprocess.py:93} INFO - 25/11/30 18:56:18 INFO ResourceUtils: ==============================================================
[2025-11-30T18:56:18.478+0000] {subprocess.py:93} INFO - 25/11/30 18:56:18 INFO ResourceUtils: No custom resources configured for spark.driver.
[2025-11-30T18:56:18.479+0000] {subprocess.py:93} INFO - 25/11/30 18:56:18 INFO ResourceUtils: ==============================================================
[2025-11-30T18:56:18.480+0000] {subprocess.py:93} INFO - 25/11/30 18:56:18 INFO SparkContext: Submitted application: Clean_Fazwaz
[2025-11-30T18:56:18.508+0000] {subprocess.py:93} INFO - 25/11/30 18:56:18 INFO ResourceProfile: Default ResourceProfile created, executor resources: Map(cores -> name: cores, amount: 1, script: , vendor: , memory -> name: memory, amount: 1024, script: , vendor: , offHeap -> name: offHeap, amount: 0, script: , vendor: ), task resources: Map(cpus -> name: cpus, amount: 1.0)
[2025-11-30T18:56:18.520+0000] {subprocess.py:93} INFO - 25/11/30 18:56:18 INFO ResourceProfile: Limiting resource is cpu
[2025-11-30T18:56:18.521+0000] {subprocess.py:93} INFO - 25/11/30 18:56:18 INFO ResourceProfileManager: Added ResourceProfile id: 0
[2025-11-30T18:56:18.586+0000] {subprocess.py:93} INFO - 25/11/30 18:56:18 INFO SecurityManager: Changing view acls to: jovyan
[2025-11-30T18:56:18.587+0000] {subprocess.py:93} INFO - 25/11/30 18:56:18 INFO SecurityManager: Changing modify acls to: jovyan
[2025-11-30T18:56:18.588+0000] {subprocess.py:93} INFO - 25/11/30 18:56:18 INFO SecurityManager: Changing view acls groups to:
[2025-11-30T18:56:18.589+0000] {subprocess.py:93} INFO - 25/11/30 18:56:18 INFO SecurityManager: Changing modify acls groups to:
[2025-11-30T18:56:18.590+0000] {subprocess.py:93} INFO - 25/11/30 18:56:18 INFO SecurityManager: SecurityManager: authentication disabled; ui acls disabled; users with view permissions: jovyan; groups with view permissions: EMPTY; users with modify permissions: jovyan; groups with modify permissions: EMPTY
[2025-11-30T18:56:18.913+0000] {subprocess.py:93} INFO - 25/11/30 18:56:18 INFO Utils: Successfully started service 'sparkDriver' on port 39993.
[2025-11-30T18:56:18.946+0000] {subprocess.py:93} INFO - 25/11/30 18:56:18 INFO SparkEnv: Registering MapOutputTracker
[2025-11-30T18:56:19.014+0000] {subprocess.py:93} INFO - 25/11/30 18:56:19 INFO SparkEnv: Registering BlockManagerMaster
[2025-11-30T18:56:19.055+0000] {subprocess.py:93} INFO - 25/11/30 18:56:19 INFO BlockManagerMasterEndpoint: Using org.apache.spark.storage.DefaultTopologyMapper for getting topology information
[2025-11-30T18:56:19.056+0000] {subprocess.py:93} INFO - 25/11/30 18:56:19 INFO BlockManagerMasterEndpoint: BlockManagerMasterEndpoint up
[2025-11-30T18:56:19.064+0000] {subprocess.py:93} INFO - 25/11/30 18:56:19 INFO SparkEnv: Registering BlockManagerMasterHeartbeat
[2025-11-30T18:56:19.096+0000] {subprocess.py:93} INFO - 25/11/30 18:56:19 INFO DiskBlockManager: Created local directory at /tmp/blockmgr-34a9c65b-ea16-4e02-833a-b4eb2d541488
[2025-11-30T18:56:19.109+0000] {subprocess.py:93} INFO - 25/11/30 18:56:19 INFO MemoryStore: MemoryStore started with capacity 434.4 MiB
[2025-11-30T18:56:19.129+0000] {subprocess.py:93} INFO - 25/11/30 18:56:19 INFO SparkEnv: Registering OutputCommitCoordinator
[2025-11-30T18:56:19.277+0000] {subprocess.py:93} INFO - 25/11/30 18:56:19 INFO JettyUtils: Start Jetty 0.0.0.0:4040 for SparkUI
[2025-11-30T18:56:19.357+0000] {subprocess.py:93} INFO - 25/11/30 18:56:19 INFO Utils: Successfully started service 'SparkUI' on port 4040.
[2025-11-30T18:56:19.482+0000] {subprocess.py:93} INFO - 25/11/30 18:56:19 INFO Executor: Starting executor ID driver on host 76c6f5c40d8c
[2025-11-30T18:56:19.484+0000] {subprocess.py:93} INFO - 25/11/30 18:56:19 INFO Executor: OS info Linux, 5.15.167.4-microsoft-standard-WSL2, amd64
[2025-11-30T18:56:19.484+0000] {subprocess.py:93} INFO - 25/11/30 18:56:19 INFO Executor: Java version 17.0.8.1
[2025-11-30T18:56:19.494+0000] {subprocess.py:93} INFO - 25/11/30 18:56:19 INFO Executor: Starting executor with user classpath (userClassPathFirst = false): ''
[2025-11-30T18:56:19.495+0000] {subprocess.py:93} INFO - 25/11/30 18:56:19 INFO Executor: Created or updated repl class loader org.apache.spark.util.MutableURLClassLoader@5e1d25fc for default.
[2025-11-30T18:56:19.518+0000] {subprocess.py:93} INFO - 25/11/30 18:56:19 INFO Utils: Successfully started service 'org.apache.spark.network.netty.NettyBlockTransferService' on port 34469.
[2025-11-30T18:56:19.519+0000] {subprocess.py:93} INFO - 25/11/30 18:56:19 INFO NettyBlockTransferService: Server created on 76c6f5c40d8c:34469
[2025-11-30T18:56:19.520+0000] {subprocess.py:93} INFO - 25/11/30 18:56:19 INFO BlockManager: Using org.apache.spark.storage.RandomBlockReplicationPolicy for block replication policy
[2025-11-30T18:56:19.525+0000] {subprocess.py:93} INFO - 25/11/30 18:56:19 INFO BlockManagerMaster: Registering BlockManager BlockManagerId(driver, 76c6f5c40d8c, 34469, None)
[2025-11-30T18:56:19.531+0000] {subprocess.py:93} INFO - 25/11/30 18:56:19 INFO BlockManagerMasterEndpoint: Registering block manager 76c6f5c40d8c:34469 with 434.4 MiB RAM, BlockManagerId(driver, 76c6f5c40d8c, 34469, None)
[2025-11-30T18:56:19.534+0000] {subprocess.py:93} INFO - 25/11/30 18:56:19 INFO BlockManagerMaster: Registered BlockManager BlockManagerId(driver, 76c6f5c40d8c, 34469, None)
[2025-11-30T18:56:19.536+0000] {subprocess.py:93} INFO - 25/11/30 18:56:19 INFO BlockManager: Initialized BlockManager: BlockManagerId(driver, 76c6f5c40d8c, 34469, None)
[2025-11-30T18:56:20.076+0000] {subprocess.py:93} INFO - 25/11/30 18:56:20 INFO SharedState: Setting hive.metastore.warehouse.dir ('null') to the value of spark.sql.warehouse.dir.
[2025-11-30T18:56:20.087+0000] {subprocess.py:93} INFO - 25/11/30 18:56:20 INFO SharedState: Warehouse path is 'file:/home/jovyan/spark-warehouse'.
[2025-11-30T18:56:21.795+0000] {subprocess.py:93} INFO - Traceback (most recent call last):
[2025-11-30T18:56:21.797+0000] {subprocess.py:93} INFO -   File "/data/Cleaning_Layer_Pyspark/clean_fazwaz.py", line 40, in <module>
[2025-11-30T18:56:21.803+0000] {subprocess.py:93} INFO -     main()
[2025-11-30T18:56:21.805+0000] {subprocess.py:93} INFO -   File "/data/Cleaning_Layer_Pyspark/clean_fazwaz.py", line 8, in main
[2025-11-30T18:56:21.810+0000] {subprocess.py:93} INFO -     df = spark.read.parquet("hdfs://namenode:9000/datalake/bronze/fazwaz_apartments_allcombined")
[2025-11-30T18:56:21.811+0000] {subprocess.py:93} INFO -          ^^^^^^^^^^^^^^^^^^^^^^^^^^^^^^^^^^^^^^^^^^^^^^^^^^^^^^^^^^^^^^^^^^^^^^^^^^^^^^^^^^^^^^^^
[2025-11-30T18:56:21.812+0000] {subprocess.py:93} INFO -   File "/usr/local/spark/python/lib/pyspark.zip/pyspark/sql/readwriter.py", line 544, in parquet
[2025-11-30T18:56:21.813+0000] {subprocess.py:93} INFO -   File "/usr/local/spark/python/lib/py4j-0.10.9.7-src.zip/py4j/java_gateway.py", line 1322, in __call__
[2025-11-30T18:56:21.815+0000] {subprocess.py:93} INFO -   File "/usr/local/spark/python/lib/pyspark.zip/pyspark/errors/exceptions/captured.py", line 185, in deco
[2025-11-30T18:56:21.825+0000] {subprocess.py:93} INFO - pyspark.errors.exceptions.captured.AnalysisException: [PATH_NOT_FOUND] Path does not exist: hdfs://namenode:9000/datalake/bronze/fazwaz_apartments_allcombined.
[2025-11-30T18:56:21.890+0000] {subprocess.py:93} INFO - 25/11/30 18:56:21 INFO SparkContext: Invoking stop() from shutdown hook
[2025-11-30T18:56:21.891+0000] {subprocess.py:93} INFO - 25/11/30 18:56:21 INFO SparkContext: SparkContext is stopping with exitCode 0.
[2025-11-30T18:56:21.905+0000] {subprocess.py:93} INFO - 25/11/30 18:56:21 INFO SparkUI: Stopped Spark web UI at http://76c6f5c40d8c:4040
[2025-11-30T18:56:21.916+0000] {subprocess.py:93} INFO - 25/11/30 18:56:21 INFO MapOutputTrackerMasterEndpoint: MapOutputTrackerMasterEndpoint stopped!
[2025-11-30T18:56:21.931+0000] {subprocess.py:93} INFO - 25/11/30 18:56:21 INFO MemoryStore: MemoryStore cleared
[2025-11-30T18:56:21.932+0000] {subprocess.py:93} INFO - 25/11/30 18:56:21 INFO BlockManager: BlockManager stopped
[2025-11-30T18:56:21.937+0000] {subprocess.py:93} INFO - 25/11/30 18:56:21 INFO BlockManagerMaster: BlockManagerMaster stopped
[2025-11-30T18:56:21.941+0000] {subprocess.py:93} INFO - 25/11/30 18:56:21 INFO OutputCommitCoordinator$OutputCommitCoordinatorEndpoint: OutputCommitCoordinator stopped!
[2025-11-30T18:56:21.952+0000] {subprocess.py:93} INFO - 25/11/30 18:56:21 INFO SparkContext: Successfully stopped SparkContext
[2025-11-30T18:56:21.953+0000] {subprocess.py:93} INFO - 25/11/30 18:56:21 INFO ShutdownHookManager: Shutdown hook called
[2025-11-30T18:56:21.954+0000] {subprocess.py:93} INFO - 25/11/30 18:56:21 INFO ShutdownHookManager: Deleting directory /tmp/spark-96ac22ec-1bb3-426a-a0cd-ce04ed3b377a
[2025-11-30T18:56:21.957+0000] {subprocess.py:93} INFO - 25/11/30 18:56:21 INFO ShutdownHookManager: Deleting directory /tmp/spark-7f194f49-daa5-4ebe-94df-f61a1398d991
[2025-11-30T18:56:21.959+0000] {subprocess.py:93} INFO - 25/11/30 18:56:21 INFO ShutdownHookManager: Deleting directory /tmp/spark-96ac22ec-1bb3-426a-a0cd-ce04ed3b377a/pyspark-712c0ce9-5749-4b10-83c6-fcc6279d08c8
[2025-11-30T18:56:22.007+0000] {subprocess.py:97} INFO - Command exited with return code 1
[2025-11-30T18:56:22.009+0000] {taskinstance.py:441} INFO - ::group::Post task execution logs
[2025-11-30T18:56:22.025+0000] {taskinstance.py:2905} ERROR - Task failed with exception
Traceback (most recent call last):
  File "/home/airflow/.local/lib/python3.12/site-packages/airflow/models/taskinstance.py", line 465, in _execute_task
    result = _execute_callable(context=context, **execute_callable_kwargs)
             ^^^^^^^^^^^^^^^^^^^^^^^^^^^^^^^^^^^^^^^^^^^^^^^^^^^^^^^^^^^^^
  File "/home/airflow/.local/lib/python3.12/site-packages/airflow/models/taskinstance.py", line 432, in _execute_callable
    return execute_callable(context=context, **execute_callable_kwargs)
           ^^^^^^^^^^^^^^^^^^^^^^^^^^^^^^^^^^^^^^^^^^^^^^^^^^^^^^^^^^^^
  File "/home/airflow/.local/lib/python3.12/site-packages/airflow/models/baseoperator.py", line 401, in wrapper
    return func(self, *args, **kwargs)
           ^^^^^^^^^^^^^^^^^^^^^^^^^^^
  File "/home/airflow/.local/lib/python3.12/site-packages/airflow/operators/bash.py", line 243, in execute
    raise AirflowException(
airflow.exceptions.AirflowException: Bash command failed. The command returned a non-zero exit code 1.
[2025-11-30T18:56:22.034+0000] {taskinstance.py:1206} INFO - Marking task as FAILED. dag_id=real_estate_etl_pipeline, task_id=clean_fazwaz, run_id=manual__2025-11-30T18:25:30.102845+00:00, execution_date=20251130T182530, start_date=20251130T185613, end_date=20251130T185622
[2025-11-30T18:56:22.054+0000] {standard_task_runner.py:110} ERROR - Failed to execute job 23 for task clean_fazwaz (Bash command failed. The command returned a non-zero exit code 1.; 369)
[2025-11-30T18:56:22.072+0000] {local_task_job_runner.py:240} INFO - Task exited with return code 1
[2025-11-30T18:56:22.098+0000] {taskinstance.py:3503} INFO - 0 downstream tasks scheduled from follow-on schedule check
[2025-11-30T18:56:22.104+0000] {local_task_job_runner.py:222} INFO - ::endgroup::
