[2025-11-30T18:45:53.640+0000] {local_task_job_runner.py:120} INFO - ::group::Pre task execution logs
[2025-11-30T18:45:53.676+0000] {taskinstance.py:2076} INFO - Dependencies all met for dep_context=non-requeueable deps ti=<TaskInstance: real_estate_etl_pipeline.clean_fazwaz manual__2025-11-30T18:25:30.102845+00:00 [queued]>
[2025-11-30T18:45:53.690+0000] {taskinstance.py:2076} INFO - Dependencies all met for dep_context=requeueable deps ti=<TaskInstance: real_estate_etl_pipeline.clean_fazwaz manual__2025-11-30T18:25:30.102845+00:00 [queued]>
[2025-11-30T18:45:53.692+0000] {taskinstance.py:2306} INFO - Starting attempt 1 of 2
[2025-11-30T18:45:53.714+0000] {taskinstance.py:2330} INFO - Executing <Task(BashOperator): clean_fazwaz> on 2025-11-30 18:25:30.102845+00:00
[2025-11-30T18:45:53.726+0000] {warnings.py:112} WARNING - /home/***/.local/lib/python3.12/site-packages/***/task/task_runner/standard_task_runner.py:61: DeprecationWarning: This process (pid=236) is multi-threaded, use of fork() may lead to deadlocks in the child.
  pid = os.fork()

[2025-11-30T18:45:53.729+0000] {standard_task_runner.py:63} INFO - Started process 254 to run task
[2025-11-30T18:45:53.729+0000] {standard_task_runner.py:90} INFO - Running: ['***', 'tasks', 'run', 'real_estate_etl_pipeline', 'clean_fazwaz', 'manual__2025-11-30T18:25:30.102845+00:00', '--job-id', '15', '--raw', '--subdir', 'DAGS_FOLDER/scraping_dag.py', '--cfg-path', '/tmp/tmpz0u5il7k']
[2025-11-30T18:45:53.734+0000] {standard_task_runner.py:91} INFO - Job 15: Subtask clean_fazwaz
[2025-11-30T18:45:53.812+0000] {task_command.py:426} INFO - Running <TaskInstance: real_estate_etl_pipeline.clean_fazwaz manual__2025-11-30T18:25:30.102845+00:00 [running]> on host 9a9a5f972fcd
[2025-11-30T18:45:53.952+0000] {taskinstance.py:2648} INFO - Exporting env vars: AIRFLOW_CTX_DAG_OWNER='***' AIRFLOW_CTX_DAG_ID='real_estate_etl_pipeline' AIRFLOW_CTX_TASK_ID='clean_fazwaz' AIRFLOW_CTX_EXECUTION_DATE='2025-11-30T18:25:30.102845+00:00' AIRFLOW_CTX_TRY_NUMBER='1' AIRFLOW_CTX_DAG_RUN_ID='manual__2025-11-30T18:25:30.102845+00:00'
[2025-11-30T18:45:53.955+0000] {taskinstance.py:430} INFO - ::endgroup::
[2025-11-30T18:45:53.956+0000] {subprocess.py:63} INFO - Tmp dir root location: /tmp
[2025-11-30T18:45:53.958+0000] {subprocess.py:75} INFO - Running command: ['/usr/bin/bash', '-c', 'docker exec jupyter spark-submit --master local[*] /data/Cleaning_Layer_Pyspark/clean_fazwaz.py']
[2025-11-30T18:45:53.982+0000] {subprocess.py:86} INFO - Output:
[2025-11-30T18:45:58.295+0000] {subprocess.py:93} INFO - python3: can't open file '/data/Cleaning_Layer_Pyspark/clean_fazwaz.py': [Errno 2] No such file or directory
[2025-11-30T18:45:58.319+0000] {subprocess.py:93} INFO - 25/11/30 18:45:58 INFO ShutdownHookManager: Shutdown hook called
[2025-11-30T18:45:58.334+0000] {subprocess.py:93} INFO - 25/11/30 18:45:58 INFO ShutdownHookManager: Deleting directory /tmp/spark-182fd01f-6c47-4a44-9b4a-cabe4f265603
[2025-11-30T18:45:58.451+0000] {subprocess.py:97} INFO - Command exited with return code 2
[2025-11-30T18:45:58.455+0000] {taskinstance.py:441} INFO - ::group::Post task execution logs
[2025-11-30T18:45:58.479+0000] {taskinstance.py:2905} ERROR - Task failed with exception
Traceback (most recent call last):
  File "/home/airflow/.local/lib/python3.12/site-packages/airflow/models/taskinstance.py", line 465, in _execute_task
    result = _execute_callable(context=context, **execute_callable_kwargs)
             ^^^^^^^^^^^^^^^^^^^^^^^^^^^^^^^^^^^^^^^^^^^^^^^^^^^^^^^^^^^^^
  File "/home/airflow/.local/lib/python3.12/site-packages/airflow/models/taskinstance.py", line 432, in _execute_callable
    return execute_callable(context=context, **execute_callable_kwargs)
           ^^^^^^^^^^^^^^^^^^^^^^^^^^^^^^^^^^^^^^^^^^^^^^^^^^^^^^^^^^^^
  File "/home/airflow/.local/lib/python3.12/site-packages/airflow/models/baseoperator.py", line 401, in wrapper
    return func(self, *args, **kwargs)
           ^^^^^^^^^^^^^^^^^^^^^^^^^^^
  File "/home/airflow/.local/lib/python3.12/site-packages/airflow/operators/bash.py", line 243, in execute
    raise AirflowException(
airflow.exceptions.AirflowException: Bash command failed. The command returned a non-zero exit code 2.
[2025-11-30T18:45:58.487+0000] {taskinstance.py:1206} INFO - Marking task as UP_FOR_RETRY. dag_id=real_estate_etl_pipeline, task_id=clean_fazwaz, run_id=manual__2025-11-30T18:25:30.102845+00:00, execution_date=20251130T182530, start_date=20251130T184553, end_date=20251130T184558
[2025-11-30T18:45:58.527+0000] {standard_task_runner.py:110} ERROR - Failed to execute job 15 for task clean_fazwaz (Bash command failed. The command returned a non-zero exit code 2.; 254)
[2025-11-30T18:45:58.549+0000] {local_task_job_runner.py:240} INFO - Task exited with return code 1
[2025-11-30T18:45:58.594+0000] {taskinstance.py:3503} INFO - 0 downstream tasks scheduled from follow-on schedule check
[2025-11-30T18:45:58.597+0000] {local_task_job_runner.py:222} INFO - ::endgroup::
