[2025-11-30T19:07:01.119+0000] {local_task_job_runner.py:120} INFO - ::group::Pre task execution logs
[2025-11-30T19:07:01.186+0000] {taskinstance.py:2076} INFO - Dependencies all met for dep_context=non-requeueable deps ti=<TaskInstance: real_estate_etl_pipeline.clean_fazwaz manual__2025-11-30T18:25:30.102845+00:00 [queued]>
[2025-11-30T19:07:01.214+0000] {taskinstance.py:2076} INFO - Dependencies all met for dep_context=requeueable deps ti=<TaskInstance: real_estate_etl_pipeline.clean_fazwaz manual__2025-11-30T18:25:30.102845+00:00 [queued]>
[2025-11-30T19:07:01.215+0000] {taskinstance.py:2306} INFO - Starting attempt 5 of 6
[2025-11-30T19:07:01.248+0000] {taskinstance.py:2330} INFO - Executing <Task(BashOperator): clean_fazwaz> on 2025-11-30 18:25:30.102845+00:00
[2025-11-30T19:07:01.270+0000] {warnings.py:112} WARNING - /home/***/.local/lib/python3.12/site-packages/***/task/task_runner/standard_task_runner.py:61: DeprecationWarning: This process (pid=503) is multi-threaded, use of fork() may lead to deadlocks in the child.
  pid = os.fork()

[2025-11-30T19:07:01.273+0000] {standard_task_runner.py:63} INFO - Started process 543 to run task
[2025-11-30T19:07:01.273+0000] {standard_task_runner.py:90} INFO - Running: ['***', 'tasks', 'run', 'real_estate_etl_pipeline', 'clean_fazwaz', 'manual__2025-11-30T18:25:30.102845+00:00', '--job-id', '34', '--raw', '--subdir', 'DAGS_FOLDER/scraping_dag.py', '--cfg-path', '/tmp/tmp99o7_kyk']
[2025-11-30T19:07:01.282+0000] {standard_task_runner.py:91} INFO - Job 34: Subtask clean_fazwaz
[2025-11-30T19:07:01.396+0000] {task_command.py:426} INFO - Running <TaskInstance: real_estate_etl_pipeline.clean_fazwaz manual__2025-11-30T18:25:30.102845+00:00 [running]> on host 9a9a5f972fcd
[2025-11-30T19:07:01.561+0000] {taskinstance.py:2648} INFO - Exporting env vars: AIRFLOW_CTX_DAG_OWNER='***' AIRFLOW_CTX_DAG_ID='real_estate_etl_pipeline' AIRFLOW_CTX_TASK_ID='clean_fazwaz' AIRFLOW_CTX_EXECUTION_DATE='2025-11-30T18:25:30.102845+00:00' AIRFLOW_CTX_TRY_NUMBER='5' AIRFLOW_CTX_DAG_RUN_ID='manual__2025-11-30T18:25:30.102845+00:00'
[2025-11-30T19:07:01.565+0000] {taskinstance.py:430} INFO - ::endgroup::
[2025-11-30T19:07:01.569+0000] {subprocess.py:63} INFO - Tmp dir root location: /tmp
[2025-11-30T19:07:01.573+0000] {subprocess.py:75} INFO - Running command: ['/usr/bin/bash', '-c', 'docker exec jupyter spark-submit --master local[*] /data/Cleaning_Layer_Pyspark/clean_fazwaz.py']
[2025-11-30T19:07:01.603+0000] {subprocess.py:86} INFO - Output:
[2025-11-30T19:07:05.945+0000] {subprocess.py:93} INFO - 25/11/30 19:07:05 INFO SparkContext: Running Spark version 3.5.0
[2025-11-30T19:07:05.948+0000] {subprocess.py:93} INFO - 25/11/30 19:07:05 INFO SparkContext: OS info Linux, 5.15.167.4-microsoft-standard-WSL2, amd64
[2025-11-30T19:07:05.949+0000] {subprocess.py:93} INFO - 25/11/30 19:07:05 INFO SparkContext: Java version 17.0.8.1
[2025-11-30T19:07:05.988+0000] {subprocess.py:93} INFO - 25/11/30 19:07:05 WARN NativeCodeLoader: Unable to load native-hadoop library for your platform... using builtin-java classes where applicable
[2025-11-30T19:07:06.050+0000] {subprocess.py:93} INFO - 25/11/30 19:07:06 INFO ResourceUtils: ==============================================================
[2025-11-30T19:07:06.051+0000] {subprocess.py:93} INFO - 25/11/30 19:07:06 INFO ResourceUtils: No custom resources configured for spark.driver.
[2025-11-30T19:07:06.051+0000] {subprocess.py:93} INFO - 25/11/30 19:07:06 INFO ResourceUtils: ==============================================================
[2025-11-30T19:07:06.052+0000] {subprocess.py:93} INFO - 25/11/30 19:07:06 INFO SparkContext: Submitted application: Clean_Fazwaz
[2025-11-30T19:07:06.066+0000] {subprocess.py:93} INFO - 25/11/30 19:07:06 INFO ResourceProfile: Default ResourceProfile created, executor resources: Map(cores -> name: cores, amount: 1, script: , vendor: , memory -> name: memory, amount: 1024, script: , vendor: , offHeap -> name: offHeap, amount: 0, script: , vendor: ), task resources: Map(cpus -> name: cpus, amount: 1.0)
[2025-11-30T19:07:06.073+0000] {subprocess.py:93} INFO - 25/11/30 19:07:06 INFO ResourceProfile: Limiting resource is cpu
[2025-11-30T19:07:06.074+0000] {subprocess.py:93} INFO - 25/11/30 19:07:06 INFO ResourceProfileManager: Added ResourceProfile id: 0
[2025-11-30T19:07:06.114+0000] {subprocess.py:93} INFO - 25/11/30 19:07:06 INFO SecurityManager: Changing view acls to: jovyan
[2025-11-30T19:07:06.115+0000] {subprocess.py:93} INFO - 25/11/30 19:07:06 INFO SecurityManager: Changing modify acls to: jovyan
[2025-11-30T19:07:06.117+0000] {subprocess.py:93} INFO - 25/11/30 19:07:06 INFO SecurityManager: Changing view acls groups to:
[2025-11-30T19:07:06.117+0000] {subprocess.py:93} INFO - 25/11/30 19:07:06 INFO SecurityManager: Changing modify acls groups to:
[2025-11-30T19:07:06.118+0000] {subprocess.py:93} INFO - 25/11/30 19:07:06 INFO SecurityManager: SecurityManager: authentication disabled; ui acls disabled; users with view permissions: jovyan; groups with view permissions: EMPTY; users with modify permissions: jovyan; groups with modify permissions: EMPTY
[2025-11-30T19:07:08.163+0000] {subprocess.py:93} INFO - 25/11/30 19:07:08 INFO Utils: Successfully started service 'sparkDriver' on port 33151.
[2025-11-30T19:07:08.477+0000] {subprocess.py:93} INFO - 25/11/30 19:07:08 INFO SparkEnv: Registering MapOutputTracker
[2025-11-30T19:07:08.710+0000] {subprocess.py:93} INFO - 25/11/30 19:07:08 INFO SparkEnv: Registering BlockManagerMaster
[2025-11-30T19:07:08.854+0000] {subprocess.py:93} INFO - 25/11/30 19:07:08 INFO BlockManagerMasterEndpoint: Using org.apache.spark.storage.DefaultTopologyMapper for getting topology information
[2025-11-30T19:07:08.869+0000] {subprocess.py:93} INFO - 25/11/30 19:07:08 INFO BlockManagerMasterEndpoint: BlockManagerMasterEndpoint up
[2025-11-30T19:07:08.884+0000] {subprocess.py:93} INFO - 25/11/30 19:07:08 INFO SparkEnv: Registering BlockManagerMasterHeartbeat
[2025-11-30T19:07:08.974+0000] {subprocess.py:93} INFO - 25/11/30 19:07:08 INFO DiskBlockManager: Created local directory at /tmp/blockmgr-89e79e36-b23c-4e17-898f-160dacb92a82
[2025-11-30T19:07:09.015+0000] {subprocess.py:93} INFO - 25/11/30 19:07:09 INFO MemoryStore: MemoryStore started with capacity 434.4 MiB
[2025-11-30T19:07:09.121+0000] {subprocess.py:93} INFO - 25/11/30 19:07:09 INFO SparkEnv: Registering OutputCommitCoordinator
[2025-11-30T19:07:09.511+0000] {subprocess.py:93} INFO - 25/11/30 19:07:09 INFO JettyUtils: Start Jetty 0.0.0.0:4040 for SparkUI
[2025-11-30T19:07:09.623+0000] {subprocess.py:93} INFO - 25/11/30 19:07:09 WARN Utils: Service 'SparkUI' could not bind on port 4040. Attempting port 4041.
[2025-11-30T19:07:09.624+0000] {subprocess.py:93} INFO - 25/11/30 19:07:09 WARN Utils: Service 'SparkUI' could not bind on port 4041. Attempting port 4042.
[2025-11-30T19:07:09.625+0000] {subprocess.py:93} INFO - 25/11/30 19:07:09 WARN Utils: Service 'SparkUI' could not bind on port 4042. Attempting port 4043.
[2025-11-30T19:07:09.647+0000] {subprocess.py:93} INFO - 25/11/30 19:07:09 INFO Utils: Successfully started service 'SparkUI' on port 4043.
[2025-11-30T19:07:09.803+0000] {subprocess.py:93} INFO - 25/11/30 19:07:09 INFO Executor: Starting executor ID driver on host 76c6f5c40d8c
[2025-11-30T19:07:09.804+0000] {subprocess.py:93} INFO - 25/11/30 19:07:09 INFO Executor: OS info Linux, 5.15.167.4-microsoft-standard-WSL2, amd64
[2025-11-30T19:07:09.805+0000] {subprocess.py:93} INFO - 25/11/30 19:07:09 INFO Executor: Java version 17.0.8.1
[2025-11-30T19:07:09.815+0000] {subprocess.py:93} INFO - 25/11/30 19:07:09 INFO Executor: Starting executor with user classpath (userClassPathFirst = false): ''
[2025-11-30T19:07:09.816+0000] {subprocess.py:93} INFO - 25/11/30 19:07:09 INFO Executor: Created or updated repl class loader org.apache.spark.util.MutableURLClassLoader@30c0ffbe for default.
[2025-11-30T19:07:09.860+0000] {subprocess.py:93} INFO - 25/11/30 19:07:09 INFO Utils: Successfully started service 'org.apache.spark.network.netty.NettyBlockTransferService' on port 40949.
[2025-11-30T19:07:09.861+0000] {subprocess.py:93} INFO - 25/11/30 19:07:09 INFO NettyBlockTransferService: Server created on 76c6f5c40d8c:40949
[2025-11-30T19:07:09.865+0000] {subprocess.py:93} INFO - 25/11/30 19:07:09 INFO BlockManager: Using org.apache.spark.storage.RandomBlockReplicationPolicy for block replication policy
[2025-11-30T19:07:09.880+0000] {subprocess.py:93} INFO - 25/11/30 19:07:09 INFO BlockManagerMaster: Registering BlockManager BlockManagerId(driver, 76c6f5c40d8c, 40949, None)
[2025-11-30T19:07:09.890+0000] {subprocess.py:93} INFO - 25/11/30 19:07:09 INFO BlockManagerMasterEndpoint: Registering block manager 76c6f5c40d8c:40949 with 434.4 MiB RAM, BlockManagerId(driver, 76c6f5c40d8c, 40949, None)
[2025-11-30T19:07:09.899+0000] {subprocess.py:93} INFO - 25/11/30 19:07:09 INFO BlockManagerMaster: Registered BlockManager BlockManagerId(driver, 76c6f5c40d8c, 40949, None)
[2025-11-30T19:07:09.903+0000] {subprocess.py:93} INFO - 25/11/30 19:07:09 INFO BlockManager: Initialized BlockManager: BlockManagerId(driver, 76c6f5c40d8c, 40949, None)
[2025-11-30T19:07:10.747+0000] {subprocess.py:93} INFO - 25/11/30 19:07:10 INFO SharedState: Setting hive.metastore.warehouse.dir ('null') to the value of spark.sql.warehouse.dir.
[2025-11-30T19:07:10.765+0000] {subprocess.py:93} INFO - 25/11/30 19:07:10 INFO SharedState: Warehouse path is 'file:/home/jovyan/spark-warehouse'.
[2025-11-30T19:07:13.650+0000] {subprocess.py:93} INFO - 25/11/30 19:07:13 INFO InMemoryFileIndex: It took 164 ms to list leaf files for 1 paths.
[2025-11-30T19:07:14.855+0000] {subprocess.py:93} INFO - 25/11/30 19:07:14 INFO SparkContext: Starting job: parquet at NativeMethodAccessorImpl.java:0
[2025-11-30T19:07:14.898+0000] {subprocess.py:93} INFO - 25/11/30 19:07:14 INFO DAGScheduler: Got job 0 (parquet at NativeMethodAccessorImpl.java:0) with 1 output partitions
[2025-11-30T19:07:14.899+0000] {subprocess.py:93} INFO - 25/11/30 19:07:14 INFO DAGScheduler: Final stage: ResultStage 0 (parquet at NativeMethodAccessorImpl.java:0)
[2025-11-30T19:07:14.900+0000] {subprocess.py:93} INFO - 25/11/30 19:07:14 INFO DAGScheduler: Parents of final stage: List()
[2025-11-30T19:07:14.902+0000] {subprocess.py:93} INFO - 25/11/30 19:07:14 INFO DAGScheduler: Missing parents: List()
[2025-11-30T19:07:14.912+0000] {subprocess.py:93} INFO - 25/11/30 19:07:14 INFO DAGScheduler: Submitting ResultStage 0 (MapPartitionsRDD[1] at parquet at NativeMethodAccessorImpl.java:0), which has no missing parents
[2025-11-30T19:07:15.070+0000] {subprocess.py:93} INFO - 25/11/30 19:07:15 INFO MemoryStore: Block broadcast_0 stored as values in memory (estimated size 103.1 KiB, free 434.3 MiB)
[2025-11-30T19:07:15.146+0000] {subprocess.py:93} INFO - 25/11/30 19:07:15 INFO MemoryStore: Block broadcast_0_piece0 stored as bytes in memory (estimated size 37.2 KiB, free 434.3 MiB)
[2025-11-30T19:07:15.153+0000] {subprocess.py:93} INFO - 25/11/30 19:07:15 INFO BlockManagerInfo: Added broadcast_0_piece0 in memory on 76c6f5c40d8c:40949 (size: 37.2 KiB, free: 434.4 MiB)
[2025-11-30T19:07:15.162+0000] {subprocess.py:93} INFO - 25/11/30 19:07:15 INFO SparkContext: Created broadcast 0 from broadcast at DAGScheduler.scala:1580
[2025-11-30T19:07:15.197+0000] {subprocess.py:93} INFO - 25/11/30 19:07:15 INFO DAGScheduler: Submitting 1 missing tasks from ResultStage 0 (MapPartitionsRDD[1] at parquet at NativeMethodAccessorImpl.java:0) (first 15 tasks are for partitions Vector(0))
[2025-11-30T19:07:15.200+0000] {subprocess.py:93} INFO - 25/11/30 19:07:15 INFO TaskSchedulerImpl: Adding task set 0.0 with 1 tasks resource profile 0
[2025-11-30T19:07:15.295+0000] {subprocess.py:93} INFO - 25/11/30 19:07:15 INFO TaskSetManager: Starting task 0.0 in stage 0.0 (TID 0) (76c6f5c40d8c, executor driver, partition 0, PROCESS_LOCAL, 7844 bytes)
[2025-11-30T19:07:15.321+0000] {subprocess.py:93} INFO - 25/11/30 19:07:15 INFO Executor: Running task 0.0 in stage 0.0 (TID 0)
[2025-11-30T19:07:16.173+0000] {subprocess.py:93} INFO - 25/11/30 19:07:16 INFO Executor: Finished task 0.0 in stage 0.0 (TID 0). 2430 bytes result sent to driver
[2025-11-30T19:07:16.192+0000] {subprocess.py:93} INFO - 25/11/30 19:07:16 INFO TaskSetManager: Finished task 0.0 in stage 0.0 (TID 0) in 929 ms on 76c6f5c40d8c (executor driver) (1/1)
[2025-11-30T19:07:16.195+0000] {subprocess.py:93} INFO - 25/11/30 19:07:16 INFO TaskSchedulerImpl: Removed TaskSet 0.0, whose tasks have all completed, from pool
[2025-11-30T19:07:16.203+0000] {subprocess.py:93} INFO - 25/11/30 19:07:16 INFO DAGScheduler: ResultStage 0 (parquet at NativeMethodAccessorImpl.java:0) finished in 1.268 s
[2025-11-30T19:07:16.207+0000] {subprocess.py:93} INFO - 25/11/30 19:07:16 INFO DAGScheduler: Job 0 is finished. Cancelling potential speculative or zombie tasks for this job
[2025-11-30T19:07:16.208+0000] {subprocess.py:93} INFO - 25/11/30 19:07:16 INFO TaskSchedulerImpl: Killing all running tasks in stage 0: Stage finished
[2025-11-30T19:07:16.214+0000] {subprocess.py:93} INFO - 25/11/30 19:07:16 INFO DAGScheduler: Job 0 finished: parquet at NativeMethodAccessorImpl.java:0, took 1.356865 s
[2025-11-30T19:07:16.384+0000] {subprocess.py:93} INFO - 25/11/30 19:07:16 INFO BlockManagerInfo: Removed broadcast_0_piece0 on 76c6f5c40d8c:40949 in memory (size: 37.2 KiB, free: 434.4 MiB)
[2025-11-30T19:07:19.483+0000] {subprocess.py:93} INFO - 25/11/30 19:07:19 INFO FileSourceStrategy: Pushed Filters:
[2025-11-30T19:07:19.488+0000] {subprocess.py:93} INFO - 25/11/30 19:07:19 INFO FileSourceStrategy: Post-Scan Filters: atleastnnonnulls(1, cast(size#6 as double))
[2025-11-30T19:07:20.906+0000] {subprocess.py:93} INFO - 25/11/30 19:07:20 INFO CodeGenerator: Code generated in 841.294644 ms
[2025-11-30T19:07:20.966+0000] {subprocess.py:93} INFO - 25/11/30 19:07:20 INFO MemoryStore: Block broadcast_1 stored as values in memory (estimated size 202.8 KiB, free 434.2 MiB)
[2025-11-30T19:07:21.004+0000] {subprocess.py:93} INFO - 25/11/30 19:07:21 INFO MemoryStore: Block broadcast_1_piece0 stored as bytes in memory (estimated size 35.4 KiB, free 434.2 MiB)
[2025-11-30T19:07:21.005+0000] {subprocess.py:93} INFO - 25/11/30 19:07:21 INFO BlockManagerInfo: Added broadcast_1_piece0 in memory on 76c6f5c40d8c:40949 (size: 35.4 KiB, free: 434.4 MiB)
[2025-11-30T19:07:21.065+0000] {subprocess.py:93} INFO - 25/11/30 19:07:21 INFO SparkContext: Created broadcast 1 from parquet at NativeMethodAccessorImpl.java:0
[2025-11-30T19:07:21.415+0000] {subprocess.py:93} INFO - 25/11/30 19:07:21 INFO FileSourceScanExec: Planning scan with bin packing, max size: 4194304 bytes, open cost is considered as scanning 4194304 bytes.
[2025-11-30T19:07:21.417+0000] {subprocess.py:93} INFO - 25/11/30 19:07:21 INFO DAGScheduler: Registering RDD 5 (parquet at NativeMethodAccessorImpl.java:0) as input to shuffle 0
[2025-11-30T19:07:21.418+0000] {subprocess.py:93} INFO - 25/11/30 19:07:21 INFO DAGScheduler: Got map stage job 1 (parquet at NativeMethodAccessorImpl.java:0) with 1 output partitions
[2025-11-30T19:07:21.424+0000] {subprocess.py:93} INFO - 25/11/30 19:07:21 INFO DAGScheduler: Final stage: ShuffleMapStage 1 (parquet at NativeMethodAccessorImpl.java:0)
[2025-11-30T19:07:21.425+0000] {subprocess.py:93} INFO - 25/11/30 19:07:21 INFO DAGScheduler: Parents of final stage: List()
[2025-11-30T19:07:21.426+0000] {subprocess.py:93} INFO - 25/11/30 19:07:21 INFO DAGScheduler: Missing parents: List()
[2025-11-30T19:07:21.427+0000] {subprocess.py:93} INFO - 25/11/30 19:07:21 INFO DAGScheduler: Submitting ShuffleMapStage 1 (MapPartitionsRDD[5] at parquet at NativeMethodAccessorImpl.java:0), which has no missing parents
[2025-11-30T19:07:21.463+0000] {subprocess.py:93} INFO - 25/11/30 19:07:21 INFO MemoryStore: Block broadcast_2 stored as values in memory (estimated size 80.7 KiB, free 434.1 MiB)
[2025-11-30T19:07:21.481+0000] {subprocess.py:93} INFO - 25/11/30 19:07:21 INFO MemoryStore: Block broadcast_2_piece0 stored as bytes in memory (estimated size 28.5 KiB, free 434.1 MiB)
[2025-11-30T19:07:21.489+0000] {subprocess.py:93} INFO - 25/11/30 19:07:21 INFO BlockManagerInfo: Added broadcast_2_piece0 in memory on 76c6f5c40d8c:40949 (size: 28.5 KiB, free: 434.3 MiB)
[2025-11-30T19:07:21.492+0000] {subprocess.py:93} INFO - 25/11/30 19:07:21 INFO SparkContext: Created broadcast 2 from broadcast at DAGScheduler.scala:1580
[2025-11-30T19:07:21.509+0000] {subprocess.py:93} INFO - 25/11/30 19:07:21 INFO DAGScheduler: Submitting 1 missing tasks from ShuffleMapStage 1 (MapPartitionsRDD[5] at parquet at NativeMethodAccessorImpl.java:0) (first 15 tasks are for partitions Vector(0))
[2025-11-30T19:07:21.511+0000] {subprocess.py:93} INFO - 25/11/30 19:07:21 INFO TaskSchedulerImpl: Adding task set 1.0 with 1 tasks resource profile 0
[2025-11-30T19:07:21.547+0000] {subprocess.py:93} INFO - 25/11/30 19:07:21 INFO TaskSetManager: Starting task 0.0 in stage 1.0 (TID 1) (76c6f5c40d8c, executor driver, partition 0, ANY, 8301 bytes)
[2025-11-30T19:07:21.549+0000] {subprocess.py:93} INFO - 25/11/30 19:07:21 INFO Executor: Running task 0.0 in stage 1.0 (TID 1)
[2025-11-30T19:07:21.887+0000] {subprocess.py:93} INFO - 25/11/30 19:07:21 INFO CodeGenerator: Code generated in 198.7882 ms
[2025-11-30T19:07:21.959+0000] {subprocess.py:93} INFO - 25/11/30 19:07:21 INFO CodeGenerator: Code generated in 30.844862 ms
[2025-11-30T19:07:22.144+0000] {subprocess.py:93} INFO - 25/11/30 19:07:22 INFO CodeGenerator: Code generated in 13.25272 ms
[2025-11-30T19:07:22.145+0000] {subprocess.py:93} INFO - 25/11/30 19:07:22 INFO CodeGenerator: Code generated in 36.653601 ms
[2025-11-30T19:07:22.146+0000] {subprocess.py:93} INFO - 25/11/30 19:07:22 INFO FileScanRDD: Reading File path: hdfs://namenode:9000/datalake/bronze/fazwaz_apartments_allcombined/part-00000-c099aee2-061f-40cd-97c3-08ddeba19fc3-c000.snappy.parquet, range: 0-337290, partition values: [empty row]
[2025-11-30T19:07:22.399+0000] {subprocess.py:93} INFO - 25/11/30 19:07:22 INFO CodecPool: Got brand-new decompressor [.snappy]
[2025-11-30T19:07:23.460+0000] {subprocess.py:93} INFO - 25/11/30 19:07:23 INFO Executor: Finished task 0.0 in stage 1.0 (TID 1). 3072 bytes result sent to driver
[2025-11-30T19:07:23.472+0000] {subprocess.py:93} INFO - 25/11/30 19:07:23 INFO TaskSetManager: Finished task 0.0 in stage 1.0 (TID 1) in 1946 ms on 76c6f5c40d8c (executor driver) (1/1)
[2025-11-30T19:07:23.477+0000] {subprocess.py:93} INFO - 25/11/30 19:07:23 INFO TaskSchedulerImpl: Removed TaskSet 1.0, whose tasks have all completed, from pool
[2025-11-30T19:07:23.496+0000] {subprocess.py:93} INFO - 25/11/30 19:07:23 INFO DAGScheduler: ShuffleMapStage 1 (parquet at NativeMethodAccessorImpl.java:0) finished in 2.066 s
[2025-11-30T19:07:23.512+0000] {subprocess.py:93} INFO - 25/11/30 19:07:23 INFO DAGScheduler: looking for newly runnable stages
[2025-11-30T19:07:23.514+0000] {subprocess.py:93} INFO - 25/11/30 19:07:23 INFO DAGScheduler: running: Set()
[2025-11-30T19:07:23.517+0000] {subprocess.py:93} INFO - 25/11/30 19:07:23 INFO DAGScheduler: waiting: Set()
[2025-11-30T19:07:23.519+0000] {subprocess.py:93} INFO - 25/11/30 19:07:23 INFO DAGScheduler: failed: Set()
[2025-11-30T19:07:23.629+0000] {subprocess.py:93} INFO - 25/11/30 19:07:23 INFO ShufflePartitionsUtil: For shuffle(0), advisory target size: 67108864, actual target size 1048576, minimum partition size: 1048576
[2025-11-30T19:07:23.804+0000] {subprocess.py:93} INFO - 25/11/30 19:07:23 INFO ParquetUtils: Using default output committer for Parquet: org.apache.parquet.hadoop.ParquetOutputCommitter
[2025-11-30T19:07:23.845+0000] {subprocess.py:93} INFO - 25/11/30 19:07:23 INFO FileOutputCommitter: File Output Committer Algorithm version is 1
[2025-11-30T19:07:23.846+0000] {subprocess.py:93} INFO - 25/11/30 19:07:23 INFO FileOutputCommitter: FileOutputCommitter skip cleanup _temporary folders under output directory:false, ignore cleanup failures: false
[2025-11-30T19:07:23.848+0000] {subprocess.py:93} INFO - 25/11/30 19:07:23 INFO SQLHadoopMapReduceCommitProtocol: Using user defined output committer class org.apache.parquet.hadoop.ParquetOutputCommitter
[2025-11-30T19:07:23.850+0000] {subprocess.py:93} INFO - 25/11/30 19:07:23 INFO FileOutputCommitter: File Output Committer Algorithm version is 1
[2025-11-30T19:07:23.851+0000] {subprocess.py:93} INFO - 25/11/30 19:07:23 INFO FileOutputCommitter: FileOutputCommitter skip cleanup _temporary folders under output directory:false, ignore cleanup failures: false
[2025-11-30T19:07:23.853+0000] {subprocess.py:93} INFO - 25/11/30 19:07:23 INFO SQLHadoopMapReduceCommitProtocol: Using output committer class org.apache.parquet.hadoop.ParquetOutputCommitter
[2025-11-30T19:07:24.053+0000] {subprocess.py:93} INFO - 25/11/30 19:07:24 INFO CodeGenerator: Code generated in 132.656485 ms
[2025-11-30T19:07:24.137+0000] {subprocess.py:93} INFO - 25/11/30 19:07:24 INFO SparkContext: Starting job: parquet at NativeMethodAccessorImpl.java:0
[2025-11-30T19:07:24.141+0000] {subprocess.py:93} INFO - 25/11/30 19:07:24 INFO DAGScheduler: Got job 2 (parquet at NativeMethodAccessorImpl.java:0) with 1 output partitions
[2025-11-30T19:07:24.142+0000] {subprocess.py:93} INFO - 25/11/30 19:07:24 INFO DAGScheduler: Final stage: ResultStage 3 (parquet at NativeMethodAccessorImpl.java:0)
[2025-11-30T19:07:24.143+0000] {subprocess.py:93} INFO - 25/11/30 19:07:24 INFO DAGScheduler: Parents of final stage: List(ShuffleMapStage 2)
[2025-11-30T19:07:24.308+0000] {subprocess.py:93} INFO - 25/11/30 19:07:24 INFO DAGScheduler: Missing parents: List()
[2025-11-30T19:07:24.310+0000] {subprocess.py:93} INFO - 25/11/30 19:07:24 INFO DAGScheduler: Submitting ResultStage 3 (MapPartitionsRDD[8] at parquet at NativeMethodAccessorImpl.java:0), which has no missing parents
[2025-11-30T19:07:24.312+0000] {subprocess.py:93} INFO - 25/11/30 19:07:24 INFO MemoryStore: Block broadcast_3 stored as values in memory (estimated size 275.8 KiB, free 433.8 MiB)
[2025-11-30T19:07:24.314+0000] {subprocess.py:93} INFO - 25/11/30 19:07:24 INFO MemoryStore: Block broadcast_3_piece0 stored as bytes in memory (estimated size 98.6 KiB, free 433.7 MiB)
[2025-11-30T19:07:24.315+0000] {subprocess.py:93} INFO - 25/11/30 19:07:24 INFO BlockManagerInfo: Added broadcast_3_piece0 in memory on 76c6f5c40d8c:40949 (size: 98.6 KiB, free: 434.2 MiB)
[2025-11-30T19:07:24.316+0000] {subprocess.py:93} INFO - 25/11/30 19:07:24 INFO SparkContext: Created broadcast 3 from broadcast at DAGScheduler.scala:1580
[2025-11-30T19:07:24.316+0000] {subprocess.py:93} INFO - 25/11/30 19:07:24 INFO DAGScheduler: Submitting 1 missing tasks from ResultStage 3 (MapPartitionsRDD[8] at parquet at NativeMethodAccessorImpl.java:0) (first 15 tasks are for partitions Vector(0))
[2025-11-30T19:07:24.317+0000] {subprocess.py:93} INFO - 25/11/30 19:07:24 INFO TaskSchedulerImpl: Adding task set 3.0 with 1 tasks resource profile 0
[2025-11-30T19:07:24.318+0000] {subprocess.py:93} INFO - 25/11/30 19:07:24 INFO TaskSetManager: Starting task 0.0 in stage 3.0 (TID 2) (76c6f5c40d8c, executor driver, partition 0, NODE_LOCAL, 7615 bytes)
[2025-11-30T19:07:24.318+0000] {subprocess.py:93} INFO - 25/11/30 19:07:24 INFO Executor: Running task 0.0 in stage 3.0 (TID 2)
[2025-11-30T19:07:24.443+0000] {subprocess.py:93} INFO - 25/11/30 19:07:24 INFO ShuffleBlockFetcherIterator: Getting 1 (839.8 KiB) non-empty blocks including 1 (839.8 KiB) local and 0 (0.0 B) host-local and 0 (0.0 B) push-merged-local and 0 (0.0 B) remote blocks
[2025-11-30T19:07:24.458+0000] {subprocess.py:93} INFO - 25/11/30 19:07:24 INFO ShuffleBlockFetcherIterator: Started 0 remote fetches in 40 ms
[2025-11-30T19:07:24.584+0000] {subprocess.py:93} INFO - 25/11/30 19:07:24 INFO CodeGenerator: Code generated in 109.402288 ms
[2025-11-30T19:07:24.593+0000] {subprocess.py:93} INFO - 25/11/30 19:07:24 INFO FileOutputCommitter: File Output Committer Algorithm version is 1
[2025-11-30T19:07:24.594+0000] {subprocess.py:93} INFO - 25/11/30 19:07:24 INFO FileOutputCommitter: FileOutputCommitter skip cleanup _temporary folders under output directory:false, ignore cleanup failures: false
[2025-11-30T19:07:24.595+0000] {subprocess.py:93} INFO - 25/11/30 19:07:24 INFO SQLHadoopMapReduceCommitProtocol: Using user defined output committer class org.apache.parquet.hadoop.ParquetOutputCommitter
[2025-11-30T19:07:24.604+0000] {subprocess.py:93} INFO - 25/11/30 19:07:24 INFO FileOutputCommitter: File Output Committer Algorithm version is 1
[2025-11-30T19:07:24.605+0000] {subprocess.py:93} INFO - 25/11/30 19:07:24 INFO FileOutputCommitter: FileOutputCommitter skip cleanup _temporary folders under output directory:false, ignore cleanup failures: false
[2025-11-30T19:07:24.606+0000] {subprocess.py:93} INFO - 25/11/30 19:07:24 INFO SQLHadoopMapReduceCommitProtocol: Using output committer class org.apache.parquet.hadoop.ParquetOutputCommitter
[2025-11-30T19:07:24.612+0000] {subprocess.py:93} INFO - 25/11/30 19:07:24 INFO CodecConfig: Compression: SNAPPY
[2025-11-30T19:07:24.619+0000] {subprocess.py:93} INFO - 25/11/30 19:07:24 INFO CodecConfig: Compression: SNAPPY
[2025-11-30T19:07:24.684+0000] {subprocess.py:93} INFO - 25/11/30 19:07:24 INFO ParquetOutputFormat: ParquetRecordWriter [block size: 134217728b, row group padding size: 8388608b, validating: false]
[2025-11-30T19:07:24.743+0000] {subprocess.py:93} INFO - 25/11/30 19:07:24 INFO ParquetWriteSupport: Initialized Parquet WriteSupport with Catalyst schema:
[2025-11-30T19:07:24.744+0000] {subprocess.py:93} INFO - {
[2025-11-30T19:07:24.745+0000] {subprocess.py:93} INFO -   "type" : "struct",
[2025-11-30T19:07:24.745+0000] {subprocess.py:93} INFO -   "fields" : [ {
[2025-11-30T19:07:24.746+0000] {subprocess.py:93} INFO -     "name" : "name",
[2025-11-30T19:07:24.746+0000] {subprocess.py:93} INFO -     "type" : "string",
[2025-11-30T19:07:24.747+0000] {subprocess.py:93} INFO -     "nullable" : true,
[2025-11-30T19:07:24.748+0000] {subprocess.py:93} INFO -     "metadata" : { }
[2025-11-30T19:07:24.749+0000] {subprocess.py:93} INFO -   }, {
[2025-11-30T19:07:24.749+0000] {subprocess.py:93} INFO -     "name" : "price",
[2025-11-30T19:07:24.750+0000] {subprocess.py:93} INFO -     "type" : "double",
[2025-11-30T19:07:24.751+0000] {subprocess.py:93} INFO -     "nullable" : true,
[2025-11-30T19:07:24.751+0000] {subprocess.py:93} INFO -     "metadata" : { }
[2025-11-30T19:07:24.752+0000] {subprocess.py:93} INFO -   }, {
[2025-11-30T19:07:24.753+0000] {subprocess.py:93} INFO -     "name" : "about",
[2025-11-30T19:07:24.753+0000] {subprocess.py:93} INFO -     "type" : "string",
[2025-11-30T19:07:24.754+0000] {subprocess.py:93} INFO -     "nullable" : true,
[2025-11-30T19:07:24.755+0000] {subprocess.py:93} INFO -     "metadata" : { }
[2025-11-30T19:07:24.755+0000] {subprocess.py:93} INFO -   }, {
[2025-11-30T19:07:24.757+0000] {subprocess.py:93} INFO -     "name" : "bedrooms",
[2025-11-30T19:07:24.757+0000] {subprocess.py:93} INFO -     "type" : "integer",
[2025-11-30T19:07:24.758+0000] {subprocess.py:93} INFO -     "nullable" : true,
[2025-11-30T19:07:24.759+0000] {subprocess.py:93} INFO -     "metadata" : { }
[2025-11-30T19:07:24.759+0000] {subprocess.py:93} INFO -   }, {
[2025-11-30T19:07:24.760+0000] {subprocess.py:93} INFO -     "name" : "bathrooms",
[2025-11-30T19:07:24.761+0000] {subprocess.py:93} INFO -     "type" : "integer",
[2025-11-30T19:07:24.762+0000] {subprocess.py:93} INFO -     "nullable" : true,
[2025-11-30T19:07:24.763+0000] {subprocess.py:93} INFO -     "metadata" : { }
[2025-11-30T19:07:24.763+0000] {subprocess.py:93} INFO -   }, {
[2025-11-30T19:07:24.764+0000] {subprocess.py:93} INFO -     "name" : "size",
[2025-11-30T19:07:24.765+0000] {subprocess.py:93} INFO -     "type" : "double",
[2025-11-30T19:07:24.766+0000] {subprocess.py:93} INFO -     "nullable" : true,
[2025-11-30T19:07:24.767+0000] {subprocess.py:93} INFO -     "metadata" : { }
[2025-11-30T19:07:24.767+0000] {subprocess.py:93} INFO -   }, {
[2025-11-30T19:07:24.768+0000] {subprocess.py:93} INFO -     "name" : "property_type",
[2025-11-30T19:07:24.769+0000] {subprocess.py:93} INFO -     "type" : "string",
[2025-11-30T19:07:24.769+0000] {subprocess.py:93} INFO -     "nullable" : true,
[2025-11-30T19:07:24.770+0000] {subprocess.py:93} INFO -     "metadata" : { }
[2025-11-30T19:07:24.771+0000] {subprocess.py:93} INFO -   }, {
[2025-11-30T19:07:24.771+0000] {subprocess.py:93} INFO -     "name" : "location",
[2025-11-30T19:07:24.774+0000] {subprocess.py:93} INFO -     "type" : "string",
[2025-11-30T19:07:24.775+0000] {subprocess.py:93} INFO -     "nullable" : true,
[2025-11-30T19:07:24.776+0000] {subprocess.py:93} INFO -     "metadata" : { }
[2025-11-30T19:07:24.777+0000] {subprocess.py:93} INFO -   }, {
[2025-11-30T19:07:24.778+0000] {subprocess.py:93} INFO -     "name" : "price_per_sqm",
[2025-11-30T19:07:24.779+0000] {subprocess.py:93} INFO -     "type" : "double",
[2025-11-30T19:07:24.780+0000] {subprocess.py:93} INFO -     "nullable" : true,
[2025-11-30T19:07:24.781+0000] {subprocess.py:93} INFO -     "metadata" : { }
[2025-11-30T19:07:24.782+0000] {subprocess.py:93} INFO -   }, {
[2025-11-30T19:07:24.782+0000] {subprocess.py:93} INFO -     "name" : "link",
[2025-11-30T19:07:24.783+0000] {subprocess.py:93} INFO -     "type" : "string",
[2025-11-30T19:07:24.784+0000] {subprocess.py:93} INFO -     "nullable" : true,
[2025-11-30T19:07:24.785+0000] {subprocess.py:93} INFO -     "metadata" : { }
[2025-11-30T19:07:24.786+0000] {subprocess.py:93} INFO -   }, {
[2025-11-30T19:07:24.787+0000] {subprocess.py:93} INFO -     "name" : "Jacuzzi",
[2025-11-30T19:07:24.787+0000] {subprocess.py:93} INFO -     "type" : "integer",
[2025-11-30T19:07:24.788+0000] {subprocess.py:93} INFO -     "nullable" : false,
[2025-11-30T19:07:24.789+0000] {subprocess.py:93} INFO -     "metadata" : { }
[2025-11-30T19:07:24.790+0000] {subprocess.py:93} INFO -   }, {
[2025-11-30T19:07:24.792+0000] {subprocess.py:93} INFO -     "name" : "Garden",
[2025-11-30T19:07:24.793+0000] {subprocess.py:93} INFO -     "type" : "integer",
[2025-11-30T19:07:24.794+0000] {subprocess.py:93} INFO -     "nullable" : false,
[2025-11-30T19:07:24.795+0000] {subprocess.py:93} INFO -     "metadata" : { }
[2025-11-30T19:07:24.796+0000] {subprocess.py:93} INFO -   }, {
[2025-11-30T19:07:24.797+0000] {subprocess.py:93} INFO -     "name" : "Balcony",
[2025-11-30T19:07:24.797+0000] {subprocess.py:93} INFO -     "type" : "integer",
[2025-11-30T19:07:24.798+0000] {subprocess.py:93} INFO -     "nullable" : false,
[2025-11-30T19:07:24.799+0000] {subprocess.py:93} INFO -     "metadata" : { }
[2025-11-30T19:07:24.799+0000] {subprocess.py:93} INFO -   }, {
[2025-11-30T19:07:24.800+0000] {subprocess.py:93} INFO -     "name" : "Pool",
[2025-11-30T19:07:24.801+0000] {subprocess.py:93} INFO -     "type" : "integer",
[2025-11-30T19:07:24.801+0000] {subprocess.py:93} INFO -     "nullable" : false,
[2025-11-30T19:07:24.802+0000] {subprocess.py:93} INFO -     "metadata" : { }
[2025-11-30T19:07:24.803+0000] {subprocess.py:93} INFO -   }, {
[2025-11-30T19:07:24.804+0000] {subprocess.py:93} INFO -     "name" : "Parking",
[2025-11-30T19:07:24.805+0000] {subprocess.py:93} INFO -     "type" : "integer",
[2025-11-30T19:07:24.805+0000] {subprocess.py:93} INFO -     "nullable" : false,
[2025-11-30T19:07:24.806+0000] {subprocess.py:93} INFO -     "metadata" : { }
[2025-11-30T19:07:24.808+0000] {subprocess.py:93} INFO -   }, {
[2025-11-30T19:07:24.809+0000] {subprocess.py:93} INFO -     "name" : "Gym",
[2025-11-30T19:07:24.810+0000] {subprocess.py:93} INFO -     "type" : "integer",
[2025-11-30T19:07:24.811+0000] {subprocess.py:93} INFO -     "nullable" : false,
[2025-11-30T19:07:24.811+0000] {subprocess.py:93} INFO -     "metadata" : { }
[2025-11-30T19:07:24.812+0000] {subprocess.py:93} INFO -   }, {
[2025-11-30T19:07:24.813+0000] {subprocess.py:93} INFO -     "name" : "Maids_Quarters",
[2025-11-30T19:07:24.813+0000] {subprocess.py:93} INFO -     "type" : "integer",
[2025-11-30T19:07:24.814+0000] {subprocess.py:93} INFO -     "nullable" : false,
[2025-11-30T19:07:24.814+0000] {subprocess.py:93} INFO -     "metadata" : { }
[2025-11-30T19:07:24.815+0000] {subprocess.py:93} INFO -   }, {
[2025-11-30T19:07:24.816+0000] {subprocess.py:93} INFO -     "name" : "Spa",
[2025-11-30T19:07:24.817+0000] {subprocess.py:93} INFO -     "type" : "integer",
[2025-11-30T19:07:24.818+0000] {subprocess.py:93} INFO -     "nullable" : false,
[2025-11-30T19:07:24.819+0000] {subprocess.py:93} INFO -     "metadata" : { }
[2025-11-30T19:07:24.819+0000] {subprocess.py:93} INFO -   } ]
[2025-11-30T19:07:24.820+0000] {subprocess.py:93} INFO - }
[2025-11-30T19:07:24.821+0000] {subprocess.py:93} INFO - and corresponding Parquet message type:
[2025-11-30T19:07:24.822+0000] {subprocess.py:93} INFO - message spark_schema {
[2025-11-30T19:07:24.822+0000] {subprocess.py:93} INFO -   optional binary name (STRING);
[2025-11-30T19:07:24.823+0000] {subprocess.py:93} INFO -   optional double price;
[2025-11-30T19:07:24.824+0000] {subprocess.py:93} INFO -   optional binary about (STRING);
[2025-11-30T19:07:24.824+0000] {subprocess.py:93} INFO -   optional int32 bedrooms;
[2025-11-30T19:07:24.825+0000] {subprocess.py:93} INFO -   optional int32 bathrooms;
[2025-11-30T19:07:24.827+0000] {subprocess.py:93} INFO -   optional double size;
[2025-11-30T19:07:24.828+0000] {subprocess.py:93} INFO -   optional binary property_type (STRING);
[2025-11-30T19:07:24.829+0000] {subprocess.py:93} INFO -   optional binary location (STRING);
[2025-11-30T19:07:24.830+0000] {subprocess.py:93} INFO -   optional double price_per_sqm;
[2025-11-30T19:07:24.831+0000] {subprocess.py:93} INFO -   optional binary link (STRING);
[2025-11-30T19:07:24.831+0000] {subprocess.py:93} INFO -   required int32 Jacuzzi;
[2025-11-30T19:07:24.832+0000] {subprocess.py:93} INFO -   required int32 Garden;
[2025-11-30T19:07:24.832+0000] {subprocess.py:93} INFO -   required int32 Balcony;
[2025-11-30T19:07:24.833+0000] {subprocess.py:93} INFO -   required int32 Pool;
[2025-11-30T19:07:24.834+0000] {subprocess.py:93} INFO -   required int32 Parking;
[2025-11-30T19:07:24.834+0000] {subprocess.py:93} INFO -   required int32 Gym;
[2025-11-30T19:07:24.835+0000] {subprocess.py:93} INFO -   required int32 Maids_Quarters;
[2025-11-30T19:07:24.836+0000] {subprocess.py:93} INFO -   required int32 Spa;
[2025-11-30T19:07:24.837+0000] {subprocess.py:93} INFO - }
[2025-11-30T19:07:24.837+0000] {subprocess.py:93} INFO - 
[2025-11-30T19:07:24.838+0000] {subprocess.py:93} INFO - 
[2025-11-30T19:07:24.838+0000] {subprocess.py:93} INFO - 25/11/30 19:07:24 INFO CodecPool: Got brand-new compressor [.snappy]
[2025-11-30T19:07:25.532+0000] {subprocess.py:93} INFO - 25/11/30 19:07:25 INFO FileOutputCommitter: Saved output of task 'attempt_202511301907242935178857617721375_0003_m_000000_2' to hdfs://namenode:9000/datalake/silver/cleaned_fazwaz/_temporary/0/task_202511301907242935178857617721375_0003_m_000000
[2025-11-30T19:07:25.536+0000] {subprocess.py:93} INFO - 25/11/30 19:07:25 INFO SparkHadoopMapRedUtil: attempt_202511301907242935178857617721375_0003_m_000000_2: Committed. Elapsed time: 21 ms.
[2025-11-30T19:07:25.551+0000] {subprocess.py:93} INFO - 25/11/30 19:07:25 INFO Executor: Finished task 0.0 in stage 3.0 (TID 2). 6401 bytes result sent to driver
[2025-11-30T19:07:25.555+0000] {subprocess.py:93} INFO - 25/11/30 19:07:25 INFO TaskSetManager: Finished task 0.0 in stage 3.0 (TID 2) in 1300 ms on 76c6f5c40d8c (executor driver) (1/1)
[2025-11-30T19:07:25.559+0000] {subprocess.py:93} INFO - 25/11/30 19:07:25 INFO DAGScheduler: ResultStage 3 (parquet at NativeMethodAccessorImpl.java:0) finished in 1.383 s
[2025-11-30T19:07:25.562+0000] {subprocess.py:93} INFO - 25/11/30 19:07:25 INFO DAGScheduler: Job 2 is finished. Cancelling potential speculative or zombie tasks for this job
[2025-11-30T19:07:25.566+0000] {subprocess.py:93} INFO - 25/11/30 19:07:25 INFO TaskSchedulerImpl: Removed TaskSet 3.0, whose tasks have all completed, from pool
[2025-11-30T19:07:25.567+0000] {subprocess.py:93} INFO - 25/11/30 19:07:25 INFO TaskSchedulerImpl: Killing all running tasks in stage 3: Stage finished
[2025-11-30T19:07:25.570+0000] {subprocess.py:93} INFO - 25/11/30 19:07:25 INFO DAGScheduler: Job 2 finished: parquet at NativeMethodAccessorImpl.java:0, took 1.432283 s
[2025-11-30T19:07:25.578+0000] {subprocess.py:93} INFO - 25/11/30 19:07:25 INFO FileFormatWriter: Start to commit write Job 5ea98e21-404d-49f3-b212-aafb2c45b91a.
[2025-11-30T19:07:25.640+0000] {subprocess.py:93} INFO - 25/11/30 19:07:25 INFO FileFormatWriter: Write Job 5ea98e21-404d-49f3-b212-aafb2c45b91a committed. Elapsed time: 56 ms.
[2025-11-30T19:07:25.646+0000] {subprocess.py:93} INFO - 25/11/30 19:07:25 INFO FileFormatWriter: Finished processing stats for write job 5ea98e21-404d-49f3-b212-aafb2c45b91a.
[2025-11-30T19:07:25.656+0000] {subprocess.py:93} INFO - ✅ Fazwaz cleaned data saved to hdfs://namenode:9000/datalake/silver/cleaned_fazwaz
[2025-11-30T19:07:25.658+0000] {subprocess.py:93} INFO - 25/11/30 19:07:25 INFO SparkContext: SparkContext is stopping with exitCode 0.
[2025-11-30T19:07:25.683+0000] {subprocess.py:93} INFO - 25/11/30 19:07:25 INFO SparkUI: Stopped Spark web UI at http://76c6f5c40d8c:4043
[2025-11-30T19:07:25.710+0000] {subprocess.py:93} INFO - 25/11/30 19:07:25 INFO MapOutputTrackerMasterEndpoint: MapOutputTrackerMasterEndpoint stopped!
[2025-11-30T19:07:25.779+0000] {subprocess.py:93} INFO - 25/11/30 19:07:25 INFO MemoryStore: MemoryStore cleared
[2025-11-30T19:07:25.780+0000] {subprocess.py:93} INFO - 25/11/30 19:07:25 INFO BlockManager: BlockManager stopped
[2025-11-30T19:07:25.784+0000] {subprocess.py:93} INFO - 25/11/30 19:07:25 INFO BlockManagerMaster: BlockManagerMaster stopped
[2025-11-30T19:07:25.790+0000] {subprocess.py:93} INFO - 25/11/30 19:07:25 INFO OutputCommitCoordinator$OutputCommitCoordinatorEndpoint: OutputCommitCoordinator stopped!
[2025-11-30T19:07:25.806+0000] {subprocess.py:93} INFO - 25/11/30 19:07:25 INFO SparkContext: Successfully stopped SparkContext
[2025-11-30T19:07:25.935+0000] {subprocess.py:93} INFO - 25/11/30 19:07:25 INFO ShutdownHookManager: Shutdown hook called
[2025-11-30T19:07:25.940+0000] {subprocess.py:93} INFO - 25/11/30 19:07:25 INFO ShutdownHookManager: Deleting directory /tmp/spark-f5845e0b-4186-4e69-97eb-caf3bd80fb90
[2025-11-30T19:07:25.947+0000] {subprocess.py:93} INFO - 25/11/30 19:07:25 INFO ShutdownHookManager: Deleting directory /tmp/spark-77b6fdf0-2188-4d55-b568-e6427351fc10
[2025-11-30T19:07:25.954+0000] {subprocess.py:93} INFO - 25/11/30 19:07:25 INFO ShutdownHookManager: Deleting directory /tmp/spark-77b6fdf0-2188-4d55-b568-e6427351fc10/pyspark-b6b302b9-f026-485a-bd06-3b249769cf27
[2025-11-30T19:07:26.050+0000] {subprocess.py:97} INFO - Command exited with return code 0
[2025-11-30T19:07:26.052+0000] {taskinstance.py:441} INFO - ::group::Post task execution logs
[2025-11-30T19:07:26.081+0000] {taskinstance.py:1206} INFO - Marking task as SUCCESS. dag_id=real_estate_etl_pipeline, task_id=clean_fazwaz, run_id=manual__2025-11-30T18:25:30.102845+00:00, execution_date=20251130T182530, start_date=20251130T190701, end_date=20251130T190726
[2025-11-30T19:07:26.122+0000] {local_task_job_runner.py:240} INFO - Task exited with return code 0
[2025-11-30T19:07:26.152+0000] {taskinstance.py:3503} INFO - 0 downstream tasks scheduled from follow-on schedule check
[2025-11-30T19:07:26.155+0000] {local_task_job_runner.py:222} INFO - ::endgroup::
