[2025-11-30T19:02:09.034+0000] {local_task_job_runner.py:120} INFO - ::group::Pre task execution logs
[2025-11-30T19:02:09.059+0000] {taskinstance.py:2076} INFO - Dependencies all met for dep_context=non-requeueable deps ti=<TaskInstance: real_estate_etl_pipeline.clean_fazwaz manual__2025-11-30T18:25:30.102845+00:00 [queued]>
[2025-11-30T19:02:09.069+0000] {taskinstance.py:2076} INFO - Dependencies all met for dep_context=requeueable deps ti=<TaskInstance: real_estate_etl_pipeline.clean_fazwaz manual__2025-11-30T18:25:30.102845+00:00 [queued]>
[2025-11-30T19:02:09.070+0000] {taskinstance.py:2306} INFO - Starting attempt 4 of 5
[2025-11-30T19:02:09.085+0000] {taskinstance.py:2330} INFO - Executing <Task(BashOperator): clean_fazwaz> on 2025-11-30 18:25:30.102845+00:00
[2025-11-30T19:02:09.094+0000] {warnings.py:112} WARNING - /home/***/.local/lib/python3.12/site-packages/***/task/task_runner/standard_task_runner.py:61: DeprecationWarning: This process (pid=420) is multi-threaded, use of fork() may lead to deadlocks in the child.
  pid = os.fork()

[2025-11-30T19:02:09.097+0000] {standard_task_runner.py:63} INFO - Started process 422 to run task
[2025-11-30T19:02:09.097+0000] {standard_task_runner.py:90} INFO - Running: ['***', 'tasks', 'run', 'real_estate_etl_pipeline', 'clean_fazwaz', 'manual__2025-11-30T18:25:30.102845+00:00', '--job-id', '27', '--raw', '--subdir', 'DAGS_FOLDER/scraping_dag.py', '--cfg-path', '/tmp/tmp_48eydoi']
[2025-11-30T19:02:09.100+0000] {standard_task_runner.py:91} INFO - Job 27: Subtask clean_fazwaz
[2025-11-30T19:02:09.157+0000] {task_command.py:426} INFO - Running <TaskInstance: real_estate_etl_pipeline.clean_fazwaz manual__2025-11-30T18:25:30.102845+00:00 [running]> on host 9a9a5f972fcd
[2025-11-30T19:02:09.240+0000] {taskinstance.py:2648} INFO - Exporting env vars: AIRFLOW_CTX_DAG_OWNER='***' AIRFLOW_CTX_DAG_ID='real_estate_etl_pipeline' AIRFLOW_CTX_TASK_ID='clean_fazwaz' AIRFLOW_CTX_EXECUTION_DATE='2025-11-30T18:25:30.102845+00:00' AIRFLOW_CTX_TRY_NUMBER='4' AIRFLOW_CTX_DAG_RUN_ID='manual__2025-11-30T18:25:30.102845+00:00'
[2025-11-30T19:02:09.242+0000] {taskinstance.py:430} INFO - ::endgroup::
[2025-11-30T19:02:09.243+0000] {subprocess.py:63} INFO - Tmp dir root location: /tmp
[2025-11-30T19:02:09.245+0000] {subprocess.py:75} INFO - Running command: ['/usr/bin/bash', '-c', 'docker exec jupyter spark-submit --master local[*] /data/Cleaning_Layer_Pyspark/clean_fazwaz.py']
[2025-11-30T19:02:09.257+0000] {subprocess.py:86} INFO - Output:
[2025-11-30T19:02:12.860+0000] {subprocess.py:93} INFO - 25/11/30 19:02:12 INFO SparkContext: Running Spark version 3.5.0
[2025-11-30T19:02:12.863+0000] {subprocess.py:93} INFO - 25/11/30 19:02:12 INFO SparkContext: OS info Linux, 5.15.167.4-microsoft-standard-WSL2, amd64
[2025-11-30T19:02:12.865+0000] {subprocess.py:93} INFO - 25/11/30 19:02:12 INFO SparkContext: Java version 17.0.8.1
[2025-11-30T19:02:12.934+0000] {subprocess.py:93} INFO - 25/11/30 19:02:12 WARN NativeCodeLoader: Unable to load native-hadoop library for your platform... using builtin-java classes where applicable
[2025-11-30T19:02:13.052+0000] {subprocess.py:93} INFO - 25/11/30 19:02:13 INFO ResourceUtils: ==============================================================
[2025-11-30T19:02:13.053+0000] {subprocess.py:93} INFO - 25/11/30 19:02:13 INFO ResourceUtils: No custom resources configured for spark.driver.
[2025-11-30T19:02:13.054+0000] {subprocess.py:93} INFO - 25/11/30 19:02:13 INFO ResourceUtils: ==============================================================
[2025-11-30T19:02:13.055+0000] {subprocess.py:93} INFO - 25/11/30 19:02:13 INFO SparkContext: Submitted application: Clean_Fazwaz
[2025-11-30T19:02:13.082+0000] {subprocess.py:93} INFO - 25/11/30 19:02:13 INFO ResourceProfile: Default ResourceProfile created, executor resources: Map(cores -> name: cores, amount: 1, script: , vendor: , memory -> name: memory, amount: 1024, script: , vendor: , offHeap -> name: offHeap, amount: 0, script: , vendor: ), task resources: Map(cpus -> name: cpus, amount: 1.0)
[2025-11-30T19:02:13.095+0000] {subprocess.py:93} INFO - 25/11/30 19:02:13 INFO ResourceProfile: Limiting resource is cpu
[2025-11-30T19:02:13.097+0000] {subprocess.py:93} INFO - 25/11/30 19:02:13 INFO ResourceProfileManager: Added ResourceProfile id: 0
[2025-11-30T19:02:13.156+0000] {subprocess.py:93} INFO - 25/11/30 19:02:13 INFO SecurityManager: Changing view acls to: jovyan
[2025-11-30T19:02:13.158+0000] {subprocess.py:93} INFO - 25/11/30 19:02:13 INFO SecurityManager: Changing modify acls to: jovyan
[2025-11-30T19:02:13.160+0000] {subprocess.py:93} INFO - 25/11/30 19:02:13 INFO SecurityManager: Changing view acls groups to:
[2025-11-30T19:02:13.161+0000] {subprocess.py:93} INFO - 25/11/30 19:02:13 INFO SecurityManager: Changing modify acls groups to:
[2025-11-30T19:02:13.163+0000] {subprocess.py:93} INFO - 25/11/30 19:02:13 INFO SecurityManager: SecurityManager: authentication disabled; ui acls disabled; users with view permissions: jovyan; groups with view permissions: EMPTY; users with modify permissions: jovyan; groups with modify permissions: EMPTY
[2025-11-30T19:02:13.500+0000] {subprocess.py:93} INFO - 25/11/30 19:02:13 INFO Utils: Successfully started service 'sparkDriver' on port 36983.
[2025-11-30T19:02:13.546+0000] {subprocess.py:93} INFO - 25/11/30 19:02:13 INFO SparkEnv: Registering MapOutputTracker
[2025-11-30T19:02:13.587+0000] {subprocess.py:93} INFO - 25/11/30 19:02:13 INFO SparkEnv: Registering BlockManagerMaster
[2025-11-30T19:02:13.610+0000] {subprocess.py:93} INFO - 25/11/30 19:02:13 INFO BlockManagerMasterEndpoint: Using org.apache.spark.storage.DefaultTopologyMapper for getting topology information
[2025-11-30T19:02:13.611+0000] {subprocess.py:93} INFO - 25/11/30 19:02:13 INFO BlockManagerMasterEndpoint: BlockManagerMasterEndpoint up
[2025-11-30T19:02:13.618+0000] {subprocess.py:93} INFO - 25/11/30 19:02:13 INFO SparkEnv: Registering BlockManagerMasterHeartbeat
[2025-11-30T19:02:13.654+0000] {subprocess.py:93} INFO - 25/11/30 19:02:13 INFO DiskBlockManager: Created local directory at /tmp/blockmgr-f1b7f3ed-790b-49a3-99b3-6223c72a823a
[2025-11-30T19:02:13.672+0000] {subprocess.py:93} INFO - 25/11/30 19:02:13 INFO MemoryStore: MemoryStore started with capacity 434.4 MiB
[2025-11-30T19:02:13.692+0000] {subprocess.py:93} INFO - 25/11/30 19:02:13 INFO SparkEnv: Registering OutputCommitCoordinator
[2025-11-30T19:02:13.869+0000] {subprocess.py:93} INFO - 25/11/30 19:02:13 INFO JettyUtils: Start Jetty 0.0.0.0:4040 for SparkUI
[2025-11-30T19:02:13.929+0000] {subprocess.py:93} INFO - 25/11/30 19:02:13 WARN Utils: Service 'SparkUI' could not bind on port 4040. Attempting port 4041.
[2025-11-30T19:02:13.947+0000] {subprocess.py:93} INFO - 25/11/30 19:02:13 INFO Utils: Successfully started service 'SparkUI' on port 4041.
[2025-11-30T19:02:14.079+0000] {subprocess.py:93} INFO - 25/11/30 19:02:14 INFO Executor: Starting executor ID driver on host 76c6f5c40d8c
[2025-11-30T19:02:14.080+0000] {subprocess.py:93} INFO - 25/11/30 19:02:14 INFO Executor: OS info Linux, 5.15.167.4-microsoft-standard-WSL2, amd64
[2025-11-30T19:02:14.081+0000] {subprocess.py:93} INFO - 25/11/30 19:02:14 INFO Executor: Java version 17.0.8.1
[2025-11-30T19:02:14.087+0000] {subprocess.py:93} INFO - 25/11/30 19:02:14 INFO Executor: Starting executor with user classpath (userClassPathFirst = false): ''
[2025-11-30T19:02:14.088+0000] {subprocess.py:93} INFO - 25/11/30 19:02:14 INFO Executor: Created or updated repl class loader org.apache.spark.util.MutableURLClassLoader@72fdf772 for default.
[2025-11-30T19:02:14.116+0000] {subprocess.py:93} INFO - 25/11/30 19:02:14 INFO Utils: Successfully started service 'org.apache.spark.network.netty.NettyBlockTransferService' on port 39677.
[2025-11-30T19:02:14.117+0000] {subprocess.py:93} INFO - 25/11/30 19:02:14 INFO NettyBlockTransferService: Server created on 76c6f5c40d8c:39677
[2025-11-30T19:02:14.119+0000] {subprocess.py:93} INFO - 25/11/30 19:02:14 INFO BlockManager: Using org.apache.spark.storage.RandomBlockReplicationPolicy for block replication policy
[2025-11-30T19:02:14.128+0000] {subprocess.py:93} INFO - 25/11/30 19:02:14 INFO BlockManagerMaster: Registering BlockManager BlockManagerId(driver, 76c6f5c40d8c, 39677, None)
[2025-11-30T19:02:14.135+0000] {subprocess.py:93} INFO - 25/11/30 19:02:14 INFO BlockManagerMasterEndpoint: Registering block manager 76c6f5c40d8c:39677 with 434.4 MiB RAM, BlockManagerId(driver, 76c6f5c40d8c, 39677, None)
[2025-11-30T19:02:14.138+0000] {subprocess.py:93} INFO - 25/11/30 19:02:14 INFO BlockManagerMaster: Registered BlockManager BlockManagerId(driver, 76c6f5c40d8c, 39677, None)
[2025-11-30T19:02:14.140+0000] {subprocess.py:93} INFO - 25/11/30 19:02:14 INFO BlockManager: Initialized BlockManager: BlockManagerId(driver, 76c6f5c40d8c, 39677, None)
[2025-11-30T19:02:14.564+0000] {subprocess.py:93} INFO - 25/11/30 19:02:14 INFO SharedState: Setting hive.metastore.warehouse.dir ('null') to the value of spark.sql.warehouse.dir.
[2025-11-30T19:02:14.572+0000] {subprocess.py:93} INFO - 25/11/30 19:02:14 INFO SharedState: Warehouse path is 'file:/home/jovyan/spark-warehouse'.
[2025-11-30T19:02:15.971+0000] {subprocess.py:93} INFO - Traceback (most recent call last):
[2025-11-30T19:02:15.972+0000] {subprocess.py:93} INFO -   File "/data/Cleaning_Layer_Pyspark/clean_fazwaz.py", line 40, in <module>
[2025-11-30T19:02:15.975+0000] {subprocess.py:93} INFO -     main()
[2025-11-30T19:02:15.975+0000] {subprocess.py:93} INFO -   File "/data/Cleaning_Layer_Pyspark/clean_fazwaz.py", line 8, in main
[2025-11-30T19:02:15.978+0000] {subprocess.py:93} INFO -     df = spark.read.parquet("hdfs://namenode:9000/datalake/bronze/fazwaz_apartments_allcombined")
[2025-11-30T19:02:15.979+0000] {subprocess.py:93} INFO -          ^^^^^^^^^^^^^^^^^^^^^^^^^^^^^^^^^^^^^^^^^^^^^^^^^^^^^^^^^^^^^^^^^^^^^^^^^^^^^^^^^^^^^^^^
[2025-11-30T19:02:15.979+0000] {subprocess.py:93} INFO -   File "/usr/local/spark/python/lib/pyspark.zip/pyspark/sql/readwriter.py", line 544, in parquet
[2025-11-30T19:02:15.980+0000] {subprocess.py:93} INFO -   File "/usr/local/spark/python/lib/py4j-0.10.9.7-src.zip/py4j/java_gateway.py", line 1322, in __call__
[2025-11-30T19:02:15.980+0000] {subprocess.py:93} INFO -   File "/usr/local/spark/python/lib/pyspark.zip/pyspark/errors/exceptions/captured.py", line 185, in deco
[2025-11-30T19:02:15.998+0000] {subprocess.py:93} INFO - pyspark.errors.exceptions.captured.AnalysisException: [PATH_NOT_FOUND] Path does not exist: hdfs://namenode:9000/datalake/bronze/fazwaz_apartments_allcombined.
[2025-11-30T19:02:16.039+0000] {subprocess.py:93} INFO - 25/11/30 19:02:16 INFO SparkContext: Invoking stop() from shutdown hook
[2025-11-30T19:02:16.040+0000] {subprocess.py:93} INFO - 25/11/30 19:02:16 INFO SparkContext: SparkContext is stopping with exitCode 0.
[2025-11-30T19:02:16.048+0000] {subprocess.py:93} INFO - 25/11/30 19:02:16 INFO SparkUI: Stopped Spark web UI at http://76c6f5c40d8c:4041
[2025-11-30T19:02:16.057+0000] {subprocess.py:93} INFO - 25/11/30 19:02:16 INFO MapOutputTrackerMasterEndpoint: MapOutputTrackerMasterEndpoint stopped!
[2025-11-30T19:02:16.074+0000] {subprocess.py:93} INFO - 25/11/30 19:02:16 INFO MemoryStore: MemoryStore cleared
[2025-11-30T19:02:16.075+0000] {subprocess.py:93} INFO - 25/11/30 19:02:16 INFO BlockManager: BlockManager stopped
[2025-11-30T19:02:16.078+0000] {subprocess.py:93} INFO - 25/11/30 19:02:16 INFO BlockManagerMaster: BlockManagerMaster stopped
[2025-11-30T19:02:16.081+0000] {subprocess.py:93} INFO - 25/11/30 19:02:16 INFO OutputCommitCoordinator$OutputCommitCoordinatorEndpoint: OutputCommitCoordinator stopped!
[2025-11-30T19:02:16.090+0000] {subprocess.py:93} INFO - 25/11/30 19:02:16 INFO SparkContext: Successfully stopped SparkContext
[2025-11-30T19:02:16.091+0000] {subprocess.py:93} INFO - 25/11/30 19:02:16 INFO ShutdownHookManager: Shutdown hook called
[2025-11-30T19:02:16.091+0000] {subprocess.py:93} INFO - 25/11/30 19:02:16 INFO ShutdownHookManager: Deleting directory /tmp/spark-67e48596-3e70-4f34-8cde-c992031c6a13
[2025-11-30T19:02:16.095+0000] {subprocess.py:93} INFO - 25/11/30 19:02:16 INFO ShutdownHookManager: Deleting directory /tmp/spark-8b7c3e86-deec-4c9f-b220-0d0c81dfc02a/pyspark-13e45f18-ec92-45c4-baac-ed0eabe437bb
[2025-11-30T19:02:16.098+0000] {subprocess.py:93} INFO - 25/11/30 19:02:16 INFO ShutdownHookManager: Deleting directory /tmp/spark-8b7c3e86-deec-4c9f-b220-0d0c81dfc02a
[2025-11-30T19:02:16.153+0000] {subprocess.py:97} INFO - Command exited with return code 1
[2025-11-30T19:02:16.154+0000] {taskinstance.py:441} INFO - ::group::Post task execution logs
[2025-11-30T19:02:16.168+0000] {taskinstance.py:2905} ERROR - Task failed with exception
Traceback (most recent call last):
  File "/home/airflow/.local/lib/python3.12/site-packages/airflow/models/taskinstance.py", line 465, in _execute_task
    result = _execute_callable(context=context, **execute_callable_kwargs)
             ^^^^^^^^^^^^^^^^^^^^^^^^^^^^^^^^^^^^^^^^^^^^^^^^^^^^^^^^^^^^^
  File "/home/airflow/.local/lib/python3.12/site-packages/airflow/models/taskinstance.py", line 432, in _execute_callable
    return execute_callable(context=context, **execute_callable_kwargs)
           ^^^^^^^^^^^^^^^^^^^^^^^^^^^^^^^^^^^^^^^^^^^^^^^^^^^^^^^^^^^^
  File "/home/airflow/.local/lib/python3.12/site-packages/airflow/models/baseoperator.py", line 401, in wrapper
    return func(self, *args, **kwargs)
           ^^^^^^^^^^^^^^^^^^^^^^^^^^^
  File "/home/airflow/.local/lib/python3.12/site-packages/airflow/operators/bash.py", line 243, in execute
    raise AirflowException(
airflow.exceptions.AirflowException: Bash command failed. The command returned a non-zero exit code 1.
[2025-11-30T19:02:16.174+0000] {taskinstance.py:1206} INFO - Marking task as UP_FOR_RETRY. dag_id=real_estate_etl_pipeline, task_id=clean_fazwaz, run_id=manual__2025-11-30T18:25:30.102845+00:00, execution_date=20251130T182530, start_date=20251130T190209, end_date=20251130T190216
[2025-11-30T19:02:16.188+0000] {standard_task_runner.py:110} ERROR - Failed to execute job 27 for task clean_fazwaz (Bash command failed. The command returned a non-zero exit code 1.; 422)
[2025-11-30T19:02:16.228+0000] {local_task_job_runner.py:240} INFO - Task exited with return code 1
[2025-11-30T19:02:16.251+0000] {taskinstance.py:3503} INFO - 0 downstream tasks scheduled from follow-on schedule check
[2025-11-30T19:02:16.254+0000] {local_task_job_runner.py:222} INFO - ::endgroup::
