[2025-11-30T18:51:14.866+0000] {local_task_job_runner.py:120} INFO - ::group::Pre task execution logs
[2025-11-30T18:51:14.895+0000] {taskinstance.py:2076} INFO - Dependencies all met for dep_context=non-requeueable deps ti=<TaskInstance: real_estate_etl_pipeline.transform_propertyfinder manual__2025-11-30T18:25:30.102845+00:00 [queued]>
[2025-11-30T18:51:14.911+0000] {taskinstance.py:2076} INFO - Dependencies all met for dep_context=requeueable deps ti=<TaskInstance: real_estate_etl_pipeline.transform_propertyfinder manual__2025-11-30T18:25:30.102845+00:00 [queued]>
[2025-11-30T18:51:14.912+0000] {taskinstance.py:2306} INFO - Starting attempt 1 of 2
[2025-11-30T18:51:14.934+0000] {taskinstance.py:2330} INFO - Executing <Task(BashOperator): transform_propertyfinder> on 2025-11-30 18:25:30.102845+00:00
[2025-11-30T18:51:14.950+0000] {warnings.py:112} WARNING - /home/***/.local/lib/python3.12/site-packages/***/task/task_runner/standard_task_runner.py:61: DeprecationWarning: This process (pid=339) is multi-threaded, use of fork() may lead to deadlocks in the child.
  pid = os.fork()

[2025-11-30T18:51:14.953+0000] {standard_task_runner.py:63} INFO - Started process 341 to run task
[2025-11-30T18:51:14.953+0000] {standard_task_runner.py:90} INFO - Running: ['***', 'tasks', 'run', 'real_estate_etl_pipeline', 'transform_propertyfinder', 'manual__2025-11-30T18:25:30.102845+00:00', '--job-id', '21', '--raw', '--subdir', 'DAGS_FOLDER/scraping_dag.py', '--cfg-path', '/tmp/tmp3i29pbgf']
[2025-11-30T18:51:14.956+0000] {standard_task_runner.py:91} INFO - Job 21: Subtask transform_propertyfinder
[2025-11-30T18:51:15.031+0000] {task_command.py:426} INFO - Running <TaskInstance: real_estate_etl_pipeline.transform_propertyfinder manual__2025-11-30T18:25:30.102845+00:00 [running]> on host 9a9a5f972fcd
[2025-11-30T18:51:15.179+0000] {taskinstance.py:2648} INFO - Exporting env vars: AIRFLOW_CTX_DAG_OWNER='***' AIRFLOW_CTX_DAG_ID='real_estate_etl_pipeline' AIRFLOW_CTX_TASK_ID='transform_propertyfinder' AIRFLOW_CTX_EXECUTION_DATE='2025-11-30T18:25:30.102845+00:00' AIRFLOW_CTX_TRY_NUMBER='1' AIRFLOW_CTX_DAG_RUN_ID='manual__2025-11-30T18:25:30.102845+00:00'
[2025-11-30T18:51:15.183+0000] {taskinstance.py:430} INFO - ::endgroup::
[2025-11-30T18:51:15.185+0000] {subprocess.py:63} INFO - Tmp dir root location: /tmp
[2025-11-30T18:51:15.187+0000] {subprocess.py:75} INFO - Running command: ['/usr/bin/bash', '-c', 'docker exec jupyter spark-submit --master local[*] /data/Transformation_Layer_Pyspark/transform_propertyfinder.py']
[2025-11-30T18:51:15.204+0000] {subprocess.py:86} INFO - Output:
[2025-11-30T18:51:18.996+0000] {subprocess.py:93} INFO - 25/11/30 18:51:18 INFO SparkContext: Running Spark version 3.5.0
[2025-11-30T18:51:19.001+0000] {subprocess.py:93} INFO - 25/11/30 18:51:18 INFO SparkContext: OS info Linux, 5.15.167.4-microsoft-standard-WSL2, amd64
[2025-11-30T18:51:19.003+0000] {subprocess.py:93} INFO - 25/11/30 18:51:18 INFO SparkContext: Java version 17.0.8.1
[2025-11-30T18:51:19.070+0000] {subprocess.py:93} INFO - 25/11/30 18:51:19 WARN NativeCodeLoader: Unable to load native-hadoop library for your platform... using builtin-java classes where applicable
[2025-11-30T18:51:19.197+0000] {subprocess.py:93} INFO - 25/11/30 18:51:19 INFO ResourceUtils: ==============================================================
[2025-11-30T18:51:19.198+0000] {subprocess.py:93} INFO - 25/11/30 18:51:19 INFO ResourceUtils: No custom resources configured for spark.driver.
[2025-11-30T18:51:19.198+0000] {subprocess.py:93} INFO - 25/11/30 18:51:19 INFO ResourceUtils: ==============================================================
[2025-11-30T18:51:19.199+0000] {subprocess.py:93} INFO - 25/11/30 18:51:19 INFO SparkContext: Submitted application: Transform_PropertyFinder
[2025-11-30T18:51:19.225+0000] {subprocess.py:93} INFO - 25/11/30 18:51:19 INFO ResourceProfile: Default ResourceProfile created, executor resources: Map(cores -> name: cores, amount: 1, script: , vendor: , memory -> name: memory, amount: 1024, script: , vendor: , offHeap -> name: offHeap, amount: 0, script: , vendor: ), task resources: Map(cpus -> name: cpus, amount: 1.0)
[2025-11-30T18:51:19.234+0000] {subprocess.py:93} INFO - 25/11/30 18:51:19 INFO ResourceProfile: Limiting resource is cpu
[2025-11-30T18:51:19.235+0000] {subprocess.py:93} INFO - 25/11/30 18:51:19 INFO ResourceProfileManager: Added ResourceProfile id: 0
[2025-11-30T18:51:19.309+0000] {subprocess.py:93} INFO - 25/11/30 18:51:19 INFO SecurityManager: Changing view acls to: jovyan
[2025-11-30T18:51:19.311+0000] {subprocess.py:93} INFO - 25/11/30 18:51:19 INFO SecurityManager: Changing modify acls to: jovyan
[2025-11-30T18:51:19.313+0000] {subprocess.py:93} INFO - 25/11/30 18:51:19 INFO SecurityManager: Changing view acls groups to:
[2025-11-30T18:51:19.314+0000] {subprocess.py:93} INFO - 25/11/30 18:51:19 INFO SecurityManager: Changing modify acls groups to:
[2025-11-30T18:51:19.315+0000] {subprocess.py:93} INFO - 25/11/30 18:51:19 INFO SecurityManager: SecurityManager: authentication disabled; ui acls disabled; users with view permissions: jovyan; groups with view permissions: EMPTY; users with modify permissions: jovyan; groups with modify permissions: EMPTY
[2025-11-30T18:51:19.632+0000] {subprocess.py:93} INFO - 25/11/30 18:51:19 INFO Utils: Successfully started service 'sparkDriver' on port 41177.
[2025-11-30T18:51:19.669+0000] {subprocess.py:93} INFO - 25/11/30 18:51:19 INFO SparkEnv: Registering MapOutputTracker
[2025-11-30T18:51:19.705+0000] {subprocess.py:93} INFO - 25/11/30 18:51:19 INFO SparkEnv: Registering BlockManagerMaster
[2025-11-30T18:51:19.724+0000] {subprocess.py:93} INFO - 25/11/30 18:51:19 INFO BlockManagerMasterEndpoint: Using org.apache.spark.storage.DefaultTopologyMapper for getting topology information
[2025-11-30T18:51:19.725+0000] {subprocess.py:93} INFO - 25/11/30 18:51:19 INFO BlockManagerMasterEndpoint: BlockManagerMasterEndpoint up
[2025-11-30T18:51:19.728+0000] {subprocess.py:93} INFO - 25/11/30 18:51:19 INFO SparkEnv: Registering BlockManagerMasterHeartbeat
[2025-11-30T18:51:19.754+0000] {subprocess.py:93} INFO - 25/11/30 18:51:19 INFO DiskBlockManager: Created local directory at /tmp/blockmgr-70a52494-e46e-4cc5-9774-611d4206a7de
[2025-11-30T18:51:19.775+0000] {subprocess.py:93} INFO - 25/11/30 18:51:19 INFO MemoryStore: MemoryStore started with capacity 434.4 MiB
[2025-11-30T18:51:19.798+0000] {subprocess.py:93} INFO - 25/11/30 18:51:19 INFO SparkEnv: Registering OutputCommitCoordinator
[2025-11-30T18:51:19.941+0000] {subprocess.py:93} INFO - 25/11/30 18:51:19 INFO JettyUtils: Start Jetty 0.0.0.0:4040 for SparkUI
[2025-11-30T18:51:20.046+0000] {subprocess.py:93} INFO - 25/11/30 18:51:20 INFO Utils: Successfully started service 'SparkUI' on port 4040.
[2025-11-30T18:51:20.184+0000] {subprocess.py:93} INFO - 25/11/30 18:51:20 INFO Executor: Starting executor ID driver on host 76c6f5c40d8c
[2025-11-30T18:51:20.184+0000] {subprocess.py:93} INFO - 25/11/30 18:51:20 INFO Executor: OS info Linux, 5.15.167.4-microsoft-standard-WSL2, amd64
[2025-11-30T18:51:20.185+0000] {subprocess.py:93} INFO - 25/11/30 18:51:20 INFO Executor: Java version 17.0.8.1
[2025-11-30T18:51:20.197+0000] {subprocess.py:93} INFO - 25/11/30 18:51:20 INFO Executor: Starting executor with user classpath (userClassPathFirst = false): ''
[2025-11-30T18:51:20.199+0000] {subprocess.py:93} INFO - 25/11/30 18:51:20 INFO Executor: Created or updated repl class loader org.apache.spark.util.MutableURLClassLoader@57061531 for default.
[2025-11-30T18:51:20.231+0000] {subprocess.py:93} INFO - 25/11/30 18:51:20 INFO Utils: Successfully started service 'org.apache.spark.network.netty.NettyBlockTransferService' on port 39101.
[2025-11-30T18:51:20.232+0000] {subprocess.py:93} INFO - 25/11/30 18:51:20 INFO NettyBlockTransferService: Server created on 76c6f5c40d8c:39101
[2025-11-30T18:51:20.235+0000] {subprocess.py:93} INFO - 25/11/30 18:51:20 INFO BlockManager: Using org.apache.spark.storage.RandomBlockReplicationPolicy for block replication policy
[2025-11-30T18:51:20.244+0000] {subprocess.py:93} INFO - 25/11/30 18:51:20 INFO BlockManagerMaster: Registering BlockManager BlockManagerId(driver, 76c6f5c40d8c, 39101, None)
[2025-11-30T18:51:20.249+0000] {subprocess.py:93} INFO - 25/11/30 18:51:20 INFO BlockManagerMasterEndpoint: Registering block manager 76c6f5c40d8c:39101 with 434.4 MiB RAM, BlockManagerId(driver, 76c6f5c40d8c, 39101, None)
[2025-11-30T18:51:20.251+0000] {subprocess.py:93} INFO - 25/11/30 18:51:20 INFO BlockManagerMaster: Registered BlockManager BlockManagerId(driver, 76c6f5c40d8c, 39101, None)
[2025-11-30T18:51:20.253+0000] {subprocess.py:93} INFO - 25/11/30 18:51:20 INFO BlockManager: Initialized BlockManager: BlockManagerId(driver, 76c6f5c40d8c, 39101, None)
[2025-11-30T18:51:20.895+0000] {subprocess.py:93} INFO - 25/11/30 18:51:20 INFO SharedState: Setting hive.metastore.warehouse.dir ('null') to the value of spark.sql.warehouse.dir.
[2025-11-30T18:51:20.910+0000] {subprocess.py:93} INFO - 25/11/30 18:51:20 INFO SharedState: Warehouse path is 'file:/home/jovyan/spark-warehouse'.
[2025-11-30T18:51:22.466+0000] {subprocess.py:93} INFO - 25/11/30 18:51:22 INFO InMemoryFileIndex: It took 84 ms to list leaf files for 1 paths.
[2025-11-30T18:51:23.065+0000] {subprocess.py:93} INFO - 25/11/30 18:51:23 INFO SparkContext: Starting job: parquet at NativeMethodAccessorImpl.java:0
[2025-11-30T18:51:23.091+0000] {subprocess.py:93} INFO - 25/11/30 18:51:23 INFO DAGScheduler: Got job 0 (parquet at NativeMethodAccessorImpl.java:0) with 1 output partitions
[2025-11-30T18:51:23.092+0000] {subprocess.py:93} INFO - 25/11/30 18:51:23 INFO DAGScheduler: Final stage: ResultStage 0 (parquet at NativeMethodAccessorImpl.java:0)
[2025-11-30T18:51:23.093+0000] {subprocess.py:93} INFO - 25/11/30 18:51:23 INFO DAGScheduler: Parents of final stage: List()
[2025-11-30T18:51:23.093+0000] {subprocess.py:93} INFO - 25/11/30 18:51:23 INFO DAGScheduler: Missing parents: List()
[2025-11-30T18:51:23.097+0000] {subprocess.py:93} INFO - 25/11/30 18:51:23 INFO DAGScheduler: Submitting ResultStage 0 (MapPartitionsRDD[1] at parquet at NativeMethodAccessorImpl.java:0), which has no missing parents
[2025-11-30T18:51:23.183+0000] {subprocess.py:93} INFO - 25/11/30 18:51:23 INFO MemoryStore: Block broadcast_0 stored as values in memory (estimated size 103.1 KiB, free 434.3 MiB)
[2025-11-30T18:51:23.229+0000] {subprocess.py:93} INFO - 25/11/30 18:51:23 INFO MemoryStore: Block broadcast_0_piece0 stored as bytes in memory (estimated size 37.1 KiB, free 434.3 MiB)
[2025-11-30T18:51:23.233+0000] {subprocess.py:93} INFO - 25/11/30 18:51:23 INFO BlockManagerInfo: Added broadcast_0_piece0 in memory on 76c6f5c40d8c:39101 (size: 37.1 KiB, free: 434.4 MiB)
[2025-11-30T18:51:23.240+0000] {subprocess.py:93} INFO - 25/11/30 18:51:23 INFO SparkContext: Created broadcast 0 from broadcast at DAGScheduler.scala:1580
[2025-11-30T18:51:23.262+0000] {subprocess.py:93} INFO - 25/11/30 18:51:23 INFO DAGScheduler: Submitting 1 missing tasks from ResultStage 0 (MapPartitionsRDD[1] at parquet at NativeMethodAccessorImpl.java:0) (first 15 tasks are for partitions Vector(0))
[2025-11-30T18:51:23.263+0000] {subprocess.py:93} INFO - 25/11/30 18:51:23 INFO TaskSchedulerImpl: Adding task set 0.0 with 1 tasks resource profile 0
[2025-11-30T18:51:23.348+0000] {subprocess.py:93} INFO - 25/11/30 18:51:23 INFO TaskSetManager: Starting task 0.0 in stage 0.0 (TID 0) (76c6f5c40d8c, executor driver, partition 0, PROCESS_LOCAL, 7837 bytes)
[2025-11-30T18:51:23.373+0000] {subprocess.py:93} INFO - 25/11/30 18:51:23 INFO Executor: Running task 0.0 in stage 0.0 (TID 0)
[2025-11-30T18:51:23.885+0000] {subprocess.py:93} INFO - 25/11/30 18:51:23 INFO Executor: Finished task 0.0 in stage 0.0 (TID 0). 2680 bytes result sent to driver
[2025-11-30T18:51:23.908+0000] {subprocess.py:93} INFO - 25/11/30 18:51:23 INFO TaskSetManager: Finished task 0.0 in stage 0.0 (TID 0) in 591 ms on 76c6f5c40d8c (executor driver) (1/1)
[2025-11-30T18:51:23.910+0000] {subprocess.py:93} INFO - 25/11/30 18:51:23 INFO TaskSchedulerImpl: Removed TaskSet 0.0, whose tasks have all completed, from pool
[2025-11-30T18:51:23.921+0000] {subprocess.py:93} INFO - 25/11/30 18:51:23 INFO DAGScheduler: ResultStage 0 (parquet at NativeMethodAccessorImpl.java:0) finished in 0.804 s
[2025-11-30T18:51:23.928+0000] {subprocess.py:93} INFO - 25/11/30 18:51:23 INFO DAGScheduler: Job 0 is finished. Cancelling potential speculative or zombie tasks for this job
[2025-11-30T18:51:23.929+0000] {subprocess.py:93} INFO - 25/11/30 18:51:23 INFO TaskSchedulerImpl: Killing all running tasks in stage 0: Stage finished
[2025-11-30T18:51:23.935+0000] {subprocess.py:93} INFO - 25/11/30 18:51:23 INFO DAGScheduler: Job 0 finished: parquet at NativeMethodAccessorImpl.java:0, took 0.868580 s
[2025-11-30T18:51:24.079+0000] {subprocess.py:93} INFO - 25/11/30 18:51:24 INFO BlockManagerInfo: Removed broadcast_0_piece0 on 76c6f5c40d8c:39101 in memory (size: 37.1 KiB, free: 434.4 MiB)
[2025-11-30T18:51:26.241+0000] {subprocess.py:93} INFO - 25/11/30 18:51:26 INFO FileSourceStrategy: Pushed Filters:
[2025-11-30T18:51:26.242+0000] {subprocess.py:93} INFO - 25/11/30 18:51:26 INFO FileSourceStrategy: Post-Scan Filters:
[2025-11-30T18:51:26.407+0000] {subprocess.py:93} INFO - 25/11/30 18:51:26 INFO ParquetUtils: Using default output committer for Parquet: org.apache.parquet.hadoop.ParquetOutputCommitter
[2025-11-30T18:51:26.428+0000] {subprocess.py:93} INFO - 25/11/30 18:51:26 INFO FileOutputCommitter: File Output Committer Algorithm version is 1
[2025-11-30T18:51:26.429+0000] {subprocess.py:93} INFO - 25/11/30 18:51:26 INFO FileOutputCommitter: FileOutputCommitter skip cleanup _temporary folders under output directory:false, ignore cleanup failures: false
[2025-11-30T18:51:26.430+0000] {subprocess.py:93} INFO - 25/11/30 18:51:26 INFO SQLHadoopMapReduceCommitProtocol: Using user defined output committer class org.apache.parquet.hadoop.ParquetOutputCommitter
[2025-11-30T18:51:26.431+0000] {subprocess.py:93} INFO - 25/11/30 18:51:26 INFO FileOutputCommitter: File Output Committer Algorithm version is 1
[2025-11-30T18:51:26.432+0000] {subprocess.py:93} INFO - 25/11/30 18:51:26 INFO FileOutputCommitter: FileOutputCommitter skip cleanup _temporary folders under output directory:false, ignore cleanup failures: false
[2025-11-30T18:51:26.434+0000] {subprocess.py:93} INFO - 25/11/30 18:51:26 INFO SQLHadoopMapReduceCommitProtocol: Using output committer class org.apache.parquet.hadoop.ParquetOutputCommitter
[2025-11-30T18:51:27.041+0000] {subprocess.py:93} INFO - 25/11/30 18:51:27 INFO CodeGenerator: Code generated in 385.714528 ms
[2025-11-30T18:51:27.062+0000] {subprocess.py:93} INFO - 25/11/30 18:51:27 INFO MemoryStore: Block broadcast_1 stored as values in memory (estimated size 202.1 KiB, free 434.2 MiB)
[2025-11-30T18:51:27.088+0000] {subprocess.py:93} INFO - 25/11/30 18:51:27 INFO MemoryStore: Block broadcast_1_piece0 stored as bytes in memory (estimated size 35.2 KiB, free 434.2 MiB)
[2025-11-30T18:51:27.089+0000] {subprocess.py:93} INFO - 25/11/30 18:51:27 INFO BlockManagerInfo: Added broadcast_1_piece0 in memory on 76c6f5c40d8c:39101 (size: 35.2 KiB, free: 434.4 MiB)
[2025-11-30T18:51:27.093+0000] {subprocess.py:93} INFO - 25/11/30 18:51:27 INFO SparkContext: Created broadcast 1 from parquet at NativeMethodAccessorImpl.java:0
[2025-11-30T18:51:27.115+0000] {subprocess.py:93} INFO - 25/11/30 18:51:27 INFO FileSourceScanExec: Planning scan with bin packing, max size: 4194304 bytes, open cost is considered as scanning 4194304 bytes.
[2025-11-30T18:51:27.171+0000] {subprocess.py:93} INFO - 25/11/30 18:51:27 INFO SparkContext: Starting job: parquet at NativeMethodAccessorImpl.java:0
[2025-11-30T18:51:27.173+0000] {subprocess.py:93} INFO - 25/11/30 18:51:27 INFO DAGScheduler: Got job 1 (parquet at NativeMethodAccessorImpl.java:0) with 1 output partitions
[2025-11-30T18:51:27.174+0000] {subprocess.py:93} INFO - 25/11/30 18:51:27 INFO DAGScheduler: Final stage: ResultStage 1 (parquet at NativeMethodAccessorImpl.java:0)
[2025-11-30T18:51:27.175+0000] {subprocess.py:93} INFO - 25/11/30 18:51:27 INFO DAGScheduler: Parents of final stage: List()
[2025-11-30T18:51:27.176+0000] {subprocess.py:93} INFO - 25/11/30 18:51:27 INFO DAGScheduler: Missing parents: List()
[2025-11-30T18:51:27.177+0000] {subprocess.py:93} INFO - 25/11/30 18:51:27 INFO DAGScheduler: Submitting ResultStage 1 (MapPartitionsRDD[5] at parquet at NativeMethodAccessorImpl.java:0), which has no missing parents
[2025-11-30T18:51:27.250+0000] {subprocess.py:93} INFO - 25/11/30 18:51:27 INFO MemoryStore: Block broadcast_2 stored as values in memory (estimated size 233.9 KiB, free 433.9 MiB)
[2025-11-30T18:51:27.256+0000] {subprocess.py:93} INFO - 25/11/30 18:51:27 INFO MemoryStore: Block broadcast_2_piece0 stored as bytes in memory (estimated size 81.2 KiB, free 433.9 MiB)
[2025-11-30T18:51:27.258+0000] {subprocess.py:93} INFO - 25/11/30 18:51:27 INFO BlockManagerInfo: Added broadcast_2_piece0 in memory on 76c6f5c40d8c:39101 (size: 81.2 KiB, free: 434.3 MiB)
[2025-11-30T18:51:27.258+0000] {subprocess.py:93} INFO - 25/11/30 18:51:27 INFO SparkContext: Created broadcast 2 from broadcast at DAGScheduler.scala:1580
[2025-11-30T18:51:27.260+0000] {subprocess.py:93} INFO - 25/11/30 18:51:27 INFO DAGScheduler: Submitting 1 missing tasks from ResultStage 1 (MapPartitionsRDD[5] at parquet at NativeMethodAccessorImpl.java:0) (first 15 tasks are for partitions Vector(0))
[2025-11-30T18:51:27.260+0000] {subprocess.py:93} INFO - 25/11/30 18:51:27 INFO TaskSchedulerImpl: Adding task set 1.0 with 1 tasks resource profile 0
[2025-11-30T18:51:27.269+0000] {subprocess.py:93} INFO - 25/11/30 18:51:27 INFO TaskSetManager: Starting task 0.0 in stage 1.0 (TID 1) (76c6f5c40d8c, executor driver, partition 0, ANY, 8305 bytes)
[2025-11-30T18:51:27.270+0000] {subprocess.py:93} INFO - 25/11/30 18:51:27 INFO Executor: Running task 0.0 in stage 1.0 (TID 1)
[2025-11-30T18:51:27.447+0000] {subprocess.py:93} INFO - 25/11/30 18:51:27 INFO CodeGenerator: Code generated in 87.502404 ms
[2025-11-30T18:51:27.455+0000] {subprocess.py:93} INFO - 25/11/30 18:51:27 INFO FileOutputCommitter: File Output Committer Algorithm version is 1
[2025-11-30T18:51:27.456+0000] {subprocess.py:93} INFO - 25/11/30 18:51:27 INFO FileOutputCommitter: FileOutputCommitter skip cleanup _temporary folders under output directory:false, ignore cleanup failures: false
[2025-11-30T18:51:27.457+0000] {subprocess.py:93} INFO - 25/11/30 18:51:27 INFO SQLHadoopMapReduceCommitProtocol: Using user defined output committer class org.apache.parquet.hadoop.ParquetOutputCommitter
[2025-11-30T18:51:27.458+0000] {subprocess.py:93} INFO - 25/11/30 18:51:27 INFO FileOutputCommitter: File Output Committer Algorithm version is 1
[2025-11-30T18:51:27.459+0000] {subprocess.py:93} INFO - 25/11/30 18:51:27 INFO FileOutputCommitter: FileOutputCommitter skip cleanup _temporary folders under output directory:false, ignore cleanup failures: false
[2025-11-30T18:51:27.460+0000] {subprocess.py:93} INFO - 25/11/30 18:51:27 INFO SQLHadoopMapReduceCommitProtocol: Using output committer class org.apache.parquet.hadoop.ParquetOutputCommitter
[2025-11-30T18:51:27.467+0000] {subprocess.py:93} INFO - 25/11/30 18:51:27 INFO CodecConfig: Compression: SNAPPY
[2025-11-30T18:51:27.470+0000] {subprocess.py:93} INFO - 25/11/30 18:51:27 INFO CodecConfig: Compression: SNAPPY
[2025-11-30T18:51:27.504+0000] {subprocess.py:93} INFO - 25/11/30 18:51:27 INFO ParquetOutputFormat: ParquetRecordWriter [block size: 134217728b, row group padding size: 8388608b, validating: false]
[2025-11-30T18:51:27.532+0000] {subprocess.py:93} INFO - 25/11/30 18:51:27 INFO ParquetWriteSupport: Initialized Parquet WriteSupport with Catalyst schema:
[2025-11-30T18:51:27.533+0000] {subprocess.py:93} INFO - {
[2025-11-30T18:51:27.534+0000] {subprocess.py:93} INFO -   "type" : "struct",
[2025-11-30T18:51:27.535+0000] {subprocess.py:93} INFO -   "fields" : [ {
[2025-11-30T18:51:27.535+0000] {subprocess.py:93} INFO -     "name" : "title",
[2025-11-30T18:51:27.536+0000] {subprocess.py:93} INFO -     "type" : "string",
[2025-11-30T18:51:27.537+0000] {subprocess.py:93} INFO -     "nullable" : true,
[2025-11-30T18:51:27.538+0000] {subprocess.py:93} INFO -     "metadata" : { }
[2025-11-30T18:51:27.538+0000] {subprocess.py:93} INFO -   }, {
[2025-11-30T18:51:27.539+0000] {subprocess.py:93} INFO -     "name" : "price",
[2025-11-30T18:51:27.540+0000] {subprocess.py:93} INFO -     "type" : "double",
[2025-11-30T18:51:27.540+0000] {subprocess.py:93} INFO -     "nullable" : true,
[2025-11-30T18:51:27.541+0000] {subprocess.py:93} INFO -     "metadata" : { }
[2025-11-30T18:51:27.542+0000] {subprocess.py:93} INFO -   }, {
[2025-11-30T18:51:27.542+0000] {subprocess.py:93} INFO -     "name" : "location",
[2025-11-30T18:51:27.543+0000] {subprocess.py:93} INFO -     "type" : "string",
[2025-11-30T18:51:27.544+0000] {subprocess.py:93} INFO -     "nullable" : true,
[2025-11-30T18:51:27.545+0000] {subprocess.py:93} INFO -     "metadata" : { }
[2025-11-30T18:51:27.545+0000] {subprocess.py:93} INFO -   }, {
[2025-11-30T18:51:27.546+0000] {subprocess.py:93} INFO -     "name" : "size",
[2025-11-30T18:51:27.547+0000] {subprocess.py:93} INFO -     "type" : "double",
[2025-11-30T18:51:27.548+0000] {subprocess.py:93} INFO -     "nullable" : true,
[2025-11-30T18:51:27.548+0000] {subprocess.py:93} INFO -     "metadata" : { }
[2025-11-30T18:51:27.549+0000] {subprocess.py:93} INFO -   }, {
[2025-11-30T18:51:27.549+0000] {subprocess.py:93} INFO -     "name" : "bedrooms",
[2025-11-30T18:51:27.550+0000] {subprocess.py:93} INFO -     "type" : "integer",
[2025-11-30T18:51:27.550+0000] {subprocess.py:93} INFO -     "nullable" : true,
[2025-11-30T18:51:27.551+0000] {subprocess.py:93} INFO -     "metadata" : { }
[2025-11-30T18:51:27.552+0000] {subprocess.py:93} INFO -   }, {
[2025-11-30T18:51:27.553+0000] {subprocess.py:93} INFO -     "name" : "bathrooms",
[2025-11-30T18:51:27.553+0000] {subprocess.py:93} INFO -     "type" : "integer",
[2025-11-30T18:51:27.554+0000] {subprocess.py:93} INFO -     "nullable" : true,
[2025-11-30T18:51:27.554+0000] {subprocess.py:93} INFO -     "metadata" : { }
[2025-11-30T18:51:27.555+0000] {subprocess.py:93} INFO -   }, {
[2025-11-30T18:51:27.555+0000] {subprocess.py:93} INFO -     "name" : "compound",
[2025-11-30T18:51:27.556+0000] {subprocess.py:93} INFO -     "type" : "string",
[2025-11-30T18:51:27.557+0000] {subprocess.py:93} INFO -     "nullable" : false,
[2025-11-30T18:51:27.557+0000] {subprocess.py:93} INFO -     "metadata" : { }
[2025-11-30T18:51:27.558+0000] {subprocess.py:93} INFO -   }, {
[2025-11-30T18:51:27.558+0000] {subprocess.py:93} INFO -     "name" : "source",
[2025-11-30T18:51:27.559+0000] {subprocess.py:93} INFO -     "type" : "string",
[2025-11-30T18:51:27.560+0000] {subprocess.py:93} INFO -     "nullable" : false,
[2025-11-30T18:51:27.560+0000] {subprocess.py:93} INFO -     "metadata" : { }
[2025-11-30T18:51:27.561+0000] {subprocess.py:93} INFO -   }, {
[2025-11-30T18:51:27.561+0000] {subprocess.py:93} INFO -     "name" : "property_type",
[2025-11-30T18:51:27.562+0000] {subprocess.py:93} INFO -     "type" : "string",
[2025-11-30T18:51:27.562+0000] {subprocess.py:93} INFO -     "nullable" : true,
[2025-11-30T18:51:27.563+0000] {subprocess.py:93} INFO -     "metadata" : { }
[2025-11-30T18:51:27.564+0000] {subprocess.py:93} INFO -   }, {
[2025-11-30T18:51:27.565+0000] {subprocess.py:93} INFO -     "name" : "link",
[2025-11-30T18:51:27.565+0000] {subprocess.py:93} INFO -     "type" : "string",
[2025-11-30T18:51:27.566+0000] {subprocess.py:93} INFO -     "nullable" : true,
[2025-11-30T18:51:27.567+0000] {subprocess.py:93} INFO -     "metadata" : { }
[2025-11-30T18:51:27.568+0000] {subprocess.py:93} INFO -   }, {
[2025-11-30T18:51:27.569+0000] {subprocess.py:93} INFO -     "name" : "description",
[2025-11-30T18:51:27.569+0000] {subprocess.py:93} INFO -     "type" : "string",
[2025-11-30T18:51:27.570+0000] {subprocess.py:93} INFO -     "nullable" : true,
[2025-11-30T18:51:27.570+0000] {subprocess.py:93} INFO -     "metadata" : { }
[2025-11-30T18:51:27.571+0000] {subprocess.py:93} INFO -   }, {
[2025-11-30T18:51:27.571+0000] {subprocess.py:93} INFO -     "name" : "price_per_sqm",
[2025-11-30T18:51:27.572+0000] {subprocess.py:93} INFO -     "type" : "double",
[2025-11-30T18:51:27.573+0000] {subprocess.py:93} INFO -     "nullable" : true,
[2025-11-30T18:51:27.574+0000] {subprocess.py:93} INFO -     "metadata" : { }
[2025-11-30T18:51:27.575+0000] {subprocess.py:93} INFO -   }, {
[2025-11-30T18:51:27.575+0000] {subprocess.py:93} INFO -     "name" : "latitude",
[2025-11-30T18:51:27.576+0000] {subprocess.py:93} INFO -     "type" : "string",
[2025-11-30T18:51:27.576+0000] {subprocess.py:93} INFO -     "nullable" : true,
[2025-11-30T18:51:27.577+0000] {subprocess.py:93} INFO -     "metadata" : { }
[2025-11-30T18:51:27.577+0000] {subprocess.py:93} INFO -   }, {
[2025-11-30T18:51:27.578+0000] {subprocess.py:93} INFO -     "name" : "longitude",
[2025-11-30T18:51:27.579+0000] {subprocess.py:93} INFO -     "type" : "string",
[2025-11-30T18:51:27.580+0000] {subprocess.py:93} INFO -     "nullable" : true,
[2025-11-30T18:51:27.580+0000] {subprocess.py:93} INFO -     "metadata" : { }
[2025-11-30T18:51:27.581+0000] {subprocess.py:93} INFO -   }, {
[2025-11-30T18:51:27.582+0000] {subprocess.py:93} INFO -     "name" : "Jacuzzi",
[2025-11-30T18:51:27.583+0000] {subprocess.py:93} INFO -     "type" : "integer",
[2025-11-30T18:51:27.584+0000] {subprocess.py:93} INFO -     "nullable" : false,
[2025-11-30T18:51:27.584+0000] {subprocess.py:93} INFO -     "metadata" : { }
[2025-11-30T18:51:27.585+0000] {subprocess.py:93} INFO -   }, {
[2025-11-30T18:51:27.585+0000] {subprocess.py:93} INFO -     "name" : "Garden",
[2025-11-30T18:51:27.586+0000] {subprocess.py:93} INFO -     "type" : "integer",
[2025-11-30T18:51:27.587+0000] {subprocess.py:93} INFO -     "nullable" : false,
[2025-11-30T18:51:27.588+0000] {subprocess.py:93} INFO -     "metadata" : { }
[2025-11-30T18:51:27.588+0000] {subprocess.py:93} INFO -   }, {
[2025-11-30T18:51:27.588+0000] {subprocess.py:93} INFO -     "name" : "Balcony",
[2025-11-30T18:51:27.589+0000] {subprocess.py:93} INFO -     "type" : "integer",
[2025-11-30T18:51:27.589+0000] {subprocess.py:93} INFO -     "nullable" : false,
[2025-11-30T18:51:27.590+0000] {subprocess.py:93} INFO -     "metadata" : { }
[2025-11-30T18:51:27.591+0000] {subprocess.py:93} INFO -   }, {
[2025-11-30T18:51:27.591+0000] {subprocess.py:93} INFO -     "name" : "Pool",
[2025-11-30T18:51:27.592+0000] {subprocess.py:93} INFO -     "type" : "integer",
[2025-11-30T18:51:27.592+0000] {subprocess.py:93} INFO -     "nullable" : false,
[2025-11-30T18:51:27.593+0000] {subprocess.py:93} INFO -     "metadata" : { }
[2025-11-30T18:51:27.594+0000] {subprocess.py:93} INFO -   }, {
[2025-11-30T18:51:27.595+0000] {subprocess.py:93} INFO -     "name" : "Parking",
[2025-11-30T18:51:27.595+0000] {subprocess.py:93} INFO -     "type" : "integer",
[2025-11-30T18:51:27.596+0000] {subprocess.py:93} INFO -     "nullable" : false,
[2025-11-30T18:51:27.597+0000] {subprocess.py:93} INFO -     "metadata" : { }
[2025-11-30T18:51:27.598+0000] {subprocess.py:93} INFO -   }, {
[2025-11-30T18:51:27.599+0000] {subprocess.py:93} INFO -     "name" : "Gym",
[2025-11-30T18:51:27.600+0000] {subprocess.py:93} INFO -     "type" : "integer",
[2025-11-30T18:51:27.601+0000] {subprocess.py:93} INFO -     "nullable" : false,
[2025-11-30T18:51:27.601+0000] {subprocess.py:93} INFO -     "metadata" : { }
[2025-11-30T18:51:27.602+0000] {subprocess.py:93} INFO -   }, {
[2025-11-30T18:51:27.603+0000] {subprocess.py:93} INFO -     "name" : "Maids_Quarters",
[2025-11-30T18:51:27.604+0000] {subprocess.py:93} INFO -     "type" : "integer",
[2025-11-30T18:51:27.604+0000] {subprocess.py:93} INFO -     "nullable" : false,
[2025-11-30T18:51:27.605+0000] {subprocess.py:93} INFO -     "metadata" : { }
[2025-11-30T18:51:27.606+0000] {subprocess.py:93} INFO -   }, {
[2025-11-30T18:51:27.607+0000] {subprocess.py:93} INFO -     "name" : "Spa",
[2025-11-30T18:51:27.607+0000] {subprocess.py:93} INFO -     "type" : "integer",
[2025-11-30T18:51:27.608+0000] {subprocess.py:93} INFO -     "nullable" : false,
[2025-11-30T18:51:27.609+0000] {subprocess.py:93} INFO -     "metadata" : { }
[2025-11-30T18:51:27.610+0000] {subprocess.py:93} INFO -   } ]
[2025-11-30T18:51:27.610+0000] {subprocess.py:93} INFO - }
[2025-11-30T18:51:27.611+0000] {subprocess.py:93} INFO - and corresponding Parquet message type:
[2025-11-30T18:51:27.615+0000] {subprocess.py:93} INFO - message spark_schema {
[2025-11-30T18:51:27.616+0000] {subprocess.py:93} INFO -   optional binary title (STRING);
[2025-11-30T18:51:27.618+0000] {subprocess.py:93} INFO -   optional double price;
[2025-11-30T18:51:27.618+0000] {subprocess.py:93} INFO -   optional binary location (STRING);
[2025-11-30T18:51:27.619+0000] {subprocess.py:93} INFO -   optional double size;
[2025-11-30T18:51:27.620+0000] {subprocess.py:93} INFO -   optional int32 bedrooms;
[2025-11-30T18:51:27.621+0000] {subprocess.py:93} INFO -   optional int32 bathrooms;
[2025-11-30T18:51:27.621+0000] {subprocess.py:93} INFO -   required binary compound (STRING);
[2025-11-30T18:51:27.622+0000] {subprocess.py:93} INFO -   required binary source (STRING);
[2025-11-30T18:51:27.623+0000] {subprocess.py:93} INFO -   optional binary property_type (STRING);
[2025-11-30T18:51:27.624+0000] {subprocess.py:93} INFO -   optional binary link (STRING);
[2025-11-30T18:51:27.625+0000] {subprocess.py:93} INFO -   optional binary description (STRING);
[2025-11-30T18:51:27.626+0000] {subprocess.py:93} INFO -   optional double price_per_sqm;
[2025-11-30T18:51:27.626+0000] {subprocess.py:93} INFO -   optional binary latitude (STRING);
[2025-11-30T18:51:27.627+0000] {subprocess.py:93} INFO -   optional binary longitude (STRING);
[2025-11-30T18:51:27.628+0000] {subprocess.py:93} INFO -   required int32 Jacuzzi;
[2025-11-30T18:51:27.629+0000] {subprocess.py:93} INFO -   required int32 Garden;
[2025-11-30T18:51:27.629+0000] {subprocess.py:93} INFO -   required int32 Balcony;
[2025-11-30T18:51:27.630+0000] {subprocess.py:93} INFO -   required int32 Pool;
[2025-11-30T18:51:27.631+0000] {subprocess.py:93} INFO -   required int32 Parking;
[2025-11-30T18:51:27.631+0000] {subprocess.py:93} INFO -   required int32 Gym;
[2025-11-30T18:51:27.632+0000] {subprocess.py:93} INFO -   required int32 Maids_Quarters;
[2025-11-30T18:51:27.632+0000] {subprocess.py:93} INFO -   required int32 Spa;
[2025-11-30T18:51:27.633+0000] {subprocess.py:93} INFO - }
[2025-11-30T18:51:27.633+0000] {subprocess.py:93} INFO - 
[2025-11-30T18:51:27.634+0000] {subprocess.py:93} INFO - 
[2025-11-30T18:51:27.634+0000] {subprocess.py:93} INFO - 25/11/30 18:51:27 INFO CodecPool: Got brand-new compressor [.snappy]
[2025-11-30T18:51:27.802+0000] {subprocess.py:93} INFO - 25/11/30 18:51:27 INFO FileScanRDD: Reading File path: hdfs://namenode:9000/datalake/silver/cleaned_propertyfinder/part-00000-a4385e88-fe43-49c1-b36f-fdcf05ea261a-c000.snappy.parquet, range: 0-459027, partition values: [empty row]
[2025-11-30T18:51:27.945+0000] {subprocess.py:93} INFO - 25/11/30 18:51:27 INFO CodecPool: Got brand-new decompressor [.snappy]
[2025-11-30T18:51:28.416+0000] {subprocess.py:93} INFO - 25/11/30 18:51:28 INFO FileOutputCommitter: Saved output of task 'attempt_202511301851274936256516894859789_0001_m_000000_1' to hdfs://namenode:9000/datalake/gold/propertyfinder_gold/_temporary/0/task_202511301851274936256516894859789_0001_m_000000
[2025-11-30T18:51:28.418+0000] {subprocess.py:93} INFO - 25/11/30 18:51:28 INFO SparkHadoopMapRedUtil: attempt_202511301851274936256516894859789_0001_m_000000_1: Committed. Elapsed time: 13 ms.
[2025-11-30T18:51:28.432+0000] {subprocess.py:93} INFO - 25/11/30 18:51:28 INFO Executor: Finished task 0.0 in stage 1.0 (TID 1). 2821 bytes result sent to driver
[2025-11-30T18:51:28.441+0000] {subprocess.py:93} INFO - 25/11/30 18:51:28 INFO TaskSetManager: Finished task 0.0 in stage 1.0 (TID 1) in 1172 ms on 76c6f5c40d8c (executor driver) (1/1)
[2025-11-30T18:51:28.442+0000] {subprocess.py:93} INFO - 25/11/30 18:51:28 INFO TaskSchedulerImpl: Removed TaskSet 1.0, whose tasks have all completed, from pool
[2025-11-30T18:51:28.443+0000] {subprocess.py:93} INFO - 25/11/30 18:51:28 INFO DAGScheduler: ResultStage 1 (parquet at NativeMethodAccessorImpl.java:0) finished in 1.258 s
[2025-11-30T18:51:28.444+0000] {subprocess.py:93} INFO - 25/11/30 18:51:28 INFO DAGScheduler: Job 1 is finished. Cancelling potential speculative or zombie tasks for this job
[2025-11-30T18:51:28.446+0000] {subprocess.py:93} INFO - 25/11/30 18:51:28 INFO TaskSchedulerImpl: Killing all running tasks in stage 1: Stage finished
[2025-11-30T18:51:28.449+0000] {subprocess.py:93} INFO - 25/11/30 18:51:28 INFO DAGScheduler: Job 1 finished: parquet at NativeMethodAccessorImpl.java:0, took 1.271377 s
[2025-11-30T18:51:28.450+0000] {subprocess.py:93} INFO - 25/11/30 18:51:28 INFO FileFormatWriter: Start to commit write Job 2e792473-629f-4587-b87e-d5f1e371cbf8.
[2025-11-30T18:51:28.486+0000] {subprocess.py:93} INFO - 25/11/30 18:51:28 INFO FileFormatWriter: Write Job 2e792473-629f-4587-b87e-d5f1e371cbf8 committed. Elapsed time: 35 ms.
[2025-11-30T18:51:28.492+0000] {subprocess.py:93} INFO - 25/11/30 18:51:28 INFO FileFormatWriter: Finished processing stats for write job 2e792473-629f-4587-b87e-d5f1e371cbf8.
[2025-11-30T18:51:28.497+0000] {subprocess.py:93} INFO - ✅ PropertyFinder Gold data (Enriched) saved to hdfs://namenode:9000/datalake/gold/propertyfinder_gold
[2025-11-30T18:51:28.498+0000] {subprocess.py:93} INFO - 25/11/30 18:51:28 INFO SparkContext: SparkContext is stopping with exitCode 0.
[2025-11-30T18:51:28.512+0000] {subprocess.py:93} INFO - 25/11/30 18:51:28 INFO SparkUI: Stopped Spark web UI at http://76c6f5c40d8c:4040
[2025-11-30T18:51:28.530+0000] {subprocess.py:93} INFO - 25/11/30 18:51:28 INFO MapOutputTrackerMasterEndpoint: MapOutputTrackerMasterEndpoint stopped!
[2025-11-30T18:51:28.547+0000] {subprocess.py:93} INFO - 25/11/30 18:51:28 INFO MemoryStore: MemoryStore cleared
[2025-11-30T18:51:28.548+0000] {subprocess.py:93} INFO - 25/11/30 18:51:28 INFO BlockManager: BlockManager stopped
[2025-11-30T18:51:28.553+0000] {subprocess.py:93} INFO - 25/11/30 18:51:28 INFO BlockManagerMaster: BlockManagerMaster stopped
[2025-11-30T18:51:28.557+0000] {subprocess.py:93} INFO - 25/11/30 18:51:28 INFO OutputCommitCoordinator$OutputCommitCoordinatorEndpoint: OutputCommitCoordinator stopped!
[2025-11-30T18:51:28.572+0000] {subprocess.py:93} INFO - 25/11/30 18:51:28 INFO SparkContext: Successfully stopped SparkContext
[2025-11-30T18:51:29.178+0000] {subprocess.py:93} INFO - 25/11/30 18:51:29 INFO ShutdownHookManager: Shutdown hook called
[2025-11-30T18:51:29.180+0000] {subprocess.py:93} INFO - 25/11/30 18:51:29 INFO ShutdownHookManager: Deleting directory /tmp/spark-f625f6c5-4e96-4222-83be-90837f7ad79a
[2025-11-30T18:51:29.188+0000] {subprocess.py:93} INFO - 25/11/30 18:51:29 INFO ShutdownHookManager: Deleting directory /tmp/spark-79014a37-cc89-42ef-bb0b-1a00e6db5835/pyspark-a673d5e8-a79c-42ba-97d0-b8786bf24eb2
[2025-11-30T18:51:29.194+0000] {subprocess.py:93} INFO - 25/11/30 18:51:29 INFO ShutdownHookManager: Deleting directory /tmp/spark-79014a37-cc89-42ef-bb0b-1a00e6db5835
[2025-11-30T18:51:29.279+0000] {subprocess.py:97} INFO - Command exited with return code 0
[2025-11-30T18:51:29.280+0000] {taskinstance.py:441} INFO - ::group::Post task execution logs
[2025-11-30T18:51:29.318+0000] {taskinstance.py:1206} INFO - Marking task as SUCCESS. dag_id=real_estate_etl_pipeline, task_id=transform_propertyfinder, run_id=manual__2025-11-30T18:25:30.102845+00:00, execution_date=20251130T182530, start_date=20251130T185114, end_date=20251130T185129
[2025-11-30T18:51:29.396+0000] {local_task_job_runner.py:240} INFO - Task exited with return code 0
[2025-11-30T18:51:29.451+0000] {taskinstance.py:3503} INFO - 0 downstream tasks scheduled from follow-on schedule check
[2025-11-30T18:51:29.457+0000] {local_task_job_runner.py:222} INFO - ::endgroup::
