[2025-11-30T19:15:46.895+0000] {local_task_job_runner.py:120} INFO - ::group::Pre task execution logs
[2025-11-30T19:15:46.927+0000] {taskinstance.py:2076} INFO - Dependencies all met for dep_context=non-requeueable deps ti=<TaskInstance: real_estate_etl_pipeline.transform_propertyfinder manual__2025-11-30T18:25:30.102845+00:00 [queued]>
[2025-11-30T19:15:46.935+0000] {taskinstance.py:2076} INFO - Dependencies all met for dep_context=requeueable deps ti=<TaskInstance: real_estate_etl_pipeline.transform_propertyfinder manual__2025-11-30T18:25:30.102845+00:00 [queued]>
[2025-11-30T19:15:46.936+0000] {taskinstance.py:2306} INFO - Starting attempt 3 of 4
[2025-11-30T19:15:46.955+0000] {taskinstance.py:2330} INFO - Executing <Task(BashOperator): transform_propertyfinder> on 2025-11-30 18:25:30.102845+00:00
[2025-11-30T19:15:46.964+0000] {warnings.py:112} WARNING - /home/***/.local/lib/python3.12/site-packages/***/task/task_runner/standard_task_runner.py:61: DeprecationWarning: This process (pid=735) is multi-threaded, use of fork() may lead to deadlocks in the child.
  pid = os.fork()

[2025-11-30T19:15:46.966+0000] {standard_task_runner.py:63} INFO - Started process 744 to run task
[2025-11-30T19:15:46.966+0000] {standard_task_runner.py:90} INFO - Running: ['***', 'tasks', 'run', 'real_estate_etl_pipeline', 'transform_propertyfinder', 'manual__2025-11-30T18:25:30.102845+00:00', '--job-id', '48', '--raw', '--subdir', 'DAGS_FOLDER/scraping_dag.py', '--cfg-path', '/tmp/tmpap4470rr']
[2025-11-30T19:15:46.968+0000] {standard_task_runner.py:91} INFO - Job 48: Subtask transform_propertyfinder
[2025-11-30T19:15:47.024+0000] {task_command.py:426} INFO - Running <TaskInstance: real_estate_etl_pipeline.transform_propertyfinder manual__2025-11-30T18:25:30.102845+00:00 [running]> on host 9a9a5f972fcd
[2025-11-30T19:15:47.105+0000] {taskinstance.py:2648} INFO - Exporting env vars: AIRFLOW_CTX_DAG_OWNER='***' AIRFLOW_CTX_DAG_ID='real_estate_etl_pipeline' AIRFLOW_CTX_TASK_ID='transform_propertyfinder' AIRFLOW_CTX_EXECUTION_DATE='2025-11-30T18:25:30.102845+00:00' AIRFLOW_CTX_TRY_NUMBER='3' AIRFLOW_CTX_DAG_RUN_ID='manual__2025-11-30T18:25:30.102845+00:00'
[2025-11-30T19:15:47.106+0000] {taskinstance.py:430} INFO - ::endgroup::
[2025-11-30T19:15:47.107+0000] {subprocess.py:63} INFO - Tmp dir root location: /tmp
[2025-11-30T19:15:47.108+0000] {subprocess.py:75} INFO - Running command: ['/usr/bin/bash', '-c', 'docker exec jupyter spark-submit --master local[*] /data/Transformation_Layer_Pyspark/transform_propertyfinder.py']
[2025-11-30T19:15:47.119+0000] {subprocess.py:86} INFO - Output:
[2025-11-30T19:15:54.596+0000] {subprocess.py:93} INFO - 25/11/30 19:15:54 INFO SparkContext: Running Spark version 3.5.0
[2025-11-30T19:15:54.599+0000] {subprocess.py:93} INFO - 25/11/30 19:15:54 INFO SparkContext: OS info Linux, 5.15.167.4-microsoft-standard-WSL2, amd64
[2025-11-30T19:15:54.599+0000] {subprocess.py:93} INFO - 25/11/30 19:15:54 INFO SparkContext: Java version 17.0.8.1
[2025-11-30T19:15:54.681+0000] {subprocess.py:93} INFO - 25/11/30 19:15:54 WARN NativeCodeLoader: Unable to load native-hadoop library for your platform... using builtin-java classes where applicable
[2025-11-30T19:15:54.810+0000] {subprocess.py:93} INFO - 25/11/30 19:15:54 INFO ResourceUtils: ==============================================================
[2025-11-30T19:15:54.811+0000] {subprocess.py:93} INFO - 25/11/30 19:15:54 INFO ResourceUtils: No custom resources configured for spark.driver.
[2025-11-30T19:15:54.811+0000] {subprocess.py:93} INFO - 25/11/30 19:15:54 INFO ResourceUtils: ==============================================================
[2025-11-30T19:15:54.812+0000] {subprocess.py:93} INFO - 25/11/30 19:15:54 INFO SparkContext: Submitted application: Transform_PropertyFinder
[2025-11-30T19:15:54.839+0000] {subprocess.py:93} INFO - 25/11/30 19:15:54 INFO ResourceProfile: Default ResourceProfile created, executor resources: Map(cores -> name: cores, amount: 1, script: , vendor: , memory -> name: memory, amount: 1024, script: , vendor: , offHeap -> name: offHeap, amount: 0, script: , vendor: ), task resources: Map(cpus -> name: cpus, amount: 1.0)
[2025-11-30T19:15:54.847+0000] {subprocess.py:93} INFO - 25/11/30 19:15:54 INFO ResourceProfile: Limiting resource is cpu
[2025-11-30T19:15:54.848+0000] {subprocess.py:93} INFO - 25/11/30 19:15:54 INFO ResourceProfileManager: Added ResourceProfile id: 0
[2025-11-30T19:15:55.048+0000] {subprocess.py:93} INFO - 25/11/30 19:15:55 INFO SecurityManager: Changing view acls to: jovyan
[2025-11-30T19:15:55.050+0000] {subprocess.py:93} INFO - 25/11/30 19:15:55 INFO SecurityManager: Changing modify acls to: jovyan
[2025-11-30T19:15:55.051+0000] {subprocess.py:93} INFO - 25/11/30 19:15:55 INFO SecurityManager: Changing view acls groups to:
[2025-11-30T19:15:55.051+0000] {subprocess.py:93} INFO - 25/11/30 19:15:55 INFO SecurityManager: Changing modify acls groups to:
[2025-11-30T19:15:55.052+0000] {subprocess.py:93} INFO - 25/11/30 19:15:55 INFO SecurityManager: SecurityManager: authentication disabled; ui acls disabled; users with view permissions: jovyan; groups with view permissions: EMPTY; users with modify permissions: jovyan; groups with modify permissions: EMPTY
[2025-11-30T19:15:55.639+0000] {subprocess.py:93} INFO - 25/11/30 19:15:55 INFO Utils: Successfully started service 'sparkDriver' on port 34925.
[2025-11-30T19:15:55.683+0000] {subprocess.py:93} INFO - 25/11/30 19:15:55 INFO SparkEnv: Registering MapOutputTracker
[2025-11-30T19:15:55.727+0000] {subprocess.py:93} INFO - 25/11/30 19:15:55 INFO SparkEnv: Registering BlockManagerMaster
[2025-11-30T19:15:55.746+0000] {subprocess.py:93} INFO - 25/11/30 19:15:55 INFO BlockManagerMasterEndpoint: Using org.apache.spark.storage.DefaultTopologyMapper for getting topology information
[2025-11-30T19:15:55.748+0000] {subprocess.py:93} INFO - 25/11/30 19:15:55 INFO BlockManagerMasterEndpoint: BlockManagerMasterEndpoint up
[2025-11-30T19:15:55.764+0000] {subprocess.py:93} INFO - 25/11/30 19:15:55 INFO SparkEnv: Registering BlockManagerMasterHeartbeat
[2025-11-30T19:15:55.800+0000] {subprocess.py:93} INFO - 25/11/30 19:15:55 INFO DiskBlockManager: Created local directory at /tmp/blockmgr-eddc8730-693a-48c0-96bc-f07d87611f3f
[2025-11-30T19:15:55.821+0000] {subprocess.py:93} INFO - 25/11/30 19:15:55 INFO MemoryStore: MemoryStore started with capacity 434.4 MiB
[2025-11-30T19:15:55.857+0000] {subprocess.py:93} INFO - 25/11/30 19:15:55 INFO SparkEnv: Registering OutputCommitCoordinator
[2025-11-30T19:15:56.052+0000] {subprocess.py:93} INFO - 25/11/30 19:15:56 INFO JettyUtils: Start Jetty 0.0.0.0:4040 for SparkUI
[2025-11-30T19:15:56.117+0000] {subprocess.py:93} INFO - 25/11/30 19:15:56 WARN Utils: Service 'SparkUI' could not bind on port 4040. Attempting port 4041.
[2025-11-30T19:15:56.138+0000] {subprocess.py:93} INFO - 25/11/30 19:15:56 INFO Utils: Successfully started service 'SparkUI' on port 4041.
[2025-11-30T19:15:56.311+0000] {subprocess.py:93} INFO - 25/11/30 19:15:56 INFO Executor: Starting executor ID driver on host 76c6f5c40d8c
[2025-11-30T19:15:56.312+0000] {subprocess.py:93} INFO - 25/11/30 19:15:56 INFO Executor: OS info Linux, 5.15.167.4-microsoft-standard-WSL2, amd64
[2025-11-30T19:15:56.313+0000] {subprocess.py:93} INFO - 25/11/30 19:15:56 INFO Executor: Java version 17.0.8.1
[2025-11-30T19:15:56.324+0000] {subprocess.py:93} INFO - 25/11/30 19:15:56 INFO Executor: Starting executor with user classpath (userClassPathFirst = false): ''
[2025-11-30T19:15:56.325+0000] {subprocess.py:93} INFO - 25/11/30 19:15:56 INFO Executor: Created or updated repl class loader org.apache.spark.util.MutableURLClassLoader@58361aef for default.
[2025-11-30T19:15:56.347+0000] {subprocess.py:93} INFO - 25/11/30 19:15:56 INFO Utils: Successfully started service 'org.apache.spark.network.netty.NettyBlockTransferService' on port 46857.
[2025-11-30T19:15:56.348+0000] {subprocess.py:93} INFO - 25/11/30 19:15:56 INFO NettyBlockTransferService: Server created on 76c6f5c40d8c:46857
[2025-11-30T19:15:56.351+0000] {subprocess.py:93} INFO - 25/11/30 19:15:56 INFO BlockManager: Using org.apache.spark.storage.RandomBlockReplicationPolicy for block replication policy
[2025-11-30T19:15:56.358+0000] {subprocess.py:93} INFO - 25/11/30 19:15:56 INFO BlockManagerMaster: Registering BlockManager BlockManagerId(driver, 76c6f5c40d8c, 46857, None)
[2025-11-30T19:15:56.372+0000] {subprocess.py:93} INFO - 25/11/30 19:15:56 INFO BlockManagerMasterEndpoint: Registering block manager 76c6f5c40d8c:46857 with 434.4 MiB RAM, BlockManagerId(driver, 76c6f5c40d8c, 46857, None)
[2025-11-30T19:15:56.376+0000] {subprocess.py:93} INFO - 25/11/30 19:15:56 INFO BlockManagerMaster: Registered BlockManager BlockManagerId(driver, 76c6f5c40d8c, 46857, None)
[2025-11-30T19:15:56.378+0000] {subprocess.py:93} INFO - 25/11/30 19:15:56 INFO BlockManager: Initialized BlockManager: BlockManagerId(driver, 76c6f5c40d8c, 46857, None)
[2025-11-30T19:15:57.031+0000] {subprocess.py:93} INFO - 25/11/30 19:15:57 INFO SharedState: Setting hive.metastore.warehouse.dir ('null') to the value of spark.sql.warehouse.dir.
[2025-11-30T19:15:57.038+0000] {subprocess.py:93} INFO - 25/11/30 19:15:57 INFO SharedState: Warehouse path is 'file:/home/jovyan/spark-warehouse'.
[2025-11-30T19:15:58.804+0000] {subprocess.py:93} INFO - 25/11/30 19:15:58 INFO InMemoryFileIndex: It took 73 ms to list leaf files for 1 paths.
[2025-11-30T19:15:59.548+0000] {subprocess.py:93} INFO - 25/11/30 19:15:59 INFO SparkContext: Starting job: parquet at NativeMethodAccessorImpl.java:0
[2025-11-30T19:15:59.579+0000] {subprocess.py:93} INFO - 25/11/30 19:15:59 INFO DAGScheduler: Got job 0 (parquet at NativeMethodAccessorImpl.java:0) with 1 output partitions
[2025-11-30T19:15:59.581+0000] {subprocess.py:93} INFO - 25/11/30 19:15:59 INFO DAGScheduler: Final stage: ResultStage 0 (parquet at NativeMethodAccessorImpl.java:0)
[2025-11-30T19:15:59.582+0000] {subprocess.py:93} INFO - 25/11/30 19:15:59 INFO DAGScheduler: Parents of final stage: List()
[2025-11-30T19:15:59.584+0000] {subprocess.py:93} INFO - 25/11/30 19:15:59 INFO DAGScheduler: Missing parents: List()
[2025-11-30T19:15:59.596+0000] {subprocess.py:93} INFO - 25/11/30 19:15:59 INFO DAGScheduler: Submitting ResultStage 0 (MapPartitionsRDD[1] at parquet at NativeMethodAccessorImpl.java:0), which has no missing parents
[2025-11-30T19:15:59.722+0000] {subprocess.py:93} INFO - 25/11/30 19:15:59 INFO MemoryStore: Block broadcast_0 stored as values in memory (estimated size 103.1 KiB, free 434.3 MiB)
[2025-11-30T19:15:59.772+0000] {subprocess.py:93} INFO - 25/11/30 19:15:59 INFO MemoryStore: Block broadcast_0_piece0 stored as bytes in memory (estimated size 37.1 KiB, free 434.3 MiB)
[2025-11-30T19:15:59.776+0000] {subprocess.py:93} INFO - 25/11/30 19:15:59 INFO BlockManagerInfo: Added broadcast_0_piece0 in memory on 76c6f5c40d8c:46857 (size: 37.1 KiB, free: 434.4 MiB)
[2025-11-30T19:15:59.780+0000] {subprocess.py:93} INFO - 25/11/30 19:15:59 INFO SparkContext: Created broadcast 0 from broadcast at DAGScheduler.scala:1580
[2025-11-30T19:15:59.808+0000] {subprocess.py:93} INFO - 25/11/30 19:15:59 INFO DAGScheduler: Submitting 1 missing tasks from ResultStage 0 (MapPartitionsRDD[1] at parquet at NativeMethodAccessorImpl.java:0) (first 15 tasks are for partitions Vector(0))
[2025-11-30T19:15:59.811+0000] {subprocess.py:93} INFO - 25/11/30 19:15:59 INFO TaskSchedulerImpl: Adding task set 0.0 with 1 tasks resource profile 0
[2025-11-30T19:15:59.888+0000] {subprocess.py:93} INFO - 25/11/30 19:15:59 INFO TaskSetManager: Starting task 0.0 in stage 0.0 (TID 0) (76c6f5c40d8c, executor driver, partition 0, PROCESS_LOCAL, 7837 bytes)
[2025-11-30T19:15:59.922+0000] {subprocess.py:93} INFO - 25/11/30 19:15:59 INFO Executor: Running task 0.0 in stage 0.0 (TID 0)
[2025-11-30T19:16:00.474+0000] {subprocess.py:93} INFO - 25/11/30 19:16:00 INFO Executor: Finished task 0.0 in stage 0.0 (TID 0). 2680 bytes result sent to driver
[2025-11-30T19:16:00.487+0000] {subprocess.py:93} INFO - 25/11/30 19:16:00 INFO TaskSetManager: Finished task 0.0 in stage 0.0 (TID 0) in 630 ms on 76c6f5c40d8c (executor driver) (1/1)
[2025-11-30T19:16:00.490+0000] {subprocess.py:93} INFO - 25/11/30 19:16:00 INFO TaskSchedulerImpl: Removed TaskSet 0.0, whose tasks have all completed, from pool
[2025-11-30T19:16:00.497+0000] {subprocess.py:93} INFO - 25/11/30 19:16:00 INFO DAGScheduler: ResultStage 0 (parquet at NativeMethodAccessorImpl.java:0) finished in 0.869 s
[2025-11-30T19:16:00.503+0000] {subprocess.py:93} INFO - 25/11/30 19:16:00 INFO DAGScheduler: Job 0 is finished. Cancelling potential speculative or zombie tasks for this job
[2025-11-30T19:16:00.504+0000] {subprocess.py:93} INFO - 25/11/30 19:16:00 INFO TaskSchedulerImpl: Killing all running tasks in stage 0: Stage finished
[2025-11-30T19:16:00.505+0000] {subprocess.py:93} INFO - 25/11/30 19:16:00 INFO DAGScheduler: Job 0 finished: parquet at NativeMethodAccessorImpl.java:0, took 0.957152 s
[2025-11-30T19:16:01.361+0000] {subprocess.py:93} INFO - 25/11/30 19:16:01 INFO BlockManagerInfo: Removed broadcast_0_piece0 on 76c6f5c40d8c:46857 in memory (size: 37.1 KiB, free: 434.4 MiB)
[2025-11-30T19:16:02.417+0000] {subprocess.py:93} INFO - 25/11/30 19:16:02 INFO FileSourceStrategy: Pushed Filters:
[2025-11-30T19:16:02.418+0000] {subprocess.py:93} INFO - 25/11/30 19:16:02 INFO FileSourceStrategy: Post-Scan Filters:
[2025-11-30T19:16:02.543+0000] {subprocess.py:93} INFO - 25/11/30 19:16:02 INFO ParquetUtils: Using default output committer for Parquet: org.apache.parquet.hadoop.ParquetOutputCommitter
[2025-11-30T19:16:02.573+0000] {subprocess.py:93} INFO - 25/11/30 19:16:02 INFO FileOutputCommitter: File Output Committer Algorithm version is 1
[2025-11-30T19:16:02.575+0000] {subprocess.py:93} INFO - 25/11/30 19:16:02 INFO FileOutputCommitter: FileOutputCommitter skip cleanup _temporary folders under output directory:false, ignore cleanup failures: false
[2025-11-30T19:16:02.578+0000] {subprocess.py:93} INFO - 25/11/30 19:16:02 INFO SQLHadoopMapReduceCommitProtocol: Using user defined output committer class org.apache.parquet.hadoop.ParquetOutputCommitter
[2025-11-30T19:16:02.579+0000] {subprocess.py:93} INFO - 25/11/30 19:16:02 INFO FileOutputCommitter: File Output Committer Algorithm version is 1
[2025-11-30T19:16:02.580+0000] {subprocess.py:93} INFO - 25/11/30 19:16:02 INFO FileOutputCommitter: FileOutputCommitter skip cleanup _temporary folders under output directory:false, ignore cleanup failures: false
[2025-11-30T19:16:02.581+0000] {subprocess.py:93} INFO - 25/11/30 19:16:02 INFO SQLHadoopMapReduceCommitProtocol: Using output committer class org.apache.parquet.hadoop.ParquetOutputCommitter
[2025-11-30T19:16:03.163+0000] {subprocess.py:93} INFO - 25/11/30 19:16:03 INFO CodeGenerator: Code generated in 395.004332 ms
[2025-11-30T19:16:03.185+0000] {subprocess.py:93} INFO - 25/11/30 19:16:03 INFO MemoryStore: Block broadcast_1 stored as values in memory (estimated size 202.1 KiB, free 434.2 MiB)
[2025-11-30T19:16:03.214+0000] {subprocess.py:93} INFO - 25/11/30 19:16:03 INFO MemoryStore: Block broadcast_1_piece0 stored as bytes in memory (estimated size 35.2 KiB, free 434.2 MiB)
[2025-11-30T19:16:03.215+0000] {subprocess.py:93} INFO - 25/11/30 19:16:03 INFO BlockManagerInfo: Added broadcast_1_piece0 in memory on 76c6f5c40d8c:46857 (size: 35.2 KiB, free: 434.4 MiB)
[2025-11-30T19:16:03.217+0000] {subprocess.py:93} INFO - 25/11/30 19:16:03 INFO SparkContext: Created broadcast 1 from parquet at NativeMethodAccessorImpl.java:0
[2025-11-30T19:16:03.232+0000] {subprocess.py:93} INFO - 25/11/30 19:16:03 INFO FileSourceScanExec: Planning scan with bin packing, max size: 4194304 bytes, open cost is considered as scanning 4194304 bytes.
[2025-11-30T19:16:03.320+0000] {subprocess.py:93} INFO - 25/11/30 19:16:03 INFO SparkContext: Starting job: parquet at NativeMethodAccessorImpl.java:0
[2025-11-30T19:16:03.323+0000] {subprocess.py:93} INFO - 25/11/30 19:16:03 INFO DAGScheduler: Got job 1 (parquet at NativeMethodAccessorImpl.java:0) with 1 output partitions
[2025-11-30T19:16:03.325+0000] {subprocess.py:93} INFO - 25/11/30 19:16:03 INFO DAGScheduler: Final stage: ResultStage 1 (parquet at NativeMethodAccessorImpl.java:0)
[2025-11-30T19:16:03.326+0000] {subprocess.py:93} INFO - 25/11/30 19:16:03 INFO DAGScheduler: Parents of final stage: List()
[2025-11-30T19:16:03.327+0000] {subprocess.py:93} INFO - 25/11/30 19:16:03 INFO DAGScheduler: Missing parents: List()
[2025-11-30T19:16:03.329+0000] {subprocess.py:93} INFO - 25/11/30 19:16:03 INFO DAGScheduler: Submitting ResultStage 1 (MapPartitionsRDD[5] at parquet at NativeMethodAccessorImpl.java:0), which has no missing parents
[2025-11-30T19:16:03.438+0000] {subprocess.py:93} INFO - 25/11/30 19:16:03 INFO MemoryStore: Block broadcast_2 stored as values in memory (estimated size 233.9 KiB, free 433.9 MiB)
[2025-11-30T19:16:03.454+0000] {subprocess.py:93} INFO - 25/11/30 19:16:03 INFO MemoryStore: Block broadcast_2_piece0 stored as bytes in memory (estimated size 81.2 KiB, free 433.9 MiB)
[2025-11-30T19:16:03.457+0000] {subprocess.py:93} INFO - 25/11/30 19:16:03 INFO BlockManagerInfo: Added broadcast_2_piece0 in memory on 76c6f5c40d8c:46857 (size: 81.2 KiB, free: 434.3 MiB)
[2025-11-30T19:16:03.460+0000] {subprocess.py:93} INFO - 25/11/30 19:16:03 INFO SparkContext: Created broadcast 2 from broadcast at DAGScheduler.scala:1580
[2025-11-30T19:16:03.463+0000] {subprocess.py:93} INFO - 25/11/30 19:16:03 INFO DAGScheduler: Submitting 1 missing tasks from ResultStage 1 (MapPartitionsRDD[5] at parquet at NativeMethodAccessorImpl.java:0) (first 15 tasks are for partitions Vector(0))
[2025-11-30T19:16:03.464+0000] {subprocess.py:93} INFO - 25/11/30 19:16:03 INFO TaskSchedulerImpl: Adding task set 1.0 with 1 tasks resource profile 0
[2025-11-30T19:16:03.481+0000] {subprocess.py:93} INFO - 25/11/30 19:16:03 INFO TaskSetManager: Starting task 0.0 in stage 1.0 (TID 1) (76c6f5c40d8c, executor driver, partition 0, ANY, 8305 bytes)
[2025-11-30T19:16:03.482+0000] {subprocess.py:93} INFO - 25/11/30 19:16:03 INFO Executor: Running task 0.0 in stage 1.0 (TID 1)
[2025-11-30T19:16:03.637+0000] {subprocess.py:93} INFO - 25/11/30 19:16:03 INFO CodeGenerator: Code generated in 58.777279 ms
[2025-11-30T19:16:03.647+0000] {subprocess.py:93} INFO - 25/11/30 19:16:03 INFO FileOutputCommitter: File Output Committer Algorithm version is 1
[2025-11-30T19:16:03.648+0000] {subprocess.py:93} INFO - 25/11/30 19:16:03 INFO FileOutputCommitter: FileOutputCommitter skip cleanup _temporary folders under output directory:false, ignore cleanup failures: false
[2025-11-30T19:16:03.649+0000] {subprocess.py:93} INFO - 25/11/30 19:16:03 INFO SQLHadoopMapReduceCommitProtocol: Using user defined output committer class org.apache.parquet.hadoop.ParquetOutputCommitter
[2025-11-30T19:16:03.649+0000] {subprocess.py:93} INFO - 25/11/30 19:16:03 INFO FileOutputCommitter: File Output Committer Algorithm version is 1
[2025-11-30T19:16:03.650+0000] {subprocess.py:93} INFO - 25/11/30 19:16:03 INFO FileOutputCommitter: FileOutputCommitter skip cleanup _temporary folders under output directory:false, ignore cleanup failures: false
[2025-11-30T19:16:03.651+0000] {subprocess.py:93} INFO - 25/11/30 19:16:03 INFO SQLHadoopMapReduceCommitProtocol: Using output committer class org.apache.parquet.hadoop.ParquetOutputCommitter
[2025-11-30T19:16:03.666+0000] {subprocess.py:93} INFO - 25/11/30 19:16:03 INFO CodecConfig: Compression: SNAPPY
[2025-11-30T19:16:03.670+0000] {subprocess.py:93} INFO - 25/11/30 19:16:03 INFO CodecConfig: Compression: SNAPPY
[2025-11-30T19:16:03.708+0000] {subprocess.py:93} INFO - 25/11/30 19:16:03 INFO ParquetOutputFormat: ParquetRecordWriter [block size: 134217728b, row group padding size: 8388608b, validating: false]
[2025-11-30T19:16:03.727+0000] {subprocess.py:93} INFO - 25/11/30 19:16:03 INFO ParquetWriteSupport: Initialized Parquet WriteSupport with Catalyst schema:
[2025-11-30T19:16:03.728+0000] {subprocess.py:93} INFO - {
[2025-11-30T19:16:03.729+0000] {subprocess.py:93} INFO -   "type" : "struct",
[2025-11-30T19:16:03.729+0000] {subprocess.py:93} INFO -   "fields" : [ {
[2025-11-30T19:16:03.730+0000] {subprocess.py:93} INFO -     "name" : "title",
[2025-11-30T19:16:03.730+0000] {subprocess.py:93} INFO -     "type" : "string",
[2025-11-30T19:16:03.731+0000] {subprocess.py:93} INFO -     "nullable" : true,
[2025-11-30T19:16:03.731+0000] {subprocess.py:93} INFO -     "metadata" : { }
[2025-11-30T19:16:03.732+0000] {subprocess.py:93} INFO -   }, {
[2025-11-30T19:16:03.732+0000] {subprocess.py:93} INFO -     "name" : "price",
[2025-11-30T19:16:03.733+0000] {subprocess.py:93} INFO -     "type" : "double",
[2025-11-30T19:16:03.733+0000] {subprocess.py:93} INFO -     "nullable" : true,
[2025-11-30T19:16:03.734+0000] {subprocess.py:93} INFO -     "metadata" : { }
[2025-11-30T19:16:03.734+0000] {subprocess.py:93} INFO -   }, {
[2025-11-30T19:16:03.735+0000] {subprocess.py:93} INFO -     "name" : "location",
[2025-11-30T19:16:03.735+0000] {subprocess.py:93} INFO -     "type" : "string",
[2025-11-30T19:16:03.736+0000] {subprocess.py:93} INFO -     "nullable" : true,
[2025-11-30T19:16:03.737+0000] {subprocess.py:93} INFO -     "metadata" : { }
[2025-11-30T19:16:03.737+0000] {subprocess.py:93} INFO -   }, {
[2025-11-30T19:16:03.738+0000] {subprocess.py:93} INFO -     "name" : "size",
[2025-11-30T19:16:03.738+0000] {subprocess.py:93} INFO -     "type" : "double",
[2025-11-30T19:16:03.740+0000] {subprocess.py:93} INFO -     "nullable" : true,
[2025-11-30T19:16:03.742+0000] {subprocess.py:93} INFO -     "metadata" : { }
[2025-11-30T19:16:03.743+0000] {subprocess.py:93} INFO -   }, {
[2025-11-30T19:16:03.744+0000] {subprocess.py:93} INFO -     "name" : "bedrooms",
[2025-11-30T19:16:03.745+0000] {subprocess.py:93} INFO -     "type" : "integer",
[2025-11-30T19:16:03.745+0000] {subprocess.py:93} INFO -     "nullable" : true,
[2025-11-30T19:16:03.746+0000] {subprocess.py:93} INFO -     "metadata" : { }
[2025-11-30T19:16:03.747+0000] {subprocess.py:93} INFO -   }, {
[2025-11-30T19:16:03.748+0000] {subprocess.py:93} INFO -     "name" : "bathrooms",
[2025-11-30T19:16:03.748+0000] {subprocess.py:93} INFO -     "type" : "integer",
[2025-11-30T19:16:03.749+0000] {subprocess.py:93} INFO -     "nullable" : true,
[2025-11-30T19:16:03.749+0000] {subprocess.py:93} INFO -     "metadata" : { }
[2025-11-30T19:16:03.750+0000] {subprocess.py:93} INFO -   }, {
[2025-11-30T19:16:03.750+0000] {subprocess.py:93} INFO -     "name" : "compound",
[2025-11-30T19:16:03.751+0000] {subprocess.py:93} INFO -     "type" : "string",
[2025-11-30T19:16:03.751+0000] {subprocess.py:93} INFO -     "nullable" : false,
[2025-11-30T19:16:03.752+0000] {subprocess.py:93} INFO -     "metadata" : { }
[2025-11-30T19:16:03.752+0000] {subprocess.py:93} INFO -   }, {
[2025-11-30T19:16:03.753+0000] {subprocess.py:93} INFO -     "name" : "source",
[2025-11-30T19:16:03.753+0000] {subprocess.py:93} INFO -     "type" : "string",
[2025-11-30T19:16:03.754+0000] {subprocess.py:93} INFO -     "nullable" : false,
[2025-11-30T19:16:03.754+0000] {subprocess.py:93} INFO -     "metadata" : { }
[2025-11-30T19:16:03.755+0000] {subprocess.py:93} INFO -   }, {
[2025-11-30T19:16:03.755+0000] {subprocess.py:93} INFO -     "name" : "property_type",
[2025-11-30T19:16:03.756+0000] {subprocess.py:93} INFO -     "type" : "string",
[2025-11-30T19:16:03.756+0000] {subprocess.py:93} INFO -     "nullable" : true,
[2025-11-30T19:16:03.757+0000] {subprocess.py:93} INFO -     "metadata" : { }
[2025-11-30T19:16:03.757+0000] {subprocess.py:93} INFO -   }, {
[2025-11-30T19:16:03.758+0000] {subprocess.py:93} INFO -     "name" : "link",
[2025-11-30T19:16:03.758+0000] {subprocess.py:93} INFO -     "type" : "string",
[2025-11-30T19:16:03.759+0000] {subprocess.py:93} INFO -     "nullable" : true,
[2025-11-30T19:16:03.760+0000] {subprocess.py:93} INFO -     "metadata" : { }
[2025-11-30T19:16:03.760+0000] {subprocess.py:93} INFO -   }, {
[2025-11-30T19:16:03.761+0000] {subprocess.py:93} INFO -     "name" : "description",
[2025-11-30T19:16:03.762+0000] {subprocess.py:93} INFO -     "type" : "string",
[2025-11-30T19:16:03.762+0000] {subprocess.py:93} INFO -     "nullable" : true,
[2025-11-30T19:16:03.763+0000] {subprocess.py:93} INFO -     "metadata" : { }
[2025-11-30T19:16:03.763+0000] {subprocess.py:93} INFO -   }, {
[2025-11-30T19:16:03.764+0000] {subprocess.py:93} INFO -     "name" : "price_per_sqm",
[2025-11-30T19:16:03.764+0000] {subprocess.py:93} INFO -     "type" : "double",
[2025-11-30T19:16:03.765+0000] {subprocess.py:93} INFO -     "nullable" : true,
[2025-11-30T19:16:03.765+0000] {subprocess.py:93} INFO -     "metadata" : { }
[2025-11-30T19:16:03.766+0000] {subprocess.py:93} INFO -   }, {
[2025-11-30T19:16:03.766+0000] {subprocess.py:93} INFO -     "name" : "latitude",
[2025-11-30T19:16:03.767+0000] {subprocess.py:93} INFO -     "type" : "string",
[2025-11-30T19:16:03.767+0000] {subprocess.py:93} INFO -     "nullable" : true,
[2025-11-30T19:16:03.768+0000] {subprocess.py:93} INFO -     "metadata" : { }
[2025-11-30T19:16:03.769+0000] {subprocess.py:93} INFO -   }, {
[2025-11-30T19:16:03.769+0000] {subprocess.py:93} INFO -     "name" : "longitude",
[2025-11-30T19:16:03.770+0000] {subprocess.py:93} INFO -     "type" : "string",
[2025-11-30T19:16:03.770+0000] {subprocess.py:93} INFO -     "nullable" : true,
[2025-11-30T19:16:03.771+0000] {subprocess.py:93} INFO -     "metadata" : { }
[2025-11-30T19:16:03.771+0000] {subprocess.py:93} INFO -   }, {
[2025-11-30T19:16:03.771+0000] {subprocess.py:93} INFO -     "name" : "Jacuzzi",
[2025-11-30T19:16:03.772+0000] {subprocess.py:93} INFO -     "type" : "integer",
[2025-11-30T19:16:03.773+0000] {subprocess.py:93} INFO -     "nullable" : false,
[2025-11-30T19:16:03.773+0000] {subprocess.py:93} INFO -     "metadata" : { }
[2025-11-30T19:16:03.774+0000] {subprocess.py:93} INFO -   }, {
[2025-11-30T19:16:03.774+0000] {subprocess.py:93} INFO -     "name" : "Garden",
[2025-11-30T19:16:03.775+0000] {subprocess.py:93} INFO -     "type" : "integer",
[2025-11-30T19:16:03.776+0000] {subprocess.py:93} INFO -     "nullable" : false,
[2025-11-30T19:16:03.776+0000] {subprocess.py:93} INFO -     "metadata" : { }
[2025-11-30T19:16:03.777+0000] {subprocess.py:93} INFO -   }, {
[2025-11-30T19:16:03.777+0000] {subprocess.py:93} INFO -     "name" : "Balcony",
[2025-11-30T19:16:03.778+0000] {subprocess.py:93} INFO -     "type" : "integer",
[2025-11-30T19:16:03.778+0000] {subprocess.py:93} INFO -     "nullable" : false,
[2025-11-30T19:16:03.778+0000] {subprocess.py:93} INFO -     "metadata" : { }
[2025-11-30T19:16:03.779+0000] {subprocess.py:93} INFO -   }, {
[2025-11-30T19:16:03.780+0000] {subprocess.py:93} INFO -     "name" : "Pool",
[2025-11-30T19:16:03.780+0000] {subprocess.py:93} INFO -     "type" : "integer",
[2025-11-30T19:16:03.781+0000] {subprocess.py:93} INFO -     "nullable" : false,
[2025-11-30T19:16:03.781+0000] {subprocess.py:93} INFO -     "metadata" : { }
[2025-11-30T19:16:03.781+0000] {subprocess.py:93} INFO -   }, {
[2025-11-30T19:16:03.782+0000] {subprocess.py:93} INFO -     "name" : "Parking",
[2025-11-30T19:16:03.782+0000] {subprocess.py:93} INFO -     "type" : "integer",
[2025-11-30T19:16:03.783+0000] {subprocess.py:93} INFO -     "nullable" : false,
[2025-11-30T19:16:03.783+0000] {subprocess.py:93} INFO -     "metadata" : { }
[2025-11-30T19:16:03.784+0000] {subprocess.py:93} INFO -   }, {
[2025-11-30T19:16:03.785+0000] {subprocess.py:93} INFO -     "name" : "Gym",
[2025-11-30T19:16:03.785+0000] {subprocess.py:93} INFO -     "type" : "integer",
[2025-11-30T19:16:03.786+0000] {subprocess.py:93} INFO -     "nullable" : false,
[2025-11-30T19:16:03.786+0000] {subprocess.py:93} INFO -     "metadata" : { }
[2025-11-30T19:16:03.787+0000] {subprocess.py:93} INFO -   }, {
[2025-11-30T19:16:03.787+0000] {subprocess.py:93} INFO -     "name" : "Maids_Quarters",
[2025-11-30T19:16:03.788+0000] {subprocess.py:93} INFO -     "type" : "integer",
[2025-11-30T19:16:03.789+0000] {subprocess.py:93} INFO -     "nullable" : false,
[2025-11-30T19:16:03.790+0000] {subprocess.py:93} INFO -     "metadata" : { }
[2025-11-30T19:16:03.790+0000] {subprocess.py:93} INFO -   }, {
[2025-11-30T19:16:03.791+0000] {subprocess.py:93} INFO -     "name" : "Spa",
[2025-11-30T19:16:03.791+0000] {subprocess.py:93} INFO -     "type" : "integer",
[2025-11-30T19:16:03.792+0000] {subprocess.py:93} INFO -     "nullable" : false,
[2025-11-30T19:16:03.793+0000] {subprocess.py:93} INFO -     "metadata" : { }
[2025-11-30T19:16:03.794+0000] {subprocess.py:93} INFO -   } ]
[2025-11-30T19:16:03.795+0000] {subprocess.py:93} INFO - }
[2025-11-30T19:16:03.796+0000] {subprocess.py:93} INFO - and corresponding Parquet message type:
[2025-11-30T19:16:03.797+0000] {subprocess.py:93} INFO - message spark_schema {
[2025-11-30T19:16:03.799+0000] {subprocess.py:93} INFO -   optional binary title (STRING);
[2025-11-30T19:16:03.799+0000] {subprocess.py:93} INFO -   optional double price;
[2025-11-30T19:16:03.800+0000] {subprocess.py:93} INFO -   optional binary location (STRING);
[2025-11-30T19:16:03.801+0000] {subprocess.py:93} INFO -   optional double size;
[2025-11-30T19:16:03.801+0000] {subprocess.py:93} INFO -   optional int32 bedrooms;
[2025-11-30T19:16:03.802+0000] {subprocess.py:93} INFO -   optional int32 bathrooms;
[2025-11-30T19:16:03.802+0000] {subprocess.py:93} INFO -   required binary compound (STRING);
[2025-11-30T19:16:03.803+0000] {subprocess.py:93} INFO -   required binary source (STRING);
[2025-11-30T19:16:03.804+0000] {subprocess.py:93} INFO -   optional binary property_type (STRING);
[2025-11-30T19:16:03.805+0000] {subprocess.py:93} INFO -   optional binary link (STRING);
[2025-11-30T19:16:03.805+0000] {subprocess.py:93} INFO -   optional binary description (STRING);
[2025-11-30T19:16:03.806+0000] {subprocess.py:93} INFO -   optional double price_per_sqm;
[2025-11-30T19:16:03.807+0000] {subprocess.py:93} INFO -   optional binary latitude (STRING);
[2025-11-30T19:16:03.808+0000] {subprocess.py:93} INFO -   optional binary longitude (STRING);
[2025-11-30T19:16:03.810+0000] {subprocess.py:93} INFO -   required int32 Jacuzzi;
[2025-11-30T19:16:03.811+0000] {subprocess.py:93} INFO -   required int32 Garden;
[2025-11-30T19:16:03.812+0000] {subprocess.py:93} INFO -   required int32 Balcony;
[2025-11-30T19:16:03.812+0000] {subprocess.py:93} INFO -   required int32 Pool;
[2025-11-30T19:16:03.813+0000] {subprocess.py:93} INFO -   required int32 Parking;
[2025-11-30T19:16:03.813+0000] {subprocess.py:93} INFO -   required int32 Gym;
[2025-11-30T19:16:03.814+0000] {subprocess.py:93} INFO -   required int32 Maids_Quarters;
[2025-11-30T19:16:03.815+0000] {subprocess.py:93} INFO -   required int32 Spa;
[2025-11-30T19:16:03.815+0000] {subprocess.py:93} INFO - }
[2025-11-30T19:16:03.816+0000] {subprocess.py:93} INFO - 
[2025-11-30T19:16:03.816+0000] {subprocess.py:93} INFO - 
[2025-11-30T19:16:03.817+0000] {subprocess.py:93} INFO - 25/11/30 19:16:03 INFO CodecPool: Got brand-new compressor [.snappy]
[2025-11-30T19:16:04.066+0000] {subprocess.py:93} INFO - 25/11/30 19:16:04 INFO FileScanRDD: Reading File path: hdfs://namenode:9000/datalake/silver/cleaned_propertyfinder/part-00000-ef7227d7-a784-4782-9296-e3d4bc27df57-c000.snappy.parquet, range: 0-462989, partition values: [empty row]
[2025-11-30T19:16:04.194+0000] {subprocess.py:93} INFO - 25/11/30 19:16:04 INFO CodecPool: Got brand-new decompressor [.snappy]
[2025-11-30T19:16:04.647+0000] {subprocess.py:93} INFO - 25/11/30 19:16:04 INFO FileOutputCommitter: Saved output of task 'attempt_202511301916033328066272041405412_0001_m_000000_1' to hdfs://namenode:9000/datalake/gold/propertyfinder_gold/_temporary/0/task_202511301916033328066272041405412_0001_m_000000
[2025-11-30T19:16:04.648+0000] {subprocess.py:93} INFO - 25/11/30 19:16:04 INFO SparkHadoopMapRedUtil: attempt_202511301916033328066272041405412_0001_m_000000_1: Committed. Elapsed time: 9 ms.
[2025-11-30T19:16:04.656+0000] {subprocess.py:93} INFO - 25/11/30 19:16:04 INFO Executor: Finished task 0.0 in stage 1.0 (TID 1). 2821 bytes result sent to driver
[2025-11-30T19:16:04.659+0000] {subprocess.py:93} INFO - 25/11/30 19:16:04 INFO TaskSetManager: Finished task 0.0 in stage 1.0 (TID 1) in 1192 ms on 76c6f5c40d8c (executor driver) (1/1)
[2025-11-30T19:16:04.660+0000] {subprocess.py:93} INFO - 25/11/30 19:16:04 INFO TaskSchedulerImpl: Removed TaskSet 1.0, whose tasks have all completed, from pool
[2025-11-30T19:16:04.662+0000] {subprocess.py:93} INFO - 25/11/30 19:16:04 INFO DAGScheduler: ResultStage 1 (parquet at NativeMethodAccessorImpl.java:0) finished in 1.315 s
[2025-11-30T19:16:04.662+0000] {subprocess.py:93} INFO - 25/11/30 19:16:04 INFO DAGScheduler: Job 1 is finished. Cancelling potential speculative or zombie tasks for this job
[2025-11-30T19:16:04.663+0000] {subprocess.py:93} INFO - 25/11/30 19:16:04 INFO TaskSchedulerImpl: Killing all running tasks in stage 1: Stage finished
[2025-11-30T19:16:04.665+0000] {subprocess.py:93} INFO - 25/11/30 19:16:04 INFO DAGScheduler: Job 1 finished: parquet at NativeMethodAccessorImpl.java:0, took 1.345128 s
[2025-11-30T19:16:04.668+0000] {subprocess.py:93} INFO - 25/11/30 19:16:04 INFO FileFormatWriter: Start to commit write Job 2613d08a-05dc-455d-817e-58da1950a157.
[2025-11-30T19:16:04.713+0000] {subprocess.py:93} INFO - 25/11/30 19:16:04 INFO FileFormatWriter: Write Job 2613d08a-05dc-455d-817e-58da1950a157 committed. Elapsed time: 44 ms.
[2025-11-30T19:16:04.716+0000] {subprocess.py:93} INFO - 25/11/30 19:16:04 INFO FileFormatWriter: Finished processing stats for write job 2613d08a-05dc-455d-817e-58da1950a157.
[2025-11-30T19:16:04.721+0000] {subprocess.py:93} INFO - ✅ PropertyFinder Gold data (Enriched) saved to hdfs://namenode:9000/datalake/gold/propertyfinder_gold
[2025-11-30T19:16:04.722+0000] {subprocess.py:93} INFO - 25/11/30 19:16:04 INFO SparkContext: SparkContext is stopping with exitCode 0.
[2025-11-30T19:16:04.741+0000] {subprocess.py:93} INFO - 25/11/30 19:16:04 INFO SparkUI: Stopped Spark web UI at http://76c6f5c40d8c:4041
[2025-11-30T19:16:04.755+0000] {subprocess.py:93} INFO - 25/11/30 19:16:04 INFO MapOutputTrackerMasterEndpoint: MapOutputTrackerMasterEndpoint stopped!
[2025-11-30T19:16:04.773+0000] {subprocess.py:93} INFO - 25/11/30 19:16:04 INFO MemoryStore: MemoryStore cleared
[2025-11-30T19:16:04.773+0000] {subprocess.py:93} INFO - 25/11/30 19:16:04 INFO BlockManager: BlockManager stopped
[2025-11-30T19:16:04.778+0000] {subprocess.py:93} INFO - 25/11/30 19:16:04 INFO BlockManagerMaster: BlockManagerMaster stopped
[2025-11-30T19:16:04.781+0000] {subprocess.py:93} INFO - 25/11/30 19:16:04 INFO OutputCommitCoordinator$OutputCommitCoordinatorEndpoint: OutputCommitCoordinator stopped!
[2025-11-30T19:16:04.797+0000] {subprocess.py:93} INFO - 25/11/30 19:16:04 INFO SparkContext: Successfully stopped SparkContext
[2025-11-30T19:16:05.135+0000] {subprocess.py:93} INFO - 25/11/30 19:16:05 INFO ShutdownHookManager: Shutdown hook called
[2025-11-30T19:16:05.136+0000] {subprocess.py:93} INFO - 25/11/30 19:16:05 INFO ShutdownHookManager: Deleting directory /tmp/spark-7e5daf71-537f-4c06-bda8-d12f7d4bf431/pyspark-866dcfa3-e1e6-47fd-8252-a73ad4ec27ff
[2025-11-30T19:16:05.138+0000] {subprocess.py:93} INFO - 25/11/30 19:16:05 INFO ShutdownHookManager: Deleting directory /tmp/spark-7e5daf71-537f-4c06-bda8-d12f7d4bf431
[2025-11-30T19:16:05.144+0000] {subprocess.py:93} INFO - 25/11/30 19:16:05 INFO ShutdownHookManager: Deleting directory /tmp/spark-933281fb-f88f-43cf-887e-89354a709035
[2025-11-30T19:16:05.222+0000] {subprocess.py:97} INFO - Command exited with return code 0
[2025-11-30T19:16:05.223+0000] {taskinstance.py:441} INFO - ::group::Post task execution logs
[2025-11-30T19:16:05.246+0000] {taskinstance.py:1206} INFO - Marking task as SUCCESS. dag_id=real_estate_etl_pipeline, task_id=transform_propertyfinder, run_id=manual__2025-11-30T18:25:30.102845+00:00, execution_date=20251130T182530, start_date=20251130T191546, end_date=20251130T191605
[2025-11-30T19:16:05.308+0000] {local_task_job_runner.py:240} INFO - Task exited with return code 0
[2025-11-30T19:16:05.332+0000] {taskinstance.py:3503} INFO - 0 downstream tasks scheduled from follow-on schedule check
[2025-11-30T19:16:05.334+0000] {local_task_job_runner.py:222} INFO - ::endgroup::
