[2025-11-30T19:07:28.860+0000] {local_task_job_runner.py:120} INFO - ::group::Pre task execution logs
[2025-11-30T19:07:28.902+0000] {taskinstance.py:2076} INFO - Dependencies all met for dep_context=non-requeueable deps ti=<TaskInstance: real_estate_etl_pipeline.transform_propertyfinder manual__2025-11-30T18:25:30.102845+00:00 [queued]>
[2025-11-30T19:07:28.917+0000] {taskinstance.py:2076} INFO - Dependencies all met for dep_context=requeueable deps ti=<TaskInstance: real_estate_etl_pipeline.transform_propertyfinder manual__2025-11-30T18:25:30.102845+00:00 [queued]>
[2025-11-30T19:07:28.918+0000] {taskinstance.py:2306} INFO - Starting attempt 2 of 3
[2025-11-30T19:07:28.935+0000] {taskinstance.py:2330} INFO - Executing <Task(BashOperator): transform_propertyfinder> on 2025-11-30 18:25:30.102845+00:00
[2025-11-30T19:07:28.952+0000] {warnings.py:112} WARNING - /home/***/.local/lib/python3.12/site-packages/***/task/task_runner/standard_task_runner.py:61: DeprecationWarning: This process (pid=554) is multi-threaded, use of fork() may lead to deadlocks in the child.
  pid = os.fork()

[2025-11-30T19:07:28.954+0000] {standard_task_runner.py:63} INFO - Started process 562 to run task
[2025-11-30T19:07:28.954+0000] {standard_task_runner.py:90} INFO - Running: ['***', 'tasks', 'run', 'real_estate_etl_pipeline', 'transform_propertyfinder', 'manual__2025-11-30T18:25:30.102845+00:00', '--job-id', '37', '--raw', '--subdir', 'DAGS_FOLDER/scraping_dag.py', '--cfg-path', '/tmp/tmp5ue82sh1']
[2025-11-30T19:07:28.957+0000] {standard_task_runner.py:91} INFO - Job 37: Subtask transform_propertyfinder
[2025-11-30T19:07:29.040+0000] {task_command.py:426} INFO - Running <TaskInstance: real_estate_etl_pipeline.transform_propertyfinder manual__2025-11-30T18:25:30.102845+00:00 [running]> on host 9a9a5f972fcd
[2025-11-30T19:07:29.203+0000] {taskinstance.py:2648} INFO - Exporting env vars: AIRFLOW_CTX_DAG_OWNER='***' AIRFLOW_CTX_DAG_ID='real_estate_etl_pipeline' AIRFLOW_CTX_TASK_ID='transform_propertyfinder' AIRFLOW_CTX_EXECUTION_DATE='2025-11-30T18:25:30.102845+00:00' AIRFLOW_CTX_TRY_NUMBER='2' AIRFLOW_CTX_DAG_RUN_ID='manual__2025-11-30T18:25:30.102845+00:00'
[2025-11-30T19:07:29.219+0000] {taskinstance.py:430} INFO - ::endgroup::
[2025-11-30T19:07:29.251+0000] {subprocess.py:63} INFO - Tmp dir root location: /tmp
[2025-11-30T19:07:29.254+0000] {subprocess.py:75} INFO - Running command: ['/usr/bin/bash', '-c', 'docker exec jupyter spark-submit --master local[*] /data/Transformation_Layer_Pyspark/transform_propertyfinder.py']
[2025-11-30T19:07:29.285+0000] {subprocess.py:86} INFO - Output:
[2025-11-30T19:07:35.222+0000] {subprocess.py:93} INFO - 25/11/30 19:07:35 INFO SparkContext: Running Spark version 3.5.0
[2025-11-30T19:07:35.228+0000] {subprocess.py:93} INFO - 25/11/30 19:07:35 INFO SparkContext: OS info Linux, 5.15.167.4-microsoft-standard-WSL2, amd64
[2025-11-30T19:07:35.229+0000] {subprocess.py:93} INFO - 25/11/30 19:07:35 INFO SparkContext: Java version 17.0.8.1
[2025-11-30T19:07:35.362+0000] {subprocess.py:93} INFO - 25/11/30 19:07:35 WARN NativeCodeLoader: Unable to load native-hadoop library for your platform... using builtin-java classes where applicable
[2025-11-30T19:07:35.574+0000] {subprocess.py:93} INFO - 25/11/30 19:07:35 INFO ResourceUtils: ==============================================================
[2025-11-30T19:07:35.576+0000] {subprocess.py:93} INFO - 25/11/30 19:07:35 INFO ResourceUtils: No custom resources configured for spark.driver.
[2025-11-30T19:07:35.579+0000] {subprocess.py:93} INFO - 25/11/30 19:07:35 INFO ResourceUtils: ==============================================================
[2025-11-30T19:07:35.580+0000] {subprocess.py:93} INFO - 25/11/30 19:07:35 INFO SparkContext: Submitted application: Transform_PropertyFinder
[2025-11-30T19:07:35.616+0000] {subprocess.py:93} INFO - 25/11/30 19:07:35 INFO ResourceProfile: Default ResourceProfile created, executor resources: Map(cores -> name: cores, amount: 1, script: , vendor: , memory -> name: memory, amount: 1024, script: , vendor: , offHeap -> name: offHeap, amount: 0, script: , vendor: ), task resources: Map(cpus -> name: cpus, amount: 1.0)
[2025-11-30T19:07:35.636+0000] {subprocess.py:93} INFO - 25/11/30 19:07:35 INFO ResourceProfile: Limiting resource is cpu
[2025-11-30T19:07:35.638+0000] {subprocess.py:93} INFO - 25/11/30 19:07:35 INFO ResourceProfileManager: Added ResourceProfile id: 0
[2025-11-30T19:07:35.728+0000] {subprocess.py:93} INFO - 25/11/30 19:07:35 INFO SecurityManager: Changing view acls to: jovyan
[2025-11-30T19:07:35.729+0000] {subprocess.py:93} INFO - 25/11/30 19:07:35 INFO SecurityManager: Changing modify acls to: jovyan
[2025-11-30T19:07:35.731+0000] {subprocess.py:93} INFO - 25/11/30 19:07:35 INFO SecurityManager: Changing view acls groups to:
[2025-11-30T19:07:35.732+0000] {subprocess.py:93} INFO - 25/11/30 19:07:35 INFO SecurityManager: Changing modify acls groups to:
[2025-11-30T19:07:35.733+0000] {subprocess.py:93} INFO - 25/11/30 19:07:35 INFO SecurityManager: SecurityManager: authentication disabled; ui acls disabled; users with view permissions: jovyan; groups with view permissions: EMPTY; users with modify permissions: jovyan; groups with modify permissions: EMPTY
[2025-11-30T19:07:36.295+0000] {subprocess.py:93} INFO - 25/11/30 19:07:36 INFO Utils: Successfully started service 'sparkDriver' on port 38853.
[2025-11-30T19:07:36.356+0000] {subprocess.py:93} INFO - 25/11/30 19:07:36 INFO SparkEnv: Registering MapOutputTracker
[2025-11-30T19:07:36.416+0000] {subprocess.py:93} INFO - 25/11/30 19:07:36 INFO SparkEnv: Registering BlockManagerMaster
[2025-11-30T19:07:36.442+0000] {subprocess.py:93} INFO - 25/11/30 19:07:36 INFO BlockManagerMasterEndpoint: Using org.apache.spark.storage.DefaultTopologyMapper for getting topology information
[2025-11-30T19:07:36.443+0000] {subprocess.py:93} INFO - 25/11/30 19:07:36 INFO BlockManagerMasterEndpoint: BlockManagerMasterEndpoint up
[2025-11-30T19:07:36.452+0000] {subprocess.py:93} INFO - 25/11/30 19:07:36 INFO SparkEnv: Registering BlockManagerMasterHeartbeat
[2025-11-30T19:07:36.502+0000] {subprocess.py:93} INFO - 25/11/30 19:07:36 INFO DiskBlockManager: Created local directory at /tmp/blockmgr-cc4dafdb-53d8-4827-b219-d72e9fe45a3f
[2025-11-30T19:07:36.532+0000] {subprocess.py:93} INFO - 25/11/30 19:07:36 INFO MemoryStore: MemoryStore started with capacity 434.4 MiB
[2025-11-30T19:07:36.564+0000] {subprocess.py:93} INFO - 25/11/30 19:07:36 INFO SparkEnv: Registering OutputCommitCoordinator
[2025-11-30T19:07:36.876+0000] {subprocess.py:93} INFO - 25/11/30 19:07:36 INFO JettyUtils: Start Jetty 0.0.0.0:4040 for SparkUI
[2025-11-30T19:07:37.070+0000] {subprocess.py:93} INFO - 25/11/30 19:07:37 WARN Utils: Service 'SparkUI' could not bind on port 4040. Attempting port 4041.
[2025-11-30T19:07:37.078+0000] {subprocess.py:93} INFO - 25/11/30 19:07:37 WARN Utils: Service 'SparkUI' could not bind on port 4041. Attempting port 4042.
[2025-11-30T19:07:37.082+0000] {subprocess.py:93} INFO - 25/11/30 19:07:37 WARN Utils: Service 'SparkUI' could not bind on port 4042. Attempting port 4043.
[2025-11-30T19:07:37.109+0000] {subprocess.py:93} INFO - 25/11/30 19:07:37 INFO Utils: Successfully started service 'SparkUI' on port 4043.
[2025-11-30T19:07:37.376+0000] {subprocess.py:93} INFO - 25/11/30 19:07:37 INFO Executor: Starting executor ID driver on host 76c6f5c40d8c
[2025-11-30T19:07:37.378+0000] {subprocess.py:93} INFO - 25/11/30 19:07:37 INFO Executor: OS info Linux, 5.15.167.4-microsoft-standard-WSL2, amd64
[2025-11-30T19:07:37.379+0000] {subprocess.py:93} INFO - 25/11/30 19:07:37 INFO Executor: Java version 17.0.8.1
[2025-11-30T19:07:37.396+0000] {subprocess.py:93} INFO - 25/11/30 19:07:37 INFO Executor: Starting executor with user classpath (userClassPathFirst = false): ''
[2025-11-30T19:07:37.398+0000] {subprocess.py:93} INFO - 25/11/30 19:07:37 INFO Executor: Created or updated repl class loader org.apache.spark.util.MutableURLClassLoader@2dde9b7f for default.
[2025-11-30T19:07:37.444+0000] {subprocess.py:93} INFO - 25/11/30 19:07:37 INFO Utils: Successfully started service 'org.apache.spark.network.netty.NettyBlockTransferService' on port 44865.
[2025-11-30T19:07:37.445+0000] {subprocess.py:93} INFO - 25/11/30 19:07:37 INFO NettyBlockTransferService: Server created on 76c6f5c40d8c:44865
[2025-11-30T19:07:37.447+0000] {subprocess.py:93} INFO - 25/11/30 19:07:37 INFO BlockManager: Using org.apache.spark.storage.RandomBlockReplicationPolicy for block replication policy
[2025-11-30T19:07:37.460+0000] {subprocess.py:93} INFO - 25/11/30 19:07:37 INFO BlockManagerMaster: Registering BlockManager BlockManagerId(driver, 76c6f5c40d8c, 44865, None)
[2025-11-30T19:07:37.469+0000] {subprocess.py:93} INFO - 25/11/30 19:07:37 INFO BlockManagerMasterEndpoint: Registering block manager 76c6f5c40d8c:44865 with 434.4 MiB RAM, BlockManagerId(driver, 76c6f5c40d8c, 44865, None)
[2025-11-30T19:07:37.474+0000] {subprocess.py:93} INFO - 25/11/30 19:07:37 INFO BlockManagerMaster: Registered BlockManager BlockManagerId(driver, 76c6f5c40d8c, 44865, None)
[2025-11-30T19:07:37.476+0000] {subprocess.py:93} INFO - 25/11/30 19:07:37 INFO BlockManager: Initialized BlockManager: BlockManagerId(driver, 76c6f5c40d8c, 44865, None)
[2025-11-30T19:07:38.189+0000] {subprocess.py:93} INFO - 25/11/30 19:07:38 INFO SharedState: Setting hive.metastore.warehouse.dir ('null') to the value of spark.sql.warehouse.dir.
[2025-11-30T19:07:38.199+0000] {subprocess.py:93} INFO - 25/11/30 19:07:38 INFO SharedState: Warehouse path is 'file:/home/jovyan/spark-warehouse'.
[2025-11-30T19:07:40.680+0000] {subprocess.py:93} INFO - 25/11/30 19:07:40 INFO InMemoryFileIndex: It took 155 ms to list leaf files for 1 paths.
[2025-11-30T19:07:41.374+0000] {subprocess.py:93} INFO - 25/11/30 19:07:41 INFO SparkContext: Starting job: parquet at NativeMethodAccessorImpl.java:0
[2025-11-30T19:07:41.410+0000] {subprocess.py:93} INFO - 25/11/30 19:07:41 INFO DAGScheduler: Got job 0 (parquet at NativeMethodAccessorImpl.java:0) with 1 output partitions
[2025-11-30T19:07:41.412+0000] {subprocess.py:93} INFO - 25/11/30 19:07:41 INFO DAGScheduler: Final stage: ResultStage 0 (parquet at NativeMethodAccessorImpl.java:0)
[2025-11-30T19:07:41.414+0000] {subprocess.py:93} INFO - 25/11/30 19:07:41 INFO DAGScheduler: Parents of final stage: List()
[2025-11-30T19:07:41.415+0000] {subprocess.py:93} INFO - 25/11/30 19:07:41 INFO DAGScheduler: Missing parents: List()
[2025-11-30T19:07:41.421+0000] {subprocess.py:93} INFO - 25/11/30 19:07:41 INFO DAGScheduler: Submitting ResultStage 0 (MapPartitionsRDD[1] at parquet at NativeMethodAccessorImpl.java:0), which has no missing parents
[2025-11-30T19:07:41.530+0000] {subprocess.py:93} INFO - 25/11/30 19:07:41 INFO MemoryStore: Block broadcast_0 stored as values in memory (estimated size 103.1 KiB, free 434.3 MiB)
[2025-11-30T19:07:41.583+0000] {subprocess.py:93} INFO - 25/11/30 19:07:41 INFO MemoryStore: Block broadcast_0_piece0 stored as bytes in memory (estimated size 37.1 KiB, free 434.3 MiB)
[2025-11-30T19:07:41.590+0000] {subprocess.py:93} INFO - 25/11/30 19:07:41 INFO BlockManagerInfo: Added broadcast_0_piece0 in memory on 76c6f5c40d8c:44865 (size: 37.1 KiB, free: 434.4 MiB)
[2025-11-30T19:07:41.596+0000] {subprocess.py:93} INFO - 25/11/30 19:07:41 INFO SparkContext: Created broadcast 0 from broadcast at DAGScheduler.scala:1580
[2025-11-30T19:07:41.627+0000] {subprocess.py:93} INFO - 25/11/30 19:07:41 INFO DAGScheduler: Submitting 1 missing tasks from ResultStage 0 (MapPartitionsRDD[1] at parquet at NativeMethodAccessorImpl.java:0) (first 15 tasks are for partitions Vector(0))
[2025-11-30T19:07:41.631+0000] {subprocess.py:93} INFO - 25/11/30 19:07:41 INFO TaskSchedulerImpl: Adding task set 0.0 with 1 tasks resource profile 0
[2025-11-30T19:07:41.738+0000] {subprocess.py:93} INFO - 25/11/30 19:07:41 INFO TaskSetManager: Starting task 0.0 in stage 0.0 (TID 0) (76c6f5c40d8c, executor driver, partition 0, PROCESS_LOCAL, 7837 bytes)
[2025-11-30T19:07:41.765+0000] {subprocess.py:93} INFO - 25/11/30 19:07:41 INFO Executor: Running task 0.0 in stage 0.0 (TID 0)
[2025-11-30T19:07:42.715+0000] {subprocess.py:93} INFO - 25/11/30 19:07:42 INFO Executor: Finished task 0.0 in stage 0.0 (TID 0). 2680 bytes result sent to driver
[2025-11-30T19:07:42.795+0000] {subprocess.py:93} INFO - 25/11/30 19:07:42 INFO TaskSetManager: Finished task 0.0 in stage 0.0 (TID 0) in 1054 ms on 76c6f5c40d8c (executor driver) (1/1)
[2025-11-30T19:07:42.802+0000] {subprocess.py:93} INFO - 25/11/30 19:07:42 INFO TaskSchedulerImpl: Removed TaskSet 0.0, whose tasks have all completed, from pool
[2025-11-30T19:07:42.808+0000] {subprocess.py:93} INFO - 25/11/30 19:07:42 INFO DAGScheduler: ResultStage 0 (parquet at NativeMethodAccessorImpl.java:0) finished in 1.346 s
[2025-11-30T19:07:42.836+0000] {subprocess.py:93} INFO - 25/11/30 19:07:42 INFO DAGScheduler: Job 0 is finished. Cancelling potential speculative or zombie tasks for this job
[2025-11-30T19:07:42.844+0000] {subprocess.py:93} INFO - 25/11/30 19:07:42 INFO TaskSchedulerImpl: Killing all running tasks in stage 0: Stage finished
[2025-11-30T19:07:42.850+0000] {subprocess.py:93} INFO - 25/11/30 19:07:42 INFO DAGScheduler: Job 0 finished: parquet at NativeMethodAccessorImpl.java:0, took 1.451297 s
[2025-11-30T19:07:46.224+0000] {subprocess.py:93} INFO - 25/11/30 19:07:46 INFO BlockManagerInfo: Removed broadcast_0_piece0 on 76c6f5c40d8c:44865 in memory (size: 37.1 KiB, free: 434.4 MiB)
[2025-11-30T19:07:46.474+0000] {subprocess.py:93} INFO - 25/11/30 19:07:46 INFO FileSourceStrategy: Pushed Filters:
[2025-11-30T19:07:46.476+0000] {subprocess.py:93} INFO - 25/11/30 19:07:46 INFO FileSourceStrategy: Post-Scan Filters:
[2025-11-30T19:07:46.660+0000] {subprocess.py:93} INFO - 25/11/30 19:07:46 INFO ParquetUtils: Using default output committer for Parquet: org.apache.parquet.hadoop.ParquetOutputCommitter
[2025-11-30T19:07:46.690+0000] {subprocess.py:93} INFO - 25/11/30 19:07:46 INFO FileOutputCommitter: File Output Committer Algorithm version is 1
[2025-11-30T19:07:46.691+0000] {subprocess.py:93} INFO - 25/11/30 19:07:46 INFO FileOutputCommitter: FileOutputCommitter skip cleanup _temporary folders under output directory:false, ignore cleanup failures: false
[2025-11-30T19:07:46.695+0000] {subprocess.py:93} INFO - 25/11/30 19:07:46 INFO SQLHadoopMapReduceCommitProtocol: Using user defined output committer class org.apache.parquet.hadoop.ParquetOutputCommitter
[2025-11-30T19:07:46.696+0000] {subprocess.py:93} INFO - 25/11/30 19:07:46 INFO FileOutputCommitter: File Output Committer Algorithm version is 1
[2025-11-30T19:07:46.696+0000] {subprocess.py:93} INFO - 25/11/30 19:07:46 INFO FileOutputCommitter: FileOutputCommitter skip cleanup _temporary folders under output directory:false, ignore cleanup failures: false
[2025-11-30T19:07:46.697+0000] {subprocess.py:93} INFO - 25/11/30 19:07:46 INFO SQLHadoopMapReduceCommitProtocol: Using output committer class org.apache.parquet.hadoop.ParquetOutputCommitter
[2025-11-30T19:07:47.451+0000] {subprocess.py:93} INFO - 25/11/30 19:07:47 INFO CodeGenerator: Code generated in 563.241404 ms
[2025-11-30T19:07:47.481+0000] {subprocess.py:93} INFO - 25/11/30 19:07:47 INFO MemoryStore: Block broadcast_1 stored as values in memory (estimated size 202.1 KiB, free 434.2 MiB)
[2025-11-30T19:07:47.510+0000] {subprocess.py:93} INFO - 25/11/30 19:07:47 INFO MemoryStore: Block broadcast_1_piece0 stored as bytes in memory (estimated size 35.2 KiB, free 434.2 MiB)
[2025-11-30T19:07:47.512+0000] {subprocess.py:93} INFO - 25/11/30 19:07:47 INFO BlockManagerInfo: Added broadcast_1_piece0 in memory on 76c6f5c40d8c:44865 (size: 35.2 KiB, free: 434.4 MiB)
[2025-11-30T19:07:47.514+0000] {subprocess.py:93} INFO - 25/11/30 19:07:47 INFO SparkContext: Created broadcast 1 from parquet at NativeMethodAccessorImpl.java:0
[2025-11-30T19:07:47.537+0000] {subprocess.py:93} INFO - 25/11/30 19:07:47 INFO FileSourceScanExec: Planning scan with bin packing, max size: 4194304 bytes, open cost is considered as scanning 4194304 bytes.
[2025-11-30T19:07:47.629+0000] {subprocess.py:93} INFO - 25/11/30 19:07:47 INFO SparkContext: Starting job: parquet at NativeMethodAccessorImpl.java:0
[2025-11-30T19:07:47.631+0000] {subprocess.py:93} INFO - 25/11/30 19:07:47 INFO DAGScheduler: Got job 1 (parquet at NativeMethodAccessorImpl.java:0) with 1 output partitions
[2025-11-30T19:07:47.632+0000] {subprocess.py:93} INFO - 25/11/30 19:07:47 INFO DAGScheduler: Final stage: ResultStage 1 (parquet at NativeMethodAccessorImpl.java:0)
[2025-11-30T19:07:47.633+0000] {subprocess.py:93} INFO - 25/11/30 19:07:47 INFO DAGScheduler: Parents of final stage: List()
[2025-11-30T19:07:47.634+0000] {subprocess.py:93} INFO - 25/11/30 19:07:47 INFO DAGScheduler: Missing parents: List()
[2025-11-30T19:07:47.635+0000] {subprocess.py:93} INFO - 25/11/30 19:07:47 INFO DAGScheduler: Submitting ResultStage 1 (MapPartitionsRDD[5] at parquet at NativeMethodAccessorImpl.java:0), which has no missing parents
[2025-11-30T19:07:47.739+0000] {subprocess.py:93} INFO - 25/11/30 19:07:47 INFO MemoryStore: Block broadcast_2 stored as values in memory (estimated size 233.9 KiB, free 433.9 MiB)
[2025-11-30T19:07:47.746+0000] {subprocess.py:93} INFO - 25/11/30 19:07:47 INFO MemoryStore: Block broadcast_2_piece0 stored as bytes in memory (estimated size 81.2 KiB, free 433.9 MiB)
[2025-11-30T19:07:47.749+0000] {subprocess.py:93} INFO - 25/11/30 19:07:47 INFO BlockManagerInfo: Added broadcast_2_piece0 in memory on 76c6f5c40d8c:44865 (size: 81.2 KiB, free: 434.3 MiB)
[2025-11-30T19:07:47.752+0000] {subprocess.py:93} INFO - 25/11/30 19:07:47 INFO SparkContext: Created broadcast 2 from broadcast at DAGScheduler.scala:1580
[2025-11-30T19:07:47.758+0000] {subprocess.py:93} INFO - 25/11/30 19:07:47 INFO DAGScheduler: Submitting 1 missing tasks from ResultStage 1 (MapPartitionsRDD[5] at parquet at NativeMethodAccessorImpl.java:0) (first 15 tasks are for partitions Vector(0))
[2025-11-30T19:07:47.759+0000] {subprocess.py:93} INFO - 25/11/30 19:07:47 INFO TaskSchedulerImpl: Adding task set 1.0 with 1 tasks resource profile 0
[2025-11-30T19:07:47.784+0000] {subprocess.py:93} INFO - 25/11/30 19:07:47 INFO TaskSetManager: Starting task 0.0 in stage 1.0 (TID 1) (76c6f5c40d8c, executor driver, partition 0, ANY, 8305 bytes)
[2025-11-30T19:07:47.787+0000] {subprocess.py:93} INFO - 25/11/30 19:07:47 INFO Executor: Running task 0.0 in stage 1.0 (TID 1)
[2025-11-30T19:07:48.143+0000] {subprocess.py:93} INFO - 25/11/30 19:07:48 INFO CodeGenerator: Code generated in 187.172161 ms
[2025-11-30T19:07:48.152+0000] {subprocess.py:93} INFO - 25/11/30 19:07:48 INFO FileOutputCommitter: File Output Committer Algorithm version is 1
[2025-11-30T19:07:48.153+0000] {subprocess.py:93} INFO - 25/11/30 19:07:48 INFO FileOutputCommitter: FileOutputCommitter skip cleanup _temporary folders under output directory:false, ignore cleanup failures: false
[2025-11-30T19:07:48.154+0000] {subprocess.py:93} INFO - 25/11/30 19:07:48 INFO SQLHadoopMapReduceCommitProtocol: Using user defined output committer class org.apache.parquet.hadoop.ParquetOutputCommitter
[2025-11-30T19:07:48.155+0000] {subprocess.py:93} INFO - 25/11/30 19:07:48 INFO FileOutputCommitter: File Output Committer Algorithm version is 1
[2025-11-30T19:07:48.156+0000] {subprocess.py:93} INFO - 25/11/30 19:07:48 INFO FileOutputCommitter: FileOutputCommitter skip cleanup _temporary folders under output directory:false, ignore cleanup failures: false
[2025-11-30T19:07:48.158+0000] {subprocess.py:93} INFO - 25/11/30 19:07:48 INFO SQLHadoopMapReduceCommitProtocol: Using output committer class org.apache.parquet.hadoop.ParquetOutputCommitter
[2025-11-30T19:07:48.172+0000] {subprocess.py:93} INFO - 25/11/30 19:07:48 INFO CodecConfig: Compression: SNAPPY
[2025-11-30T19:07:48.183+0000] {subprocess.py:93} INFO - 25/11/30 19:07:48 INFO CodecConfig: Compression: SNAPPY
[2025-11-30T19:07:48.229+0000] {subprocess.py:93} INFO - 25/11/30 19:07:48 INFO ParquetOutputFormat: ParquetRecordWriter [block size: 134217728b, row group padding size: 8388608b, validating: false]
[2025-11-30T19:07:48.275+0000] {subprocess.py:93} INFO - 25/11/30 19:07:48 INFO ParquetWriteSupport: Initialized Parquet WriteSupport with Catalyst schema:
[2025-11-30T19:07:48.276+0000] {subprocess.py:93} INFO - {
[2025-11-30T19:07:48.277+0000] {subprocess.py:93} INFO -   "type" : "struct",
[2025-11-30T19:07:48.278+0000] {subprocess.py:93} INFO -   "fields" : [ {
[2025-11-30T19:07:48.281+0000] {subprocess.py:93} INFO -     "name" : "title",
[2025-11-30T19:07:48.283+0000] {subprocess.py:93} INFO -     "type" : "string",
[2025-11-30T19:07:48.286+0000] {subprocess.py:93} INFO -     "nullable" : true,
[2025-11-30T19:07:48.287+0000] {subprocess.py:93} INFO -     "metadata" : { }
[2025-11-30T19:07:48.287+0000] {subprocess.py:93} INFO -   }, {
[2025-11-30T19:07:48.289+0000] {subprocess.py:93} INFO -     "name" : "price",
[2025-11-30T19:07:48.290+0000] {subprocess.py:93} INFO -     "type" : "double",
[2025-11-30T19:07:48.292+0000] {subprocess.py:93} INFO -     "nullable" : true,
[2025-11-30T19:07:48.294+0000] {subprocess.py:93} INFO -     "metadata" : { }
[2025-11-30T19:07:48.295+0000] {subprocess.py:93} INFO -   }, {
[2025-11-30T19:07:48.296+0000] {subprocess.py:93} INFO -     "name" : "location",
[2025-11-30T19:07:48.297+0000] {subprocess.py:93} INFO -     "type" : "string",
[2025-11-30T19:07:48.298+0000] {subprocess.py:93} INFO -     "nullable" : true,
[2025-11-30T19:07:48.299+0000] {subprocess.py:93} INFO -     "metadata" : { }
[2025-11-30T19:07:48.300+0000] {subprocess.py:93} INFO -   }, {
[2025-11-30T19:07:48.301+0000] {subprocess.py:93} INFO -     "name" : "size",
[2025-11-30T19:07:48.302+0000] {subprocess.py:93} INFO -     "type" : "double",
[2025-11-30T19:07:48.303+0000] {subprocess.py:93} INFO -     "nullable" : true,
[2025-11-30T19:07:48.304+0000] {subprocess.py:93} INFO -     "metadata" : { }
[2025-11-30T19:07:48.305+0000] {subprocess.py:93} INFO -   }, {
[2025-11-30T19:07:48.306+0000] {subprocess.py:93} INFO -     "name" : "bedrooms",
[2025-11-30T19:07:48.307+0000] {subprocess.py:93} INFO -     "type" : "integer",
[2025-11-30T19:07:48.307+0000] {subprocess.py:93} INFO -     "nullable" : true,
[2025-11-30T19:07:48.308+0000] {subprocess.py:93} INFO -     "metadata" : { }
[2025-11-30T19:07:48.309+0000] {subprocess.py:93} INFO -   }, {
[2025-11-30T19:07:48.310+0000] {subprocess.py:93} INFO -     "name" : "bathrooms",
[2025-11-30T19:07:48.311+0000] {subprocess.py:93} INFO -     "type" : "integer",
[2025-11-30T19:07:48.311+0000] {subprocess.py:93} INFO -     "nullable" : true,
[2025-11-30T19:07:48.312+0000] {subprocess.py:93} INFO -     "metadata" : { }
[2025-11-30T19:07:48.313+0000] {subprocess.py:93} INFO -   }, {
[2025-11-30T19:07:48.313+0000] {subprocess.py:93} INFO -     "name" : "compound",
[2025-11-30T19:07:48.315+0000] {subprocess.py:93} INFO -     "type" : "string",
[2025-11-30T19:07:48.317+0000] {subprocess.py:93} INFO -     "nullable" : false,
[2025-11-30T19:07:48.318+0000] {subprocess.py:93} INFO -     "metadata" : { }
[2025-11-30T19:07:48.319+0000] {subprocess.py:93} INFO -   }, {
[2025-11-30T19:07:48.321+0000] {subprocess.py:93} INFO -     "name" : "source",
[2025-11-30T19:07:48.324+0000] {subprocess.py:93} INFO -     "type" : "string",
[2025-11-30T19:07:48.325+0000] {subprocess.py:93} INFO -     "nullable" : false,
[2025-11-30T19:07:48.326+0000] {subprocess.py:93} INFO -     "metadata" : { }
[2025-11-30T19:07:48.327+0000] {subprocess.py:93} INFO -   }, {
[2025-11-30T19:07:48.327+0000] {subprocess.py:93} INFO -     "name" : "property_type",
[2025-11-30T19:07:48.328+0000] {subprocess.py:93} INFO -     "type" : "string",
[2025-11-30T19:07:48.329+0000] {subprocess.py:93} INFO -     "nullable" : true,
[2025-11-30T19:07:48.330+0000] {subprocess.py:93} INFO -     "metadata" : { }
[2025-11-30T19:07:48.331+0000] {subprocess.py:93} INFO -   }, {
[2025-11-30T19:07:48.333+0000] {subprocess.py:93} INFO -     "name" : "link",
[2025-11-30T19:07:48.336+0000] {subprocess.py:93} INFO -     "type" : "string",
[2025-11-30T19:07:48.338+0000] {subprocess.py:93} INFO -     "nullable" : true,
[2025-11-30T19:07:48.339+0000] {subprocess.py:93} INFO -     "metadata" : { }
[2025-11-30T19:07:48.339+0000] {subprocess.py:93} INFO -   }, {
[2025-11-30T19:07:48.340+0000] {subprocess.py:93} INFO -     "name" : "description",
[2025-11-30T19:07:48.341+0000] {subprocess.py:93} INFO -     "type" : "string",
[2025-11-30T19:07:48.341+0000] {subprocess.py:93} INFO -     "nullable" : true,
[2025-11-30T19:07:48.342+0000] {subprocess.py:93} INFO -     "metadata" : { }
[2025-11-30T19:07:48.343+0000] {subprocess.py:93} INFO -   }, {
[2025-11-30T19:07:48.343+0000] {subprocess.py:93} INFO -     "name" : "price_per_sqm",
[2025-11-30T19:07:48.344+0000] {subprocess.py:93} INFO -     "type" : "double",
[2025-11-30T19:07:48.345+0000] {subprocess.py:93} INFO -     "nullable" : true,
[2025-11-30T19:07:48.345+0000] {subprocess.py:93} INFO -     "metadata" : { }
[2025-11-30T19:07:48.347+0000] {subprocess.py:93} INFO -   }, {
[2025-11-30T19:07:48.348+0000] {subprocess.py:93} INFO -     "name" : "latitude",
[2025-11-30T19:07:48.348+0000] {subprocess.py:93} INFO -     "type" : "string",
[2025-11-30T19:07:48.349+0000] {subprocess.py:93} INFO -     "nullable" : true,
[2025-11-30T19:07:48.350+0000] {subprocess.py:93} INFO -     "metadata" : { }
[2025-11-30T19:07:48.351+0000] {subprocess.py:93} INFO -   }, {
[2025-11-30T19:07:48.352+0000] {subprocess.py:93} INFO -     "name" : "longitude",
[2025-11-30T19:07:48.353+0000] {subprocess.py:93} INFO -     "type" : "string",
[2025-11-30T19:07:48.354+0000] {subprocess.py:93} INFO -     "nullable" : true,
[2025-11-30T19:07:48.355+0000] {subprocess.py:93} INFO -     "metadata" : { }
[2025-11-30T19:07:48.356+0000] {subprocess.py:93} INFO -   }, {
[2025-11-30T19:07:48.359+0000] {subprocess.py:93} INFO -     "name" : "Jacuzzi",
[2025-11-30T19:07:48.362+0000] {subprocess.py:93} INFO -     "type" : "integer",
[2025-11-30T19:07:48.363+0000] {subprocess.py:93} INFO -     "nullable" : false,
[2025-11-30T19:07:48.368+0000] {subprocess.py:93} INFO -     "metadata" : { }
[2025-11-30T19:07:48.371+0000] {subprocess.py:93} INFO -   }, {
[2025-11-30T19:07:48.372+0000] {subprocess.py:93} INFO -     "name" : "Garden",
[2025-11-30T19:07:48.373+0000] {subprocess.py:93} INFO -     "type" : "integer",
[2025-11-30T19:07:48.374+0000] {subprocess.py:93} INFO -     "nullable" : false,
[2025-11-30T19:07:48.375+0000] {subprocess.py:93} INFO -     "metadata" : { }
[2025-11-30T19:07:48.376+0000] {subprocess.py:93} INFO -   }, {
[2025-11-30T19:07:48.376+0000] {subprocess.py:93} INFO -     "name" : "Balcony",
[2025-11-30T19:07:48.377+0000] {subprocess.py:93} INFO -     "type" : "integer",
[2025-11-30T19:07:48.378+0000] {subprocess.py:93} INFO -     "nullable" : false,
[2025-11-30T19:07:48.378+0000] {subprocess.py:93} INFO -     "metadata" : { }
[2025-11-30T19:07:48.379+0000] {subprocess.py:93} INFO -   }, {
[2025-11-30T19:07:48.381+0000] {subprocess.py:93} INFO -     "name" : "Pool",
[2025-11-30T19:07:48.382+0000] {subprocess.py:93} INFO -     "type" : "integer",
[2025-11-30T19:07:48.384+0000] {subprocess.py:93} INFO -     "nullable" : false,
[2025-11-30T19:07:48.385+0000] {subprocess.py:93} INFO -     "metadata" : { }
[2025-11-30T19:07:48.385+0000] {subprocess.py:93} INFO -   }, {
[2025-11-30T19:07:48.386+0000] {subprocess.py:93} INFO -     "name" : "Parking",
[2025-11-30T19:07:48.387+0000] {subprocess.py:93} INFO -     "type" : "integer",
[2025-11-30T19:07:48.387+0000] {subprocess.py:93} INFO -     "nullable" : false,
[2025-11-30T19:07:48.388+0000] {subprocess.py:93} INFO -     "metadata" : { }
[2025-11-30T19:07:48.389+0000] {subprocess.py:93} INFO -   }, {
[2025-11-30T19:07:48.390+0000] {subprocess.py:93} INFO -     "name" : "Gym",
[2025-11-30T19:07:48.390+0000] {subprocess.py:93} INFO -     "type" : "integer",
[2025-11-30T19:07:48.391+0000] {subprocess.py:93} INFO -     "nullable" : false,
[2025-11-30T19:07:48.392+0000] {subprocess.py:93} INFO -     "metadata" : { }
[2025-11-30T19:07:48.393+0000] {subprocess.py:93} INFO -   }, {
[2025-11-30T19:07:48.393+0000] {subprocess.py:93} INFO -     "name" : "Maids_Quarters",
[2025-11-30T19:07:48.394+0000] {subprocess.py:93} INFO -     "type" : "integer",
[2025-11-30T19:07:48.395+0000] {subprocess.py:93} INFO -     "nullable" : false,
[2025-11-30T19:07:48.396+0000] {subprocess.py:93} INFO -     "metadata" : { }
[2025-11-30T19:07:48.397+0000] {subprocess.py:93} INFO -   }, {
[2025-11-30T19:07:48.398+0000] {subprocess.py:93} INFO -     "name" : "Spa",
[2025-11-30T19:07:48.399+0000] {subprocess.py:93} INFO -     "type" : "integer",
[2025-11-30T19:07:48.401+0000] {subprocess.py:93} INFO -     "nullable" : false,
[2025-11-30T19:07:48.403+0000] {subprocess.py:93} INFO -     "metadata" : { }
[2025-11-30T19:07:48.404+0000] {subprocess.py:93} INFO -   } ]
[2025-11-30T19:07:48.405+0000] {subprocess.py:93} INFO - }
[2025-11-30T19:07:48.405+0000] {subprocess.py:93} INFO - and corresponding Parquet message type:
[2025-11-30T19:07:48.406+0000] {subprocess.py:93} INFO - message spark_schema {
[2025-11-30T19:07:48.407+0000] {subprocess.py:93} INFO -   optional binary title (STRING);
[2025-11-30T19:07:48.407+0000] {subprocess.py:93} INFO -   optional double price;
[2025-11-30T19:07:48.408+0000] {subprocess.py:93} INFO -   optional binary location (STRING);
[2025-11-30T19:07:48.409+0000] {subprocess.py:93} INFO -   optional double size;
[2025-11-30T19:07:48.410+0000] {subprocess.py:93} INFO -   optional int32 bedrooms;
[2025-11-30T19:07:48.411+0000] {subprocess.py:93} INFO -   optional int32 bathrooms;
[2025-11-30T19:07:48.416+0000] {subprocess.py:93} INFO -   required binary compound (STRING);
[2025-11-30T19:07:48.421+0000] {subprocess.py:93} INFO -   required binary source (STRING);
[2025-11-30T19:07:48.422+0000] {subprocess.py:93} INFO -   optional binary property_type (STRING);
[2025-11-30T19:07:48.422+0000] {subprocess.py:93} INFO -   optional binary link (STRING);
[2025-11-30T19:07:48.423+0000] {subprocess.py:93} INFO -   optional binary description (STRING);
[2025-11-30T19:07:48.424+0000] {subprocess.py:93} INFO -   optional double price_per_sqm;
[2025-11-30T19:07:48.426+0000] {subprocess.py:93} INFO -   optional binary latitude (STRING);
[2025-11-30T19:07:48.427+0000] {subprocess.py:93} INFO -   optional binary longitude (STRING);
[2025-11-30T19:07:48.427+0000] {subprocess.py:93} INFO -   required int32 Jacuzzi;
[2025-11-30T19:07:48.429+0000] {subprocess.py:93} INFO -   required int32 Garden;
[2025-11-30T19:07:48.430+0000] {subprocess.py:93} INFO -   required int32 Balcony;
[2025-11-30T19:07:48.431+0000] {subprocess.py:93} INFO -   required int32 Pool;
[2025-11-30T19:07:48.433+0000] {subprocess.py:93} INFO -   required int32 Parking;
[2025-11-30T19:07:48.434+0000] {subprocess.py:93} INFO -   required int32 Gym;
[2025-11-30T19:07:48.435+0000] {subprocess.py:93} INFO -   required int32 Maids_Quarters;
[2025-11-30T19:07:48.436+0000] {subprocess.py:93} INFO -   required int32 Spa;
[2025-11-30T19:07:48.437+0000] {subprocess.py:93} INFO - }
[2025-11-30T19:07:48.438+0000] {subprocess.py:93} INFO - 
[2025-11-30T19:07:48.438+0000] {subprocess.py:93} INFO - 
[2025-11-30T19:07:48.439+0000] {subprocess.py:93} INFO - 25/11/30 19:07:48 INFO CodecPool: Got brand-new compressor [.snappy]
[2025-11-30T19:07:48.787+0000] {subprocess.py:93} INFO - 25/11/30 19:07:48 INFO FileScanRDD: Reading File path: hdfs://namenode:9000/datalake/silver/cleaned_propertyfinder/part-00000-7892fd5b-37b8-4f58-a416-1271ffc25e1a-c000.snappy.parquet, range: 0-462989, partition values: [empty row]
[2025-11-30T19:07:48.980+0000] {subprocess.py:93} INFO - 25/11/30 19:07:48 INFO CodecPool: Got brand-new decompressor [.snappy]
[2025-11-30T19:07:49.548+0000] {subprocess.py:93} INFO - 25/11/30 19:07:49 INFO FileOutputCommitter: Saved output of task 'attempt_20251130190747217364884715732693_0001_m_000000_1' to hdfs://namenode:9000/datalake/gold/propertyfinder_gold/_temporary/0/task_20251130190747217364884715732693_0001_m_000000
[2025-11-30T19:07:49.550+0000] {subprocess.py:93} INFO - 25/11/30 19:07:49 INFO SparkHadoopMapRedUtil: attempt_20251130190747217364884715732693_0001_m_000000_1: Committed. Elapsed time: 16 ms.
[2025-11-30T19:07:49.572+0000] {subprocess.py:93} INFO - 25/11/30 19:07:49 INFO Executor: Finished task 0.0 in stage 1.0 (TID 1). 2821 bytes result sent to driver
[2025-11-30T19:07:49.576+0000] {subprocess.py:93} INFO - 25/11/30 19:07:49 INFO TaskSetManager: Finished task 0.0 in stage 1.0 (TID 1) in 1804 ms on 76c6f5c40d8c (executor driver) (1/1)
[2025-11-30T19:07:49.577+0000] {subprocess.py:93} INFO - 25/11/30 19:07:49 INFO TaskSchedulerImpl: Removed TaskSet 1.0, whose tasks have all completed, from pool
[2025-11-30T19:07:49.578+0000] {subprocess.py:93} INFO - 25/11/30 19:07:49 INFO DAGScheduler: ResultStage 1 (parquet at NativeMethodAccessorImpl.java:0) finished in 1.931 s
[2025-11-30T19:07:49.580+0000] {subprocess.py:93} INFO - 25/11/30 19:07:49 INFO DAGScheduler: Job 1 is finished. Cancelling potential speculative or zombie tasks for this job
[2025-11-30T19:07:49.581+0000] {subprocess.py:93} INFO - 25/11/30 19:07:49 INFO TaskSchedulerImpl: Killing all running tasks in stage 1: Stage finished
[2025-11-30T19:07:49.582+0000] {subprocess.py:93} INFO - 25/11/30 19:07:49 INFO DAGScheduler: Job 1 finished: parquet at NativeMethodAccessorImpl.java:0, took 1.951327 s
[2025-11-30T19:07:49.586+0000] {subprocess.py:93} INFO - 25/11/30 19:07:49 INFO FileFormatWriter: Start to commit write Job e3e3e97a-3248-4c59-9388-6d1278fca046.
[2025-11-30T19:07:49.637+0000] {subprocess.py:93} INFO - 25/11/30 19:07:49 INFO FileFormatWriter: Write Job e3e3e97a-3248-4c59-9388-6d1278fca046 committed. Elapsed time: 48 ms.
[2025-11-30T19:07:49.644+0000] {subprocess.py:93} INFO - 25/11/30 19:07:49 INFO FileFormatWriter: Finished processing stats for write job e3e3e97a-3248-4c59-9388-6d1278fca046.
[2025-11-30T19:07:49.653+0000] {subprocess.py:93} INFO - ✅ PropertyFinder Gold data (Enriched) saved to hdfs://namenode:9000/datalake/gold/propertyfinder_gold
[2025-11-30T19:07:49.654+0000] {subprocess.py:93} INFO - 25/11/30 19:07:49 INFO SparkContext: SparkContext is stopping with exitCode 0.
[2025-11-30T19:07:49.675+0000] {subprocess.py:93} INFO - 25/11/30 19:07:49 INFO SparkUI: Stopped Spark web UI at http://76c6f5c40d8c:4043
[2025-11-30T19:07:49.694+0000] {subprocess.py:93} INFO - 25/11/30 19:07:49 INFO MapOutputTrackerMasterEndpoint: MapOutputTrackerMasterEndpoint stopped!
[2025-11-30T19:07:49.725+0000] {subprocess.py:93} INFO - 25/11/30 19:07:49 INFO MemoryStore: MemoryStore cleared
[2025-11-30T19:07:49.726+0000] {subprocess.py:93} INFO - 25/11/30 19:07:49 INFO BlockManager: BlockManager stopped
[2025-11-30T19:07:49.733+0000] {subprocess.py:93} INFO - 25/11/30 19:07:49 INFO BlockManagerMaster: BlockManagerMaster stopped
[2025-11-30T19:07:49.738+0000] {subprocess.py:93} INFO - 25/11/30 19:07:49 INFO OutputCommitCoordinator$OutputCommitCoordinatorEndpoint: OutputCommitCoordinator stopped!
[2025-11-30T19:07:49.757+0000] {subprocess.py:93} INFO - 25/11/30 19:07:49 INFO SparkContext: Successfully stopped SparkContext
[2025-11-30T19:07:49.931+0000] {subprocess.py:93} INFO - 25/11/30 19:07:49 INFO ShutdownHookManager: Shutdown hook called
[2025-11-30T19:07:49.932+0000] {subprocess.py:93} INFO - 25/11/30 19:07:49 INFO ShutdownHookManager: Deleting directory /tmp/spark-83fa93d4-66ae-4662-b6c2-a255122100c0
[2025-11-30T19:07:49.937+0000] {subprocess.py:93} INFO - 25/11/30 19:07:49 INFO ShutdownHookManager: Deleting directory /tmp/spark-c415e172-c0cb-4710-ad89-efbe984f5dbf/pyspark-b326b4d2-ca98-4240-ad98-5662ec88f367
[2025-11-30T19:07:49.942+0000] {subprocess.py:93} INFO - 25/11/30 19:07:49 INFO ShutdownHookManager: Deleting directory /tmp/spark-c415e172-c0cb-4710-ad89-efbe984f5dbf
[2025-11-30T19:07:50.008+0000] {subprocess.py:97} INFO - Command exited with return code 0
[2025-11-30T19:07:50.010+0000] {taskinstance.py:441} INFO - ::group::Post task execution logs
[2025-11-30T19:07:50.040+0000] {taskinstance.py:1206} INFO - Marking task as SUCCESS. dag_id=real_estate_etl_pipeline, task_id=transform_propertyfinder, run_id=manual__2025-11-30T18:25:30.102845+00:00, execution_date=20251130T182530, start_date=20251130T190728, end_date=20251130T190750
[2025-11-30T19:07:50.098+0000] {local_task_job_runner.py:240} INFO - Task exited with return code 0
[2025-11-30T19:07:50.127+0000] {taskinstance.py:3503} INFO - 0 downstream tasks scheduled from follow-on schedule check
[2025-11-30T19:07:50.130+0000] {local_task_job_runner.py:222} INFO - ::endgroup::
