[2025-11-30T18:45:53.660+0000] {local_task_job_runner.py:120} INFO - ::group::Pre task execution logs
[2025-11-30T18:45:53.702+0000] {taskinstance.py:2076} INFO - Dependencies all met for dep_context=non-requeueable deps ti=<TaskInstance: real_estate_etl_pipeline.clean_propertyfinder manual__2025-11-30T18:25:30.102845+00:00 [queued]>
[2025-11-30T18:45:53.717+0000] {taskinstance.py:2076} INFO - Dependencies all met for dep_context=requeueable deps ti=<TaskInstance: real_estate_etl_pipeline.clean_propertyfinder manual__2025-11-30T18:25:30.102845+00:00 [queued]>
[2025-11-30T18:45:53.719+0000] {taskinstance.py:2306} INFO - Starting attempt 1 of 2
[2025-11-30T18:45:53.741+0000] {taskinstance.py:2330} INFO - Executing <Task(BashOperator): clean_propertyfinder> on 2025-11-30 18:25:30.102845+00:00
[2025-11-30T18:45:53.763+0000] {warnings.py:112} WARNING - /home/***/.local/lib/python3.12/site-packages/***/task/task_runner/standard_task_runner.py:61: DeprecationWarning: This process (pid=233) is multi-threaded, use of fork() may lead to deadlocks in the child.
  pid = os.fork()

[2025-11-30T18:45:53.766+0000] {standard_task_runner.py:63} INFO - Started process 255 to run task
[2025-11-30T18:45:53.765+0000] {standard_task_runner.py:90} INFO - Running: ['***', 'tasks', 'run', 'real_estate_etl_pipeline', 'clean_propertyfinder', 'manual__2025-11-30T18:25:30.102845+00:00', '--job-id', '16', '--raw', '--subdir', 'DAGS_FOLDER/scraping_dag.py', '--cfg-path', '/tmp/tmpaypqrh8x']
[2025-11-30T18:45:53.770+0000] {standard_task_runner.py:91} INFO - Job 16: Subtask clean_propertyfinder
[2025-11-30T18:45:53.852+0000] {task_command.py:426} INFO - Running <TaskInstance: real_estate_etl_pipeline.clean_propertyfinder manual__2025-11-30T18:25:30.102845+00:00 [running]> on host 9a9a5f972fcd
[2025-11-30T18:45:53.982+0000] {taskinstance.py:2648} INFO - Exporting env vars: AIRFLOW_CTX_DAG_OWNER='***' AIRFLOW_CTX_DAG_ID='real_estate_etl_pipeline' AIRFLOW_CTX_TASK_ID='clean_propertyfinder' AIRFLOW_CTX_EXECUTION_DATE='2025-11-30T18:25:30.102845+00:00' AIRFLOW_CTX_TRY_NUMBER='1' AIRFLOW_CTX_DAG_RUN_ID='manual__2025-11-30T18:25:30.102845+00:00'
[2025-11-30T18:45:53.985+0000] {taskinstance.py:430} INFO - ::endgroup::
[2025-11-30T18:45:53.986+0000] {subprocess.py:63} INFO - Tmp dir root location: /tmp
[2025-11-30T18:45:53.989+0000] {subprocess.py:75} INFO - Running command: ['/usr/bin/bash', '-c', 'docker exec jupyter spark-submit --master local[*] /data/Cleaning_Layer_Pyspark/clean_propertyfinder.py']
[2025-11-30T18:45:54.016+0000] {subprocess.py:86} INFO - Output:
[2025-11-30T18:45:58.295+0000] {subprocess.py:93} INFO - python3: can't open file '/data/Cleaning_Layer_Pyspark/clean_propertyfinder.py': [Errno 2] No such file or directory
[2025-11-30T18:45:58.318+0000] {subprocess.py:93} INFO - 25/11/30 18:45:58 INFO ShutdownHookManager: Shutdown hook called
[2025-11-30T18:45:58.335+0000] {subprocess.py:93} INFO - 25/11/30 18:45:58 INFO ShutdownHookManager: Deleting directory /tmp/spark-c299a617-6753-4469-a8dc-fd49f621ab70
[2025-11-30T18:45:58.446+0000] {subprocess.py:97} INFO - Command exited with return code 2
[2025-11-30T18:45:58.448+0000] {taskinstance.py:441} INFO - ::group::Post task execution logs
[2025-11-30T18:45:58.474+0000] {taskinstance.py:2905} ERROR - Task failed with exception
Traceback (most recent call last):
  File "/home/airflow/.local/lib/python3.12/site-packages/airflow/models/taskinstance.py", line 465, in _execute_task
    result = _execute_callable(context=context, **execute_callable_kwargs)
             ^^^^^^^^^^^^^^^^^^^^^^^^^^^^^^^^^^^^^^^^^^^^^^^^^^^^^^^^^^^^^
  File "/home/airflow/.local/lib/python3.12/site-packages/airflow/models/taskinstance.py", line 432, in _execute_callable
    return execute_callable(context=context, **execute_callable_kwargs)
           ^^^^^^^^^^^^^^^^^^^^^^^^^^^^^^^^^^^^^^^^^^^^^^^^^^^^^^^^^^^^
  File "/home/airflow/.local/lib/python3.12/site-packages/airflow/models/baseoperator.py", line 401, in wrapper
    return func(self, *args, **kwargs)
           ^^^^^^^^^^^^^^^^^^^^^^^^^^^
  File "/home/airflow/.local/lib/python3.12/site-packages/airflow/operators/bash.py", line 243, in execute
    raise AirflowException(
airflow.exceptions.AirflowException: Bash command failed. The command returned a non-zero exit code 2.
[2025-11-30T18:45:58.486+0000] {taskinstance.py:1206} INFO - Marking task as UP_FOR_RETRY. dag_id=real_estate_etl_pipeline, task_id=clean_propertyfinder, run_id=manual__2025-11-30T18:25:30.102845+00:00, execution_date=20251130T182530, start_date=20251130T184553, end_date=20251130T184558
[2025-11-30T18:45:58.539+0000] {standard_task_runner.py:110} ERROR - Failed to execute job 16 for task clean_propertyfinder (Bash command failed. The command returned a non-zero exit code 2.; 255)
[2025-11-30T18:45:58.586+0000] {local_task_job_runner.py:240} INFO - Task exited with return code 1
[2025-11-30T18:45:58.643+0000] {taskinstance.py:3503} INFO - 0 downstream tasks scheduled from follow-on schedule check
[2025-11-30T18:45:58.648+0000] {local_task_job_runner.py:222} INFO - ::endgroup::
