[2025-11-30T19:06:59.732+0000] {local_task_job_runner.py:120} INFO - ::group::Pre task execution logs
[2025-11-30T19:06:59.763+0000] {taskinstance.py:2076} INFO - Dependencies all met for dep_context=non-requeueable deps ti=<TaskInstance: real_estate_etl_pipeline.clean_propertyfinder manual__2025-11-30T18:25:30.102845+00:00 [queued]>
[2025-11-30T19:06:59.776+0000] {taskinstance.py:2076} INFO - Dependencies all met for dep_context=requeueable deps ti=<TaskInstance: real_estate_etl_pipeline.clean_propertyfinder manual__2025-11-30T18:25:30.102845+00:00 [queued]>
[2025-11-30T19:06:59.778+0000] {taskinstance.py:2306} INFO - Starting attempt 3 of 4
[2025-11-30T19:06:59.800+0000] {taskinstance.py:2330} INFO - Executing <Task(BashOperator): clean_propertyfinder> on 2025-11-30 18:25:30.102845+00:00
[2025-11-30T19:06:59.815+0000] {warnings.py:112} WARNING - /home/***/.local/lib/python3.12/site-packages/***/task/task_runner/standard_task_runner.py:61: DeprecationWarning: This process (pid=501) is multi-threaded, use of fork() may lead to deadlocks in the child.
  pid = os.fork()

[2025-11-30T19:06:59.818+0000] {standard_task_runner.py:63} INFO - Started process 508 to run task
[2025-11-30T19:06:59.823+0000] {standard_task_runner.py:90} INFO - Running: ['***', 'tasks', 'run', 'real_estate_etl_pipeline', 'clean_propertyfinder', 'manual__2025-11-30T18:25:30.102845+00:00', '--job-id', '31', '--raw', '--subdir', 'DAGS_FOLDER/scraping_dag.py', '--cfg-path', '/tmp/tmplf8dnvrc']
[2025-11-30T19:06:59.828+0000] {standard_task_runner.py:91} INFO - Job 31: Subtask clean_propertyfinder
[2025-11-30T19:06:59.911+0000] {task_command.py:426} INFO - Running <TaskInstance: real_estate_etl_pipeline.clean_propertyfinder manual__2025-11-30T18:25:30.102845+00:00 [running]> on host 9a9a5f972fcd
[2025-11-30T19:07:00.018+0000] {taskinstance.py:2648} INFO - Exporting env vars: AIRFLOW_CTX_DAG_OWNER='***' AIRFLOW_CTX_DAG_ID='real_estate_etl_pipeline' AIRFLOW_CTX_TASK_ID='clean_propertyfinder' AIRFLOW_CTX_EXECUTION_DATE='2025-11-30T18:25:30.102845+00:00' AIRFLOW_CTX_TRY_NUMBER='3' AIRFLOW_CTX_DAG_RUN_ID='manual__2025-11-30T18:25:30.102845+00:00'
[2025-11-30T19:07:00.021+0000] {taskinstance.py:430} INFO - ::endgroup::
[2025-11-30T19:07:00.022+0000] {subprocess.py:63} INFO - Tmp dir root location: /tmp
[2025-11-30T19:07:00.025+0000] {subprocess.py:75} INFO - Running command: ['/usr/bin/bash', '-c', 'docker exec jupyter spark-submit --master local[*] /data/Cleaning_Layer_Pyspark/clean_propertyfinder.py']
[2025-11-30T19:07:00.041+0000] {subprocess.py:86} INFO - Output:
[2025-11-30T19:07:04.728+0000] {subprocess.py:93} INFO - 25/11/30 19:07:04 INFO SparkContext: Running Spark version 3.5.0
[2025-11-30T19:07:04.730+0000] {subprocess.py:93} INFO - 25/11/30 19:07:04 INFO SparkContext: OS info Linux, 5.15.167.4-microsoft-standard-WSL2, amd64
[2025-11-30T19:07:04.732+0000] {subprocess.py:93} INFO - 25/11/30 19:07:04 INFO SparkContext: Java version 17.0.8.1
[2025-11-30T19:07:04.798+0000] {subprocess.py:93} INFO - 25/11/30 19:07:04 WARN NativeCodeLoader: Unable to load native-hadoop library for your platform... using builtin-java classes where applicable
[2025-11-30T19:07:04.900+0000] {subprocess.py:93} INFO - 25/11/30 19:07:04 INFO ResourceUtils: ==============================================================
[2025-11-30T19:07:04.901+0000] {subprocess.py:93} INFO - 25/11/30 19:07:04 INFO ResourceUtils: No custom resources configured for spark.driver.
[2025-11-30T19:07:04.902+0000] {subprocess.py:93} INFO - 25/11/30 19:07:04 INFO ResourceUtils: ==============================================================
[2025-11-30T19:07:04.903+0000] {subprocess.py:93} INFO - 25/11/30 19:07:04 INFO SparkContext: Submitted application: Clean_PropertyFinder
[2025-11-30T19:07:04.936+0000] {subprocess.py:93} INFO - 25/11/30 19:07:04 INFO ResourceProfile: Default ResourceProfile created, executor resources: Map(cores -> name: cores, amount: 1, script: , vendor: , memory -> name: memory, amount: 1024, script: , vendor: , offHeap -> name: offHeap, amount: 0, script: , vendor: ), task resources: Map(cpus -> name: cpus, amount: 1.0)
[2025-11-30T19:07:04.818+0000] {subprocess.py:93} INFO - 25/11/30 19:07:04 INFO ResourceProfile: Limiting resource is cpu
[2025-11-30T19:07:04.819+0000] {subprocess.py:93} INFO - 25/11/30 19:07:04 INFO ResourceProfileManager: Added ResourceProfile id: 0
[2025-11-30T19:07:04.896+0000] {subprocess.py:93} INFO - 25/11/30 19:07:04 INFO SecurityManager: Changing view acls to: jovyan
[2025-11-30T19:07:04.897+0000] {subprocess.py:93} INFO - 25/11/30 19:07:04 INFO SecurityManager: Changing modify acls to: jovyan
[2025-11-30T19:07:04.898+0000] {subprocess.py:93} INFO - 25/11/30 19:07:04 INFO SecurityManager: Changing view acls groups to:
[2025-11-30T19:07:04.899+0000] {subprocess.py:93} INFO - 25/11/30 19:07:04 INFO SecurityManager: Changing modify acls groups to:
[2025-11-30T19:07:04.900+0000] {subprocess.py:93} INFO - 25/11/30 19:07:04 INFO SecurityManager: SecurityManager: authentication disabled; ui acls disabled; users with view permissions: jovyan; groups with view permissions: EMPTY; users with modify permissions: jovyan; groups with modify permissions: EMPTY
[2025-11-30T19:07:05.399+0000] {subprocess.py:93} INFO - 25/11/30 19:07:05 INFO Utils: Successfully started service 'sparkDriver' on port 45603.
[2025-11-30T19:07:05.448+0000] {subprocess.py:93} INFO - 25/11/30 19:07:05 INFO SparkEnv: Registering MapOutputTracker
[2025-11-30T19:07:05.537+0000] {subprocess.py:93} INFO - 25/11/30 19:07:05 INFO SparkEnv: Registering BlockManagerMaster
[2025-11-30T19:07:05.570+0000] {subprocess.py:93} INFO - 25/11/30 19:07:05 INFO BlockManagerMasterEndpoint: Using org.apache.spark.storage.DefaultTopologyMapper for getting topology information
[2025-11-30T19:07:05.572+0000] {subprocess.py:93} INFO - 25/11/30 19:07:05 INFO BlockManagerMasterEndpoint: BlockManagerMasterEndpoint up
[2025-11-30T19:07:05.577+0000] {subprocess.py:93} INFO - 25/11/30 19:07:05 INFO SparkEnv: Registering BlockManagerMasterHeartbeat
[2025-11-30T19:07:06.205+0000] {subprocess.py:93} INFO - 25/11/30 19:07:06 INFO DiskBlockManager: Created local directory at /tmp/blockmgr-27db8e82-ee0a-43c4-a06a-60f38e884d4e
[2025-11-30T19:07:06.228+0000] {subprocess.py:93} INFO - 25/11/30 19:07:06 INFO MemoryStore: MemoryStore started with capacity 434.4 MiB
[2025-11-30T19:07:06.285+0000] {subprocess.py:93} INFO - 25/11/30 19:07:06 INFO SparkEnv: Registering OutputCommitCoordinator
[2025-11-30T19:07:08.414+0000] {subprocess.py:93} INFO - 25/11/30 19:07:08 INFO JettyUtils: Start Jetty 0.0.0.0:4040 for SparkUI
[2025-11-30T19:07:08.772+0000] {subprocess.py:93} INFO - 25/11/30 19:07:08 WARN Utils: Service 'SparkUI' could not bind on port 4040. Attempting port 4041.
[2025-11-30T19:07:08.774+0000] {subprocess.py:93} INFO - 25/11/30 19:07:08 WARN Utils: Service 'SparkUI' could not bind on port 4041. Attempting port 4042.
[2025-11-30T19:07:08.840+0000] {subprocess.py:93} INFO - 25/11/30 19:07:08 INFO Utils: Successfully started service 'SparkUI' on port 4042.
[2025-11-30T19:07:09.249+0000] {subprocess.py:93} INFO - 25/11/30 19:07:09 INFO Executor: Starting executor ID driver on host 76c6f5c40d8c
[2025-11-30T19:07:09.251+0000] {subprocess.py:93} INFO - 25/11/30 19:07:09 INFO Executor: OS info Linux, 5.15.167.4-microsoft-standard-WSL2, amd64
[2025-11-30T19:07:09.251+0000] {subprocess.py:93} INFO - 25/11/30 19:07:09 INFO Executor: Java version 17.0.8.1
[2025-11-30T19:07:09.267+0000] {subprocess.py:93} INFO - 25/11/30 19:07:09 INFO Executor: Starting executor with user classpath (userClassPathFirst = false): ''
[2025-11-30T19:07:09.269+0000] {subprocess.py:93} INFO - 25/11/30 19:07:09 INFO Executor: Created or updated repl class loader org.apache.spark.util.MutableURLClassLoader@735fe77e for default.
[2025-11-30T19:07:09.319+0000] {subprocess.py:93} INFO - 25/11/30 19:07:09 INFO Utils: Successfully started service 'org.apache.spark.network.netty.NettyBlockTransferService' on port 43933.
[2025-11-30T19:07:09.319+0000] {subprocess.py:93} INFO - 25/11/30 19:07:09 INFO NettyBlockTransferService: Server created on 76c6f5c40d8c:43933
[2025-11-30T19:07:09.327+0000] {subprocess.py:93} INFO - 25/11/30 19:07:09 INFO BlockManager: Using org.apache.spark.storage.RandomBlockReplicationPolicy for block replication policy
[2025-11-30T19:07:09.344+0000] {subprocess.py:93} INFO - 25/11/30 19:07:09 INFO BlockManagerMaster: Registering BlockManager BlockManagerId(driver, 76c6f5c40d8c, 43933, None)
[2025-11-30T19:07:09.352+0000] {subprocess.py:93} INFO - 25/11/30 19:07:09 INFO BlockManagerMasterEndpoint: Registering block manager 76c6f5c40d8c:43933 with 434.4 MiB RAM, BlockManagerId(driver, 76c6f5c40d8c, 43933, None)
[2025-11-30T19:07:09.364+0000] {subprocess.py:93} INFO - 25/11/30 19:07:09 INFO BlockManagerMaster: Registered BlockManager BlockManagerId(driver, 76c6f5c40d8c, 43933, None)
[2025-11-30T19:07:09.371+0000] {subprocess.py:93} INFO - 25/11/30 19:07:09 INFO BlockManager: Initialized BlockManager: BlockManagerId(driver, 76c6f5c40d8c, 43933, None)
[2025-11-30T19:07:10.314+0000] {subprocess.py:93} INFO - 25/11/30 19:07:10 INFO SharedState: Setting hive.metastore.warehouse.dir ('null') to the value of spark.sql.warehouse.dir.
[2025-11-30T19:07:10.323+0000] {subprocess.py:93} INFO - 25/11/30 19:07:10 INFO SharedState: Warehouse path is 'file:/home/jovyan/spark-warehouse'.
[2025-11-30T19:07:13.291+0000] {subprocess.py:93} INFO - 25/11/30 19:07:13 INFO InMemoryFileIndex: It took 107 ms to list leaf files for 1 paths.
[2025-11-30T19:07:14.430+0000] {subprocess.py:93} INFO - 25/11/30 19:07:14 INFO SparkContext: Starting job: parquet at NativeMethodAccessorImpl.java:0
[2025-11-30T19:07:14.501+0000] {subprocess.py:93} INFO - 25/11/30 19:07:14 INFO DAGScheduler: Got job 0 (parquet at NativeMethodAccessorImpl.java:0) with 1 output partitions
[2025-11-30T19:07:14.502+0000] {subprocess.py:93} INFO - 25/11/30 19:07:14 INFO DAGScheduler: Final stage: ResultStage 0 (parquet at NativeMethodAccessorImpl.java:0)
[2025-11-30T19:07:14.503+0000] {subprocess.py:93} INFO - 25/11/30 19:07:14 INFO DAGScheduler: Parents of final stage: List()
[2025-11-30T19:07:14.507+0000] {subprocess.py:93} INFO - 25/11/30 19:07:14 INFO DAGScheduler: Missing parents: List()
[2025-11-30T19:07:14.533+0000] {subprocess.py:93} INFO - 25/11/30 19:07:14 INFO DAGScheduler: Submitting ResultStage 0 (MapPartitionsRDD[1] at parquet at NativeMethodAccessorImpl.java:0), which has no missing parents
[2025-11-30T19:07:14.745+0000] {subprocess.py:93} INFO - 25/11/30 19:07:14 INFO MemoryStore: Block broadcast_0 stored as values in memory (estimated size 103.1 KiB, free 434.3 MiB)
[2025-11-30T19:07:14.851+0000] {subprocess.py:93} INFO - 25/11/30 19:07:14 INFO MemoryStore: Block broadcast_0_piece0 stored as bytes in memory (estimated size 37.2 KiB, free 434.3 MiB)
[2025-11-30T19:07:14.858+0000] {subprocess.py:93} INFO - 25/11/30 19:07:14 INFO BlockManagerInfo: Added broadcast_0_piece0 in memory on 76c6f5c40d8c:43933 (size: 37.2 KiB, free: 434.4 MiB)
[2025-11-30T19:07:14.867+0000] {subprocess.py:93} INFO - 25/11/30 19:07:14 INFO SparkContext: Created broadcast 0 from broadcast at DAGScheduler.scala:1580
[2025-11-30T19:07:14.910+0000] {subprocess.py:93} INFO - 25/11/30 19:07:14 INFO DAGScheduler: Submitting 1 missing tasks from ResultStage 0 (MapPartitionsRDD[1] at parquet at NativeMethodAccessorImpl.java:0) (first 15 tasks are for partitions Vector(0))
[2025-11-30T19:07:14.914+0000] {subprocess.py:93} INFO - 25/11/30 19:07:14 INFO TaskSchedulerImpl: Adding task set 0.0 with 1 tasks resource profile 0
[2025-11-30T19:07:15.163+0000] {subprocess.py:93} INFO - 25/11/30 19:07:15 INFO TaskSetManager: Starting task 0.0 in stage 0.0 (TID 0) (76c6f5c40d8c, executor driver, partition 0, PROCESS_LOCAL, 7829 bytes)
[2025-11-30T19:07:15.194+0000] {subprocess.py:93} INFO - 25/11/30 19:07:15 INFO Executor: Running task 0.0 in stage 0.0 (TID 0)
[2025-11-30T19:07:16.199+0000] {subprocess.py:93} INFO - 25/11/30 19:07:16 INFO Executor: Finished task 0.0 in stage 0.0 (TID 0). 2265 bytes result sent to driver
[2025-11-30T19:07:16.221+0000] {subprocess.py:93} INFO - 25/11/30 19:07:16 INFO TaskSetManager: Finished task 0.0 in stage 0.0 (TID 0) in 1120 ms on 76c6f5c40d8c (executor driver) (1/1)
[2025-11-30T19:07:16.224+0000] {subprocess.py:93} INFO - 25/11/30 19:07:16 INFO TaskSchedulerImpl: Removed TaskSet 0.0, whose tasks have all completed, from pool
[2025-11-30T19:07:16.232+0000] {subprocess.py:93} INFO - 25/11/30 19:07:16 INFO DAGScheduler: ResultStage 0 (parquet at NativeMethodAccessorImpl.java:0) finished in 1.639 s
[2025-11-30T19:07:16.236+0000] {subprocess.py:93} INFO - 25/11/30 19:07:16 INFO DAGScheduler: Job 0 is finished. Cancelling potential speculative or zombie tasks for this job
[2025-11-30T19:07:16.237+0000] {subprocess.py:93} INFO - 25/11/30 19:07:16 INFO TaskSchedulerImpl: Killing all running tasks in stage 0: Stage finished
[2025-11-30T19:07:16.239+0000] {subprocess.py:93} INFO - 25/11/30 19:07:16 INFO DAGScheduler: Job 0 finished: parquet at NativeMethodAccessorImpl.java:0, took 1.810341 s
[2025-11-30T19:07:18.467+0000] {subprocess.py:93} INFO - 25/11/30 19:07:18 INFO BlockManagerInfo: Removed broadcast_0_piece0 on 76c6f5c40d8c:43933 in memory (size: 37.2 KiB, free: 434.4 MiB)
[2025-11-30T19:07:19.756+0000] {subprocess.py:93} INFO - 25/11/30 19:07:19 INFO FileSourceStrategy: Pushed Filters: IsNotNull(property_size),IsNotNull(price)
[2025-11-30T19:07:19.763+0000] {subprocess.py:93} INFO - 25/11/30 19:07:19 INFO FileSourceStrategy: Post-Scan Filters: isnotnull(property_size#8),isnotnull(price#2),(cast(price#2 as int) > 0),(cast(regexp_replace(property_size#8, [^0-9.], , 1) as double) > 0.0)
[2025-11-30T19:07:20.042+0000] {subprocess.py:93} INFO - 25/11/30 19:07:20 INFO ParquetUtils: Using default output committer for Parquet: org.apache.parquet.hadoop.ParquetOutputCommitter
[2025-11-30T19:07:20.107+0000] {subprocess.py:93} INFO - 25/11/30 19:07:20 INFO FileOutputCommitter: File Output Committer Algorithm version is 1
[2025-11-30T19:07:20.108+0000] {subprocess.py:93} INFO - 25/11/30 19:07:20 INFO FileOutputCommitter: FileOutputCommitter skip cleanup _temporary folders under output directory:false, ignore cleanup failures: false
[2025-11-30T19:07:20.111+0000] {subprocess.py:93} INFO - 25/11/30 19:07:20 INFO SQLHadoopMapReduceCommitProtocol: Using user defined output committer class org.apache.parquet.hadoop.ParquetOutputCommitter
[2025-11-30T19:07:20.112+0000] {subprocess.py:93} INFO - 25/11/30 19:07:20 INFO FileOutputCommitter: File Output Committer Algorithm version is 1
[2025-11-30T19:07:20.113+0000] {subprocess.py:93} INFO - 25/11/30 19:07:20 INFO FileOutputCommitter: FileOutputCommitter skip cleanup _temporary folders under output directory:false, ignore cleanup failures: false
[2025-11-30T19:07:20.114+0000] {subprocess.py:93} INFO - 25/11/30 19:07:20 INFO SQLHadoopMapReduceCommitProtocol: Using output committer class org.apache.parquet.hadoop.ParquetOutputCommitter
[2025-11-30T19:07:21.244+0000] {subprocess.py:93} INFO - 25/11/30 19:07:21 INFO CodeGenerator: Code generated in 801.965229 ms
[2025-11-30T19:07:21.416+0000] {subprocess.py:93} INFO - 25/11/30 19:07:21 INFO MemoryStore: Block broadcast_1 stored as values in memory (estimated size 202.5 KiB, free 434.2 MiB)
[2025-11-30T19:07:21.417+0000] {subprocess.py:93} INFO - 25/11/30 19:07:21 INFO MemoryStore: Block broadcast_1_piece0 stored as bytes in memory (estimated size 35.2 KiB, free 434.2 MiB)
[2025-11-30T19:07:21.418+0000] {subprocess.py:93} INFO - 25/11/30 19:07:21 INFO BlockManagerInfo: Added broadcast_1_piece0 in memory on 76c6f5c40d8c:43933 (size: 35.2 KiB, free: 434.4 MiB)
[2025-11-30T19:07:21.420+0000] {subprocess.py:93} INFO - 25/11/30 19:07:21 INFO SparkContext: Created broadcast 1 from parquet at NativeMethodAccessorImpl.java:0
[2025-11-30T19:07:21.424+0000] {subprocess.py:93} INFO - 25/11/30 19:07:21 INFO FileSourceScanExec: Planning scan with bin packing, max size: 4194304 bytes, open cost is considered as scanning 4194304 bytes.
[2025-11-30T19:07:21.425+0000] {subprocess.py:93} INFO - 25/11/30 19:07:21 INFO SparkContext: Starting job: parquet at NativeMethodAccessorImpl.java:0
[2025-11-30T19:07:21.457+0000] {subprocess.py:93} INFO - 25/11/30 19:07:21 INFO DAGScheduler: Got job 1 (parquet at NativeMethodAccessorImpl.java:0) with 1 output partitions
[2025-11-30T19:07:21.460+0000] {subprocess.py:93} INFO - 25/11/30 19:07:21 INFO DAGScheduler: Final stage: ResultStage 1 (parquet at NativeMethodAccessorImpl.java:0)
[2025-11-30T19:07:21.461+0000] {subprocess.py:93} INFO - 25/11/30 19:07:21 INFO DAGScheduler: Parents of final stage: List()
[2025-11-30T19:07:21.462+0000] {subprocess.py:93} INFO - 25/11/30 19:07:21 INFO DAGScheduler: Missing parents: List()
[2025-11-30T19:07:21.462+0000] {subprocess.py:93} INFO - 25/11/30 19:07:21 INFO DAGScheduler: Submitting ResultStage 1 (MapPartitionsRDD[5] at parquet at NativeMethodAccessorImpl.java:0), which has no missing parents
[2025-11-30T19:07:21.570+0000] {subprocess.py:93} INFO - 25/11/30 19:07:21 INFO MemoryStore: Block broadcast_2 stored as values in memory (estimated size 246.0 KiB, free 433.9 MiB)
[2025-11-30T19:07:21.580+0000] {subprocess.py:93} INFO - 25/11/30 19:07:21 INFO MemoryStore: Block broadcast_2_piece0 stored as bytes in memory (estimated size 85.0 KiB, free 433.8 MiB)
[2025-11-30T19:07:21.583+0000] {subprocess.py:93} INFO - 25/11/30 19:07:21 INFO BlockManagerInfo: Added broadcast_2_piece0 in memory on 76c6f5c40d8c:43933 (size: 85.0 KiB, free: 434.3 MiB)
[2025-11-30T19:07:21.586+0000] {subprocess.py:93} INFO - 25/11/30 19:07:21 INFO SparkContext: Created broadcast 2 from broadcast at DAGScheduler.scala:1580
[2025-11-30T19:07:21.587+0000] {subprocess.py:93} INFO - 25/11/30 19:07:21 INFO DAGScheduler: Submitting 1 missing tasks from ResultStage 1 (MapPartitionsRDD[5] at parquet at NativeMethodAccessorImpl.java:0) (first 15 tasks are for partitions Vector(0))
[2025-11-30T19:07:21.589+0000] {subprocess.py:93} INFO - 25/11/30 19:07:21 INFO TaskSchedulerImpl: Adding task set 1.0 with 1 tasks resource profile 0
[2025-11-30T19:07:21.616+0000] {subprocess.py:93} INFO - 25/11/30 19:07:21 INFO TaskSetManager: Starting task 0.0 in stage 1.0 (TID 1) (76c6f5c40d8c, executor driver, partition 0, ANY, 8297 bytes)
[2025-11-30T19:07:21.617+0000] {subprocess.py:93} INFO - 25/11/30 19:07:21 INFO Executor: Running task 0.0 in stage 1.0 (TID 1)
[2025-11-30T19:07:21.858+0000] {subprocess.py:93} INFO - 25/11/30 19:07:21 INFO CodeGenerator: Code generated in 126.941444 ms
[2025-11-30T19:07:21.889+0000] {subprocess.py:93} INFO - 25/11/30 19:07:21 INFO FileOutputCommitter: File Output Committer Algorithm version is 1
[2025-11-30T19:07:21.890+0000] {subprocess.py:93} INFO - 25/11/30 19:07:21 INFO FileOutputCommitter: FileOutputCommitter skip cleanup _temporary folders under output directory:false, ignore cleanup failures: false
[2025-11-30T19:07:21.891+0000] {subprocess.py:93} INFO - 25/11/30 19:07:21 INFO SQLHadoopMapReduceCommitProtocol: Using user defined output committer class org.apache.parquet.hadoop.ParquetOutputCommitter
[2025-11-30T19:07:21.892+0000] {subprocess.py:93} INFO - 25/11/30 19:07:21 INFO FileOutputCommitter: File Output Committer Algorithm version is 1
[2025-11-30T19:07:21.892+0000] {subprocess.py:93} INFO - 25/11/30 19:07:21 INFO FileOutputCommitter: FileOutputCommitter skip cleanup _temporary folders under output directory:false, ignore cleanup failures: false
[2025-11-30T19:07:21.893+0000] {subprocess.py:93} INFO - 25/11/30 19:07:21 INFO SQLHadoopMapReduceCommitProtocol: Using output committer class org.apache.parquet.hadoop.ParquetOutputCommitter
[2025-11-30T19:07:21.908+0000] {subprocess.py:93} INFO - 25/11/30 19:07:21 INFO CodecConfig: Compression: SNAPPY
[2025-11-30T19:07:21.913+0000] {subprocess.py:93} INFO - 25/11/30 19:07:21 INFO CodecConfig: Compression: SNAPPY
[2025-11-30T19:07:21.957+0000] {subprocess.py:93} INFO - 25/11/30 19:07:21 INFO ParquetOutputFormat: ParquetRecordWriter [block size: 134217728b, row group padding size: 8388608b, validating: false]
[2025-11-30T19:07:21.995+0000] {subprocess.py:93} INFO - 25/11/30 19:07:21 INFO ParquetWriteSupport: Initialized Parquet WriteSupport with Catalyst schema:
[2025-11-30T19:07:21.996+0000] {subprocess.py:93} INFO - {
[2025-11-30T19:07:21.997+0000] {subprocess.py:93} INFO -   "type" : "struct",
[2025-11-30T19:07:21.999+0000] {subprocess.py:93} INFO -   "fields" : [ {
[2025-11-30T19:07:22.000+0000] {subprocess.py:93} INFO -     "name" : "title",
[2025-11-30T19:07:22.001+0000] {subprocess.py:93} INFO -     "type" : "string",
[2025-11-30T19:07:22.001+0000] {subprocess.py:93} INFO -     "nullable" : true,
[2025-11-30T19:07:22.002+0000] {subprocess.py:93} INFO -     "metadata" : { }
[2025-11-30T19:07:22.003+0000] {subprocess.py:93} INFO -   }, {
[2025-11-30T19:07:22.004+0000] {subprocess.py:93} INFO -     "name" : "price",
[2025-11-30T19:07:22.005+0000] {subprocess.py:93} INFO -     "type" : "double",
[2025-11-30T19:07:22.006+0000] {subprocess.py:93} INFO -     "nullable" : true,
[2025-11-30T19:07:22.006+0000] {subprocess.py:93} INFO -     "metadata" : { }
[2025-11-30T19:07:22.007+0000] {subprocess.py:93} INFO -   }, {
[2025-11-30T19:07:22.008+0000] {subprocess.py:93} INFO -     "name" : "location",
[2025-11-30T19:07:22.009+0000] {subprocess.py:93} INFO -     "type" : "string",
[2025-11-30T19:07:22.009+0000] {subprocess.py:93} INFO -     "nullable" : true,
[2025-11-30T19:07:22.010+0000] {subprocess.py:93} INFO -     "metadata" : { }
[2025-11-30T19:07:22.011+0000] {subprocess.py:93} INFO -   }, {
[2025-11-30T19:07:22.012+0000] {subprocess.py:93} INFO -     "name" : "bedrooms",
[2025-11-30T19:07:22.012+0000] {subprocess.py:93} INFO -     "type" : "integer",
[2025-11-30T19:07:22.013+0000] {subprocess.py:93} INFO -     "nullable" : true,
[2025-11-30T19:07:22.014+0000] {subprocess.py:93} INFO -     "metadata" : { }
[2025-11-30T19:07:22.014+0000] {subprocess.py:93} INFO -   }, {
[2025-11-30T19:07:22.015+0000] {subprocess.py:93} INFO -     "name" : "bathrooms",
[2025-11-30T19:07:22.016+0000] {subprocess.py:93} INFO -     "type" : "integer",
[2025-11-30T19:07:22.016+0000] {subprocess.py:93} INFO -     "nullable" : true,
[2025-11-30T19:07:22.017+0000] {subprocess.py:93} INFO -     "metadata" : { }
[2025-11-30T19:07:22.018+0000] {subprocess.py:93} INFO -   }, {
[2025-11-30T19:07:22.018+0000] {subprocess.py:93} INFO -     "name" : "property_type",
[2025-11-30T19:07:22.019+0000] {subprocess.py:93} INFO -     "type" : "string",
[2025-11-30T19:07:22.020+0000] {subprocess.py:93} INFO -     "nullable" : true,
[2025-11-30T19:07:22.020+0000] {subprocess.py:93} INFO -     "metadata" : { }
[2025-11-30T19:07:22.021+0000] {subprocess.py:93} INFO -   }, {
[2025-11-30T19:07:22.022+0000] {subprocess.py:93} INFO -     "name" : "property_size",
[2025-11-30T19:07:22.022+0000] {subprocess.py:93} INFO -     "type" : "double",
[2025-11-30T19:07:22.023+0000] {subprocess.py:93} INFO -     "nullable" : true,
[2025-11-30T19:07:22.024+0000] {subprocess.py:93} INFO -     "metadata" : { }
[2025-11-30T19:07:22.024+0000] {subprocess.py:93} INFO -   }, {
[2025-11-30T19:07:22.026+0000] {subprocess.py:93} INFO -     "name" : "furnished",
[2025-11-30T19:07:22.027+0000] {subprocess.py:93} INFO -     "type" : "string",
[2025-11-30T19:07:22.030+0000] {subprocess.py:93} INFO -     "nullable" : true,
[2025-11-30T19:07:22.032+0000] {subprocess.py:93} INFO -     "metadata" : { }
[2025-11-30T19:07:22.034+0000] {subprocess.py:93} INFO -   }, {
[2025-11-30T19:07:22.036+0000] {subprocess.py:93} INFO -     "name" : "share_url",
[2025-11-30T19:07:22.038+0000] {subprocess.py:93} INFO -     "type" : "string",
[2025-11-30T19:07:22.039+0000] {subprocess.py:93} INFO -     "nullable" : true,
[2025-11-30T19:07:22.040+0000] {subprocess.py:93} INFO -     "metadata" : { }
[2025-11-30T19:07:22.041+0000] {subprocess.py:93} INFO -   }, {
[2025-11-30T19:07:22.042+0000] {subprocess.py:93} INFO -     "name" : "description",
[2025-11-30T19:07:22.043+0000] {subprocess.py:93} INFO -     "type" : "string",
[2025-11-30T19:07:22.044+0000] {subprocess.py:93} INFO -     "nullable" : true,
[2025-11-30T19:07:22.048+0000] {subprocess.py:93} INFO -     "metadata" : { }
[2025-11-30T19:07:22.049+0000] {subprocess.py:93} INFO -   }, {
[2025-11-30T19:07:22.050+0000] {subprocess.py:93} INFO -     "name" : "amenities",
[2025-11-30T19:07:22.051+0000] {subprocess.py:93} INFO -     "type" : "string",
[2025-11-30T19:07:22.052+0000] {subprocess.py:93} INFO -     "nullable" : true,
[2025-11-30T19:07:22.053+0000] {subprocess.py:93} INFO -     "metadata" : { }
[2025-11-30T19:07:22.054+0000] {subprocess.py:93} INFO -   }, {
[2025-11-30T19:07:22.055+0000] {subprocess.py:93} INFO -     "name" : "listed_date",
[2025-11-30T19:07:22.056+0000] {subprocess.py:93} INFO -     "type" : "string",
[2025-11-30T19:07:22.057+0000] {subprocess.py:93} INFO -     "nullable" : true,
[2025-11-30T19:07:22.058+0000] {subprocess.py:93} INFO -     "metadata" : { }
[2025-11-30T19:07:22.060+0000] {subprocess.py:93} INFO -   }, {
[2025-11-30T19:07:22.061+0000] {subprocess.py:93} INFO -     "name" : "latitude",
[2025-11-30T19:07:22.062+0000] {subprocess.py:93} INFO -     "type" : "string",
[2025-11-30T19:07:22.063+0000] {subprocess.py:93} INFO -     "nullable" : true,
[2025-11-30T19:07:22.063+0000] {subprocess.py:93} INFO -     "metadata" : { }
[2025-11-30T19:07:22.064+0000] {subprocess.py:93} INFO -   }, {
[2025-11-30T19:07:22.065+0000] {subprocess.py:93} INFO -     "name" : "longitude",
[2025-11-30T19:07:22.067+0000] {subprocess.py:93} INFO -     "type" : "string",
[2025-11-30T19:07:22.068+0000] {subprocess.py:93} INFO -     "nullable" : true,
[2025-11-30T19:07:22.069+0000] {subprocess.py:93} INFO -     "metadata" : { }
[2025-11-30T19:07:22.070+0000] {subprocess.py:93} INFO -   }, {
[2025-11-30T19:07:22.070+0000] {subprocess.py:93} INFO -     "name" : "Pool",
[2025-11-30T19:07:22.071+0000] {subprocess.py:93} INFO -     "type" : "integer",
[2025-11-30T19:07:22.072+0000] {subprocess.py:93} INFO -     "nullable" : false,
[2025-11-30T19:07:22.072+0000] {subprocess.py:93} INFO -     "metadata" : { }
[2025-11-30T19:07:22.073+0000] {subprocess.py:93} INFO -   }, {
[2025-11-30T19:07:22.074+0000] {subprocess.py:93} INFO -     "name" : "Gym",
[2025-11-30T19:07:22.074+0000] {subprocess.py:93} INFO -     "type" : "integer",
[2025-11-30T19:07:22.075+0000] {subprocess.py:93} INFO -     "nullable" : false,
[2025-11-30T19:07:22.076+0000] {subprocess.py:93} INFO -     "metadata" : { }
[2025-11-30T19:07:22.076+0000] {subprocess.py:93} INFO -   }, {
[2025-11-30T19:07:22.077+0000] {subprocess.py:93} INFO -     "name" : "Garden",
[2025-11-30T19:07:22.078+0000] {subprocess.py:93} INFO -     "type" : "integer",
[2025-11-30T19:07:22.079+0000] {subprocess.py:93} INFO -     "nullable" : false,
[2025-11-30T19:07:22.080+0000] {subprocess.py:93} INFO -     "metadata" : { }
[2025-11-30T19:07:22.081+0000] {subprocess.py:93} INFO -   }, {
[2025-11-30T19:07:22.084+0000] {subprocess.py:93} INFO -     "name" : "Parking",
[2025-11-30T19:07:22.085+0000] {subprocess.py:93} INFO -     "type" : "integer",
[2025-11-30T19:07:22.088+0000] {subprocess.py:93} INFO -     "nullable" : false,
[2025-11-30T19:07:22.090+0000] {subprocess.py:93} INFO -     "metadata" : { }
[2025-11-30T19:07:22.091+0000] {subprocess.py:93} INFO -   }, {
[2025-11-30T19:07:22.092+0000] {subprocess.py:93} INFO -     "name" : "Maids_Quarters",
[2025-11-30T19:07:22.093+0000] {subprocess.py:93} INFO -     "type" : "integer",
[2025-11-30T19:07:22.093+0000] {subprocess.py:93} INFO -     "nullable" : false,
[2025-11-30T19:07:22.094+0000] {subprocess.py:93} INFO -     "metadata" : { }
[2025-11-30T19:07:22.095+0000] {subprocess.py:93} INFO -   }, {
[2025-11-30T19:07:22.095+0000] {subprocess.py:93} INFO -     "name" : "Jacuzzi",
[2025-11-30T19:07:22.096+0000] {subprocess.py:93} INFO -     "type" : "integer",
[2025-11-30T19:07:22.097+0000] {subprocess.py:93} INFO -     "nullable" : false,
[2025-11-30T19:07:22.098+0000] {subprocess.py:93} INFO -     "metadata" : { }
[2025-11-30T19:07:22.098+0000] {subprocess.py:93} INFO -   }, {
[2025-11-30T19:07:22.100+0000] {subprocess.py:93} INFO -     "name" : "Balcony",
[2025-11-30T19:07:22.101+0000] {subprocess.py:93} INFO -     "type" : "integer",
[2025-11-30T19:07:22.103+0000] {subprocess.py:93} INFO -     "nullable" : false,
[2025-11-30T19:07:22.104+0000] {subprocess.py:93} INFO -     "metadata" : { }
[2025-11-30T19:07:22.104+0000] {subprocess.py:93} INFO -   }, {
[2025-11-30T19:07:22.105+0000] {subprocess.py:93} INFO -     "name" : "Spa",
[2025-11-30T19:07:22.106+0000] {subprocess.py:93} INFO -     "type" : "integer",
[2025-11-30T19:07:22.107+0000] {subprocess.py:93} INFO -     "nullable" : false,
[2025-11-30T19:07:22.108+0000] {subprocess.py:93} INFO -     "metadata" : { }
[2025-11-30T19:07:22.109+0000] {subprocess.py:93} INFO -   }, {
[2025-11-30T19:07:22.110+0000] {subprocess.py:93} INFO -     "name" : "price_per_sqm",
[2025-11-30T19:07:22.111+0000] {subprocess.py:93} INFO -     "type" : "double",
[2025-11-30T19:07:22.112+0000] {subprocess.py:93} INFO -     "nullable" : true,
[2025-11-30T19:07:22.112+0000] {subprocess.py:93} INFO -     "metadata" : { }
[2025-11-30T19:07:22.113+0000] {subprocess.py:93} INFO -   } ]
[2025-11-30T19:07:22.114+0000] {subprocess.py:93} INFO - }
[2025-11-30T19:07:22.114+0000] {subprocess.py:93} INFO - and corresponding Parquet message type:
[2025-11-30T19:07:22.115+0000] {subprocess.py:93} INFO - message spark_schema {
[2025-11-30T19:07:22.116+0000] {subprocess.py:93} INFO -   optional binary title (STRING);
[2025-11-30T19:07:22.116+0000] {subprocess.py:93} INFO -   optional double price;
[2025-11-30T19:07:22.117+0000] {subprocess.py:93} INFO -   optional binary location (STRING);
[2025-11-30T19:07:22.118+0000] {subprocess.py:93} INFO -   optional int32 bedrooms;
[2025-11-30T19:07:22.119+0000] {subprocess.py:93} INFO -   optional int32 bathrooms;
[2025-11-30T19:07:22.119+0000] {subprocess.py:93} INFO -   optional binary property_type (STRING);
[2025-11-30T19:07:22.120+0000] {subprocess.py:93} INFO -   optional double property_size;
[2025-11-30T19:07:22.121+0000] {subprocess.py:93} INFO -   optional binary furnished (STRING);
[2025-11-30T19:07:22.121+0000] {subprocess.py:93} INFO -   optional binary share_url (STRING);
[2025-11-30T19:07:22.122+0000] {subprocess.py:93} INFO -   optional binary description (STRING);
[2025-11-30T19:07:22.123+0000] {subprocess.py:93} INFO -   optional binary amenities (STRING);
[2025-11-30T19:07:22.124+0000] {subprocess.py:93} INFO -   optional binary listed_date (STRING);
[2025-11-30T19:07:22.124+0000] {subprocess.py:93} INFO -   optional binary latitude (STRING);
[2025-11-30T19:07:22.125+0000] {subprocess.py:93} INFO -   optional binary longitude (STRING);
[2025-11-30T19:07:22.126+0000] {subprocess.py:93} INFO -   required int32 Pool;
[2025-11-30T19:07:22.126+0000] {subprocess.py:93} INFO -   required int32 Gym;
[2025-11-30T19:07:22.127+0000] {subprocess.py:93} INFO -   required int32 Garden;
[2025-11-30T19:07:22.128+0000] {subprocess.py:93} INFO -   required int32 Parking;
[2025-11-30T19:07:22.128+0000] {subprocess.py:93} INFO -   required int32 Maids_Quarters;
[2025-11-30T19:07:22.129+0000] {subprocess.py:93} INFO -   required int32 Jacuzzi;
[2025-11-30T19:07:22.130+0000] {subprocess.py:93} INFO -   required int32 Balcony;
[2025-11-30T19:07:22.130+0000] {subprocess.py:93} INFO -   required int32 Spa;
[2025-11-30T19:07:22.131+0000] {subprocess.py:93} INFO -   optional double price_per_sqm;
[2025-11-30T19:07:22.132+0000] {subprocess.py:93} INFO - }
[2025-11-30T19:07:22.133+0000] {subprocess.py:93} INFO - 
[2025-11-30T19:07:22.134+0000] {subprocess.py:93} INFO - 
[2025-11-30T19:07:22.144+0000] {subprocess.py:93} INFO - 25/11/30 19:07:22 INFO CodecPool: Got brand-new compressor [.snappy]
[2025-11-30T19:07:22.553+0000] {subprocess.py:93} INFO - 25/11/30 19:07:22 INFO FileScanRDD: Reading File path: hdfs://namenode:9000/datalake/bronze/propertyfinder/part-00000-965eb8fd-71b0-4afd-94a5-6752bc85842a-c000.snappy.parquet, range: 0-457386, partition values: [empty row]
[2025-11-30T19:07:22.707+0000] {subprocess.py:93} INFO - 25/11/30 19:07:22 INFO FilterCompat: Filtering using predicate: and(noteq(property_size, null), noteq(price, null))
[2025-11-30T19:07:22.861+0000] {subprocess.py:93} INFO - 25/11/30 19:07:22 INFO CodecPool: Got brand-new decompressor [.snappy]
[2025-11-30T19:07:23.664+0000] {subprocess.py:93} INFO - 25/11/30 19:07:23 INFO FileOutputCommitter: Saved output of task 'attempt_202511301907212268429143553337061_0001_m_000000_1' to hdfs://namenode:9000/datalake/silver/cleaned_propertyfinder/_temporary/0/task_202511301907212268429143553337061_0001_m_000000
[2025-11-30T19:07:23.666+0000] {subprocess.py:93} INFO - 25/11/30 19:07:23 INFO SparkHadoopMapRedUtil: attempt_202511301907212268429143553337061_0001_m_000000_1: Committed. Elapsed time: 23 ms.
[2025-11-30T19:07:23.700+0000] {subprocess.py:93} INFO - 25/11/30 19:07:23 INFO Executor: Finished task 0.0 in stage 1.0 (TID 1). 2877 bytes result sent to driver
[2025-11-30T19:07:23.702+0000] {subprocess.py:93} INFO - 25/11/30 19:07:23 INFO TaskSetManager: Finished task 0.0 in stage 1.0 (TID 1) in 2102 ms on 76c6f5c40d8c (executor driver) (1/1)
[2025-11-30T19:07:23.703+0000] {subprocess.py:93} INFO - 25/11/30 19:07:23 INFO TaskSchedulerImpl: Removed TaskSet 1.0, whose tasks have all completed, from pool
[2025-11-30T19:07:23.706+0000] {subprocess.py:93} INFO - 25/11/30 19:07:23 INFO DAGScheduler: ResultStage 1 (parquet at NativeMethodAccessorImpl.java:0) finished in 2.257 s
[2025-11-30T19:07:23.711+0000] {subprocess.py:93} INFO - 25/11/30 19:07:23 INFO DAGScheduler: Job 1 is finished. Cancelling potential speculative or zombie tasks for this job
[2025-11-30T19:07:23.715+0000] {subprocess.py:93} INFO - 25/11/30 19:07:23 INFO TaskSchedulerImpl: Killing all running tasks in stage 1: Stage finished
[2025-11-30T19:07:23.716+0000] {subprocess.py:93} INFO - 25/11/30 19:07:23 INFO DAGScheduler: Job 1 finished: parquet at NativeMethodAccessorImpl.java:0, took 2.286057 s
[2025-11-30T19:07:23.746+0000] {subprocess.py:93} INFO - 25/11/30 19:07:23 INFO FileFormatWriter: Start to commit write Job 42ff6329-7a87-4c18-bec9-a0d5cd9bdf75.
[2025-11-30T19:07:23.767+0000] {subprocess.py:93} INFO - 25/11/30 19:07:23 INFO FileFormatWriter: Write Job 42ff6329-7a87-4c18-bec9-a0d5cd9bdf75 committed. Elapsed time: 47 ms.
[2025-11-30T19:07:23.789+0000] {subprocess.py:93} INFO - 25/11/30 19:07:23 INFO FileFormatWriter: Finished processing stats for write job 42ff6329-7a87-4c18-bec9-a0d5cd9bdf75.
[2025-11-30T19:07:23.795+0000] {subprocess.py:93} INFO - ✅ PropertyFinder cleaned data saved to hdfs://namenode:9000/datalake/silver/cleaned_propertyfinder
[2025-11-30T19:07:23.796+0000] {subprocess.py:93} INFO - 25/11/30 19:07:23 INFO SparkContext: SparkContext is stopping with exitCode 0.
[2025-11-30T19:07:23.834+0000] {subprocess.py:93} INFO - 25/11/30 19:07:23 INFO SparkUI: Stopped Spark web UI at http://76c6f5c40d8c:4042
[2025-11-30T19:07:23.877+0000] {subprocess.py:93} INFO - 25/11/30 19:07:23 INFO MapOutputTrackerMasterEndpoint: MapOutputTrackerMasterEndpoint stopped!
[2025-11-30T19:07:23.980+0000] {subprocess.py:93} INFO - 25/11/30 19:07:23 INFO MemoryStore: MemoryStore cleared
[2025-11-30T19:07:23.982+0000] {subprocess.py:93} INFO - 25/11/30 19:07:23 INFO BlockManager: BlockManager stopped
[2025-11-30T19:07:23.990+0000] {subprocess.py:93} INFO - 25/11/30 19:07:23 INFO BlockManagerMaster: BlockManagerMaster stopped
[2025-11-30T19:07:24.008+0000] {subprocess.py:93} INFO - 25/11/30 19:07:23 INFO OutputCommitCoordinator$OutputCommitCoordinatorEndpoint: OutputCommitCoordinator stopped!
[2025-11-30T19:07:24.031+0000] {subprocess.py:93} INFO - 25/11/30 19:07:24 INFO SparkContext: Successfully stopped SparkContext
[2025-11-30T19:07:24.693+0000] {subprocess.py:93} INFO - 25/11/30 19:07:24 INFO ShutdownHookManager: Shutdown hook called
[2025-11-30T19:07:24.695+0000] {subprocess.py:93} INFO - 25/11/30 19:07:24 INFO ShutdownHookManager: Deleting directory /tmp/spark-b9bd833c-017e-45fd-8e3b-76ddef8c2527
[2025-11-30T19:07:24.787+0000] {subprocess.py:93} INFO - 25/11/30 19:07:24 INFO ShutdownHookManager: Deleting directory /tmp/spark-7a35fda7-4eb7-4820-9cb4-4050b694a7cd/pyspark-bb1f6d3d-b3eb-4557-a330-ff76d7ca33b7
[2025-11-30T19:07:24.796+0000] {subprocess.py:93} INFO - 25/11/30 19:07:24 INFO ShutdownHookManager: Deleting directory /tmp/spark-7a35fda7-4eb7-4820-9cb4-4050b694a7cd
[2025-11-30T19:07:25.256+0000] {subprocess.py:97} INFO - Command exited with return code 0
[2025-11-30T19:07:25.260+0000] {taskinstance.py:441} INFO - ::group::Post task execution logs
[2025-11-30T19:07:25.310+0000] {taskinstance.py:1206} INFO - Marking task as SUCCESS. dag_id=real_estate_etl_pipeline, task_id=clean_propertyfinder, run_id=manual__2025-11-30T18:25:30.102845+00:00, execution_date=20251130T182530, start_date=20251130T190659, end_date=20251130T190725
[2025-11-30T19:07:25.365+0000] {local_task_job_runner.py:240} INFO - Task exited with return code 0
[2025-11-30T19:07:25.434+0000] {taskinstance.py:3503} INFO - 1 downstream tasks scheduled from follow-on schedule check
[2025-11-30T19:07:25.442+0000] {local_task_job_runner.py:222} INFO - ::endgroup::
