[2025-11-30T19:15:30.332+0000] {local_task_job_runner.py:120} INFO - ::group::Pre task execution logs
[2025-11-30T19:15:30.352+0000] {taskinstance.py:2076} INFO - Dependencies all met for dep_context=non-requeueable deps ti=<TaskInstance: real_estate_etl_pipeline.clean_propertyfinder manual__2025-11-30T18:25:30.102845+00:00 [queued]>
[2025-11-30T19:15:30.358+0000] {taskinstance.py:2076} INFO - Dependencies all met for dep_context=requeueable deps ti=<TaskInstance: real_estate_etl_pipeline.clean_propertyfinder manual__2025-11-30T18:25:30.102845+00:00 [queued]>
[2025-11-30T19:15:30.359+0000] {taskinstance.py:2306} INFO - Starting attempt 4 of 5
[2025-11-30T19:15:30.371+0000] {taskinstance.py:2330} INFO - Executing <Task(BashOperator): clean_propertyfinder> on 2025-11-30 18:25:30.102845+00:00
[2025-11-30T19:15:30.378+0000] {warnings.py:112} WARNING - /home/***/.local/lib/python3.12/site-packages/***/task/task_runner/standard_task_runner.py:61: DeprecationWarning: This process (pid=681) is multi-threaded, use of fork() may lead to deadlocks in the child.
  pid = os.fork()

[2025-11-30T19:15:30.380+0000] {standard_task_runner.py:63} INFO - Started process 689 to run task
[2025-11-30T19:15:30.380+0000] {standard_task_runner.py:90} INFO - Running: ['***', 'tasks', 'run', 'real_estate_etl_pipeline', 'clean_propertyfinder', 'manual__2025-11-30T18:25:30.102845+00:00', '--job-id', '44', '--raw', '--subdir', 'DAGS_FOLDER/scraping_dag.py', '--cfg-path', '/tmp/tmpuga05mph']
[2025-11-30T19:15:30.383+0000] {standard_task_runner.py:91} INFO - Job 44: Subtask clean_propertyfinder
[2025-11-30T19:15:30.426+0000] {task_command.py:426} INFO - Running <TaskInstance: real_estate_etl_pipeline.clean_propertyfinder manual__2025-11-30T18:25:30.102845+00:00 [running]> on host 9a9a5f972fcd
[2025-11-30T19:15:30.499+0000] {taskinstance.py:2648} INFO - Exporting env vars: AIRFLOW_CTX_DAG_OWNER='***' AIRFLOW_CTX_DAG_ID='real_estate_etl_pipeline' AIRFLOW_CTX_TASK_ID='clean_propertyfinder' AIRFLOW_CTX_EXECUTION_DATE='2025-11-30T18:25:30.102845+00:00' AIRFLOW_CTX_TRY_NUMBER='4' AIRFLOW_CTX_DAG_RUN_ID='manual__2025-11-30T18:25:30.102845+00:00'
[2025-11-30T19:15:30.501+0000] {taskinstance.py:430} INFO - ::endgroup::
[2025-11-30T19:15:30.502+0000] {subprocess.py:63} INFO - Tmp dir root location: /tmp
[2025-11-30T19:15:30.503+0000] {subprocess.py:75} INFO - Running command: ['/usr/bin/bash', '-c', 'docker exec jupyter spark-submit --master local[*] /data/Cleaning_Layer_Pyspark/clean_propertyfinder.py']
[2025-11-30T19:15:30.515+0000] {subprocess.py:86} INFO - Output:
[2025-11-30T19:15:33.623+0000] {subprocess.py:93} INFO - 25/11/30 19:15:33 INFO SparkContext: Running Spark version 3.5.0
[2025-11-30T19:15:33.626+0000] {subprocess.py:93} INFO - 25/11/30 19:15:33 INFO SparkContext: OS info Linux, 5.15.167.4-microsoft-standard-WSL2, amd64
[2025-11-30T19:15:33.627+0000] {subprocess.py:93} INFO - 25/11/30 19:15:33 INFO SparkContext: Java version 17.0.8.1
[2025-11-30T19:15:33.695+0000] {subprocess.py:93} INFO - 25/11/30 19:15:33 WARN NativeCodeLoader: Unable to load native-hadoop library for your platform... using builtin-java classes where applicable
[2025-11-30T19:15:33.818+0000] {subprocess.py:93} INFO - 25/11/30 19:15:33 INFO ResourceUtils: ==============================================================
[2025-11-30T19:15:33.825+0000] {subprocess.py:93} INFO - 25/11/30 19:15:33 INFO ResourceUtils: No custom resources configured for spark.driver.
[2025-11-30T19:15:33.827+0000] {subprocess.py:93} INFO - 25/11/30 19:15:33 INFO ResourceUtils: ==============================================================
[2025-11-30T19:15:33.828+0000] {subprocess.py:93} INFO - 25/11/30 19:15:33 INFO SparkContext: Submitted application: Clean_PropertyFinder
[2025-11-30T19:15:33.860+0000] {subprocess.py:93} INFO - 25/11/30 19:15:33 INFO ResourceProfile: Default ResourceProfile created, executor resources: Map(cores -> name: cores, amount: 1, script: , vendor: , memory -> name: memory, amount: 1024, script: , vendor: , offHeap -> name: offHeap, amount: 0, script: , vendor: ), task resources: Map(cpus -> name: cpus, amount: 1.0)
[2025-11-30T19:15:33.868+0000] {subprocess.py:93} INFO - 25/11/30 19:15:33 INFO ResourceProfile: Limiting resource is cpu
[2025-11-30T19:15:33.868+0000] {subprocess.py:93} INFO - 25/11/30 19:15:33 INFO ResourceProfileManager: Added ResourceProfile id: 0
[2025-11-30T19:15:33.956+0000] {subprocess.py:93} INFO - 25/11/30 19:15:33 INFO SecurityManager: Changing view acls to: jovyan
[2025-11-30T19:15:33.957+0000] {subprocess.py:93} INFO - 25/11/30 19:15:33 INFO SecurityManager: Changing modify acls to: jovyan
[2025-11-30T19:15:33.959+0000] {subprocess.py:93} INFO - 25/11/30 19:15:33 INFO SecurityManager: Changing view acls groups to:
[2025-11-30T19:15:33.959+0000] {subprocess.py:93} INFO - 25/11/30 19:15:33 INFO SecurityManager: Changing modify acls groups to:
[2025-11-30T19:15:33.960+0000] {subprocess.py:93} INFO - 25/11/30 19:15:33 INFO SecurityManager: SecurityManager: authentication disabled; ui acls disabled; users with view permissions: jovyan; groups with view permissions: EMPTY; users with modify permissions: jovyan; groups with modify permissions: EMPTY
[2025-11-30T19:15:34.299+0000] {subprocess.py:93} INFO - 25/11/30 19:15:34 INFO Utils: Successfully started service 'sparkDriver' on port 39369.
[2025-11-30T19:15:34.354+0000] {subprocess.py:93} INFO - 25/11/30 19:15:34 INFO SparkEnv: Registering MapOutputTracker
[2025-11-30T19:15:34.403+0000] {subprocess.py:93} INFO - 25/11/30 19:15:34 INFO SparkEnv: Registering BlockManagerMaster
[2025-11-30T19:15:34.420+0000] {subprocess.py:93} INFO - 25/11/30 19:15:34 INFO BlockManagerMasterEndpoint: Using org.apache.spark.storage.DefaultTopologyMapper for getting topology information
[2025-11-30T19:15:34.421+0000] {subprocess.py:93} INFO - 25/11/30 19:15:34 INFO BlockManagerMasterEndpoint: BlockManagerMasterEndpoint up
[2025-11-30T19:15:34.426+0000] {subprocess.py:93} INFO - 25/11/30 19:15:34 INFO SparkEnv: Registering BlockManagerMasterHeartbeat
[2025-11-30T19:15:34.454+0000] {subprocess.py:93} INFO - 25/11/30 19:15:34 INFO DiskBlockManager: Created local directory at /tmp/blockmgr-4f4c3af7-ee6e-41ec-966b-cb64dfb9927f
[2025-11-30T19:15:34.475+0000] {subprocess.py:93} INFO - 25/11/30 19:15:34 INFO MemoryStore: MemoryStore started with capacity 434.4 MiB
[2025-11-30T19:15:34.499+0000] {subprocess.py:93} INFO - 25/11/30 19:15:34 INFO SparkEnv: Registering OutputCommitCoordinator
[2025-11-30T19:15:34.653+0000] {subprocess.py:93} INFO - 25/11/30 19:15:34 INFO JettyUtils: Start Jetty 0.0.0.0:4040 for SparkUI
[2025-11-30T19:15:34.720+0000] {subprocess.py:93} INFO - 25/11/30 19:15:34 WARN Utils: Service 'SparkUI' could not bind on port 4040. Attempting port 4041.
[2025-11-30T19:15:34.721+0000] {subprocess.py:93} INFO - 25/11/30 19:15:34 WARN Utils: Service 'SparkUI' could not bind on port 4041. Attempting port 4042.
[2025-11-30T19:15:34.734+0000] {subprocess.py:93} INFO - 25/11/30 19:15:34 INFO Utils: Successfully started service 'SparkUI' on port 4042.
[2025-11-30T19:15:34.893+0000] {subprocess.py:93} INFO - 25/11/30 19:15:34 INFO Executor: Starting executor ID driver on host 76c6f5c40d8c
[2025-11-30T19:15:34.895+0000] {subprocess.py:93} INFO - 25/11/30 19:15:34 INFO Executor: OS info Linux, 5.15.167.4-microsoft-standard-WSL2, amd64
[2025-11-30T19:15:34.895+0000] {subprocess.py:93} INFO - 25/11/30 19:15:34 INFO Executor: Java version 17.0.8.1
[2025-11-30T19:15:34.907+0000] {subprocess.py:93} INFO - 25/11/30 19:15:34 INFO Executor: Starting executor with user classpath (userClassPathFirst = false): ''
[2025-11-30T19:15:34.908+0000] {subprocess.py:93} INFO - 25/11/30 19:15:34 INFO Executor: Created or updated repl class loader org.apache.spark.util.MutableURLClassLoader@18e16785 for default.
[2025-11-30T19:15:34.934+0000] {subprocess.py:93} INFO - 25/11/30 19:15:34 INFO Utils: Successfully started service 'org.apache.spark.network.netty.NettyBlockTransferService' on port 34315.
[2025-11-30T19:15:34.935+0000] {subprocess.py:93} INFO - 25/11/30 19:15:34 INFO NettyBlockTransferService: Server created on 76c6f5c40d8c:34315
[2025-11-30T19:15:34.938+0000] {subprocess.py:93} INFO - 25/11/30 19:15:34 INFO BlockManager: Using org.apache.spark.storage.RandomBlockReplicationPolicy for block replication policy
[2025-11-30T19:15:34.947+0000] {subprocess.py:93} INFO - 25/11/30 19:15:34 INFO BlockManagerMaster: Registering BlockManager BlockManagerId(driver, 76c6f5c40d8c, 34315, None)
[2025-11-30T19:15:34.951+0000] {subprocess.py:93} INFO - 25/11/30 19:15:34 INFO BlockManagerMasterEndpoint: Registering block manager 76c6f5c40d8c:34315 with 434.4 MiB RAM, BlockManagerId(driver, 76c6f5c40d8c, 34315, None)
[2025-11-30T19:15:34.954+0000] {subprocess.py:93} INFO - 25/11/30 19:15:34 INFO BlockManagerMaster: Registered BlockManager BlockManagerId(driver, 76c6f5c40d8c, 34315, None)
[2025-11-30T19:15:34.955+0000] {subprocess.py:93} INFO - 25/11/30 19:15:34 INFO BlockManager: Initialized BlockManager: BlockManagerId(driver, 76c6f5c40d8c, 34315, None)
[2025-11-30T19:15:35.316+0000] {subprocess.py:93} INFO - 25/11/30 19:15:35 INFO SharedState: Setting hive.metastore.warehouse.dir ('null') to the value of spark.sql.warehouse.dir.
[2025-11-30T19:15:35.323+0000] {subprocess.py:93} INFO - 25/11/30 19:15:35 INFO SharedState: Warehouse path is 'file:/home/jovyan/spark-warehouse'.
[2025-11-30T19:15:36.652+0000] {subprocess.py:93} INFO - 25/11/30 19:15:36 INFO InMemoryFileIndex: It took 65 ms to list leaf files for 1 paths.
[2025-11-30T19:15:37.160+0000] {subprocess.py:93} INFO - 25/11/30 19:15:37 INFO SparkContext: Starting job: parquet at NativeMethodAccessorImpl.java:0
[2025-11-30T19:15:37.181+0000] {subprocess.py:93} INFO - 25/11/30 19:15:37 INFO DAGScheduler: Got job 0 (parquet at NativeMethodAccessorImpl.java:0) with 1 output partitions
[2025-11-30T19:15:37.182+0000] {subprocess.py:93} INFO - 25/11/30 19:15:37 INFO DAGScheduler: Final stage: ResultStage 0 (parquet at NativeMethodAccessorImpl.java:0)
[2025-11-30T19:15:37.182+0000] {subprocess.py:93} INFO - 25/11/30 19:15:37 INFO DAGScheduler: Parents of final stage: List()
[2025-11-30T19:15:37.184+0000] {subprocess.py:93} INFO - 25/11/30 19:15:37 INFO DAGScheduler: Missing parents: List()
[2025-11-30T19:15:37.189+0000] {subprocess.py:93} INFO - 25/11/30 19:15:37 INFO DAGScheduler: Submitting ResultStage 0 (MapPartitionsRDD[1] at parquet at NativeMethodAccessorImpl.java:0), which has no missing parents
[2025-11-30T19:15:37.262+0000] {subprocess.py:93} INFO - 25/11/30 19:15:37 INFO MemoryStore: Block broadcast_0 stored as values in memory (estimated size 103.1 KiB, free 434.3 MiB)
[2025-11-30T19:15:37.304+0000] {subprocess.py:93} INFO - 25/11/30 19:15:37 INFO MemoryStore: Block broadcast_0_piece0 stored as bytes in memory (estimated size 37.1 KiB, free 434.3 MiB)
[2025-11-30T19:15:37.307+0000] {subprocess.py:93} INFO - 25/11/30 19:15:37 INFO BlockManagerInfo: Added broadcast_0_piece0 in memory on 76c6f5c40d8c:34315 (size: 37.1 KiB, free: 434.4 MiB)
[2025-11-30T19:15:37.312+0000] {subprocess.py:93} INFO - 25/11/30 19:15:37 INFO SparkContext: Created broadcast 0 from broadcast at DAGScheduler.scala:1580
[2025-11-30T19:15:37.334+0000] {subprocess.py:93} INFO - 25/11/30 19:15:37 INFO DAGScheduler: Submitting 1 missing tasks from ResultStage 0 (MapPartitionsRDD[1] at parquet at NativeMethodAccessorImpl.java:0) (first 15 tasks are for partitions Vector(0))
[2025-11-30T19:15:37.336+0000] {subprocess.py:93} INFO - 25/11/30 19:15:37 INFO TaskSchedulerImpl: Adding task set 0.0 with 1 tasks resource profile 0
[2025-11-30T19:15:37.408+0000] {subprocess.py:93} INFO - 25/11/30 19:15:37 INFO TaskSetManager: Starting task 0.0 in stage 0.0 (TID 0) (76c6f5c40d8c, executor driver, partition 0, PROCESS_LOCAL, 7829 bytes)
[2025-11-30T19:15:37.432+0000] {subprocess.py:93} INFO - 25/11/30 19:15:37 INFO Executor: Running task 0.0 in stage 0.0 (TID 0)
[2025-11-30T19:15:37.876+0000] {subprocess.py:93} INFO - 25/11/30 19:15:37 INFO Executor: Finished task 0.0 in stage 0.0 (TID 0). 2265 bytes result sent to driver
[2025-11-30T19:15:37.892+0000] {subprocess.py:93} INFO - 25/11/30 19:15:37 INFO TaskSetManager: Finished task 0.0 in stage 0.0 (TID 0) in 511 ms on 76c6f5c40d8c (executor driver) (1/1)
[2025-11-30T19:15:37.896+0000] {subprocess.py:93} INFO - 25/11/30 19:15:37 INFO TaskSchedulerImpl: Removed TaskSet 0.0, whose tasks have all completed, from pool
[2025-11-30T19:15:37.899+0000] {subprocess.py:93} INFO - 25/11/30 19:15:37 INFO DAGScheduler: ResultStage 0 (parquet at NativeMethodAccessorImpl.java:0) finished in 0.692 s
[2025-11-30T19:15:37.903+0000] {subprocess.py:93} INFO - 25/11/30 19:15:37 INFO DAGScheduler: Job 0 is finished. Cancelling potential speculative or zombie tasks for this job
[2025-11-30T19:15:37.904+0000] {subprocess.py:93} INFO - 25/11/30 19:15:37 INFO TaskSchedulerImpl: Killing all running tasks in stage 0: Stage finished
[2025-11-30T19:15:37.919+0000] {subprocess.py:93} INFO - 25/11/30 19:15:37 INFO DAGScheduler: Job 0 finished: parquet at NativeMethodAccessorImpl.java:0, took 0.758375 s
[2025-11-30T19:15:39.205+0000] {subprocess.py:93} INFO - 25/11/30 19:15:39 INFO BlockManagerInfo: Removed broadcast_0_piece0 on 76c6f5c40d8c:34315 in memory (size: 37.1 KiB, free: 434.4 MiB)
[2025-11-30T19:15:39.819+0000] {subprocess.py:93} INFO - 25/11/30 19:15:39 INFO FileSourceStrategy: Pushed Filters: IsNotNull(property_size),IsNotNull(price)
[2025-11-30T19:15:39.822+0000] {subprocess.py:93} INFO - 25/11/30 19:15:39 INFO FileSourceStrategy: Post-Scan Filters: isnotnull(property_size#8),isnotnull(price#2),(cast(price#2 as int) > 0),(cast(regexp_replace(property_size#8, [^0-9.], , 1) as double) > 0.0)
[2025-11-30T19:15:39.954+0000] {subprocess.py:93} INFO - 25/11/30 19:15:39 INFO ParquetUtils: Using default output committer for Parquet: org.apache.parquet.hadoop.ParquetOutputCommitter
[2025-11-30T19:15:40.003+0000] {subprocess.py:93} INFO - 25/11/30 19:15:40 INFO FileOutputCommitter: File Output Committer Algorithm version is 1
[2025-11-30T19:15:40.004+0000] {subprocess.py:93} INFO - 25/11/30 19:15:40 INFO FileOutputCommitter: FileOutputCommitter skip cleanup _temporary folders under output directory:false, ignore cleanup failures: false
[2025-11-30T19:15:40.004+0000] {subprocess.py:93} INFO - 25/11/30 19:15:40 INFO SQLHadoopMapReduceCommitProtocol: Using user defined output committer class org.apache.parquet.hadoop.ParquetOutputCommitter
[2025-11-30T19:15:40.005+0000] {subprocess.py:93} INFO - 25/11/30 19:15:40 INFO FileOutputCommitter: File Output Committer Algorithm version is 1
[2025-11-30T19:15:40.005+0000] {subprocess.py:93} INFO - 25/11/30 19:15:40 INFO FileOutputCommitter: FileOutputCommitter skip cleanup _temporary folders under output directory:false, ignore cleanup failures: false
[2025-11-30T19:15:40.006+0000] {subprocess.py:93} INFO - 25/11/30 19:15:40 INFO SQLHadoopMapReduceCommitProtocol: Using output committer class org.apache.parquet.hadoop.ParquetOutputCommitter
[2025-11-30T19:15:40.430+0000] {subprocess.py:93} INFO - 25/11/30 19:15:40 INFO CodeGenerator: Code generated in 294.633972 ms
[2025-11-30T19:15:40.449+0000] {subprocess.py:93} INFO - 25/11/30 19:15:40 INFO MemoryStore: Block broadcast_1 stored as values in memory (estimated size 202.5 KiB, free 434.2 MiB)
[2025-11-30T19:15:40.460+0000] {subprocess.py:93} INFO - 25/11/30 19:15:40 INFO MemoryStore: Block broadcast_1_piece0 stored as bytes in memory (estimated size 35.2 KiB, free 434.2 MiB)
[2025-11-30T19:15:40.461+0000] {subprocess.py:93} INFO - 25/11/30 19:15:40 INFO BlockManagerInfo: Added broadcast_1_piece0 in memory on 76c6f5c40d8c:34315 (size: 35.2 KiB, free: 434.4 MiB)
[2025-11-30T19:15:40.462+0000] {subprocess.py:93} INFO - 25/11/30 19:15:40 INFO SparkContext: Created broadcast 1 from parquet at NativeMethodAccessorImpl.java:0
[2025-11-30T19:15:40.476+0000] {subprocess.py:93} INFO - 25/11/30 19:15:40 INFO FileSourceScanExec: Planning scan with bin packing, max size: 4194304 bytes, open cost is considered as scanning 4194304 bytes.
[2025-11-30T19:15:40.513+0000] {subprocess.py:93} INFO - 25/11/30 19:15:40 INFO SparkContext: Starting job: parquet at NativeMethodAccessorImpl.java:0
[2025-11-30T19:15:40.514+0000] {subprocess.py:93} INFO - 25/11/30 19:15:40 INFO DAGScheduler: Got job 1 (parquet at NativeMethodAccessorImpl.java:0) with 1 output partitions
[2025-11-30T19:15:40.515+0000] {subprocess.py:93} INFO - 25/11/30 19:15:40 INFO DAGScheduler: Final stage: ResultStage 1 (parquet at NativeMethodAccessorImpl.java:0)
[2025-11-30T19:15:40.515+0000] {subprocess.py:93} INFO - 25/11/30 19:15:40 INFO DAGScheduler: Parents of final stage: List()
[2025-11-30T19:15:40.515+0000] {subprocess.py:93} INFO - 25/11/30 19:15:40 INFO DAGScheduler: Missing parents: List()
[2025-11-30T19:15:40.516+0000] {subprocess.py:93} INFO - 25/11/30 19:15:40 INFO DAGScheduler: Submitting ResultStage 1 (MapPartitionsRDD[5] at parquet at NativeMethodAccessorImpl.java:0), which has no missing parents
[2025-11-30T19:15:40.558+0000] {subprocess.py:93} INFO - 25/11/30 19:15:40 INFO MemoryStore: Block broadcast_2 stored as values in memory (estimated size 246.0 KiB, free 433.9 MiB)
[2025-11-30T19:15:40.563+0000] {subprocess.py:93} INFO - 25/11/30 19:15:40 INFO MemoryStore: Block broadcast_2_piece0 stored as bytes in memory (estimated size 85.0 KiB, free 433.8 MiB)
[2025-11-30T19:15:40.564+0000] {subprocess.py:93} INFO - 25/11/30 19:15:40 INFO BlockManagerInfo: Added broadcast_2_piece0 in memory on 76c6f5c40d8c:34315 (size: 85.0 KiB, free: 434.3 MiB)
[2025-11-30T19:15:40.565+0000] {subprocess.py:93} INFO - 25/11/30 19:15:40 INFO SparkContext: Created broadcast 2 from broadcast at DAGScheduler.scala:1580
[2025-11-30T19:15:40.566+0000] {subprocess.py:93} INFO - 25/11/30 19:15:40 INFO DAGScheduler: Submitting 1 missing tasks from ResultStage 1 (MapPartitionsRDD[5] at parquet at NativeMethodAccessorImpl.java:0) (first 15 tasks are for partitions Vector(0))
[2025-11-30T19:15:40.566+0000] {subprocess.py:93} INFO - 25/11/30 19:15:40 INFO TaskSchedulerImpl: Adding task set 1.0 with 1 tasks resource profile 0
[2025-11-30T19:15:40.576+0000] {subprocess.py:93} INFO - 25/11/30 19:15:40 INFO TaskSetManager: Starting task 0.0 in stage 1.0 (TID 1) (76c6f5c40d8c, executor driver, partition 0, ANY, 8297 bytes)
[2025-11-30T19:15:40.577+0000] {subprocess.py:93} INFO - 25/11/30 19:15:40 INFO Executor: Running task 0.0 in stage 1.0 (TID 1)
[2025-11-30T19:15:40.725+0000] {subprocess.py:93} INFO - 25/11/30 19:15:40 INFO CodeGenerator: Code generated in 77.747841 ms
[2025-11-30T19:15:40.730+0000] {subprocess.py:93} INFO - 25/11/30 19:15:40 INFO FileOutputCommitter: File Output Committer Algorithm version is 1
[2025-11-30T19:15:40.731+0000] {subprocess.py:93} INFO - 25/11/30 19:15:40 INFO FileOutputCommitter: FileOutputCommitter skip cleanup _temporary folders under output directory:false, ignore cleanup failures: false
[2025-11-30T19:15:40.732+0000] {subprocess.py:93} INFO - 25/11/30 19:15:40 INFO SQLHadoopMapReduceCommitProtocol: Using user defined output committer class org.apache.parquet.hadoop.ParquetOutputCommitter
[2025-11-30T19:15:40.732+0000] {subprocess.py:93} INFO - 25/11/30 19:15:40 INFO FileOutputCommitter: File Output Committer Algorithm version is 1
[2025-11-30T19:15:40.733+0000] {subprocess.py:93} INFO - 25/11/30 19:15:40 INFO FileOutputCommitter: FileOutputCommitter skip cleanup _temporary folders under output directory:false, ignore cleanup failures: false
[2025-11-30T19:15:40.733+0000] {subprocess.py:93} INFO - 25/11/30 19:15:40 INFO SQLHadoopMapReduceCommitProtocol: Using output committer class org.apache.parquet.hadoop.ParquetOutputCommitter
[2025-11-30T19:15:40.740+0000] {subprocess.py:93} INFO - 25/11/30 19:15:40 INFO CodecConfig: Compression: SNAPPY
[2025-11-30T19:15:40.744+0000] {subprocess.py:93} INFO - 25/11/30 19:15:40 INFO CodecConfig: Compression: SNAPPY
[2025-11-30T19:15:40.772+0000] {subprocess.py:93} INFO - 25/11/30 19:15:40 INFO ParquetOutputFormat: ParquetRecordWriter [block size: 134217728b, row group padding size: 8388608b, validating: false]
[2025-11-30T19:15:40.789+0000] {subprocess.py:93} INFO - 25/11/30 19:15:40 INFO ParquetWriteSupport: Initialized Parquet WriteSupport with Catalyst schema:
[2025-11-30T19:15:40.790+0000] {subprocess.py:93} INFO - {
[2025-11-30T19:15:40.790+0000] {subprocess.py:93} INFO -   "type" : "struct",
[2025-11-30T19:15:40.791+0000] {subprocess.py:93} INFO -   "fields" : [ {
[2025-11-30T19:15:40.791+0000] {subprocess.py:93} INFO -     "name" : "title",
[2025-11-30T19:15:40.792+0000] {subprocess.py:93} INFO -     "type" : "string",
[2025-11-30T19:15:40.793+0000] {subprocess.py:93} INFO -     "nullable" : true,
[2025-11-30T19:15:40.793+0000] {subprocess.py:93} INFO -     "metadata" : { }
[2025-11-30T19:15:40.794+0000] {subprocess.py:93} INFO -   }, {
[2025-11-30T19:15:40.794+0000] {subprocess.py:93} INFO -     "name" : "price",
[2025-11-30T19:15:40.795+0000] {subprocess.py:93} INFO -     "type" : "double",
[2025-11-30T19:15:40.796+0000] {subprocess.py:93} INFO -     "nullable" : true,
[2025-11-30T19:15:40.796+0000] {subprocess.py:93} INFO -     "metadata" : { }
[2025-11-30T19:15:40.797+0000] {subprocess.py:93} INFO -   }, {
[2025-11-30T19:15:40.798+0000] {subprocess.py:93} INFO -     "name" : "location",
[2025-11-30T19:15:40.798+0000] {subprocess.py:93} INFO -     "type" : "string",
[2025-11-30T19:15:40.798+0000] {subprocess.py:93} INFO -     "nullable" : true,
[2025-11-30T19:15:40.799+0000] {subprocess.py:93} INFO -     "metadata" : { }
[2025-11-30T19:15:40.800+0000] {subprocess.py:93} INFO -   }, {
[2025-11-30T19:15:40.800+0000] {subprocess.py:93} INFO -     "name" : "bedrooms",
[2025-11-30T19:15:40.801+0000] {subprocess.py:93} INFO -     "type" : "integer",
[2025-11-30T19:15:40.801+0000] {subprocess.py:93} INFO -     "nullable" : true,
[2025-11-30T19:15:40.802+0000] {subprocess.py:93} INFO -     "metadata" : { }
[2025-11-30T19:15:40.802+0000] {subprocess.py:93} INFO -   }, {
[2025-11-30T19:15:40.803+0000] {subprocess.py:93} INFO -     "name" : "bathrooms",
[2025-11-30T19:15:40.803+0000] {subprocess.py:93} INFO -     "type" : "integer",
[2025-11-30T19:15:40.804+0000] {subprocess.py:93} INFO -     "nullable" : true,
[2025-11-30T19:15:40.804+0000] {subprocess.py:93} INFO -     "metadata" : { }
[2025-11-30T19:15:40.805+0000] {subprocess.py:93} INFO -   }, {
[2025-11-30T19:15:40.805+0000] {subprocess.py:93} INFO -     "name" : "property_type",
[2025-11-30T19:15:40.806+0000] {subprocess.py:93} INFO -     "type" : "string",
[2025-11-30T19:15:40.806+0000] {subprocess.py:93} INFO -     "nullable" : true,
[2025-11-30T19:15:40.807+0000] {subprocess.py:93} INFO -     "metadata" : { }
[2025-11-30T19:15:40.807+0000] {subprocess.py:93} INFO -   }, {
[2025-11-30T19:15:40.808+0000] {subprocess.py:93} INFO -     "name" : "property_size",
[2025-11-30T19:15:40.808+0000] {subprocess.py:93} INFO -     "type" : "double",
[2025-11-30T19:15:40.809+0000] {subprocess.py:93} INFO -     "nullable" : true,
[2025-11-30T19:15:40.809+0000] {subprocess.py:93} INFO -     "metadata" : { }
[2025-11-30T19:15:40.809+0000] {subprocess.py:93} INFO -   }, {
[2025-11-30T19:15:40.810+0000] {subprocess.py:93} INFO -     "name" : "furnished",
[2025-11-30T19:15:40.810+0000] {subprocess.py:93} INFO -     "type" : "string",
[2025-11-30T19:15:40.811+0000] {subprocess.py:93} INFO -     "nullable" : true,
[2025-11-30T19:15:40.811+0000] {subprocess.py:93} INFO -     "metadata" : { }
[2025-11-30T19:15:40.812+0000] {subprocess.py:93} INFO -   }, {
[2025-11-30T19:15:40.812+0000] {subprocess.py:93} INFO -     "name" : "share_url",
[2025-11-30T19:15:40.813+0000] {subprocess.py:93} INFO -     "type" : "string",
[2025-11-30T19:15:40.813+0000] {subprocess.py:93} INFO -     "nullable" : true,
[2025-11-30T19:15:40.814+0000] {subprocess.py:93} INFO -     "metadata" : { }
[2025-11-30T19:15:40.814+0000] {subprocess.py:93} INFO -   }, {
[2025-11-30T19:15:40.815+0000] {subprocess.py:93} INFO -     "name" : "description",
[2025-11-30T19:15:40.815+0000] {subprocess.py:93} INFO -     "type" : "string",
[2025-11-30T19:15:40.816+0000] {subprocess.py:93} INFO -     "nullable" : true,
[2025-11-30T19:15:40.816+0000] {subprocess.py:93} INFO -     "metadata" : { }
[2025-11-30T19:15:40.817+0000] {subprocess.py:93} INFO -   }, {
[2025-11-30T19:15:40.817+0000] {subprocess.py:93} INFO -     "name" : "amenities",
[2025-11-30T19:15:40.818+0000] {subprocess.py:93} INFO -     "type" : "string",
[2025-11-30T19:15:40.818+0000] {subprocess.py:93} INFO -     "nullable" : true,
[2025-11-30T19:15:40.819+0000] {subprocess.py:93} INFO -     "metadata" : { }
[2025-11-30T19:15:40.819+0000] {subprocess.py:93} INFO -   }, {
[2025-11-30T19:15:40.820+0000] {subprocess.py:93} INFO -     "name" : "listed_date",
[2025-11-30T19:15:40.820+0000] {subprocess.py:93} INFO -     "type" : "string",
[2025-11-30T19:15:40.820+0000] {subprocess.py:93} INFO -     "nullable" : true,
[2025-11-30T19:15:40.821+0000] {subprocess.py:93} INFO -     "metadata" : { }
[2025-11-30T19:15:40.821+0000] {subprocess.py:93} INFO -   }, {
[2025-11-30T19:15:40.822+0000] {subprocess.py:93} INFO -     "name" : "latitude",
[2025-11-30T19:15:40.822+0000] {subprocess.py:93} INFO -     "type" : "string",
[2025-11-30T19:15:40.823+0000] {subprocess.py:93} INFO -     "nullable" : true,
[2025-11-30T19:15:40.823+0000] {subprocess.py:93} INFO -     "metadata" : { }
[2025-11-30T19:15:40.823+0000] {subprocess.py:93} INFO -   }, {
[2025-11-30T19:15:40.824+0000] {subprocess.py:93} INFO -     "name" : "longitude",
[2025-11-30T19:15:40.825+0000] {subprocess.py:93} INFO -     "type" : "string",
[2025-11-30T19:15:40.825+0000] {subprocess.py:93} INFO -     "nullable" : true,
[2025-11-30T19:15:40.825+0000] {subprocess.py:93} INFO -     "metadata" : { }
[2025-11-30T19:15:40.826+0000] {subprocess.py:93} INFO -   }, {
[2025-11-30T19:15:40.826+0000] {subprocess.py:93} INFO -     "name" : "Pool",
[2025-11-30T19:15:40.827+0000] {subprocess.py:93} INFO -     "type" : "integer",
[2025-11-30T19:15:40.827+0000] {subprocess.py:93} INFO -     "nullable" : false,
[2025-11-30T19:15:40.828+0000] {subprocess.py:93} INFO -     "metadata" : { }
[2025-11-30T19:15:40.828+0000] {subprocess.py:93} INFO -   }, {
[2025-11-30T19:15:40.829+0000] {subprocess.py:93} INFO -     "name" : "Gym",
[2025-11-30T19:15:40.829+0000] {subprocess.py:93} INFO -     "type" : "integer",
[2025-11-30T19:15:40.829+0000] {subprocess.py:93} INFO -     "nullable" : false,
[2025-11-30T19:15:40.830+0000] {subprocess.py:93} INFO -     "metadata" : { }
[2025-11-30T19:15:40.830+0000] {subprocess.py:93} INFO -   }, {
[2025-11-30T19:15:40.831+0000] {subprocess.py:93} INFO -     "name" : "Garden",
[2025-11-30T19:15:40.831+0000] {subprocess.py:93} INFO -     "type" : "integer",
[2025-11-30T19:15:40.832+0000] {subprocess.py:93} INFO -     "nullable" : false,
[2025-11-30T19:15:40.833+0000] {subprocess.py:93} INFO -     "metadata" : { }
[2025-11-30T19:15:40.833+0000] {subprocess.py:93} INFO -   }, {
[2025-11-30T19:15:40.834+0000] {subprocess.py:93} INFO -     "name" : "Parking",
[2025-11-30T19:15:40.834+0000] {subprocess.py:93} INFO -     "type" : "integer",
[2025-11-30T19:15:40.834+0000] {subprocess.py:93} INFO -     "nullable" : false,
[2025-11-30T19:15:40.835+0000] {subprocess.py:93} INFO -     "metadata" : { }
[2025-11-30T19:15:40.835+0000] {subprocess.py:93} INFO -   }, {
[2025-11-30T19:15:40.837+0000] {subprocess.py:93} INFO -     "name" : "Maids_Quarters",
[2025-11-30T19:15:40.837+0000] {subprocess.py:93} INFO -     "type" : "integer",
[2025-11-30T19:15:40.838+0000] {subprocess.py:93} INFO -     "nullable" : false,
[2025-11-30T19:15:40.838+0000] {subprocess.py:93} INFO -     "metadata" : { }
[2025-11-30T19:15:40.839+0000] {subprocess.py:93} INFO -   }, {
[2025-11-30T19:15:40.839+0000] {subprocess.py:93} INFO -     "name" : "Jacuzzi",
[2025-11-30T19:15:40.840+0000] {subprocess.py:93} INFO -     "type" : "integer",
[2025-11-30T19:15:40.840+0000] {subprocess.py:93} INFO -     "nullable" : false,
[2025-11-30T19:15:40.841+0000] {subprocess.py:93} INFO -     "metadata" : { }
[2025-11-30T19:15:40.841+0000] {subprocess.py:93} INFO -   }, {
[2025-11-30T19:15:40.842+0000] {subprocess.py:93} INFO -     "name" : "Balcony",
[2025-11-30T19:15:40.842+0000] {subprocess.py:93} INFO -     "type" : "integer",
[2025-11-30T19:15:40.843+0000] {subprocess.py:93} INFO -     "nullable" : false,
[2025-11-30T19:15:40.843+0000] {subprocess.py:93} INFO -     "metadata" : { }
[2025-11-30T19:15:40.844+0000] {subprocess.py:93} INFO -   }, {
[2025-11-30T19:15:40.844+0000] {subprocess.py:93} INFO -     "name" : "Spa",
[2025-11-30T19:15:40.845+0000] {subprocess.py:93} INFO -     "type" : "integer",
[2025-11-30T19:15:40.845+0000] {subprocess.py:93} INFO -     "nullable" : false,
[2025-11-30T19:15:40.845+0000] {subprocess.py:93} INFO -     "metadata" : { }
[2025-11-30T19:15:40.846+0000] {subprocess.py:93} INFO -   }, {
[2025-11-30T19:15:40.847+0000] {subprocess.py:93} INFO -     "name" : "price_per_sqm",
[2025-11-30T19:15:40.847+0000] {subprocess.py:93} INFO -     "type" : "double",
[2025-11-30T19:15:40.848+0000] {subprocess.py:93} INFO -     "nullable" : true,
[2025-11-30T19:15:40.848+0000] {subprocess.py:93} INFO -     "metadata" : { }
[2025-11-30T19:15:40.848+0000] {subprocess.py:93} INFO -   } ]
[2025-11-30T19:15:40.848+0000] {subprocess.py:93} INFO - }
[2025-11-30T19:15:40.849+0000] {subprocess.py:93} INFO - and corresponding Parquet message type:
[2025-11-30T19:15:40.849+0000] {subprocess.py:93} INFO - message spark_schema {
[2025-11-30T19:15:40.850+0000] {subprocess.py:93} INFO -   optional binary title (STRING);
[2025-11-30T19:15:40.850+0000] {subprocess.py:93} INFO -   optional double price;
[2025-11-30T19:15:40.851+0000] {subprocess.py:93} INFO -   optional binary location (STRING);
[2025-11-30T19:15:40.851+0000] {subprocess.py:93} INFO -   optional int32 bedrooms;
[2025-11-30T19:15:40.852+0000] {subprocess.py:93} INFO -   optional int32 bathrooms;
[2025-11-30T19:15:40.852+0000] {subprocess.py:93} INFO -   optional binary property_type (STRING);
[2025-11-30T19:15:40.853+0000] {subprocess.py:93} INFO -   optional double property_size;
[2025-11-30T19:15:40.853+0000] {subprocess.py:93} INFO -   optional binary furnished (STRING);
[2025-11-30T19:15:40.853+0000] {subprocess.py:93} INFO -   optional binary share_url (STRING);
[2025-11-30T19:15:40.854+0000] {subprocess.py:93} INFO -   optional binary description (STRING);
[2025-11-30T19:15:40.854+0000] {subprocess.py:93} INFO -   optional binary amenities (STRING);
[2025-11-30T19:15:40.855+0000] {subprocess.py:93} INFO -   optional binary listed_date (STRING);
[2025-11-30T19:15:40.855+0000] {subprocess.py:93} INFO -   optional binary latitude (STRING);
[2025-11-30T19:15:40.856+0000] {subprocess.py:93} INFO -   optional binary longitude (STRING);
[2025-11-30T19:15:40.856+0000] {subprocess.py:93} INFO -   required int32 Pool;
[2025-11-30T19:15:40.856+0000] {subprocess.py:93} INFO -   required int32 Gym;
[2025-11-30T19:15:40.857+0000] {subprocess.py:93} INFO -   required int32 Garden;
[2025-11-30T19:15:40.857+0000] {subprocess.py:93} INFO -   required int32 Parking;
[2025-11-30T19:15:40.858+0000] {subprocess.py:93} INFO -   required int32 Maids_Quarters;
[2025-11-30T19:15:40.858+0000] {subprocess.py:93} INFO -   required int32 Jacuzzi;
[2025-11-30T19:15:40.858+0000] {subprocess.py:93} INFO -   required int32 Balcony;
[2025-11-30T19:15:40.859+0000] {subprocess.py:93} INFO -   required int32 Spa;
[2025-11-30T19:15:40.860+0000] {subprocess.py:93} INFO -   optional double price_per_sqm;
[2025-11-30T19:15:40.860+0000] {subprocess.py:93} INFO - }
[2025-11-30T19:15:40.860+0000] {subprocess.py:93} INFO - 
[2025-11-30T19:15:40.861+0000] {subprocess.py:93} INFO - 
[2025-11-30T19:15:40.863+0000] {subprocess.py:93} INFO - 25/11/30 19:15:40 INFO CodecPool: Got brand-new compressor [.snappy]
[2025-11-30T19:15:41.060+0000] {subprocess.py:93} INFO - 25/11/30 19:15:41 INFO FileScanRDD: Reading File path: hdfs://namenode:9000/datalake/bronze/propertyfinder/part-00000-717a7329-4171-4363-927b-52e0d9e05ad2-c000.snappy.parquet, range: 0-457386, partition values: [empty row]
[2025-11-30T19:15:41.141+0000] {subprocess.py:93} INFO - 25/11/30 19:15:41 INFO FilterCompat: Filtering using predicate: and(noteq(property_size, null), noteq(price, null))
[2025-11-30T19:15:41.227+0000] {subprocess.py:93} INFO - 25/11/30 19:15:41 INFO CodecPool: Got brand-new decompressor [.snappy]
[2025-11-30T19:15:41.603+0000] {subprocess.py:93} INFO - 25/11/30 19:15:41 INFO FileOutputCommitter: Saved output of task 'attempt_202511301915407153440692178281135_0001_m_000000_1' to hdfs://namenode:9000/datalake/silver/cleaned_propertyfinder/_temporary/0/task_202511301915407153440692178281135_0001_m_000000
[2025-11-30T19:15:41.604+0000] {subprocess.py:93} INFO - 25/11/30 19:15:41 INFO SparkHadoopMapRedUtil: attempt_202511301915407153440692178281135_0001_m_000000_1: Committed. Elapsed time: 9 ms.
[2025-11-30T19:15:41.612+0000] {subprocess.py:93} INFO - 25/11/30 19:15:41 INFO Executor: Finished task 0.0 in stage 1.0 (TID 1). 2877 bytes result sent to driver
[2025-11-30T19:15:41.615+0000] {subprocess.py:93} INFO - 25/11/30 19:15:41 INFO TaskSetManager: Finished task 0.0 in stage 1.0 (TID 1) in 1043 ms on 76c6f5c40d8c (executor driver) (1/1)
[2025-11-30T19:15:41.616+0000] {subprocess.py:93} INFO - 25/11/30 19:15:41 INFO TaskSchedulerImpl: Removed TaskSet 1.0, whose tasks have all completed, from pool
[2025-11-30T19:15:41.617+0000] {subprocess.py:93} INFO - 25/11/30 19:15:41 INFO DAGScheduler: ResultStage 1 (parquet at NativeMethodAccessorImpl.java:0) finished in 1.097 s
[2025-11-30T19:15:41.617+0000] {subprocess.py:93} INFO - 25/11/30 19:15:41 INFO DAGScheduler: Job 1 is finished. Cancelling potential speculative or zombie tasks for this job
[2025-11-30T19:15:41.617+0000] {subprocess.py:93} INFO - 25/11/30 19:15:41 INFO TaskSchedulerImpl: Killing all running tasks in stage 1: Stage finished
[2025-11-30T19:15:41.618+0000] {subprocess.py:93} INFO - 25/11/30 19:15:41 INFO DAGScheduler: Job 1 finished: parquet at NativeMethodAccessorImpl.java:0, took 1.104967 s
[2025-11-30T19:15:41.621+0000] {subprocess.py:93} INFO - 25/11/30 19:15:41 INFO FileFormatWriter: Start to commit write Job d1bc3052-2fff-4e94-ba74-6bded893e0a7.
[2025-11-30T19:15:41.739+0000] {subprocess.py:93} INFO - 25/11/30 19:15:41 INFO FileFormatWriter: Write Job d1bc3052-2fff-4e94-ba74-6bded893e0a7 committed. Elapsed time: 113 ms.
[2025-11-30T19:15:41.752+0000] {subprocess.py:93} INFO - 25/11/30 19:15:41 INFO FileFormatWriter: Finished processing stats for write job d1bc3052-2fff-4e94-ba74-6bded893e0a7.
[2025-11-30T19:15:41.783+0000] {subprocess.py:93} INFO - ✅ PropertyFinder cleaned data saved to hdfs://namenode:9000/datalake/silver/cleaned_propertyfinder
[2025-11-30T19:15:41.786+0000] {subprocess.py:93} INFO - 25/11/30 19:15:41 INFO SparkContext: SparkContext is stopping with exitCode 0.
[2025-11-30T19:15:41.816+0000] {subprocess.py:93} INFO - 25/11/30 19:15:41 INFO SparkUI: Stopped Spark web UI at http://76c6f5c40d8c:4042
[2025-11-30T19:15:41.847+0000] {subprocess.py:93} INFO - 25/11/30 19:15:41 INFO MapOutputTrackerMasterEndpoint: MapOutputTrackerMasterEndpoint stopped!
[2025-11-30T19:15:41.969+0000] {subprocess.py:93} INFO - 25/11/30 19:15:41 INFO MemoryStore: MemoryStore cleared
[2025-11-30T19:15:41.988+0000] {subprocess.py:93} INFO - 25/11/30 19:15:41 INFO BlockManager: BlockManager stopped
[2025-11-30T19:15:41.990+0000] {subprocess.py:93} INFO - 25/11/30 19:15:41 INFO BlockManagerMaster: BlockManagerMaster stopped
[2025-11-30T19:15:41.991+0000] {subprocess.py:93} INFO - 25/11/30 19:15:41 INFO OutputCommitCoordinator$OutputCommitCoordinatorEndpoint: OutputCommitCoordinator stopped!
[2025-11-30T19:15:42.039+0000] {subprocess.py:93} INFO - 25/11/30 19:15:42 INFO SparkContext: Successfully stopped SparkContext
[2025-11-30T19:15:42.859+0000] {subprocess.py:93} INFO - 25/11/30 19:15:42 INFO ShutdownHookManager: Shutdown hook called
[2025-11-30T19:15:42.869+0000] {subprocess.py:93} INFO - 25/11/30 19:15:42 INFO ShutdownHookManager: Deleting directory /tmp/spark-b88e2fef-f5f0-46d0-99ff-4ade06dec3b4
[2025-11-30T19:15:42.871+0000] {subprocess.py:93} INFO - 25/11/30 19:15:42 INFO ShutdownHookManager: Deleting directory /tmp/spark-b88e2fef-f5f0-46d0-99ff-4ade06dec3b4/pyspark-89abec37-1c9f-4d2a-ad3e-5d884e9aa47c
[2025-11-30T19:15:42.873+0000] {subprocess.py:93} INFO - 25/11/30 19:15:42 INFO ShutdownHookManager: Deleting directory /tmp/spark-1f6fc548-1696-41e8-b549-e15f66efec53
[2025-11-30T19:15:43.115+0000] {subprocess.py:97} INFO - Command exited with return code 0
[2025-11-30T19:15:43.122+0000] {taskinstance.py:441} INFO - ::group::Post task execution logs
[2025-11-30T19:15:43.171+0000] {taskinstance.py:1206} INFO - Marking task as SUCCESS. dag_id=real_estate_etl_pipeline, task_id=clean_propertyfinder, run_id=manual__2025-11-30T18:25:30.102845+00:00, execution_date=20251130T182530, start_date=20251130T191530, end_date=20251130T191543
[2025-11-30T19:15:43.256+0000] {local_task_job_runner.py:240} INFO - Task exited with return code 0
[2025-11-30T19:15:43.302+0000] {taskinstance.py:3503} INFO - 1 downstream tasks scheduled from follow-on schedule check
[2025-11-30T19:15:43.307+0000] {local_task_job_runner.py:222} INFO - ::endgroup::
