[2025-11-30T19:16:06.991+0000] {local_task_job_runner.py:120} INFO - ::group::Pre task execution logs
[2025-11-30T19:16:07.013+0000] {taskinstance.py:2076} INFO - Dependencies all met for dep_context=non-requeueable deps ti=<TaskInstance: real_estate_etl_pipeline.create_dwh_table manual__2025-11-30T18:25:30.102845+00:00 [queued]>
[2025-11-30T19:16:07.019+0000] {taskinstance.py:2076} INFO - Dependencies all met for dep_context=requeueable deps ti=<TaskInstance: real_estate_etl_pipeline.create_dwh_table manual__2025-11-30T18:25:30.102845+00:00 [queued]>
[2025-11-30T19:16:07.020+0000] {taskinstance.py:2306} INFO - Starting attempt 1 of 2
[2025-11-30T19:16:07.028+0000] {taskinstance.py:2330} INFO - Executing <Task(BashOperator): create_dwh_table> on 2025-11-30 18:25:30.102845+00:00
[2025-11-30T19:16:07.037+0000] {warnings.py:112} WARNING - /home/***/.local/lib/python3.12/site-packages/***/task/task_runner/standard_task_runner.py:61: DeprecationWarning: This process (pid=786) is multi-threaded, use of fork() may lead to deadlocks in the child.
  pid = os.fork()

[2025-11-30T19:16:07.038+0000] {standard_task_runner.py:63} INFO - Started process 788 to run task
[2025-11-30T19:16:07.038+0000] {standard_task_runner.py:90} INFO - Running: ['***', 'tasks', 'run', 'real_estate_etl_pipeline', 'create_dwh_table', 'manual__2025-11-30T18:25:30.102845+00:00', '--job-id', '51', '--raw', '--subdir', 'DAGS_FOLDER/scraping_dag.py', '--cfg-path', '/tmp/tmp6t017yvh']
[2025-11-30T19:16:07.040+0000] {standard_task_runner.py:91} INFO - Job 51: Subtask create_dwh_table
[2025-11-30T19:16:07.079+0000] {task_command.py:426} INFO - Running <TaskInstance: real_estate_etl_pipeline.create_dwh_table manual__2025-11-30T18:25:30.102845+00:00 [running]> on host 9a9a5f972fcd
[2025-11-30T19:16:07.148+0000] {taskinstance.py:2648} INFO - Exporting env vars: AIRFLOW_CTX_DAG_OWNER='***' AIRFLOW_CTX_DAG_ID='real_estate_etl_pipeline' AIRFLOW_CTX_TASK_ID='create_dwh_table' AIRFLOW_CTX_EXECUTION_DATE='2025-11-30T18:25:30.102845+00:00' AIRFLOW_CTX_TRY_NUMBER='1' AIRFLOW_CTX_DAG_RUN_ID='manual__2025-11-30T18:25:30.102845+00:00'
[2025-11-30T19:16:07.150+0000] {taskinstance.py:430} INFO - ::endgroup::
[2025-11-30T19:16:07.151+0000] {subprocess.py:63} INFO - Tmp dir root location: /tmp
[2025-11-30T19:16:07.153+0000] {subprocess.py:75} INFO - Running command: ['/usr/bin/bash', '-c', 'docker exec jupyter python /data/create_dwh_table.py']
[2025-11-30T19:16:07.169+0000] {subprocess.py:86} INFO - Output:
[2025-11-30T19:16:07.631+0000] {subprocess.py:93} INFO - ✅ Data Warehouse table 'real_estate_one_big_table' created successfully.
[2025-11-30T19:16:07.645+0000] {subprocess.py:97} INFO - Command exited with return code 0
[2025-11-30T19:16:07.645+0000] {taskinstance.py:441} INFO - ::group::Post task execution logs
[2025-11-30T19:16:07.668+0000] {taskinstance.py:1206} INFO - Marking task as SUCCESS. dag_id=real_estate_etl_pipeline, task_id=create_dwh_table, run_id=manual__2025-11-30T18:25:30.102845+00:00, execution_date=20251130T182530, start_date=20251130T191607, end_date=20251130T191607
[2025-11-30T19:16:07.693+0000] {local_task_job_runner.py:240} INFO - Task exited with return code 0
[2025-11-30T19:16:07.718+0000] {taskinstance.py:3503} INFO - 1 downstream tasks scheduled from follow-on schedule check
[2025-11-30T19:16:07.720+0000] {local_task_job_runner.py:222} INFO - ::endgroup::
