[2025-11-30T18:25:38.558+0000] {local_task_job_runner.py:120} INFO - ::group::Pre task execution logs
[2025-11-30T18:25:38.595+0000] {taskinstance.py:2076} INFO - Dependencies all met for dep_context=non-requeueable deps ti=<TaskInstance: real_estate_etl_pipeline.scrape_fazwaz manual__2025-11-30T18:25:30.102845+00:00 [queued]>
[2025-11-30T18:25:38.606+0000] {taskinstance.py:2076} INFO - Dependencies all met for dep_context=requeueable deps ti=<TaskInstance: real_estate_etl_pipeline.scrape_fazwaz manual__2025-11-30T18:25:30.102845+00:00 [queued]>
[2025-11-30T18:25:38.608+0000] {taskinstance.py:2306} INFO - Starting attempt 1 of 2
[2025-11-30T18:25:38.625+0000] {taskinstance.py:2330} INFO - Executing <Task(BashOperator): scrape_fazwaz> on 2025-11-30 18:25:30.102845+00:00
[2025-11-30T18:25:38.640+0000] {warnings.py:112} WARNING - /home/***/.local/lib/python3.12/site-packages/***/task/task_runner/standard_task_runner.py:61: DeprecationWarning: This process (pid=71) is multi-threaded, use of fork() may lead to deadlocks in the child.
  pid = os.fork()

[2025-11-30T18:25:38.646+0000] {standard_task_runner.py:63} INFO - Started process 77 to run task
[2025-11-30T18:25:38.647+0000] {standard_task_runner.py:90} INFO - Running: ['***', 'tasks', 'run', 'real_estate_etl_pipeline', 'scrape_fazwaz', 'manual__2025-11-30T18:25:30.102845+00:00', '--job-id', '3', '--raw', '--subdir', 'DAGS_FOLDER/scraping_dag.py', '--cfg-path', '/tmp/tmprztlwsxg']
[2025-11-30T18:25:38.653+0000] {standard_task_runner.py:91} INFO - Job 3: Subtask scrape_fazwaz
[2025-11-30T18:25:38.757+0000] {task_command.py:426} INFO - Running <TaskInstance: real_estate_etl_pipeline.scrape_fazwaz manual__2025-11-30T18:25:30.102845+00:00 [running]> on host 9a9a5f972fcd
[2025-11-30T18:25:38.896+0000] {taskinstance.py:2648} INFO - Exporting env vars: AIRFLOW_CTX_DAG_OWNER='***' AIRFLOW_CTX_DAG_ID='real_estate_etl_pipeline' AIRFLOW_CTX_TASK_ID='scrape_fazwaz' AIRFLOW_CTX_EXECUTION_DATE='2025-11-30T18:25:30.102845+00:00' AIRFLOW_CTX_TRY_NUMBER='1' AIRFLOW_CTX_DAG_RUN_ID='manual__2025-11-30T18:25:30.102845+00:00'
[2025-11-30T18:25:38.900+0000] {taskinstance.py:430} INFO - ::endgroup::
[2025-11-30T18:25:38.902+0000] {subprocess.py:63} INFO - Tmp dir root location: /tmp
[2025-11-30T18:25:38.903+0000] {subprocess.py:75} INFO - Running command: ['/usr/bin/bash', '-c', 'docker exec jupyter python /data/scraping_scripts/fazwaz.com/scraping_fazwaz.py']
[2025-11-30T18:25:38.922+0000] {subprocess.py:86} INFO - Output:
[2025-11-30T18:35:17.528+0000] {subprocess.py:93} INFO - 
[2025-11-30T18:35:17.532+0000] {subprocess.py:93} INFO - 📍 Starting base URL 0: https://www.fazwaz.com.eg/en/property-for-sale/egypt/cairo/nasr-city
[2025-11-30T18:35:17.534+0000] {subprocess.py:93} INFO - 
[2025-11-30T18:35:17.535+0000] {subprocess.py:93} INFO - 🌐 Scraping page 1 | URL: https://www.fazwaz.com.eg/en/property-for-sale/egypt/cairo/nasr-city?page=1 | Total rows: 0
[2025-11-30T18:35:17.536+0000] {subprocess.py:93} INFO - → Scraping listing 1/30 | Total rows: 0
[2025-11-30T18:35:17.536+0000] {subprocess.py:93} INFO - → Scraping listing 2/30 | Total rows: 1
[2025-11-30T18:35:17.537+0000] {subprocess.py:93} INFO - → Scraping listing 3/30 | Total rows: 2
[2025-11-30T18:35:17.538+0000] {subprocess.py:93} INFO - → Scraping listing 4/30 | Total rows: 3
[2025-11-30T18:35:17.539+0000] {subprocess.py:93} INFO - → Scraping listing 5/30 | Total rows: 4
[2025-11-30T18:35:17.540+0000] {subprocess.py:93} INFO - → Scraping listing 6/30 | Total rows: 5
[2025-11-30T18:35:17.541+0000] {subprocess.py:93} INFO - → Scraping listing 7/30 | Total rows: 6
[2025-11-30T18:35:17.541+0000] {subprocess.py:93} INFO - → Scraping listing 8/30 | Total rows: 7
[2025-11-30T18:35:17.542+0000] {subprocess.py:93} INFO - → Scraping listing 9/30 | Total rows: 8
[2025-11-30T18:35:17.543+0000] {subprocess.py:93} INFO - → Scraping listing 10/30 | Total rows: 9
[2025-11-30T18:35:17.544+0000] {subprocess.py:93} INFO - → Scraping listing 11/30 | Total rows: 10
[2025-11-30T18:35:17.545+0000] {subprocess.py:93} INFO - → Scraping listing 12/30 | Total rows: 11
[2025-11-30T18:35:17.546+0000] {subprocess.py:93} INFO - → Scraping listing 13/30 | Total rows: 12
[2025-11-30T18:35:17.547+0000] {subprocess.py:93} INFO - → Scraping listing 14/30 | Total rows: 13
[2025-11-30T18:35:17.548+0000] {subprocess.py:93} INFO - → Scraping listing 15/30 | Total rows: 14
[2025-11-30T18:35:17.549+0000] {subprocess.py:93} INFO - → Scraping listing 16/30 | Total rows: 15
[2025-11-30T18:35:17.549+0000] {subprocess.py:93} INFO - → Scraping listing 17/30 | Total rows: 16
[2025-11-30T18:35:17.550+0000] {subprocess.py:93} INFO - → Scraping listing 18/30 | Total rows: 17
[2025-11-30T18:35:17.551+0000] {subprocess.py:93} INFO - → Scraping listing 19/30 | Total rows: 18
[2025-11-30T18:35:17.552+0000] {subprocess.py:93} INFO - → Scraping listing 20/30 | Total rows: 19
[2025-11-30T18:35:17.552+0000] {subprocess.py:93} INFO - → Scraping listing 21/30 | Total rows: 20
[2025-11-30T18:35:17.553+0000] {subprocess.py:93} INFO - → Scraping listing 22/30 | Total rows: 21
[2025-11-30T18:35:17.554+0000] {subprocess.py:93} INFO - → Scraping listing 23/30 | Total rows: 22
[2025-11-30T18:35:17.555+0000] {subprocess.py:93} INFO - → Scraping listing 24/30 | Total rows: 23
[2025-11-30T18:35:17.556+0000] {subprocess.py:93} INFO - → Scraping listing 25/30 | Total rows: 24
[2025-11-30T18:35:17.557+0000] {subprocess.py:93} INFO - → Scraping listing 26/30 | Total rows: 25
[2025-11-30T18:35:17.557+0000] {subprocess.py:93} INFO - → Scraping listing 27/30 | Total rows: 26
[2025-11-30T18:35:17.558+0000] {subprocess.py:93} INFO - → Scraping listing 28/30 | Total rows: 27
[2025-11-30T18:35:17.559+0000] {subprocess.py:93} INFO - → Scraping listing 29/30 | Total rows: 28
[2025-11-30T18:35:17.559+0000] {subprocess.py:93} INFO - → Scraping listing 30/30 | Total rows: 29
[2025-11-30T18:35:17.560+0000] {subprocess.py:93} INFO - 
[2025-11-30T18:35:17.561+0000] {subprocess.py:93} INFO - 🌐 Scraping page 2 | URL: https://www.fazwaz.com.eg/en/property-for-sale/egypt/cairo/nasr-city?page=2 | Total rows: 30
[2025-11-30T18:35:17.562+0000] {subprocess.py:93} INFO - → Scraping listing 1/14 | Total rows: 30
[2025-11-30T18:35:17.562+0000] {subprocess.py:93} INFO - → Scraping listing 2/14 | Total rows: 31
[2025-11-30T18:35:17.563+0000] {subprocess.py:93} INFO - → Scraping listing 3/14 | Total rows: 32
[2025-11-30T18:35:17.564+0000] {subprocess.py:93} INFO - → Scraping listing 4/14 | Total rows: 33
[2025-11-30T18:35:17.565+0000] {subprocess.py:93} INFO - → Scraping listing 5/14 | Total rows: 34
[2025-11-30T18:35:17.565+0000] {subprocess.py:93} INFO - → Scraping listing 6/14 | Total rows: 35
[2025-11-30T18:35:17.566+0000] {subprocess.py:93} INFO - → Scraping listing 7/14 | Total rows: 36
[2025-11-30T18:35:17.567+0000] {subprocess.py:93} INFO - → Scraping listing 8/14 | Total rows: 37
[2025-11-30T18:35:17.568+0000] {subprocess.py:93} INFO - → Scraping listing 9/14 | Total rows: 38
[2025-11-30T18:35:17.569+0000] {subprocess.py:93} INFO - → Scraping listing 10/14 | Total rows: 39
[2025-11-30T18:35:17.570+0000] {subprocess.py:93} INFO - → Scraping listing 11/14 | Total rows: 40
[2025-11-30T18:35:17.570+0000] {subprocess.py:93} INFO - → Scraping listing 12/14 | Total rows: 41
[2025-11-30T18:35:17.571+0000] {subprocess.py:93} INFO - → Scraping listing 13/14 | Total rows: 42
[2025-11-30T18:35:17.572+0000] {subprocess.py:93} INFO - → Scraping listing 14/14 | Total rows: 43
[2025-11-30T18:35:17.573+0000] {subprocess.py:93} INFO - 
[2025-11-30T18:35:17.574+0000] {subprocess.py:93} INFO - 🌐 Scraping page 3 | URL: https://www.fazwaz.com.eg/en/property-for-sale/egypt/cairo/nasr-city?page=3 | Total rows: 44
[2025-11-30T18:35:17.575+0000] {subprocess.py:93} INFO - 🚫 No more listings on this base URL, moving to next.
[2025-11-30T18:35:17.575+0000] {subprocess.py:93} INFO - 
[2025-11-30T18:35:17.576+0000] {subprocess.py:93} INFO - 📍 Starting base URL 1: https://www.fazwaz.com.eg/en/property-for-sale/egypt/cairo
[2025-11-30T18:35:17.577+0000] {subprocess.py:93} INFO - 
[2025-11-30T18:35:17.578+0000] {subprocess.py:93} INFO - 🌐 Scraping page 1 | URL: https://www.fazwaz.com.eg/en/property-for-sale/egypt/cairo?page=1 | Total rows: 44
[2025-11-30T18:35:17.578+0000] {subprocess.py:93} INFO - → Scraping listing 1/30 | Total rows: 44
[2025-11-30T18:35:17.579+0000] {subprocess.py:93} INFO - → Scraping listing 2/30 | Total rows: 45
[2025-11-30T18:35:17.580+0000] {subprocess.py:93} INFO - → Scraping listing 3/30 | Total rows: 46
[2025-11-30T18:35:17.581+0000] {subprocess.py:93} INFO - → Scraping listing 4/30 | Total rows: 47
[2025-11-30T18:35:17.582+0000] {subprocess.py:93} INFO - → Scraping listing 5/30 | Total rows: 48
[2025-11-30T18:35:17.583+0000] {subprocess.py:93} INFO - → Scraping listing 6/30 | Total rows: 49
[2025-11-30T18:35:17.583+0000] {subprocess.py:93} INFO - → Scraping listing 7/30 | Total rows: 50
[2025-11-30T18:35:17.584+0000] {subprocess.py:93} INFO - → Scraping listing 8/30 | Total rows: 51
[2025-11-30T18:35:17.585+0000] {subprocess.py:93} INFO - → Scraping listing 9/30 | Total rows: 52
[2025-11-30T18:35:17.586+0000] {subprocess.py:93} INFO - → Scraping listing 10/30 | Total rows: 53
[2025-11-30T18:35:17.587+0000] {subprocess.py:93} INFO - → Scraping listing 11/30 | Total rows: 54
[2025-11-30T18:35:17.588+0000] {subprocess.py:93} INFO - → Scraping listing 12/30 | Total rows: 55
[2025-11-30T18:35:17.589+0000] {subprocess.py:93} INFO - → Scraping listing 13/30 | Total rows: 56
[2025-11-30T18:35:17.590+0000] {subprocess.py:93} INFO - → Scraping listing 14/30 | Total rows: 57
[2025-11-30T18:35:17.591+0000] {subprocess.py:93} INFO - → Scraping listing 15/30 | Total rows: 58
[2025-11-30T18:35:17.592+0000] {subprocess.py:93} INFO - → Scraping listing 16/30 | Total rows: 59
[2025-11-30T18:35:17.593+0000] {subprocess.py:93} INFO - → Scraping listing 17/30 | Total rows: 60
[2025-11-30T18:35:17.593+0000] {subprocess.py:93} INFO - → Scraping listing 18/30 | Total rows: 61
[2025-11-30T18:35:17.594+0000] {subprocess.py:93} INFO - → Scraping listing 19/30 | Total rows: 62
[2025-11-30T18:35:17.594+0000] {subprocess.py:93} INFO - → Scraping listing 20/30 | Total rows: 63
[2025-11-30T18:35:17.595+0000] {subprocess.py:93} INFO - → Scraping listing 21/30 | Total rows: 64
[2025-11-30T18:35:17.596+0000] {subprocess.py:93} INFO - → Scraping listing 22/30 | Total rows: 65
[2025-11-30T18:35:17.596+0000] {subprocess.py:93} INFO - → Scraping listing 23/30 | Total rows: 66
[2025-11-30T18:35:17.597+0000] {subprocess.py:93} INFO - ⚠️ Retry 1 failed for https://www.fazwaz.com.eg/en/property-sales/12-bedroom-villa-for-sale-in-shobra-cairo-u5903891: Page.wait_for_selector: Timeout 30000ms exceeded.
[2025-11-30T18:35:17.598+0000] {subprocess.py:93} INFO - Call log:
[2025-11-30T18:35:17.599+0000] {subprocess.py:93} INFO -   - waiting for locator("h1.unit-name") to be visible
[2025-11-30T18:35:17.600+0000] {subprocess.py:93} INFO - 
[2025-11-30T18:35:17.600+0000] {subprocess.py:93} INFO - ⚠️ Retry 2 failed for https://www.fazwaz.com.eg/en/property-sales/12-bedroom-villa-for-sale-in-shobra-cairo-u5903891: Page.wait_for_selector: Timeout 30000ms exceeded.
[2025-11-30T18:35:17.601+0000] {subprocess.py:93} INFO - Call log:
[2025-11-30T18:35:17.602+0000] {subprocess.py:93} INFO -   - waiting for locator("h1.unit-name") to be visible
[2025-11-30T18:35:17.602+0000] {subprocess.py:93} INFO - 
[2025-11-30T18:35:17.603+0000] {subprocess.py:93} INFO - ⚠️ Retry 3 failed for https://www.fazwaz.com.eg/en/property-sales/12-bedroom-villa-for-sale-in-shobra-cairo-u5903891: Page.wait_for_selector: Timeout 30000ms exceeded.
[2025-11-30T18:35:17.604+0000] {subprocess.py:93} INFO - Call log:
[2025-11-30T18:35:17.604+0000] {subprocess.py:93} INFO -   - waiting for locator("h1.unit-name") to be visible
[2025-11-30T18:35:17.605+0000] {subprocess.py:93} INFO - 
[2025-11-30T18:35:17.606+0000] {subprocess.py:93} INFO - ⚠️ Skipping listing after repeated failures: https://www.fazwaz.com.eg/en/property-sales/12-bedroom-villa-for-sale-in-shobra-cairo-u5903891
[2025-11-30T18:35:17.608+0000] {subprocess.py:93} INFO - → Scraping listing 24/30 | Total rows: 66
[2025-11-30T18:35:17.609+0000] {subprocess.py:93} INFO - → Scraping listing 25/30 | Total rows: 67
[2025-11-30T18:35:17.610+0000] {subprocess.py:93} INFO - → Scraping listing 26/30 | Total rows: 68
[2025-11-30T18:35:17.612+0000] {subprocess.py:93} INFO - → Scraping listing 27/30 | Total rows: 69
[2025-11-30T18:35:17.613+0000] {subprocess.py:93} INFO - → Scraping listing 28/30 | Total rows: 70
[2025-11-30T18:35:17.614+0000] {subprocess.py:93} INFO - → Scraping listing 29/30 | Total rows: 71
[2025-11-30T18:35:17.616+0000] {subprocess.py:93} INFO - → Scraping listing 30/30 | Total rows: 72
[2025-11-30T18:35:17.618+0000] {subprocess.py:93} INFO - 
[2025-11-30T18:35:17.619+0000] {subprocess.py:93} INFO - 🌐 Scraping page 2 | URL: https://www.fazwaz.com.eg/en/property-for-sale/egypt/cairo?page=2 | Total rows: 73
[2025-11-30T18:35:17.621+0000] {subprocess.py:93} INFO - → Scraping listing 1/30 | Total rows: 73
[2025-11-30T18:35:17.623+0000] {subprocess.py:93} INFO - → Scraping listing 2/30 | Total rows: 74
[2025-11-30T18:35:17.625+0000] {subprocess.py:93} INFO - → Scraping listing 3/30 | Total rows: 75
[2025-11-30T18:35:17.627+0000] {subprocess.py:93} INFO - → Scraping listing 4/30 | Total rows: 76
[2025-11-30T18:35:17.629+0000] {subprocess.py:93} INFO - → Scraping listing 5/30 | Total rows: 77
[2025-11-30T18:35:17.631+0000] {subprocess.py:93} INFO - → Scraping listing 6/30 | Total rows: 78
[2025-11-30T18:35:17.632+0000] {subprocess.py:93} INFO - → Scraping listing 7/30 | Total rows: 79
[2025-11-30T18:35:17.634+0000] {subprocess.py:93} INFO - → Scraping listing 8/30 | Total rows: 80
[2025-11-30T18:35:17.636+0000] {subprocess.py:93} INFO - → Scraping listing 9/30 | Total rows: 81
[2025-11-30T18:35:17.637+0000] {subprocess.py:93} INFO - → Scraping listing 10/30 | Total rows: 82
[2025-11-30T18:35:17.638+0000] {subprocess.py:93} INFO - → Scraping listing 11/30 | Total rows: 83
[2025-11-30T18:35:17.639+0000] {subprocess.py:93} INFO - → Scraping listing 12/30 | Total rows: 84
[2025-11-30T18:35:17.640+0000] {subprocess.py:93} INFO - → Scraping listing 13/30 | Total rows: 85
[2025-11-30T18:35:17.642+0000] {subprocess.py:93} INFO - → Scraping listing 14/30 | Total rows: 86
[2025-11-30T18:35:17.643+0000] {subprocess.py:93} INFO - → Scraping listing 15/30 | Total rows: 87
[2025-11-30T18:35:17.644+0000] {subprocess.py:93} INFO - → Scraping listing 16/30 | Total rows: 88
[2025-11-30T18:35:17.645+0000] {subprocess.py:93} INFO - → Scraping listing 17/30 | Total rows: 89
[2025-11-30T18:35:17.647+0000] {subprocess.py:93} INFO - → Scraping listing 18/30 | Total rows: 90
[2025-11-30T18:35:17.648+0000] {subprocess.py:93} INFO - → Scraping listing 19/30 | Total rows: 91
[2025-11-30T18:35:17.648+0000] {subprocess.py:93} INFO - → Scraping listing 20/30 | Total rows: 92
[2025-11-30T18:35:17.649+0000] {subprocess.py:93} INFO - → Scraping listing 21/30 | Total rows: 93
[2025-11-30T18:35:17.650+0000] {subprocess.py:93} INFO - → Scraping listing 22/30 | Total rows: 94
[2025-11-30T18:35:17.651+0000] {subprocess.py:93} INFO - → Scraping listing 23/30 | Total rows: 95
[2025-11-30T18:35:17.652+0000] {subprocess.py:93} INFO - → Scraping listing 24/30 | Total rows: 96
[2025-11-30T18:35:17.653+0000] {subprocess.py:93} INFO - → Scraping listing 25/30 | Total rows: 97
[2025-11-30T18:35:17.653+0000] {subprocess.py:93} INFO - → Scraping listing 26/30 | Total rows: 98
[2025-11-30T18:35:17.654+0000] {subprocess.py:93} INFO - → Scraping listing 27/30 | Total rows: 99
[2025-11-30T18:35:17.655+0000] {subprocess.py:93} INFO - → Scraping listing 28/30 | Total rows: 100
[2025-11-30T18:35:17.656+0000] {subprocess.py:93} INFO - → Scraping listing 29/30 | Total rows: 101
[2025-11-30T18:35:17.657+0000] {subprocess.py:93} INFO - → Scraping listing 30/30 | Total rows: 102
[2025-11-30T18:35:17.657+0000] {subprocess.py:93} INFO - 
[2025-11-30T18:35:17.659+0000] {subprocess.py:93} INFO - 🌐 Scraping page 3 | URL: https://www.fazwaz.com.eg/en/property-for-sale/egypt/cairo?page=3 | Total rows: 103
[2025-11-30T18:35:17.660+0000] {subprocess.py:93} INFO - → Scraping listing 1/30 | Total rows: 103
[2025-11-30T18:35:17.660+0000] {subprocess.py:93} INFO - → Scraping listing 2/30 | Total rows: 104
[2025-11-30T18:35:17.661+0000] {subprocess.py:93} INFO - → Scraping listing 3/30 | Total rows: 105
[2025-11-30T18:35:17.662+0000] {subprocess.py:93} INFO - → Scraping listing 4/30 | Total rows: 106
[2025-11-30T18:35:17.663+0000] {subprocess.py:93} INFO - → Scraping listing 5/30 | Total rows: 107
[2025-11-30T18:35:17.664+0000] {subprocess.py:93} INFO - → Scraping listing 6/30 | Total rows: 108
[2025-11-30T18:35:17.664+0000] {subprocess.py:93} INFO - → Scraping listing 7/30 | Total rows: 109
[2025-11-30T18:35:17.665+0000] {subprocess.py:93} INFO - → Scraping listing 8/30 | Total rows: 110
[2025-11-30T18:35:17.666+0000] {subprocess.py:93} INFO - → Scraping listing 9/30 | Total rows: 111
[2025-11-30T18:35:17.667+0000] {subprocess.py:93} INFO - → Scraping listing 10/30 | Total rows: 112
[2025-11-30T18:35:17.668+0000] {subprocess.py:93} INFO - → Scraping listing 11/30 | Total rows: 113
[2025-11-30T18:35:17.669+0000] {subprocess.py:93} INFO - → Scraping listing 12/30 | Total rows: 114
[2025-11-30T18:35:17.670+0000] {subprocess.py:93} INFO - → Scraping listing 13/30 | Total rows: 115
[2025-11-30T18:35:17.671+0000] {subprocess.py:93} INFO - → Scraping listing 14/30 | Total rows: 116
[2025-11-30T18:35:17.673+0000] {subprocess.py:93} INFO - → Scraping listing 15/30 | Total rows: 117
[2025-11-30T18:35:17.675+0000] {subprocess.py:93} INFO - → Scraping listing 16/30 | Total rows: 118
[2025-11-30T18:35:17.676+0000] {subprocess.py:93} INFO - → Scraping listing 17/30 | Total rows: 119
[2025-11-30T18:35:17.677+0000] {subprocess.py:93} INFO - → Scraping listing 18/30 | Total rows: 120
[2025-11-30T18:35:17.678+0000] {subprocess.py:93} INFO - → Scraping listing 19/30 | Total rows: 121
[2025-11-30T18:35:17.680+0000] {subprocess.py:93} INFO - → Scraping listing 20/30 | Total rows: 122
[2025-11-30T18:35:17.681+0000] {subprocess.py:93} INFO - → Scraping listing 21/30 | Total rows: 123
[2025-11-30T18:35:17.681+0000] {subprocess.py:93} INFO - → Scraping listing 22/30 | Total rows: 124
[2025-11-30T18:35:17.682+0000] {subprocess.py:93} INFO - → Scraping listing 23/30 | Total rows: 125
[2025-11-30T18:35:17.684+0000] {subprocess.py:93} INFO - → Scraping listing 24/30 | Total rows: 126
[2025-11-30T18:35:17.684+0000] {subprocess.py:93} INFO - → Scraping listing 25/30 | Total rows: 127
[2025-11-30T18:35:17.686+0000] {subprocess.py:93} INFO - → Scraping listing 26/30 | Total rows: 128
[2025-11-30T18:35:17.687+0000] {subprocess.py:93} INFO - → Scraping listing 27/30 | Total rows: 129
[2025-11-30T18:35:17.688+0000] {subprocess.py:93} INFO - → Scraping listing 28/30 | Total rows: 130
[2025-11-30T18:35:17.690+0000] {subprocess.py:93} INFO - → Scraping listing 29/30 | Total rows: 131
[2025-11-30T18:35:17.692+0000] {subprocess.py:93} INFO - → Scraping listing 30/30 | Total rows: 132
[2025-11-30T18:35:17.692+0000] {subprocess.py:93} INFO - 
[2025-11-30T18:35:17.693+0000] {subprocess.py:93} INFO - 🌐 Scraping page 4 | URL: https://www.fazwaz.com.eg/en/property-for-sale/egypt/cairo?page=4 | Total rows: 133
[2025-11-30T18:35:17.694+0000] {subprocess.py:93} INFO - → Scraping listing 1/30 | Total rows: 133
[2025-11-30T18:35:17.695+0000] {subprocess.py:93} INFO - → Scraping listing 2/30 | Total rows: 134
[2025-11-30T18:35:17.696+0000] {subprocess.py:93} INFO - → Scraping listing 3/30 | Total rows: 135
[2025-11-30T18:35:17.697+0000] {subprocess.py:93} INFO - → Scraping listing 4/30 | Total rows: 136
[2025-11-30T18:35:17.698+0000] {subprocess.py:93} INFO - → Scraping listing 5/30 | Total rows: 137
[2025-11-30T18:35:17.699+0000] {subprocess.py:93} INFO - → Scraping listing 6/30 | Total rows: 138
[2025-11-30T18:35:17.700+0000] {subprocess.py:93} INFO - → Scraping listing 7/30 | Total rows: 139
[2025-11-30T18:35:17.701+0000] {subprocess.py:93} INFO - → Scraping listing 8/30 | Total rows: 140
[2025-11-30T18:35:17.702+0000] {subprocess.py:93} INFO - → Scraping listing 9/30 | Total rows: 141
[2025-11-30T18:43:58.350+0000] {subprocess.py:93} INFO - → Scraping listing 10/30 | Total rows: 142
[2025-11-30T18:43:58.351+0000] {subprocess.py:93} INFO - → Scraping listing 11/30 | Total rows: 143
[2025-11-30T18:43:58.352+0000] {subprocess.py:93} INFO - → Scraping listing 12/30 | Total rows: 144
[2025-11-30T18:43:58.353+0000] {subprocess.py:93} INFO - → Scraping listing 13/30 | Total rows: 145
[2025-11-30T18:43:58.353+0000] {subprocess.py:93} INFO - → Scraping listing 14/30 | Total rows: 146
[2025-11-30T18:43:58.354+0000] {subprocess.py:93} INFO - → Scraping listing 15/30 | Total rows: 147
[2025-11-30T18:43:58.355+0000] {subprocess.py:93} INFO - → Scraping listing 16/30 | Total rows: 148
[2025-11-30T18:43:58.355+0000] {subprocess.py:93} INFO - → Scraping listing 17/30 | Total rows: 149
[2025-11-30T18:43:58.356+0000] {subprocess.py:93} INFO - → Scraping listing 18/30 | Total rows: 150
[2025-11-30T18:43:58.356+0000] {subprocess.py:93} INFO - → Scraping listing 19/30 | Total rows: 151
[2025-11-30T18:43:58.357+0000] {subprocess.py:93} INFO - → Scraping listing 20/30 | Total rows: 152
[2025-11-30T18:43:58.358+0000] {subprocess.py:93} INFO - → Scraping listing 21/30 | Total rows: 153
[2025-11-30T18:43:58.358+0000] {subprocess.py:93} INFO - → Scraping listing 22/30 | Total rows: 154
[2025-11-30T18:43:58.359+0000] {subprocess.py:93} INFO - → Scraping listing 23/30 | Total rows: 155
[2025-11-30T18:43:58.360+0000] {subprocess.py:93} INFO - → Scraping listing 24/30 | Total rows: 156
[2025-11-30T18:43:58.361+0000] {subprocess.py:93} INFO - → Scraping listing 25/30 | Total rows: 157
[2025-11-30T18:43:58.361+0000] {subprocess.py:93} INFO - → Scraping listing 26/30 | Total rows: 158
[2025-11-30T18:43:58.362+0000] {subprocess.py:93} INFO - → Scraping listing 27/30 | Total rows: 159
[2025-11-30T18:43:58.363+0000] {subprocess.py:93} INFO - → Scraping listing 28/30 | Total rows: 160
[2025-11-30T18:43:58.364+0000] {subprocess.py:93} INFO - → Scraping listing 29/30 | Total rows: 161
[2025-11-30T18:43:58.364+0000] {subprocess.py:93} INFO - → Scraping listing 30/30 | Total rows: 162
[2025-11-30T18:43:58.365+0000] {subprocess.py:93} INFO - 
[2025-11-30T18:43:58.365+0000] {subprocess.py:93} INFO - 🌐 Scraping page 5 | URL: https://www.fazwaz.com.eg/en/property-for-sale/egypt/cairo?page=5 | Total rows: 163
[2025-11-30T18:43:58.366+0000] {subprocess.py:93} INFO - → Scraping listing 1/30 | Total rows: 163
[2025-11-30T18:43:58.367+0000] {subprocess.py:93} INFO - → Scraping listing 2/30 | Total rows: 164
[2025-11-30T18:43:58.368+0000] {subprocess.py:93} INFO - → Scraping listing 3/30 | Total rows: 165
[2025-11-30T18:43:58.369+0000] {subprocess.py:93} INFO - → Scraping listing 4/30 | Total rows: 166
[2025-11-30T18:43:58.370+0000] {subprocess.py:93} INFO - → Scraping listing 5/30 | Total rows: 167
[2025-11-30T18:43:58.371+0000] {subprocess.py:93} INFO - → Scraping listing 6/30 | Total rows: 168
[2025-11-30T18:43:58.372+0000] {subprocess.py:93} INFO - → Scraping listing 7/30 | Total rows: 169
[2025-11-30T18:43:58.372+0000] {subprocess.py:93} INFO - → Scraping listing 8/30 | Total rows: 170
[2025-11-30T18:43:58.373+0000] {subprocess.py:93} INFO - → Scraping listing 9/30 | Total rows: 171
[2025-11-30T18:43:58.374+0000] {subprocess.py:93} INFO - → Scraping listing 10/30 | Total rows: 172
[2025-11-30T18:43:58.375+0000] {subprocess.py:93} INFO - → Scraping listing 11/30 | Total rows: 173
[2025-11-30T18:43:58.377+0000] {subprocess.py:93} INFO - → Scraping listing 12/30 | Total rows: 174
[2025-11-30T18:43:58.379+0000] {subprocess.py:93} INFO - → Scraping listing 13/30 | Total rows: 175
[2025-11-30T18:43:58.380+0000] {subprocess.py:93} INFO - → Scraping listing 14/30 | Total rows: 176
[2025-11-30T18:43:58.381+0000] {subprocess.py:93} INFO - → Scraping listing 15/30 | Total rows: 177
[2025-11-30T18:43:58.382+0000] {subprocess.py:93} INFO - → Scraping listing 16/30 | Total rows: 178
[2025-11-30T18:43:58.383+0000] {subprocess.py:93} INFO - → Scraping listing 17/30 | Total rows: 179
[2025-11-30T18:43:58.383+0000] {subprocess.py:93} INFO - → Scraping listing 18/30 | Total rows: 180
[2025-11-30T18:43:58.384+0000] {subprocess.py:93} INFO - → Scraping listing 19/30 | Total rows: 181
[2025-11-30T18:43:58.385+0000] {subprocess.py:93} INFO - → Scraping listing 20/30 | Total rows: 182
[2025-11-30T18:43:58.385+0000] {subprocess.py:93} INFO - → Scraping listing 21/30 | Total rows: 183
[2025-11-30T18:43:58.386+0000] {subprocess.py:93} INFO - → Scraping listing 22/30 | Total rows: 184
[2025-11-30T18:43:58.387+0000] {subprocess.py:93} INFO - → Scraping listing 23/30 | Total rows: 185
[2025-11-30T18:43:58.388+0000] {subprocess.py:93} INFO - → Scraping listing 24/30 | Total rows: 186
[2025-11-30T18:43:58.388+0000] {subprocess.py:93} INFO - → Scraping listing 25/30 | Total rows: 187
[2025-11-30T18:43:58.389+0000] {subprocess.py:93} INFO - → Scraping listing 26/30 | Total rows: 188
[2025-11-30T18:43:58.390+0000] {subprocess.py:93} INFO - → Scraping listing 27/30 | Total rows: 189
[2025-11-30T18:43:58.391+0000] {subprocess.py:93} INFO - → Scraping listing 28/30 | Total rows: 190
[2025-11-30T18:43:58.392+0000] {subprocess.py:93} INFO - → Scraping listing 29/30 | Total rows: 191
[2025-11-30T18:43:58.393+0000] {subprocess.py:93} INFO - → Scraping listing 30/30 | Total rows: 192
[2025-11-30T18:43:58.393+0000] {subprocess.py:93} INFO - 
[2025-11-30T18:43:58.394+0000] {subprocess.py:93} INFO - 🌐 Scraping page 6 | URL: https://www.fazwaz.com.eg/en/property-for-sale/egypt/cairo?page=6 | Total rows: 193
[2025-11-30T18:43:58.395+0000] {subprocess.py:93} INFO - → Scraping listing 1/30 | Total rows: 193
[2025-11-30T18:43:58.395+0000] {subprocess.py:93} INFO - → Scraping listing 2/30 | Total rows: 194
[2025-11-30T18:43:58.396+0000] {subprocess.py:93} INFO - → Scraping listing 3/30 | Total rows: 195
[2025-11-30T18:43:58.397+0000] {subprocess.py:93} INFO - → Scraping listing 4/30 | Total rows: 196
[2025-11-30T18:43:58.398+0000] {subprocess.py:93} INFO - → Scraping listing 5/30 | Total rows: 197
[2025-11-30T18:43:58.398+0000] {subprocess.py:93} INFO - → Scraping listing 6/30 | Total rows: 198
[2025-11-30T18:43:58.399+0000] {subprocess.py:93} INFO - → Scraping listing 7/30 | Total rows: 199
[2025-11-30T18:43:58.400+0000] {subprocess.py:93} INFO - → Scraping listing 8/30 | Total rows: 200
[2025-11-30T18:43:58.401+0000] {subprocess.py:93} INFO - → Scraping listing 9/30 | Total rows: 201
[2025-11-30T18:43:58.401+0000] {subprocess.py:93} INFO - → Scraping listing 10/30 | Total rows: 202
[2025-11-30T18:43:58.402+0000] {subprocess.py:93} INFO - → Scraping listing 11/30 | Total rows: 203
[2025-11-30T18:43:58.404+0000] {subprocess.py:93} INFO - → Scraping listing 12/30 | Total rows: 204
[2025-11-30T18:43:58.405+0000] {subprocess.py:93} INFO - → Scraping listing 13/30 | Total rows: 205
[2025-11-30T18:43:58.406+0000] {subprocess.py:93} INFO - → Scraping listing 14/30 | Total rows: 206
[2025-11-30T18:43:58.407+0000] {subprocess.py:93} INFO - → Scraping listing 15/30 | Total rows: 207
[2025-11-30T18:43:58.408+0000] {subprocess.py:93} INFO - → Scraping listing 16/30 | Total rows: 208
[2025-11-30T18:43:58.409+0000] {subprocess.py:93} INFO - → Scraping listing 17/30 | Total rows: 209
[2025-11-30T18:43:58.411+0000] {subprocess.py:93} INFO - → Scraping listing 18/30 | Total rows: 210
[2025-11-30T18:43:58.412+0000] {subprocess.py:93} INFO - → Scraping listing 19/30 | Total rows: 211
[2025-11-30T18:43:58.413+0000] {subprocess.py:93} INFO - → Scraping listing 20/30 | Total rows: 212
[2025-11-30T18:43:58.414+0000] {subprocess.py:93} INFO - → Scraping listing 21/30 | Total rows: 213
[2025-11-30T18:43:58.415+0000] {subprocess.py:93} INFO - → Scraping listing 22/30 | Total rows: 214
[2025-11-30T18:43:58.416+0000] {subprocess.py:93} INFO - → Scraping listing 23/30 | Total rows: 215
[2025-11-30T18:43:58.416+0000] {subprocess.py:93} INFO - → Scraping listing 24/30 | Total rows: 216
[2025-11-30T18:43:58.417+0000] {subprocess.py:93} INFO - → Scraping listing 25/30 | Total rows: 217
[2025-11-30T18:43:58.418+0000] {subprocess.py:93} INFO - → Scraping listing 26/30 | Total rows: 218
[2025-11-30T18:43:58.419+0000] {subprocess.py:93} INFO - → Scraping listing 27/30 | Total rows: 219
[2025-11-30T18:43:58.419+0000] {subprocess.py:93} INFO - → Scraping listing 28/30 | Total rows: 220
[2025-11-30T18:43:58.420+0000] {subprocess.py:93} INFO - → Scraping listing 29/30 | Total rows: 221
[2025-11-30T18:43:58.421+0000] {subprocess.py:93} INFO - → Scraping listing 30/30 | Total rows: 222
[2025-11-30T18:43:58.422+0000] {subprocess.py:93} INFO - 
[2025-11-30T18:43:58.423+0000] {subprocess.py:93} INFO - 🌐 Scraping page 7 | URL: https://www.fazwaz.com.eg/en/property-for-sale/egypt/cairo?page=7 | Total rows: 223
[2025-11-30T18:43:58.424+0000] {subprocess.py:93} INFO - → Scraping listing 1/30 | Total rows: 223
[2025-11-30T18:43:58.425+0000] {subprocess.py:93} INFO - → Scraping listing 2/30 | Total rows: 224
[2025-11-30T18:43:58.425+0000] {subprocess.py:93} INFO - → Scraping listing 3/30 | Total rows: 225
[2025-11-30T18:43:58.427+0000] {subprocess.py:93} INFO - → Scraping listing 4/30 | Total rows: 226
[2025-11-30T18:43:58.428+0000] {subprocess.py:93} INFO - → Scraping listing 5/30 | Total rows: 227
[2025-11-30T18:43:58.429+0000] {subprocess.py:93} INFO - → Scraping listing 6/30 | Total rows: 228
[2025-11-30T18:43:58.429+0000] {subprocess.py:93} INFO - → Scraping listing 7/30 | Total rows: 229
[2025-11-30T18:43:58.430+0000] {subprocess.py:93} INFO - → Scraping listing 8/30 | Total rows: 230
[2025-11-30T18:43:58.431+0000] {subprocess.py:93} INFO - → Scraping listing 9/30 | Total rows: 231
[2025-11-30T18:43:58.432+0000] {subprocess.py:93} INFO - → Scraping listing 10/30 | Total rows: 232
[2025-11-30T18:43:58.432+0000] {subprocess.py:93} INFO - → Scraping listing 11/30 | Total rows: 233
[2025-11-30T18:43:58.433+0000] {subprocess.py:93} INFO - → Scraping listing 12/30 | Total rows: 234
[2025-11-30T18:43:58.434+0000] {subprocess.py:93} INFO - → Scraping listing 13/30 | Total rows: 235
[2025-11-30T18:43:58.434+0000] {subprocess.py:93} INFO - → Scraping listing 14/30 | Total rows: 236
[2025-11-30T18:43:58.435+0000] {subprocess.py:93} INFO - → Scraping listing 15/30 | Total rows: 237
[2025-11-30T18:43:58.436+0000] {subprocess.py:93} INFO - → Scraping listing 16/30 | Total rows: 238
[2025-11-30T18:43:58.436+0000] {subprocess.py:93} INFO - → Scraping listing 17/30 | Total rows: 239
[2025-11-30T18:43:58.437+0000] {subprocess.py:93} INFO - → Scraping listing 18/30 | Total rows: 240
[2025-11-30T18:43:58.438+0000] {subprocess.py:93} INFO - → Scraping listing 19/30 | Total rows: 241
[2025-11-30T18:43:58.439+0000] {subprocess.py:93} INFO - → Scraping listing 20/30 | Total rows: 242
[2025-11-30T18:43:58.440+0000] {subprocess.py:93} INFO - → Scraping listing 21/30 | Total rows: 243
[2025-11-30T18:43:58.441+0000] {subprocess.py:93} INFO - → Scraping listing 22/30 | Total rows: 244
[2025-11-30T18:43:58.441+0000] {subprocess.py:93} INFO - → Scraping listing 23/30 | Total rows: 245
[2025-11-30T18:43:58.442+0000] {subprocess.py:93} INFO - → Scraping listing 24/30 | Total rows: 246
[2025-11-30T18:43:58.443+0000] {subprocess.py:93} INFO - → Scraping listing 25/30 | Total rows: 247
[2025-11-30T18:43:58.444+0000] {subprocess.py:93} INFO - → Scraping listing 26/30 | Total rows: 248
[2025-11-30T18:43:58.444+0000] {subprocess.py:93} INFO - → Scraping listing 27/30 | Total rows: 249
[2025-11-30T18:43:58.445+0000] {subprocess.py:93} INFO - → Scraping listing 28/30 | Total rows: 250
[2025-11-30T18:43:58.445+0000] {subprocess.py:93} INFO - → Scraping listing 29/30 | Total rows: 251
[2025-11-30T18:43:58.446+0000] {subprocess.py:93} INFO - → Scraping listing 30/30 | Total rows: 252
[2025-11-30T18:43:58.447+0000] {subprocess.py:93} INFO - 
[2025-11-30T18:43:58.448+0000] {subprocess.py:93} INFO - 🌐 Scraping page 8 | URL: https://www.fazwaz.com.eg/en/property-for-sale/egypt/cairo?page=8 | Total rows: 253
[2025-11-30T18:43:58.449+0000] {subprocess.py:93} INFO - → Scraping listing 1/30 | Total rows: 253
[2025-11-30T18:43:58.450+0000] {subprocess.py:93} INFO - → Scraping listing 2/30 | Total rows: 254
[2025-11-30T18:43:58.451+0000] {subprocess.py:93} INFO - → Scraping listing 3/30 | Total rows: 255
[2025-11-30T18:43:58.452+0000] {subprocess.py:93} INFO - → Scraping listing 4/30 | Total rows: 256
[2025-11-30T18:43:58.452+0000] {subprocess.py:93} INFO - → Scraping listing 5/30 | Total rows: 257
[2025-11-30T18:43:58.453+0000] {subprocess.py:93} INFO - → Scraping listing 6/30 | Total rows: 258
[2025-11-30T18:43:58.454+0000] {subprocess.py:93} INFO - → Scraping listing 7/30 | Total rows: 259
[2025-11-30T18:43:58.455+0000] {subprocess.py:93} INFO - → Scraping listing 8/30 | Total rows: 260
[2025-11-30T18:43:58.456+0000] {subprocess.py:93} INFO - → Scraping listing 9/30 | Total rows: 261
[2025-11-30T18:43:58.457+0000] {subprocess.py:93} INFO - → Scraping listing 10/30 | Total rows: 262
[2025-11-30T18:43:58.458+0000] {subprocess.py:93} INFO - → Scraping listing 11/30 | Total rows: 263
[2025-11-30T18:43:58.459+0000] {subprocess.py:93} INFO - → Scraping listing 12/30 | Total rows: 264
[2025-11-30T18:43:58.460+0000] {subprocess.py:93} INFO - → Scraping listing 13/30 | Total rows: 265
[2025-11-30T18:43:58.461+0000] {subprocess.py:93} INFO - → Scraping listing 14/30 | Total rows: 266
[2025-11-30T18:43:58.462+0000] {subprocess.py:93} INFO - → Scraping listing 15/30 | Total rows: 267
[2025-11-30T18:43:58.463+0000] {subprocess.py:93} INFO - → Scraping listing 16/30 | Total rows: 268
[2025-11-30T18:43:58.464+0000] {subprocess.py:93} INFO - → Scraping listing 17/30 | Total rows: 269
[2025-11-30T18:43:58.465+0000] {subprocess.py:93} INFO - → Scraping listing 18/30 | Total rows: 270
[2025-11-30T18:43:58.466+0000] {subprocess.py:93} INFO - → Scraping listing 19/30 | Total rows: 271
[2025-11-30T18:43:58.467+0000] {subprocess.py:93} INFO - → Scraping listing 20/30 | Total rows: 272
[2025-11-30T18:43:58.469+0000] {subprocess.py:93} INFO - → Scraping listing 21/30 | Total rows: 273
[2025-11-30T18:43:58.470+0000] {subprocess.py:93} INFO - → Scraping listing 22/30 | Total rows: 274
[2025-11-30T18:43:58.471+0000] {subprocess.py:93} INFO - → Scraping listing 23/30 | Total rows: 275
[2025-11-30T18:43:58.473+0000] {subprocess.py:93} INFO - → Scraping listing 24/30 | Total rows: 276
[2025-11-30T18:43:58.474+0000] {subprocess.py:93} INFO - → Scraping listing 25/30 | Total rows: 277
[2025-11-30T18:43:58.475+0000] {subprocess.py:93} INFO - → Scraping listing 26/30 | Total rows: 278
[2025-11-30T18:43:58.477+0000] {subprocess.py:93} INFO - → Scraping listing 27/30 | Total rows: 279
[2025-11-30T18:43:58.478+0000] {subprocess.py:93} INFO - → Scraping listing 28/30 | Total rows: 280
[2025-11-30T18:43:58.485+0000] {subprocess.py:93} INFO - → Scraping listing 29/30 | Total rows: 281
[2025-11-30T18:43:58.487+0000] {subprocess.py:93} INFO - → Scraping listing 30/30 | Total rows: 282
[2025-11-30T18:43:58.489+0000] {subprocess.py:93} INFO - 
[2025-11-30T18:43:58.490+0000] {subprocess.py:93} INFO - 🌐 Scraping page 9 | URL: https://www.fazwaz.com.eg/en/property-for-sale/egypt/cairo?page=9 | Total rows: 283
[2025-11-30T18:43:58.492+0000] {subprocess.py:93} INFO - → Scraping listing 1/30 | Total rows: 283
[2025-11-30T18:43:58.494+0000] {subprocess.py:93} INFO - → Scraping listing 2/30 | Total rows: 284
[2025-11-30T18:43:58.495+0000] {subprocess.py:93} INFO - → Scraping listing 3/30 | Total rows: 285
[2025-11-30T18:43:58.496+0000] {subprocess.py:93} INFO - → Scraping listing 4/30 | Total rows: 286
[2025-11-30T18:43:58.498+0000] {subprocess.py:93} INFO - → Scraping listing 5/30 | Total rows: 287
[2025-11-30T18:43:58.500+0000] {subprocess.py:93} INFO - → Scraping listing 6/30 | Total rows: 288
[2025-11-30T18:43:58.501+0000] {subprocess.py:93} INFO - → Scraping listing 7/30 | Total rows: 289
[2025-11-30T18:43:58.502+0000] {subprocess.py:93} INFO - → Scraping listing 8/30 | Total rows: 290
[2025-11-30T18:43:58.504+0000] {subprocess.py:93} INFO - → Scraping listing 9/30 | Total rows: 291
[2025-11-30T18:43:58.505+0000] {subprocess.py:93} INFO - → Scraping listing 10/30 | Total rows: 292
[2025-11-30T18:43:58.506+0000] {subprocess.py:93} INFO - → Scraping listing 11/30 | Total rows: 293
[2025-11-30T18:43:58.507+0000] {subprocess.py:93} INFO - → Scraping listing 12/30 | Total rows: 294
[2025-11-30T18:43:58.508+0000] {subprocess.py:93} INFO - → Scraping listing 13/30 | Total rows: 295
[2025-11-30T18:43:58.508+0000] {subprocess.py:93} INFO - → Scraping listing 14/30 | Total rows: 296
[2025-11-30T18:43:58.509+0000] {subprocess.py:93} INFO - → Scraping listing 15/30 | Total rows: 297
[2025-11-30T18:43:58.511+0000] {subprocess.py:93} INFO - → Scraping listing 16/30 | Total rows: 298
[2025-11-30T18:43:58.512+0000] {subprocess.py:93} INFO - → Scraping listing 17/30 | Total rows: 299
[2025-11-30T18:43:58.513+0000] {subprocess.py:93} INFO - → Scraping listing 18/30 | Total rows: 300
[2025-11-30T18:43:58.515+0000] {subprocess.py:93} INFO - → Scraping listing 19/30 | Total rows: 301
[2025-11-30T18:43:58.516+0000] {subprocess.py:93} INFO - → Scraping listing 20/30 | Total rows: 302
[2025-11-30T18:43:58.518+0000] {subprocess.py:93} INFO - → Scraping listing 21/30 | Total rows: 303
[2025-11-30T18:43:58.519+0000] {subprocess.py:93} INFO - → Scraping listing 22/30 | Total rows: 304
[2025-11-30T18:43:58.521+0000] {subprocess.py:93} INFO - → Scraping listing 23/30 | Total rows: 305
[2025-11-30T18:43:58.522+0000] {subprocess.py:93} INFO - → Scraping listing 24/30 | Total rows: 306
[2025-11-30T18:43:58.523+0000] {subprocess.py:93} INFO - → Scraping listing 25/30 | Total rows: 307
[2025-11-30T18:43:58.524+0000] {subprocess.py:93} INFO - → Scraping listing 26/30 | Total rows: 308
[2025-11-30T18:43:58.525+0000] {subprocess.py:93} INFO - → Scraping listing 27/30 | Total rows: 309
[2025-11-30T18:43:58.527+0000] {subprocess.py:93} INFO - → Scraping listing 28/30 | Total rows: 310
[2025-11-30T18:43:58.528+0000] {subprocess.py:93} INFO - → Scraping listing 29/30 | Total rows: 311
[2025-11-30T18:45:09.263+0000] {local_task_job_runner.py:310} WARNING - State of this instance has been externally set to success. Terminating instance.
[2025-11-30T18:45:09.281+0000] {local_task_job_runner.py:222} INFO - ::endgroup::
[2025-11-30T18:45:09.286+0000] {process_utils.py:132} INFO - Sending 15 to group 77. PIDs of all processes in the group: [78, 77]
[2025-11-30T18:45:09.287+0000] {process_utils.py:87} INFO - Sending the signal 15 to group 77
[2025-11-30T18:45:09.289+0000] {taskinstance.py:2611} ERROR - Received SIGTERM. Terminating subprocesses.
[2025-11-30T18:45:09.291+0000] {subprocess.py:104} INFO - Sending SIGTERM signal to process group
[2025-11-30T18:45:09.300+0000] {taskinstance.py:441} INFO - ::group::Post task execution logs
[2025-11-30T18:45:09.464+0000] {process_utils.py:80} INFO - Process psutil.Process(pid=78, status='terminated', started='18:25:38') (78) terminated with exit code None
[2025-11-30T18:45:09.466+0000] {process_utils.py:80} INFO - Process psutil.Process(pid=77, status='terminated', exitcode=0, started='18:25:38') (77) terminated with exit code 0
