[2025-11-30T18:45:20.987+0000] {local_task_job_runner.py:120} INFO - ::group::Pre task execution logs
[2025-11-30T18:45:21.019+0000] {taskinstance.py:2076} INFO - Dependencies all met for dep_context=non-requeueable deps ti=<TaskInstance: real_estate_etl_pipeline.set_hdfs_permissions manual__2025-11-30T18:25:30.102845+00:00 [queued]>
[2025-11-30T18:45:21.034+0000] {taskinstance.py:2076} INFO - Dependencies all met for dep_context=requeueable deps ti=<TaskInstance: real_estate_etl_pipeline.set_hdfs_permissions manual__2025-11-30T18:25:30.102845+00:00 [queued]>
[2025-11-30T18:45:21.036+0000] {taskinstance.py:2306} INFO - Starting attempt 1 of 2
[2025-11-30T18:45:21.056+0000] {taskinstance.py:2330} INFO - Executing <Task(BashOperator): set_hdfs_permissions> on 2025-11-30 18:25:30.102845+00:00
[2025-11-30T18:45:21.068+0000] {warnings.py:112} WARNING - /home/***/.local/lib/python3.12/site-packages/***/task/task_runner/standard_task_runner.py:61: DeprecationWarning: This process (pid=206) is multi-threaded, use of fork() may lead to deadlocks in the child.
  pid = os.fork()

[2025-11-30T18:45:21.071+0000] {standard_task_runner.py:63} INFO - Started process 208 to run task
[2025-11-30T18:45:21.071+0000] {standard_task_runner.py:90} INFO - Running: ['***', 'tasks', 'run', 'real_estate_etl_pipeline', 'set_hdfs_permissions', 'manual__2025-11-30T18:25:30.102845+00:00', '--job-id', '11', '--raw', '--subdir', 'DAGS_FOLDER/scraping_dag.py', '--cfg-path', '/tmp/tmp3om27yry']
[2025-11-30T18:45:21.076+0000] {standard_task_runner.py:91} INFO - Job 11: Subtask set_hdfs_permissions
[2025-11-30T18:45:21.144+0000] {task_command.py:426} INFO - Running <TaskInstance: real_estate_etl_pipeline.set_hdfs_permissions manual__2025-11-30T18:25:30.102845+00:00 [running]> on host 9a9a5f972fcd
[2025-11-30T18:45:21.262+0000] {taskinstance.py:2648} INFO - Exporting env vars: AIRFLOW_CTX_DAG_OWNER='***' AIRFLOW_CTX_DAG_ID='real_estate_etl_pipeline' AIRFLOW_CTX_TASK_ID='set_hdfs_permissions' AIRFLOW_CTX_EXECUTION_DATE='2025-11-30T18:25:30.102845+00:00' AIRFLOW_CTX_TRY_NUMBER='1' AIRFLOW_CTX_DAG_RUN_ID='manual__2025-11-30T18:25:30.102845+00:00'
[2025-11-30T18:45:21.266+0000] {taskinstance.py:430} INFO - ::endgroup::
[2025-11-30T18:45:21.268+0000] {subprocess.py:63} INFO - Tmp dir root location: /tmp
[2025-11-30T18:45:21.270+0000] {subprocess.py:75} INFO - Running command: ['/usr/bin/bash', '-c', 'docker exec namenode hdfs dfs -chmod -R 777 /datalake']
[2025-11-30T18:45:21.292+0000] {subprocess.py:86} INFO - Output:
[2025-11-30T18:45:23.614+0000] {subprocess.py:97} INFO - Command exited with return code 0
[2025-11-30T18:45:23.616+0000] {taskinstance.py:441} INFO - ::group::Post task execution logs
[2025-11-30T18:45:23.660+0000] {taskinstance.py:1206} INFO - Marking task as SUCCESS. dag_id=real_estate_etl_pipeline, task_id=set_hdfs_permissions, run_id=manual__2025-11-30T18:25:30.102845+00:00, execution_date=20251130T182530, start_date=20251130T184521, end_date=20251130T184523
[2025-11-30T18:45:23.702+0000] {local_task_job_runner.py:240} INFO - Task exited with return code 0
[2025-11-30T18:45:23.770+0000] {taskinstance.py:3503} INFO - 1 downstream tasks scheduled from follow-on schedule check
[2025-11-30T18:45:23.775+0000] {local_task_job_runner.py:222} INFO - ::endgroup::
