[2025-11-30T19:06:38.509+0000] {local_task_job_runner.py:120} INFO - ::group::Pre task execution logs
[2025-11-30T19:06:38.531+0000] {taskinstance.py:2076} INFO - Dependencies all met for dep_context=non-requeueable deps ti=<TaskInstance: real_estate_etl_pipeline.set_hdfs_permissions manual__2025-11-30T18:25:30.102845+00:00 [queued]>
[2025-11-30T19:06:38.538+0000] {taskinstance.py:2076} INFO - Dependencies all met for dep_context=requeueable deps ti=<TaskInstance: real_estate_etl_pipeline.set_hdfs_permissions manual__2025-11-30T18:25:30.102845+00:00 [queued]>
[2025-11-30T19:06:38.539+0000] {taskinstance.py:2306} INFO - Starting attempt 2 of 3
[2025-11-30T19:06:38.550+0000] {taskinstance.py:2330} INFO - Executing <Task(BashOperator): set_hdfs_permissions> on 2025-11-30 18:25:30.102845+00:00
[2025-11-30T19:06:38.561+0000] {warnings.py:112} WARNING - /home/***/.local/lib/python3.12/site-packages/***/task/task_runner/standard_task_runner.py:61: DeprecationWarning: This process (pid=473) is multi-threaded, use of fork() may lead to deadlocks in the child.
  pid = os.fork()

[2025-11-30T19:06:38.562+0000] {standard_task_runner.py:63} INFO - Started process 475 to run task
[2025-11-30T19:06:38.562+0000] {standard_task_runner.py:90} INFO - Running: ['***', 'tasks', 'run', 'real_estate_etl_pipeline', 'set_hdfs_permissions', 'manual__2025-11-30T18:25:30.102845+00:00', '--job-id', '29', '--raw', '--subdir', 'DAGS_FOLDER/scraping_dag.py', '--cfg-path', '/tmp/tmpuueuf61q']
[2025-11-30T19:06:38.565+0000] {standard_task_runner.py:91} INFO - Job 29: Subtask set_hdfs_permissions
[2025-11-30T19:06:38.609+0000] {task_command.py:426} INFO - Running <TaskInstance: real_estate_etl_pipeline.set_hdfs_permissions manual__2025-11-30T18:25:30.102845+00:00 [running]> on host 9a9a5f972fcd
[2025-11-30T19:06:38.685+0000] {taskinstance.py:2648} INFO - Exporting env vars: AIRFLOW_CTX_DAG_OWNER='***' AIRFLOW_CTX_DAG_ID='real_estate_etl_pipeline' AIRFLOW_CTX_TASK_ID='set_hdfs_permissions' AIRFLOW_CTX_EXECUTION_DATE='2025-11-30T18:25:30.102845+00:00' AIRFLOW_CTX_TRY_NUMBER='2' AIRFLOW_CTX_DAG_RUN_ID='manual__2025-11-30T18:25:30.102845+00:00'
[2025-11-30T19:06:38.687+0000] {taskinstance.py:430} INFO - ::endgroup::
[2025-11-30T19:06:38.688+0000] {subprocess.py:63} INFO - Tmp dir root location: /tmp
[2025-11-30T19:06:38.690+0000] {subprocess.py:75} INFO - Running command: ['/usr/bin/bash', '-c', 'docker exec namenode hdfs dfs -chmod -R 777 /datalake']
[2025-11-30T19:06:38.704+0000] {subprocess.py:86} INFO - Output:
[2025-11-30T19:06:40.424+0000] {subprocess.py:97} INFO - Command exited with return code 0
[2025-11-30T19:06:40.425+0000] {taskinstance.py:441} INFO - ::group::Post task execution logs
[2025-11-30T19:06:40.442+0000] {taskinstance.py:1206} INFO - Marking task as SUCCESS. dag_id=real_estate_etl_pipeline, task_id=set_hdfs_permissions, run_id=manual__2025-11-30T18:25:30.102845+00:00, execution_date=20251130T182530, start_date=20251130T190638, end_date=20251130T190640
[2025-11-30T19:06:40.463+0000] {local_task_job_runner.py:240} INFO - Task exited with return code 0
[2025-11-30T19:06:40.491+0000] {taskinstance.py:3503} INFO - 1 downstream tasks scheduled from follow-on schedule check
[2025-11-30T19:06:40.493+0000] {local_task_job_runner.py:222} INFO - ::endgroup::
