[2025-11-30T19:07:28.861+0000] {local_task_job_runner.py:120} INFO - ::group::Pre task execution logs
[2025-11-30T19:07:28.902+0000] {taskinstance.py:2076} INFO - Dependencies all met for dep_context=non-requeueable deps ti=<TaskInstance: real_estate_etl_pipeline.transform_bayut manual__2025-11-30T18:25:30.102845+00:00 [queued]>
[2025-11-30T19:07:28.917+0000] {taskinstance.py:2076} INFO - Dependencies all met for dep_context=requeueable deps ti=<TaskInstance: real_estate_etl_pipeline.transform_bayut manual__2025-11-30T18:25:30.102845+00:00 [queued]>
[2025-11-30T19:07:28.918+0000] {taskinstance.py:2306} INFO - Starting attempt 1 of 2
[2025-11-30T19:07:28.936+0000] {taskinstance.py:2330} INFO - Executing <Task(BashOperator): transform_bayut> on 2025-11-30 18:25:30.102845+00:00
[2025-11-30T19:07:28.952+0000] {warnings.py:112} WARNING - /home/***/.local/lib/python3.12/site-packages/***/task/task_runner/standard_task_runner.py:61: DeprecationWarning: This process (pid=556) is multi-threaded, use of fork() may lead to deadlocks in the child.
  pid = os.fork()

[2025-11-30T19:07:28.955+0000] {standard_task_runner.py:63} INFO - Started process 563 to run task
[2025-11-30T19:07:28.955+0000] {standard_task_runner.py:90} INFO - Running: ['***', 'tasks', 'run', 'real_estate_etl_pipeline', 'transform_bayut', 'manual__2025-11-30T18:25:30.102845+00:00', '--job-id', '36', '--raw', '--subdir', 'DAGS_FOLDER/scraping_dag.py', '--cfg-path', '/tmp/tmp4zpthqiu']
[2025-11-30T19:07:28.958+0000] {standard_task_runner.py:91} INFO - Job 36: Subtask transform_bayut
[2025-11-30T19:07:29.036+0000] {task_command.py:426} INFO - Running <TaskInstance: real_estate_etl_pipeline.transform_bayut manual__2025-11-30T18:25:30.102845+00:00 [running]> on host 9a9a5f972fcd
[2025-11-30T19:07:29.220+0000] {taskinstance.py:2648} INFO - Exporting env vars: AIRFLOW_CTX_DAG_OWNER='***' AIRFLOW_CTX_DAG_ID='real_estate_etl_pipeline' AIRFLOW_CTX_TASK_ID='transform_bayut' AIRFLOW_CTX_EXECUTION_DATE='2025-11-30T18:25:30.102845+00:00' AIRFLOW_CTX_TRY_NUMBER='1' AIRFLOW_CTX_DAG_RUN_ID='manual__2025-11-30T18:25:30.102845+00:00'
[2025-11-30T19:07:29.226+0000] {taskinstance.py:430} INFO - ::endgroup::
[2025-11-30T19:07:29.251+0000] {subprocess.py:63} INFO - Tmp dir root location: /tmp
[2025-11-30T19:07:29.255+0000] {subprocess.py:75} INFO - Running command: ['/usr/bin/bash', '-c', 'docker exec jupyter spark-submit --master local[*] /data/Transformation_Layer_Pyspark/transform_bayut.py']
[2025-11-30T19:07:29.286+0000] {subprocess.py:86} INFO - Output:
[2025-11-30T19:07:35.222+0000] {subprocess.py:93} INFO - 25/11/30 19:07:35 INFO SparkContext: Running Spark version 3.5.0
[2025-11-30T19:07:35.227+0000] {subprocess.py:93} INFO - 25/11/30 19:07:35 INFO SparkContext: OS info Linux, 5.15.167.4-microsoft-standard-WSL2, amd64
[2025-11-30T19:07:35.229+0000] {subprocess.py:93} INFO - 25/11/30 19:07:35 INFO SparkContext: Java version 17.0.8.1
[2025-11-30T19:07:35.376+0000] {subprocess.py:93} INFO - 25/11/30 19:07:35 WARN NativeCodeLoader: Unable to load native-hadoop library for your platform... using builtin-java classes where applicable
[2025-11-30T19:07:35.562+0000] {subprocess.py:93} INFO - 25/11/30 19:07:35 INFO ResourceUtils: ==============================================================
[2025-11-30T19:07:35.565+0000] {subprocess.py:93} INFO - 25/11/30 19:07:35 INFO ResourceUtils: No custom resources configured for spark.driver.
[2025-11-30T19:07:35.566+0000] {subprocess.py:93} INFO - 25/11/30 19:07:35 INFO ResourceUtils: ==============================================================
[2025-11-30T19:07:35.567+0000] {subprocess.py:93} INFO - 25/11/30 19:07:35 INFO SparkContext: Submitted application: Transform_Bayut
[2025-11-30T19:07:35.617+0000] {subprocess.py:93} INFO - 25/11/30 19:07:35 INFO ResourceProfile: Default ResourceProfile created, executor resources: Map(cores -> name: cores, amount: 1, script: , vendor: , memory -> name: memory, amount: 1024, script: , vendor: , offHeap -> name: offHeap, amount: 0, script: , vendor: ), task resources: Map(cpus -> name: cpus, amount: 1.0)
[2025-11-30T19:07:35.636+0000] {subprocess.py:93} INFO - 25/11/30 19:07:35 INFO ResourceProfile: Limiting resource is cpu
[2025-11-30T19:07:35.637+0000] {subprocess.py:93} INFO - 25/11/30 19:07:35 INFO ResourceProfileManager: Added ResourceProfile id: 0
[2025-11-30T19:07:35.728+0000] {subprocess.py:93} INFO - 25/11/30 19:07:35 INFO SecurityManager: Changing view acls to: jovyan
[2025-11-30T19:07:35.730+0000] {subprocess.py:93} INFO - 25/11/30 19:07:35 INFO SecurityManager: Changing modify acls to: jovyan
[2025-11-30T19:07:35.732+0000] {subprocess.py:93} INFO - 25/11/30 19:07:35 INFO SecurityManager: Changing view acls groups to:
[2025-11-30T19:07:35.734+0000] {subprocess.py:93} INFO - 25/11/30 19:07:35 INFO SecurityManager: Changing modify acls groups to:
[2025-11-30T19:07:35.735+0000] {subprocess.py:93} INFO - 25/11/30 19:07:35 INFO SecurityManager: SecurityManager: authentication disabled; ui acls disabled; users with view permissions: jovyan; groups with view permissions: EMPTY; users with modify permissions: jovyan; groups with modify permissions: EMPTY
[2025-11-30T19:07:36.290+0000] {subprocess.py:93} INFO - 25/11/30 19:07:36 INFO Utils: Successfully started service 'sparkDriver' on port 39739.
[2025-11-30T19:07:36.355+0000] {subprocess.py:93} INFO - 25/11/30 19:07:36 INFO SparkEnv: Registering MapOutputTracker
[2025-11-30T19:07:36.416+0000] {subprocess.py:93} INFO - 25/11/30 19:07:36 INFO SparkEnv: Registering BlockManagerMaster
[2025-11-30T19:07:36.446+0000] {subprocess.py:93} INFO - 25/11/30 19:07:36 INFO BlockManagerMasterEndpoint: Using org.apache.spark.storage.DefaultTopologyMapper for getting topology information
[2025-11-30T19:07:36.447+0000] {subprocess.py:93} INFO - 25/11/30 19:07:36 INFO BlockManagerMasterEndpoint: BlockManagerMasterEndpoint up
[2025-11-30T19:07:36.458+0000] {subprocess.py:93} INFO - 25/11/30 19:07:36 INFO SparkEnv: Registering BlockManagerMasterHeartbeat
[2025-11-30T19:07:36.502+0000] {subprocess.py:93} INFO - 25/11/30 19:07:36 INFO DiskBlockManager: Created local directory at /tmp/blockmgr-a0f75ae8-ccf4-49f5-ae70-313f3d6c6d0e
[2025-11-30T19:07:36.532+0000] {subprocess.py:93} INFO - 25/11/30 19:07:36 INFO MemoryStore: MemoryStore started with capacity 434.4 MiB
[2025-11-30T19:07:36.574+0000] {subprocess.py:93} INFO - 25/11/30 19:07:36 INFO SparkEnv: Registering OutputCommitCoordinator
[2025-11-30T19:07:36.880+0000] {subprocess.py:93} INFO - 25/11/30 19:07:36 INFO JettyUtils: Start Jetty 0.0.0.0:4040 for SparkUI
[2025-11-30T19:07:37.037+0000] {subprocess.py:93} INFO - 25/11/30 19:07:37 WARN Utils: Service 'SparkUI' could not bind on port 4040. Attempting port 4041.
[2025-11-30T19:07:37.066+0000] {subprocess.py:93} INFO - 25/11/30 19:07:37 INFO Utils: Successfully started service 'SparkUI' on port 4041.
[2025-11-30T19:07:37.378+0000] {subprocess.py:93} INFO - 25/11/30 19:07:37 INFO Executor: Starting executor ID driver on host 76c6f5c40d8c
[2025-11-30T19:07:37.379+0000] {subprocess.py:93} INFO - 25/11/30 19:07:37 INFO Executor: OS info Linux, 5.15.167.4-microsoft-standard-WSL2, amd64
[2025-11-30T19:07:37.380+0000] {subprocess.py:93} INFO - 25/11/30 19:07:37 INFO Executor: Java version 17.0.8.1
[2025-11-30T19:07:37.396+0000] {subprocess.py:93} INFO - 25/11/30 19:07:37 INFO Executor: Starting executor with user classpath (userClassPathFirst = false): ''
[2025-11-30T19:07:37.398+0000] {subprocess.py:93} INFO - 25/11/30 19:07:37 INFO Executor: Created or updated repl class loader org.apache.spark.util.MutableURLClassLoader@5e11be6c for default.
[2025-11-30T19:07:37.444+0000] {subprocess.py:93} INFO - 25/11/30 19:07:37 INFO Utils: Successfully started service 'org.apache.spark.network.netty.NettyBlockTransferService' on port 38203.
[2025-11-30T19:07:37.445+0000] {subprocess.py:93} INFO - 25/11/30 19:07:37 INFO NettyBlockTransferService: Server created on 76c6f5c40d8c:38203
[2025-11-30T19:07:37.447+0000] {subprocess.py:93} INFO - 25/11/30 19:07:37 INFO BlockManager: Using org.apache.spark.storage.RandomBlockReplicationPolicy for block replication policy
[2025-11-30T19:07:37.460+0000] {subprocess.py:93} INFO - 25/11/30 19:07:37 INFO BlockManagerMaster: Registering BlockManager BlockManagerId(driver, 76c6f5c40d8c, 38203, None)
[2025-11-30T19:07:37.474+0000] {subprocess.py:93} INFO - 25/11/30 19:07:37 INFO BlockManagerMasterEndpoint: Registering block manager 76c6f5c40d8c:38203 with 434.4 MiB RAM, BlockManagerId(driver, 76c6f5c40d8c, 38203, None)
[2025-11-30T19:07:37.479+0000] {subprocess.py:93} INFO - 25/11/30 19:07:37 INFO BlockManagerMaster: Registered BlockManager BlockManagerId(driver, 76c6f5c40d8c, 38203, None)
[2025-11-30T19:07:37.481+0000] {subprocess.py:93} INFO - 25/11/30 19:07:37 INFO BlockManager: Initialized BlockManager: BlockManagerId(driver, 76c6f5c40d8c, 38203, None)
[2025-11-30T19:07:38.180+0000] {subprocess.py:93} INFO - 25/11/30 19:07:38 INFO SharedState: Setting hive.metastore.warehouse.dir ('null') to the value of spark.sql.warehouse.dir.
[2025-11-30T19:07:38.197+0000] {subprocess.py:93} INFO - 25/11/30 19:07:38 INFO SharedState: Warehouse path is 'file:/home/jovyan/spark-warehouse'.
[2025-11-30T19:07:40.674+0000] {subprocess.py:93} INFO - 25/11/30 19:07:40 INFO InMemoryFileIndex: It took 156 ms to list leaf files for 1 paths.
[2025-11-30T19:07:41.355+0000] {subprocess.py:93} INFO - 25/11/30 19:07:41 INFO SparkContext: Starting job: parquet at NativeMethodAccessorImpl.java:0
[2025-11-30T19:07:41.386+0000] {subprocess.py:93} INFO - 25/11/30 19:07:41 INFO DAGScheduler: Got job 0 (parquet at NativeMethodAccessorImpl.java:0) with 1 output partitions
[2025-11-30T19:07:41.387+0000] {subprocess.py:93} INFO - 25/11/30 19:07:41 INFO DAGScheduler: Final stage: ResultStage 0 (parquet at NativeMethodAccessorImpl.java:0)
[2025-11-30T19:07:41.388+0000] {subprocess.py:93} INFO - 25/11/30 19:07:41 INFO DAGScheduler: Parents of final stage: List()
[2025-11-30T19:07:41.389+0000] {subprocess.py:93} INFO - 25/11/30 19:07:41 INFO DAGScheduler: Missing parents: List()
[2025-11-30T19:07:41.404+0000] {subprocess.py:93} INFO - 25/11/30 19:07:41 INFO DAGScheduler: Submitting ResultStage 0 (MapPartitionsRDD[1] at parquet at NativeMethodAccessorImpl.java:0), which has no missing parents
[2025-11-30T19:07:41.526+0000] {subprocess.py:93} INFO - 25/11/30 19:07:41 INFO MemoryStore: Block broadcast_0 stored as values in memory (estimated size 103.1 KiB, free 434.3 MiB)
[2025-11-30T19:07:41.582+0000] {subprocess.py:93} INFO - 25/11/30 19:07:41 INFO MemoryStore: Block broadcast_0_piece0 stored as bytes in memory (estimated size 37.1 KiB, free 434.3 MiB)
[2025-11-30T19:07:41.589+0000] {subprocess.py:93} INFO - 25/11/30 19:07:41 INFO BlockManagerInfo: Added broadcast_0_piece0 in memory on 76c6f5c40d8c:38203 (size: 37.1 KiB, free: 434.4 MiB)
[2025-11-30T19:07:41.596+0000] {subprocess.py:93} INFO - 25/11/30 19:07:41 INFO SparkContext: Created broadcast 0 from broadcast at DAGScheduler.scala:1580
[2025-11-30T19:07:41.620+0000] {subprocess.py:93} INFO - 25/11/30 19:07:41 INFO DAGScheduler: Submitting 1 missing tasks from ResultStage 0 (MapPartitionsRDD[1] at parquet at NativeMethodAccessorImpl.java:0) (first 15 tasks are for partitions Vector(0))
[2025-11-30T19:07:41.622+0000] {subprocess.py:93} INFO - 25/11/30 19:07:41 INFO TaskSchedulerImpl: Adding task set 0.0 with 1 tasks resource profile 0
[2025-11-30T19:07:41.724+0000] {subprocess.py:93} INFO - 25/11/30 19:07:41 INFO TaskSetManager: Starting task 0.0 in stage 0.0 (TID 0) (76c6f5c40d8c, executor driver, partition 0, PROCESS_LOCAL, 7828 bytes)
[2025-11-30T19:07:41.753+0000] {subprocess.py:93} INFO - 25/11/30 19:07:41 INFO Executor: Running task 0.0 in stage 0.0 (TID 0)
[2025-11-30T19:07:42.706+0000] {subprocess.py:93} INFO - 25/11/30 19:07:42 INFO Executor: Finished task 0.0 in stage 0.0 (TID 0). 2157 bytes result sent to driver
[2025-11-30T19:07:42.745+0000] {subprocess.py:93} INFO - 25/11/30 19:07:42 INFO TaskSetManager: Finished task 0.0 in stage 0.0 (TID 0) in 1054 ms on 76c6f5c40d8c (executor driver) (1/1)
[2025-11-30T19:07:42.793+0000] {subprocess.py:93} INFO - 25/11/30 19:07:42 INFO TaskSchedulerImpl: Removed TaskSet 0.0, whose tasks have all completed, from pool
[2025-11-30T19:07:42.801+0000] {subprocess.py:93} INFO - 25/11/30 19:07:42 INFO DAGScheduler: ResultStage 0 (parquet at NativeMethodAccessorImpl.java:0) finished in 1.345 s
[2025-11-30T19:07:42.812+0000] {subprocess.py:93} INFO - 25/11/30 19:07:42 INFO DAGScheduler: Job 0 is finished. Cancelling potential speculative or zombie tasks for this job
[2025-11-30T19:07:42.814+0000] {subprocess.py:93} INFO - 25/11/30 19:07:42 INFO TaskSchedulerImpl: Killing all running tasks in stage 0: Stage finished
[2025-11-30T19:07:42.815+0000] {subprocess.py:93} INFO - 25/11/30 19:07:42 INFO DAGScheduler: Job 0 finished: parquet at NativeMethodAccessorImpl.java:0, took 1.448507 s
[2025-11-30T19:07:43.229+0000] {subprocess.py:93} INFO - 25/11/30 19:07:43 INFO BlockManagerInfo: Removed broadcast_0_piece0 on 76c6f5c40d8c:38203 in memory (size: 37.1 KiB, free: 434.4 MiB)
[2025-11-30T19:07:45.297+0000] {subprocess.py:93} INFO - Traceback (most recent call last):
[2025-11-30T19:07:45.298+0000] {subprocess.py:93} INFO -   File "/data/Transformation_Layer_Pyspark/transform_bayut.py", line 94, in <module>
[2025-11-30T19:07:45.303+0000] {subprocess.py:93} INFO -     main()
[2025-11-30T19:07:45.304+0000] {subprocess.py:93} INFO -   File "/data/Transformation_Layer_Pyspark/transform_bayut.py", line 43, in main
[2025-11-30T19:07:45.307+0000] {subprocess.py:93} INFO -     df = df.withColumn("price_per_sqm",
[2025-11-30T19:07:45.308+0000] {subprocess.py:93} INFO -          ^^^^^^^^^^^^^^^^^^^^^^^^^^^^^^
[2025-11-30T19:07:45.309+0000] {subprocess.py:93} INFO -   File "/usr/local/spark/python/lib/pyspark.zip/pyspark/sql/dataframe.py", line 5170, in withColumn
[2025-11-30T19:07:45.310+0000] {subprocess.py:93} INFO -   File "/usr/local/spark/python/lib/py4j-0.10.9.7-src.zip/py4j/java_gateway.py", line 1322, in __call__
[2025-11-30T19:07:45.310+0000] {subprocess.py:93} INFO -   File "/usr/local/spark/python/lib/pyspark.zip/pyspark/errors/exceptions/captured.py", line 185, in deco
[2025-11-30T19:07:45.329+0000] {subprocess.py:93} INFO - pyspark.errors.exceptions.captured.AnalysisException: [UNRESOLVED_COLUMN.WITH_SUGGESTION] A column or function parameter with name `size` cannot be resolved. Did you mean one of the following? [`city`, `link`, `price`, `title`, `source`].;
[2025-11-30T19:07:45.330+0000] {subprocess.py:93} INFO - 'Project [title#0, link#20, price#2, location#3, region#101, bedrooms#5, bathrooms#6, latitude#7, longitude#8, property_type#9, source#32, city#71, description#128, CASE WHEN ('size > 0) THEN (price#2 / 'size) ELSE null END AS price_per_sqm#142]
[2025-11-30T19:07:45.331+0000] {subprocess.py:93} INFO - +- Project [title#0, link#20, price#2, location#3, region#101, bedrooms#5, bathrooms#6, latitude#7, longitude#8, property_type#9, source#32, city#71, title#0 AS description#128]
[2025-11-30T19:07:45.332+0000] {subprocess.py:93} INFO -    +- Project [title#0, link#20, price#2, location#3, region#101, bedrooms#5, bathrooms#6, latitude#7, longitude#8, property_type#9, source#32, city#71]
[2025-11-30T19:07:45.333+0000] {subprocess.py:93} INFO -       +- Project [title#0, link#20, price#2, location#3, CASE WHEN isnull(region#86) THEN city#71 ELSE region#86 END AS region#101, bedrooms#5, bathrooms#6, latitude#7, longitude#8, property_type#9, source#32, loc_clean#44, loc_parts#57, city#71]
[2025-11-30T19:07:45.334+0000] {subprocess.py:93} INFO -          +- Project [title#0, link#20, price#2, location#3, trim(element_at(loc_parts#57, -2, None, false), None) AS region#86, bedrooms#5, bathrooms#6, latitude#7, longitude#8, property_type#9, source#32, loc_clean#44, loc_parts#57, city#71]
[2025-11-30T19:07:45.336+0000] {subprocess.py:93} INFO -             +- Project [title#0, link#20, price#2, location#3, region#4, bedrooms#5, bathrooms#6, latitude#7, longitude#8, property_type#9, source#32, loc_clean#44, loc_parts#57, trim(element_at(loc_parts#57, -1, None, false), None) AS city#71]
[2025-11-30T19:07:45.338+0000] {subprocess.py:93} INFO -                +- Project [title#0, link#20, price#2, location#3, region#4, bedrooms#5, bathrooms#6, latitude#7, longitude#8, property_type#9, source#32, loc_clean#44, split(loc_clean#44, ,, -1) AS loc_parts#57]
[2025-11-30T19:07:45.339+0000] {subprocess.py:93} INFO -                   +- Project [title#0, link#20, price#2, location#3, region#4, bedrooms#5, bathrooms#6, latitude#7, longitude#8, property_type#9, source#32, regexp_replace(location#3, [.]+$, , 1) AS loc_clean#44]
[2025-11-30T19:07:45.341+0000] {subprocess.py:93} INFO -                      +- Project [title#0, link#20, price#2, location#3, region#4, bedrooms#5, bathrooms#6, latitude#7, longitude#8, property_type#9, Bayut AS source#32]
[2025-11-30T19:07:45.343+0000] {subprocess.py:93} INFO -                         +- Project [title#0, url#1 AS link#20, price#2, location#3, region#4, bedrooms#5, bathrooms#6, latitude#7, longitude#8, property_type#9]
[2025-11-30T19:07:45.343+0000] {subprocess.py:93} INFO -                            +- Relation [title#0,url#1,price#2,location#3,region#4,bedrooms#5,bathrooms#6,latitude#7,longitude#8,property_type#9] parquet
[2025-11-30T19:07:45.344+0000] {subprocess.py:93} INFO - 
[2025-11-30T19:07:45.467+0000] {subprocess.py:93} INFO - 25/11/30 19:07:45 INFO SparkContext: Invoking stop() from shutdown hook
[2025-11-30T19:07:45.468+0000] {subprocess.py:93} INFO - 25/11/30 19:07:45 INFO SparkContext: SparkContext is stopping with exitCode 0.
[2025-11-30T19:07:45.494+0000] {subprocess.py:93} INFO - 25/11/30 19:07:45 INFO SparkUI: Stopped Spark web UI at http://76c6f5c40d8c:4041
[2025-11-30T19:07:45.519+0000] {subprocess.py:93} INFO - 25/11/30 19:07:45 INFO MapOutputTrackerMasterEndpoint: MapOutputTrackerMasterEndpoint stopped!
[2025-11-30T19:07:45.549+0000] {subprocess.py:93} INFO - 25/11/30 19:07:45 INFO MemoryStore: MemoryStore cleared
[2025-11-30T19:07:45.550+0000] {subprocess.py:93} INFO - 25/11/30 19:07:45 INFO BlockManager: BlockManager stopped
[2025-11-30T19:07:45.558+0000] {subprocess.py:93} INFO - 25/11/30 19:07:45 INFO BlockManagerMaster: BlockManagerMaster stopped
[2025-11-30T19:07:45.563+0000] {subprocess.py:93} INFO - 25/11/30 19:07:45 INFO OutputCommitCoordinator$OutputCommitCoordinatorEndpoint: OutputCommitCoordinator stopped!
[2025-11-30T19:07:45.589+0000] {subprocess.py:93} INFO - 25/11/30 19:07:45 INFO SparkContext: Successfully stopped SparkContext
[2025-11-30T19:07:45.590+0000] {subprocess.py:93} INFO - 25/11/30 19:07:45 INFO ShutdownHookManager: Shutdown hook called
[2025-11-30T19:07:45.592+0000] {subprocess.py:93} INFO - 25/11/30 19:07:45 INFO ShutdownHookManager: Deleting directory /tmp/spark-5c864d9e-7e23-4a88-8032-f8716f74edb6
[2025-11-30T19:07:45.599+0000] {subprocess.py:93} INFO - 25/11/30 19:07:45 INFO ShutdownHookManager: Deleting directory /tmp/spark-40277222-fdac-4fe0-92eb-0c4a5d3c148a/pyspark-d013b34f-7738-47f9-a3e8-0c9559b19fe3
[2025-11-30T19:07:45.606+0000] {subprocess.py:93} INFO - 25/11/30 19:07:45 INFO ShutdownHookManager: Deleting directory /tmp/spark-40277222-fdac-4fe0-92eb-0c4a5d3c148a
[2025-11-30T19:07:45.688+0000] {subprocess.py:97} INFO - Command exited with return code 1
[2025-11-30T19:07:45.690+0000] {taskinstance.py:441} INFO - ::group::Post task execution logs
[2025-11-30T19:07:45.711+0000] {taskinstance.py:2905} ERROR - Task failed with exception
Traceback (most recent call last):
  File "/home/airflow/.local/lib/python3.12/site-packages/airflow/models/taskinstance.py", line 465, in _execute_task
    result = _execute_callable(context=context, **execute_callable_kwargs)
             ^^^^^^^^^^^^^^^^^^^^^^^^^^^^^^^^^^^^^^^^^^^^^^^^^^^^^^^^^^^^^
  File "/home/airflow/.local/lib/python3.12/site-packages/airflow/models/taskinstance.py", line 432, in _execute_callable
    return execute_callable(context=context, **execute_callable_kwargs)
           ^^^^^^^^^^^^^^^^^^^^^^^^^^^^^^^^^^^^^^^^^^^^^^^^^^^^^^^^^^^^
  File "/home/airflow/.local/lib/python3.12/site-packages/airflow/models/baseoperator.py", line 401, in wrapper
    return func(self, *args, **kwargs)
           ^^^^^^^^^^^^^^^^^^^^^^^^^^^
  File "/home/airflow/.local/lib/python3.12/site-packages/airflow/operators/bash.py", line 243, in execute
    raise AirflowException(
airflow.exceptions.AirflowException: Bash command failed. The command returned a non-zero exit code 1.
[2025-11-30T19:07:45.727+0000] {taskinstance.py:1206} INFO - Marking task as UP_FOR_RETRY. dag_id=real_estate_etl_pipeline, task_id=transform_bayut, run_id=manual__2025-11-30T18:25:30.102845+00:00, execution_date=20251130T182530, start_date=20251130T190728, end_date=20251130T190745
[2025-11-30T19:07:45.758+0000] {standard_task_runner.py:110} ERROR - Failed to execute job 36 for task transform_bayut (Bash command failed. The command returned a non-zero exit code 1.; 563)
[2025-11-30T19:07:45.795+0000] {local_task_job_runner.py:240} INFO - Task exited with return code 1
[2025-11-30T19:07:45.843+0000] {taskinstance.py:3503} INFO - 0 downstream tasks scheduled from follow-on schedule check
[2025-11-30T19:07:45.846+0000] {local_task_job_runner.py:222} INFO - ::endgroup::
