[2025-11-30T19:12:47.190+0000] {local_task_job_runner.py:120} INFO - ::group::Pre task execution logs
[2025-11-30T19:12:47.219+0000] {taskinstance.py:2076} INFO - Dependencies all met for dep_context=non-requeueable deps ti=<TaskInstance: real_estate_etl_pipeline.transform_bayut manual__2025-11-30T18:25:30.102845+00:00 [queued]>
[2025-11-30T19:12:47.228+0000] {taskinstance.py:2076} INFO - Dependencies all met for dep_context=requeueable deps ti=<TaskInstance: real_estate_etl_pipeline.transform_bayut manual__2025-11-30T18:25:30.102845+00:00 [queued]>
[2025-11-30T19:12:47.229+0000] {taskinstance.py:2306} INFO - Starting attempt 2 of 2
[2025-11-30T19:12:47.245+0000] {taskinstance.py:2330} INFO - Executing <Task(BashOperator): transform_bayut> on 2025-11-30 18:25:30.102845+00:00
[2025-11-30T19:12:47.257+0000] {warnings.py:112} WARNING - /home/***/.local/lib/python3.12/site-packages/***/task/task_runner/standard_task_runner.py:61: DeprecationWarning: This process (pid=607) is multi-threaded, use of fork() may lead to deadlocks in the child.
  pid = os.fork()

[2025-11-30T19:12:47.259+0000] {standard_task_runner.py:63} INFO - Started process 609 to run task
[2025-11-30T19:12:47.258+0000] {standard_task_runner.py:90} INFO - Running: ['***', 'tasks', 'run', 'real_estate_etl_pipeline', 'transform_bayut', 'manual__2025-11-30T18:25:30.102845+00:00', '--job-id', '39', '--raw', '--subdir', 'DAGS_FOLDER/scraping_dag.py', '--cfg-path', '/tmp/tmpi_okt7ag']
[2025-11-30T19:12:47.262+0000] {standard_task_runner.py:91} INFO - Job 39: Subtask transform_bayut
[2025-11-30T19:12:47.308+0000] {task_command.py:426} INFO - Running <TaskInstance: real_estate_etl_pipeline.transform_bayut manual__2025-11-30T18:25:30.102845+00:00 [running]> on host 9a9a5f972fcd
[2025-11-30T19:12:47.374+0000] {taskinstance.py:2648} INFO - Exporting env vars: AIRFLOW_CTX_DAG_OWNER='***' AIRFLOW_CTX_DAG_ID='real_estate_etl_pipeline' AIRFLOW_CTX_TASK_ID='transform_bayut' AIRFLOW_CTX_EXECUTION_DATE='2025-11-30T18:25:30.102845+00:00' AIRFLOW_CTX_TRY_NUMBER='2' AIRFLOW_CTX_DAG_RUN_ID='manual__2025-11-30T18:25:30.102845+00:00'
[2025-11-30T19:12:47.376+0000] {taskinstance.py:430} INFO - ::endgroup::
[2025-11-30T19:12:47.376+0000] {subprocess.py:63} INFO - Tmp dir root location: /tmp
[2025-11-30T19:12:47.378+0000] {subprocess.py:75} INFO - Running command: ['/usr/bin/bash', '-c', 'docker exec jupyter spark-submit --master local[*] /data/Transformation_Layer_Pyspark/transform_bayut.py']
[2025-11-30T19:12:47.393+0000] {subprocess.py:86} INFO - Output:
[2025-11-30T19:12:50.362+0000] {subprocess.py:93} INFO - 25/11/30 19:12:50 INFO SparkContext: Running Spark version 3.5.0
[2025-11-30T19:12:50.364+0000] {subprocess.py:93} INFO - 25/11/30 19:12:50 INFO SparkContext: OS info Linux, 5.15.167.4-microsoft-standard-WSL2, amd64
[2025-11-30T19:12:50.365+0000] {subprocess.py:93} INFO - 25/11/30 19:12:50 INFO SparkContext: Java version 17.0.8.1
[2025-11-30T19:12:50.435+0000] {subprocess.py:93} INFO - 25/11/30 19:12:50 WARN NativeCodeLoader: Unable to load native-hadoop library for your platform... using builtin-java classes where applicable
[2025-11-30T19:12:50.532+0000] {subprocess.py:93} INFO - 25/11/30 19:12:50 INFO ResourceUtils: ==============================================================
[2025-11-30T19:12:50.533+0000] {subprocess.py:93} INFO - 25/11/30 19:12:50 INFO ResourceUtils: No custom resources configured for spark.driver.
[2025-11-30T19:12:50.533+0000] {subprocess.py:93} INFO - 25/11/30 19:12:50 INFO ResourceUtils: ==============================================================
[2025-11-30T19:12:50.534+0000] {subprocess.py:93} INFO - 25/11/30 19:12:50 INFO SparkContext: Submitted application: Transform_Bayut
[2025-11-30T19:12:50.557+0000] {subprocess.py:93} INFO - 25/11/30 19:12:50 INFO ResourceProfile: Default ResourceProfile created, executor resources: Map(cores -> name: cores, amount: 1, script: , vendor: , memory -> name: memory, amount: 1024, script: , vendor: , offHeap -> name: offHeap, amount: 0, script: , vendor: ), task resources: Map(cpus -> name: cpus, amount: 1.0)
[2025-11-30T19:12:50.564+0000] {subprocess.py:93} INFO - 25/11/30 19:12:50 INFO ResourceProfile: Limiting resource is cpu
[2025-11-30T19:12:50.564+0000] {subprocess.py:93} INFO - 25/11/30 19:12:50 INFO ResourceProfileManager: Added ResourceProfile id: 0
[2025-11-30T19:12:50.628+0000] {subprocess.py:93} INFO - 25/11/30 19:12:50 INFO SecurityManager: Changing view acls to: jovyan
[2025-11-30T19:12:50.629+0000] {subprocess.py:93} INFO - 25/11/30 19:12:50 INFO SecurityManager: Changing modify acls to: jovyan
[2025-11-30T19:12:50.630+0000] {subprocess.py:93} INFO - 25/11/30 19:12:50 INFO SecurityManager: Changing view acls groups to:
[2025-11-30T19:12:50.630+0000] {subprocess.py:93} INFO - 25/11/30 19:12:50 INFO SecurityManager: Changing modify acls groups to:
[2025-11-30T19:12:50.631+0000] {subprocess.py:93} INFO - 25/11/30 19:12:50 INFO SecurityManager: SecurityManager: authentication disabled; ui acls disabled; users with view permissions: jovyan; groups with view permissions: EMPTY; users with modify permissions: jovyan; groups with modify permissions: EMPTY
[2025-11-30T19:12:50.873+0000] {subprocess.py:93} INFO - 25/11/30 19:12:50 INFO Utils: Successfully started service 'sparkDriver' on port 44357.
[2025-11-30T19:12:50.914+0000] {subprocess.py:93} INFO - 25/11/30 19:12:50 INFO SparkEnv: Registering MapOutputTracker
[2025-11-30T19:12:50.956+0000] {subprocess.py:93} INFO - 25/11/30 19:12:50 INFO SparkEnv: Registering BlockManagerMaster
[2025-11-30T19:12:50.971+0000] {subprocess.py:93} INFO - 25/11/30 19:12:50 INFO BlockManagerMasterEndpoint: Using org.apache.spark.storage.DefaultTopologyMapper for getting topology information
[2025-11-30T19:12:50.972+0000] {subprocess.py:93} INFO - 25/11/30 19:12:50 INFO BlockManagerMasterEndpoint: BlockManagerMasterEndpoint up
[2025-11-30T19:12:50.975+0000] {subprocess.py:93} INFO - 25/11/30 19:12:50 INFO SparkEnv: Registering BlockManagerMasterHeartbeat
[2025-11-30T19:12:51.003+0000] {subprocess.py:93} INFO - 25/11/30 19:12:51 INFO DiskBlockManager: Created local directory at /tmp/blockmgr-9b4f214f-292a-4610-a1fe-50a21f9701ca
[2025-11-30T19:12:51.014+0000] {subprocess.py:93} INFO - 25/11/30 19:12:51 INFO MemoryStore: MemoryStore started with capacity 434.4 MiB
[2025-11-30T19:12:51.032+0000] {subprocess.py:93} INFO - 25/11/30 19:12:51 INFO SparkEnv: Registering OutputCommitCoordinator
[2025-11-30T19:12:51.169+0000] {subprocess.py:93} INFO - 25/11/30 19:12:51 INFO JettyUtils: Start Jetty 0.0.0.0:4040 for SparkUI
[2025-11-30T19:12:51.230+0000] {subprocess.py:93} INFO - 25/11/30 19:12:51 INFO Utils: Successfully started service 'SparkUI' on port 4040.
[2025-11-30T19:12:51.323+0000] {subprocess.py:93} INFO - 25/11/30 19:12:51 INFO Executor: Starting executor ID driver on host 76c6f5c40d8c
[2025-11-30T19:12:51.323+0000] {subprocess.py:93} INFO - 25/11/30 19:12:51 INFO Executor: OS info Linux, 5.15.167.4-microsoft-standard-WSL2, amd64
[2025-11-30T19:12:51.324+0000] {subprocess.py:93} INFO - 25/11/30 19:12:51 INFO Executor: Java version 17.0.8.1
[2025-11-30T19:12:51.331+0000] {subprocess.py:93} INFO - 25/11/30 19:12:51 INFO Executor: Starting executor with user classpath (userClassPathFirst = false): ''
[2025-11-30T19:12:51.332+0000] {subprocess.py:93} INFO - 25/11/30 19:12:51 INFO Executor: Created or updated repl class loader org.apache.spark.util.MutableURLClassLoader@5e1d25fc for default.
[2025-11-30T19:12:51.354+0000] {subprocess.py:93} INFO - 25/11/30 19:12:51 INFO Utils: Successfully started service 'org.apache.spark.network.netty.NettyBlockTransferService' on port 45789.
[2025-11-30T19:12:51.355+0000] {subprocess.py:93} INFO - 25/11/30 19:12:51 INFO NettyBlockTransferService: Server created on 76c6f5c40d8c:45789
[2025-11-30T19:12:51.357+0000] {subprocess.py:93} INFO - 25/11/30 19:12:51 INFO BlockManager: Using org.apache.spark.storage.RandomBlockReplicationPolicy for block replication policy
[2025-11-30T19:12:51.363+0000] {subprocess.py:93} INFO - 25/11/30 19:12:51 INFO BlockManagerMaster: Registering BlockManager BlockManagerId(driver, 76c6f5c40d8c, 45789, None)
[2025-11-30T19:12:51.367+0000] {subprocess.py:93} INFO - 25/11/30 19:12:51 INFO BlockManagerMasterEndpoint: Registering block manager 76c6f5c40d8c:45789 with 434.4 MiB RAM, BlockManagerId(driver, 76c6f5c40d8c, 45789, None)
[2025-11-30T19:12:51.370+0000] {subprocess.py:93} INFO - 25/11/30 19:12:51 INFO BlockManagerMaster: Registered BlockManager BlockManagerId(driver, 76c6f5c40d8c, 45789, None)
[2025-11-30T19:12:51.371+0000] {subprocess.py:93} INFO - 25/11/30 19:12:51 INFO BlockManager: Initialized BlockManager: BlockManagerId(driver, 76c6f5c40d8c, 45789, None)
[2025-11-30T19:12:51.741+0000] {subprocess.py:93} INFO - 25/11/30 19:12:51 INFO SharedState: Setting hive.metastore.warehouse.dir ('null') to the value of spark.sql.warehouse.dir.
[2025-11-30T19:12:51.745+0000] {subprocess.py:93} INFO - 25/11/30 19:12:51 INFO SharedState: Warehouse path is 'file:/home/jovyan/spark-warehouse'.
[2025-11-30T19:12:52.650+0000] {subprocess.py:93} INFO - 25/11/30 19:12:52 INFO InMemoryFileIndex: It took 56 ms to list leaf files for 1 paths.
[2025-11-30T19:12:53.022+0000] {subprocess.py:93} INFO - 25/11/30 19:12:53 INFO SparkContext: Starting job: parquet at NativeMethodAccessorImpl.java:0
[2025-11-30T19:12:53.045+0000] {subprocess.py:93} INFO - 25/11/30 19:12:53 INFO DAGScheduler: Got job 0 (parquet at NativeMethodAccessorImpl.java:0) with 1 output partitions
[2025-11-30T19:12:53.045+0000] {subprocess.py:93} INFO - 25/11/30 19:12:53 INFO DAGScheduler: Final stage: ResultStage 0 (parquet at NativeMethodAccessorImpl.java:0)
[2025-11-30T19:12:53.046+0000] {subprocess.py:93} INFO - 25/11/30 19:12:53 INFO DAGScheduler: Parents of final stage: List()
[2025-11-30T19:12:53.047+0000] {subprocess.py:93} INFO - 25/11/30 19:12:53 INFO DAGScheduler: Missing parents: List()
[2025-11-30T19:12:53.051+0000] {subprocess.py:93} INFO - 25/11/30 19:12:53 INFO DAGScheduler: Submitting ResultStage 0 (MapPartitionsRDD[1] at parquet at NativeMethodAccessorImpl.java:0), which has no missing parents
[2025-11-30T19:12:53.132+0000] {subprocess.py:93} INFO - 25/11/30 19:12:53 INFO MemoryStore: Block broadcast_0 stored as values in memory (estimated size 103.1 KiB, free 434.3 MiB)
[2025-11-30T19:12:53.170+0000] {subprocess.py:93} INFO - 25/11/30 19:12:53 INFO MemoryStore: Block broadcast_0_piece0 stored as bytes in memory (estimated size 37.1 KiB, free 434.3 MiB)
[2025-11-30T19:12:53.172+0000] {subprocess.py:93} INFO - 25/11/30 19:12:53 INFO BlockManagerInfo: Added broadcast_0_piece0 in memory on 76c6f5c40d8c:45789 (size: 37.1 KiB, free: 434.4 MiB)
[2025-11-30T19:12:53.175+0000] {subprocess.py:93} INFO - 25/11/30 19:12:53 INFO SparkContext: Created broadcast 0 from broadcast at DAGScheduler.scala:1580
[2025-11-30T19:12:53.192+0000] {subprocess.py:93} INFO - 25/11/30 19:12:53 INFO DAGScheduler: Submitting 1 missing tasks from ResultStage 0 (MapPartitionsRDD[1] at parquet at NativeMethodAccessorImpl.java:0) (first 15 tasks are for partitions Vector(0))
[2025-11-30T19:12:53.195+0000] {subprocess.py:93} INFO - 25/11/30 19:12:53 INFO TaskSchedulerImpl: Adding task set 0.0 with 1 tasks resource profile 0
[2025-11-30T19:12:53.247+0000] {subprocess.py:93} INFO - 25/11/30 19:12:53 INFO TaskSetManager: Starting task 0.0 in stage 0.0 (TID 0) (76c6f5c40d8c, executor driver, partition 0, PROCESS_LOCAL, 7828 bytes)
[2025-11-30T19:12:53.259+0000] {subprocess.py:93} INFO - 25/11/30 19:12:53 INFO Executor: Running task 0.0 in stage 0.0 (TID 0)
[2025-11-30T19:12:53.573+0000] {subprocess.py:93} INFO - 25/11/30 19:12:53 INFO Executor: Finished task 0.0 in stage 0.0 (TID 0). 2157 bytes result sent to driver
[2025-11-30T19:12:53.579+0000] {subprocess.py:93} INFO - 25/11/30 19:12:53 INFO TaskSetManager: Finished task 0.0 in stage 0.0 (TID 0) in 352 ms on 76c6f5c40d8c (executor driver) (1/1)
[2025-11-30T19:12:53.580+0000] {subprocess.py:93} INFO - 25/11/30 19:12:53 INFO TaskSchedulerImpl: Removed TaskSet 0.0, whose tasks have all completed, from pool
[2025-11-30T19:12:53.584+0000] {subprocess.py:93} INFO - 25/11/30 19:12:53 INFO DAGScheduler: ResultStage 0 (parquet at NativeMethodAccessorImpl.java:0) finished in 0.520 s
[2025-11-30T19:12:53.586+0000] {subprocess.py:93} INFO - 25/11/30 19:12:53 INFO DAGScheduler: Job 0 is finished. Cancelling potential speculative or zombie tasks for this job
[2025-11-30T19:12:53.587+0000] {subprocess.py:93} INFO - 25/11/30 19:12:53 INFO TaskSchedulerImpl: Killing all running tasks in stage 0: Stage finished
[2025-11-30T19:12:53.589+0000] {subprocess.py:93} INFO - 25/11/30 19:12:53 INFO DAGScheduler: Job 0 finished: parquet at NativeMethodAccessorImpl.java:0, took 0.566202 s
[2025-11-30T19:12:53.655+0000] {subprocess.py:93} INFO - 25/11/30 19:12:53 INFO BlockManagerInfo: Removed broadcast_0_piece0 on 76c6f5c40d8c:45789 in memory (size: 37.1 KiB, free: 434.4 MiB)
[2025-11-30T19:12:54.627+0000] {subprocess.py:93} INFO - Traceback (most recent call last):
[2025-11-30T19:12:54.628+0000] {subprocess.py:93} INFO -   File "/data/Transformation_Layer_Pyspark/transform_bayut.py", line 94, in <module>
[2025-11-30T19:12:54.631+0000] {subprocess.py:93} INFO -     main()
[2025-11-30T19:12:54.632+0000] {subprocess.py:93} INFO -   File "/data/Transformation_Layer_Pyspark/transform_bayut.py", line 43, in main
[2025-11-30T19:12:54.635+0000] {subprocess.py:93} INFO -     df = df.withColumn("price_per_sqm",
[2025-11-30T19:12:54.635+0000] {subprocess.py:93} INFO -          ^^^^^^^^^^^^^^^^^^^^^^^^^^^^^^
[2025-11-30T19:12:54.636+0000] {subprocess.py:93} INFO -   File "/usr/local/spark/python/lib/pyspark.zip/pyspark/sql/dataframe.py", line 5170, in withColumn
[2025-11-30T19:12:54.636+0000] {subprocess.py:93} INFO -   File "/usr/local/spark/python/lib/py4j-0.10.9.7-src.zip/py4j/java_gateway.py", line 1322, in __call__
[2025-11-30T19:12:54.636+0000] {subprocess.py:93} INFO -   File "/usr/local/spark/python/lib/pyspark.zip/pyspark/errors/exceptions/captured.py", line 185, in deco
[2025-11-30T19:12:54.643+0000] {subprocess.py:93} INFO - pyspark.errors.exceptions.captured.AnalysisException: [UNRESOLVED_COLUMN.WITH_SUGGESTION] A column or function parameter with name `size` cannot be resolved. Did you mean one of the following? [`city`, `link`, `price`, `title`, `source`].;
[2025-11-30T19:12:54.644+0000] {subprocess.py:93} INFO - 'Project [title#0, link#20, price#2, location#3, region#101, bedrooms#5, bathrooms#6, latitude#7, longitude#8, property_type#9, source#32, city#71, description#128, CASE WHEN ('size > 0) THEN (price#2 / 'size) ELSE null END AS price_per_sqm#142]
[2025-11-30T19:12:54.644+0000] {subprocess.py:93} INFO - +- Project [title#0, link#20, price#2, location#3, region#101, bedrooms#5, bathrooms#6, latitude#7, longitude#8, property_type#9, source#32, city#71, title#0 AS description#128]
[2025-11-30T19:12:54.644+0000] {subprocess.py:93} INFO -    +- Project [title#0, link#20, price#2, location#3, region#101, bedrooms#5, bathrooms#6, latitude#7, longitude#8, property_type#9, source#32, city#71]
[2025-11-30T19:12:54.645+0000] {subprocess.py:93} INFO -       +- Project [title#0, link#20, price#2, location#3, CASE WHEN isnull(region#86) THEN city#71 ELSE region#86 END AS region#101, bedrooms#5, bathrooms#6, latitude#7, longitude#8, property_type#9, source#32, loc_clean#44, loc_parts#57, city#71]
[2025-11-30T19:12:54.645+0000] {subprocess.py:93} INFO -          +- Project [title#0, link#20, price#2, location#3, trim(element_at(loc_parts#57, -2, None, false), None) AS region#86, bedrooms#5, bathrooms#6, latitude#7, longitude#8, property_type#9, source#32, loc_clean#44, loc_parts#57, city#71]
[2025-11-30T19:12:54.645+0000] {subprocess.py:93} INFO -             +- Project [title#0, link#20, price#2, location#3, region#4, bedrooms#5, bathrooms#6, latitude#7, longitude#8, property_type#9, source#32, loc_clean#44, loc_parts#57, trim(element_at(loc_parts#57, -1, None, false), None) AS city#71]
[2025-11-30T19:12:54.646+0000] {subprocess.py:93} INFO -                +- Project [title#0, link#20, price#2, location#3, region#4, bedrooms#5, bathrooms#6, latitude#7, longitude#8, property_type#9, source#32, loc_clean#44, split(loc_clean#44, ,, -1) AS loc_parts#57]
[2025-11-30T19:12:54.646+0000] {subprocess.py:93} INFO -                   +- Project [title#0, link#20, price#2, location#3, region#4, bedrooms#5, bathrooms#6, latitude#7, longitude#8, property_type#9, source#32, regexp_replace(location#3, [.]+$, , 1) AS loc_clean#44]
[2025-11-30T19:12:54.646+0000] {subprocess.py:93} INFO -                      +- Project [title#0, link#20, price#2, location#3, region#4, bedrooms#5, bathrooms#6, latitude#7, longitude#8, property_type#9, Bayut AS source#32]
[2025-11-30T19:12:54.647+0000] {subprocess.py:93} INFO -                         +- Project [title#0, url#1 AS link#20, price#2, location#3, region#4, bedrooms#5, bathrooms#6, latitude#7, longitude#8, property_type#9]
[2025-11-30T19:12:54.647+0000] {subprocess.py:93} INFO -                            +- Relation [title#0,url#1,price#2,location#3,region#4,bedrooms#5,bathrooms#6,latitude#7,longitude#8,property_type#9] parquet
[2025-11-30T19:12:54.647+0000] {subprocess.py:93} INFO - 
[2025-11-30T19:12:54.685+0000] {subprocess.py:93} INFO - 25/11/30 19:12:54 INFO SparkContext: Invoking stop() from shutdown hook
[2025-11-30T19:12:54.686+0000] {subprocess.py:93} INFO - 25/11/30 19:12:54 INFO SparkContext: SparkContext is stopping with exitCode 0.
[2025-11-30T19:12:54.695+0000] {subprocess.py:93} INFO - 25/11/30 19:12:54 INFO SparkUI: Stopped Spark web UI at http://76c6f5c40d8c:4040
[2025-11-30T19:12:54.702+0000] {subprocess.py:93} INFO - 25/11/30 19:12:54 INFO MapOutputTrackerMasterEndpoint: MapOutputTrackerMasterEndpoint stopped!
[2025-11-30T19:12:54.710+0000] {subprocess.py:93} INFO - 25/11/30 19:12:54 INFO MemoryStore: MemoryStore cleared
[2025-11-30T19:12:54.711+0000] {subprocess.py:93} INFO - 25/11/30 19:12:54 INFO BlockManager: BlockManager stopped
[2025-11-30T19:12:54.713+0000] {subprocess.py:93} INFO - 25/11/30 19:12:54 INFO BlockManagerMaster: BlockManagerMaster stopped
[2025-11-30T19:12:54.716+0000] {subprocess.py:93} INFO - 25/11/30 19:12:54 INFO OutputCommitCoordinator$OutputCommitCoordinatorEndpoint: OutputCommitCoordinator stopped!
[2025-11-30T19:12:54.723+0000] {subprocess.py:93} INFO - 25/11/30 19:12:54 INFO SparkContext: Successfully stopped SparkContext
[2025-11-30T19:12:54.724+0000] {subprocess.py:93} INFO - 25/11/30 19:12:54 INFO ShutdownHookManager: Shutdown hook called
[2025-11-30T19:12:54.725+0000] {subprocess.py:93} INFO - 25/11/30 19:12:54 INFO ShutdownHookManager: Deleting directory /tmp/spark-f0a578ee-f7e6-4feb-a909-43c94a2eb7b6
[2025-11-30T19:12:54.726+0000] {subprocess.py:93} INFO - 25/11/30 19:12:54 INFO ShutdownHookManager: Deleting directory /tmp/spark-177443bc-7505-4b85-b65d-82caf3298cf0
[2025-11-30T19:12:54.728+0000] {subprocess.py:93} INFO - 25/11/30 19:12:54 INFO ShutdownHookManager: Deleting directory /tmp/spark-f0a578ee-f7e6-4feb-a909-43c94a2eb7b6/pyspark-7ac28914-9824-4626-b58b-0d75fb82b876
[2025-11-30T19:12:54.773+0000] {subprocess.py:97} INFO - Command exited with return code 1
[2025-11-30T19:12:54.774+0000] {taskinstance.py:441} INFO - ::group::Post task execution logs
[2025-11-30T19:12:54.784+0000] {taskinstance.py:2905} ERROR - Task failed with exception
Traceback (most recent call last):
  File "/home/airflow/.local/lib/python3.12/site-packages/airflow/models/taskinstance.py", line 465, in _execute_task
    result = _execute_callable(context=context, **execute_callable_kwargs)
             ^^^^^^^^^^^^^^^^^^^^^^^^^^^^^^^^^^^^^^^^^^^^^^^^^^^^^^^^^^^^^
  File "/home/airflow/.local/lib/python3.12/site-packages/airflow/models/taskinstance.py", line 432, in _execute_callable
    return execute_callable(context=context, **execute_callable_kwargs)
           ^^^^^^^^^^^^^^^^^^^^^^^^^^^^^^^^^^^^^^^^^^^^^^^^^^^^^^^^^^^^
  File "/home/airflow/.local/lib/python3.12/site-packages/airflow/models/baseoperator.py", line 401, in wrapper
    return func(self, *args, **kwargs)
           ^^^^^^^^^^^^^^^^^^^^^^^^^^^
  File "/home/airflow/.local/lib/python3.12/site-packages/airflow/operators/bash.py", line 243, in execute
    raise AirflowException(
airflow.exceptions.AirflowException: Bash command failed. The command returned a non-zero exit code 1.
[2025-11-30T19:12:54.789+0000] {taskinstance.py:1206} INFO - Marking task as FAILED. dag_id=real_estate_etl_pipeline, task_id=transform_bayut, run_id=manual__2025-11-30T18:25:30.102845+00:00, execution_date=20251130T182530, start_date=20251130T191247, end_date=20251130T191254
[2025-11-30T19:12:54.801+0000] {standard_task_runner.py:110} ERROR - Failed to execute job 39 for task transform_bayut (Bash command failed. The command returned a non-zero exit code 1.; 609)
[2025-11-30T19:12:54.838+0000] {local_task_job_runner.py:240} INFO - Task exited with return code 1
[2025-11-30T19:12:54.860+0000] {taskinstance.py:3503} INFO - 0 downstream tasks scheduled from follow-on schedule check
[2025-11-30T19:12:54.864+0000] {local_task_job_runner.py:222} INFO - ::endgroup::
