[2025-11-30T19:15:30.331+0000] {local_task_job_runner.py:120} INFO - ::group::Pre task execution logs
[2025-11-30T19:15:30.351+0000] {taskinstance.py:2076} INFO - Dependencies all met for dep_context=non-requeueable deps ti=<TaskInstance: real_estate_etl_pipeline.clean_bayut manual__2025-11-30T18:25:30.102845+00:00 [queued]>
[2025-11-30T19:15:30.358+0000] {taskinstance.py:2076} INFO - Dependencies all met for dep_context=requeueable deps ti=<TaskInstance: real_estate_etl_pipeline.clean_bayut manual__2025-11-30T18:25:30.102845+00:00 [queued]>
[2025-11-30T19:15:30.358+0000] {taskinstance.py:2306} INFO - Starting attempt 6 of 7
[2025-11-30T19:15:30.369+0000] {taskinstance.py:2330} INFO - Executing <Task(BashOperator): clean_bayut> on 2025-11-30 18:25:30.102845+00:00
[2025-11-30T19:15:30.378+0000] {warnings.py:112} WARNING - /home/***/.local/lib/python3.12/site-packages/***/task/task_runner/standard_task_runner.py:61: DeprecationWarning: This process (pid=680) is multi-threaded, use of fork() may lead to deadlocks in the child.
  pid = os.fork()

[2025-11-30T19:15:30.380+0000] {standard_task_runner.py:63} INFO - Started process 688 to run task
[2025-11-30T19:15:30.380+0000] {standard_task_runner.py:90} INFO - Running: ['***', 'tasks', 'run', 'real_estate_etl_pipeline', 'clean_bayut', 'manual__2025-11-30T18:25:30.102845+00:00', '--job-id', '43', '--raw', '--subdir', 'DAGS_FOLDER/scraping_dag.py', '--cfg-path', '/tmp/tmpmx5egcuz']
[2025-11-30T19:15:30.382+0000] {standard_task_runner.py:91} INFO - Job 43: Subtask clean_bayut
[2025-11-30T19:15:30.426+0000] {task_command.py:426} INFO - Running <TaskInstance: real_estate_etl_pipeline.clean_bayut manual__2025-11-30T18:25:30.102845+00:00 [running]> on host 9a9a5f972fcd
[2025-11-30T19:15:30.494+0000] {taskinstance.py:2648} INFO - Exporting env vars: AIRFLOW_CTX_DAG_OWNER='***' AIRFLOW_CTX_DAG_ID='real_estate_etl_pipeline' AIRFLOW_CTX_TASK_ID='clean_bayut' AIRFLOW_CTX_EXECUTION_DATE='2025-11-30T18:25:30.102845+00:00' AIRFLOW_CTX_TRY_NUMBER='6' AIRFLOW_CTX_DAG_RUN_ID='manual__2025-11-30T18:25:30.102845+00:00'
[2025-11-30T19:15:30.496+0000] {taskinstance.py:430} INFO - ::endgroup::
[2025-11-30T19:15:30.497+0000] {subprocess.py:63} INFO - Tmp dir root location: /tmp
[2025-11-30T19:15:30.498+0000] {subprocess.py:75} INFO - Running command: ['/usr/bin/bash', '-c', 'docker exec jupyter spark-submit --master local[*] /data/Cleaning_Layer_Pyspark/clean_bayut.py']
[2025-11-30T19:15:30.510+0000] {subprocess.py:86} INFO - Output:
[2025-11-30T19:15:33.609+0000] {subprocess.py:93} INFO - 25/11/30 19:15:33 INFO SparkContext: Running Spark version 3.5.0
[2025-11-30T19:15:33.611+0000] {subprocess.py:93} INFO - 25/11/30 19:15:33 INFO SparkContext: OS info Linux, 5.15.167.4-microsoft-standard-WSL2, amd64
[2025-11-30T19:15:33.612+0000] {subprocess.py:93} INFO - 25/11/30 19:15:33 INFO SparkContext: Java version 17.0.8.1
[2025-11-30T19:15:33.663+0000] {subprocess.py:93} INFO - 25/11/30 19:15:33 WARN NativeCodeLoader: Unable to load native-hadoop library for your platform... using builtin-java classes where applicable
[2025-11-30T19:15:33.785+0000] {subprocess.py:93} INFO - 25/11/30 19:15:33 INFO ResourceUtils: ==============================================================
[2025-11-30T19:15:33.787+0000] {subprocess.py:93} INFO - 25/11/30 19:15:33 INFO ResourceUtils: No custom resources configured for spark.driver.
[2025-11-30T19:15:33.787+0000] {subprocess.py:93} INFO - 25/11/30 19:15:33 INFO ResourceUtils: ==============================================================
[2025-11-30T19:15:33.789+0000] {subprocess.py:93} INFO - 25/11/30 19:15:33 INFO SparkContext: Submitted application: Clean_Bayut
[2025-11-30T19:15:33.826+0000] {subprocess.py:93} INFO - 25/11/30 19:15:33 INFO ResourceProfile: Default ResourceProfile created, executor resources: Map(cores -> name: cores, amount: 1, script: , vendor: , memory -> name: memory, amount: 1024, script: , vendor: , offHeap -> name: offHeap, amount: 0, script: , vendor: ), task resources: Map(cpus -> name: cpus, amount: 1.0)
[2025-11-30T19:15:33.840+0000] {subprocess.py:93} INFO - 25/11/30 19:15:33 INFO ResourceProfile: Limiting resource is cpu
[2025-11-30T19:15:33.843+0000] {subprocess.py:93} INFO - 25/11/30 19:15:33 INFO ResourceProfileManager: Added ResourceProfile id: 0
[2025-11-30T19:15:33.906+0000] {subprocess.py:93} INFO - 25/11/30 19:15:33 INFO SecurityManager: Changing view acls to: jovyan
[2025-11-30T19:15:33.907+0000] {subprocess.py:93} INFO - 25/11/30 19:15:33 INFO SecurityManager: Changing modify acls to: jovyan
[2025-11-30T19:15:33.908+0000] {subprocess.py:93} INFO - 25/11/30 19:15:33 INFO SecurityManager: Changing view acls groups to:
[2025-11-30T19:15:33.908+0000] {subprocess.py:93} INFO - 25/11/30 19:15:33 INFO SecurityManager: Changing modify acls groups to:
[2025-11-30T19:15:33.911+0000] {subprocess.py:93} INFO - 25/11/30 19:15:33 INFO SecurityManager: SecurityManager: authentication disabled; ui acls disabled; users with view permissions: jovyan; groups with view permissions: EMPTY; users with modify permissions: jovyan; groups with modify permissions: EMPTY
[2025-11-30T19:15:34.266+0000] {subprocess.py:93} INFO - 25/11/30 19:15:34 INFO Utils: Successfully started service 'sparkDriver' on port 33359.
[2025-11-30T19:15:34.326+0000] {subprocess.py:93} INFO - 25/11/30 19:15:34 INFO SparkEnv: Registering MapOutputTracker
[2025-11-30T19:15:34.379+0000] {subprocess.py:93} INFO - 25/11/30 19:15:34 INFO SparkEnv: Registering BlockManagerMaster
[2025-11-30T19:15:34.403+0000] {subprocess.py:93} INFO - 25/11/30 19:15:34 INFO BlockManagerMasterEndpoint: Using org.apache.spark.storage.DefaultTopologyMapper for getting topology information
[2025-11-30T19:15:34.404+0000] {subprocess.py:93} INFO - 25/11/30 19:15:34 INFO BlockManagerMasterEndpoint: BlockManagerMasterEndpoint up
[2025-11-30T19:15:34.410+0000] {subprocess.py:93} INFO - 25/11/30 19:15:34 INFO SparkEnv: Registering BlockManagerMasterHeartbeat
[2025-11-30T19:15:34.433+0000] {subprocess.py:93} INFO - 25/11/30 19:15:34 INFO DiskBlockManager: Created local directory at /tmp/blockmgr-ed979750-33a1-46ce-bc72-21f03f0e2b8a
[2025-11-30T19:15:34.453+0000] {subprocess.py:93} INFO - 25/11/30 19:15:34 INFO MemoryStore: MemoryStore started with capacity 434.4 MiB
[2025-11-30T19:15:34.479+0000] {subprocess.py:93} INFO - 25/11/30 19:15:34 INFO SparkEnv: Registering OutputCommitCoordinator
[2025-11-30T19:15:34.645+0000] {subprocess.py:93} INFO - 25/11/30 19:15:34 INFO JettyUtils: Start Jetty 0.0.0.0:4040 for SparkUI
[2025-11-30T19:15:34.704+0000] {subprocess.py:93} INFO - 25/11/30 19:15:34 WARN Utils: Service 'SparkUI' could not bind on port 4040. Attempting port 4041.
[2025-11-30T19:15:34.716+0000] {subprocess.py:93} INFO - 25/11/30 19:15:34 INFO Utils: Successfully started service 'SparkUI' on port 4041.
[2025-11-30T19:15:34.861+0000] {subprocess.py:93} INFO - 25/11/30 19:15:34 INFO Executor: Starting executor ID driver on host 76c6f5c40d8c
[2025-11-30T19:15:34.862+0000] {subprocess.py:93} INFO - 25/11/30 19:15:34 INFO Executor: OS info Linux, 5.15.167.4-microsoft-standard-WSL2, amd64
[2025-11-30T19:15:34.862+0000] {subprocess.py:93} INFO - 25/11/30 19:15:34 INFO Executor: Java version 17.0.8.1
[2025-11-30T19:15:34.869+0000] {subprocess.py:93} INFO - 25/11/30 19:15:34 INFO Executor: Starting executor with user classpath (userClassPathFirst = false): ''
[2025-11-30T19:15:34.870+0000] {subprocess.py:93} INFO - 25/11/30 19:15:34 INFO Executor: Created or updated repl class loader org.apache.spark.util.MutableURLClassLoader@4ddd4835 for default.
[2025-11-30T19:15:34.894+0000] {subprocess.py:93} INFO - 25/11/30 19:15:34 INFO Utils: Successfully started service 'org.apache.spark.network.netty.NettyBlockTransferService' on port 39683.
[2025-11-30T19:15:34.894+0000] {subprocess.py:93} INFO - 25/11/30 19:15:34 INFO NettyBlockTransferService: Server created on 76c6f5c40d8c:39683
[2025-11-30T19:15:34.897+0000] {subprocess.py:93} INFO - 25/11/30 19:15:34 INFO BlockManager: Using org.apache.spark.storage.RandomBlockReplicationPolicy for block replication policy
[2025-11-30T19:15:34.904+0000] {subprocess.py:93} INFO - 25/11/30 19:15:34 INFO BlockManagerMaster: Registering BlockManager BlockManagerId(driver, 76c6f5c40d8c, 39683, None)
[2025-11-30T19:15:34.909+0000] {subprocess.py:93} INFO - 25/11/30 19:15:34 INFO BlockManagerMasterEndpoint: Registering block manager 76c6f5c40d8c:39683 with 434.4 MiB RAM, BlockManagerId(driver, 76c6f5c40d8c, 39683, None)
[2025-11-30T19:15:34.912+0000] {subprocess.py:93} INFO - 25/11/30 19:15:34 INFO BlockManagerMaster: Registered BlockManager BlockManagerId(driver, 76c6f5c40d8c, 39683, None)
[2025-11-30T19:15:34.913+0000] {subprocess.py:93} INFO - 25/11/30 19:15:34 INFO BlockManager: Initialized BlockManager: BlockManagerId(driver, 76c6f5c40d8c, 39683, None)
[2025-11-30T19:15:35.247+0000] {subprocess.py:93} INFO - 25/11/30 19:15:35 INFO SharedState: Setting hive.metastore.warehouse.dir ('null') to the value of spark.sql.warehouse.dir.
[2025-11-30T19:15:35.252+0000] {subprocess.py:93} INFO - 25/11/30 19:15:35 INFO SharedState: Warehouse path is 'file:/home/jovyan/spark-warehouse'.
[2025-11-30T19:15:36.656+0000] {subprocess.py:93} INFO - 25/11/30 19:15:36 INFO InMemoryFileIndex: It took 77 ms to list leaf files for 1 paths.
[2025-11-30T19:15:37.159+0000] {subprocess.py:93} INFO - 25/11/30 19:15:37 INFO SparkContext: Starting job: parquet at NativeMethodAccessorImpl.java:0
[2025-11-30T19:15:37.181+0000] {subprocess.py:93} INFO - 25/11/30 19:15:37 INFO DAGScheduler: Got job 0 (parquet at NativeMethodAccessorImpl.java:0) with 1 output partitions
[2025-11-30T19:15:37.182+0000] {subprocess.py:93} INFO - 25/11/30 19:15:37 INFO DAGScheduler: Final stage: ResultStage 0 (parquet at NativeMethodAccessorImpl.java:0)
[2025-11-30T19:15:37.182+0000] {subprocess.py:93} INFO - 25/11/30 19:15:37 INFO DAGScheduler: Parents of final stage: List()
[2025-11-30T19:15:37.184+0000] {subprocess.py:93} INFO - 25/11/30 19:15:37 INFO DAGScheduler: Missing parents: List()
[2025-11-30T19:15:37.189+0000] {subprocess.py:93} INFO - 25/11/30 19:15:37 INFO DAGScheduler: Submitting ResultStage 0 (MapPartitionsRDD[1] at parquet at NativeMethodAccessorImpl.java:0), which has no missing parents
[2025-11-30T19:15:37.263+0000] {subprocess.py:93} INFO - 25/11/30 19:15:37 INFO MemoryStore: Block broadcast_0 stored as values in memory (estimated size 103.1 KiB, free 434.3 MiB)
[2025-11-30T19:15:37.303+0000] {subprocess.py:93} INFO - 25/11/30 19:15:37 INFO MemoryStore: Block broadcast_0_piece0 stored as bytes in memory (estimated size 37.2 KiB, free 434.3 MiB)
[2025-11-30T19:15:37.307+0000] {subprocess.py:93} INFO - 25/11/30 19:15:37 INFO BlockManagerInfo: Added broadcast_0_piece0 in memory on 76c6f5c40d8c:39683 (size: 37.2 KiB, free: 434.4 MiB)
[2025-11-30T19:15:37.314+0000] {subprocess.py:93} INFO - 25/11/30 19:15:37 INFO SparkContext: Created broadcast 0 from broadcast at DAGScheduler.scala:1580
[2025-11-30T19:15:37.335+0000] {subprocess.py:93} INFO - 25/11/30 19:15:37 INFO DAGScheduler: Submitting 1 missing tasks from ResultStage 0 (MapPartitionsRDD[1] at parquet at NativeMethodAccessorImpl.java:0) (first 15 tasks are for partitions Vector(0))
[2025-11-30T19:15:37.337+0000] {subprocess.py:93} INFO - 25/11/30 19:15:37 INFO TaskSchedulerImpl: Adding task set 0.0 with 1 tasks resource profile 0
[2025-11-30T19:15:37.407+0000] {subprocess.py:93} INFO - 25/11/30 19:15:37 INFO TaskSetManager: Starting task 0.0 in stage 0.0 (TID 0) (76c6f5c40d8c, executor driver, partition 0, PROCESS_LOCAL, 7824 bytes)
[2025-11-30T19:15:37.431+0000] {subprocess.py:93} INFO - 25/11/30 19:15:37 INFO Executor: Running task 0.0 in stage 0.0 (TID 0)
[2025-11-30T19:15:37.876+0000] {subprocess.py:93} INFO - 25/11/30 19:15:37 INFO Executor: Finished task 0.0 in stage 0.0 (TID 0). 1931 bytes result sent to driver
[2025-11-30T19:15:37.889+0000] {subprocess.py:93} INFO - 25/11/30 19:15:37 INFO TaskSetManager: Finished task 0.0 in stage 0.0 (TID 0) in 512 ms on 76c6f5c40d8c (executor driver) (1/1)
[2025-11-30T19:15:37.892+0000] {subprocess.py:93} INFO - 25/11/30 19:15:37 INFO TaskSchedulerImpl: Removed TaskSet 0.0, whose tasks have all completed, from pool
[2025-11-30T19:15:37.901+0000] {subprocess.py:93} INFO - 25/11/30 19:15:37 INFO DAGScheduler: ResultStage 0 (parquet at NativeMethodAccessorImpl.java:0) finished in 0.697 s
[2025-11-30T19:15:37.907+0000] {subprocess.py:93} INFO - 25/11/30 19:15:37 INFO DAGScheduler: Job 0 is finished. Cancelling potential speculative or zombie tasks for this job
[2025-11-30T19:15:37.908+0000] {subprocess.py:93} INFO - 25/11/30 19:15:37 INFO TaskSchedulerImpl: Killing all running tasks in stage 0: Stage finished
[2025-11-30T19:15:37.910+0000] {subprocess.py:93} INFO - 25/11/30 19:15:37 INFO DAGScheduler: Job 0 finished: parquet at NativeMethodAccessorImpl.java:0, took 0.750612 s
[2025-11-30T19:15:38.190+0000] {subprocess.py:93} INFO - 25/11/30 19:15:38 INFO BlockManagerInfo: Removed broadcast_0_piece0 on 76c6f5c40d8c:39683 in memory (size: 37.2 KiB, free: 434.4 MiB)
[2025-11-30T19:15:38.556+0000] {subprocess.py:93} INFO - Input Schema:
[2025-11-30T19:15:38.577+0000] {subprocess.py:93} INFO - root
[2025-11-30T19:15:38.578+0000] {subprocess.py:93} INFO -  |-- title: string (nullable = true)
[2025-11-30T19:15:38.579+0000] {subprocess.py:93} INFO -  |-- price: string (nullable = true)
[2025-11-30T19:15:38.579+0000] {subprocess.py:93} INFO -  |-- currency: string (nullable = true)
[2025-11-30T19:15:38.579+0000] {subprocess.py:93} INFO -  |-- area_sqm: string (nullable = true)
[2025-11-30T19:15:38.580+0000] {subprocess.py:93} INFO -  |-- location: string (nullable = true)
[2025-11-30T19:15:38.580+0000] {subprocess.py:93} INFO -  |-- bedrooms: string (nullable = true)
[2025-11-30T19:15:38.581+0000] {subprocess.py:93} INFO -  |-- bathrooms: string (nullable = true)
[2025-11-30T19:15:38.581+0000] {subprocess.py:93} INFO -  |-- url: string (nullable = true)
[2025-11-30T19:15:38.581+0000] {subprocess.py:93} INFO - 
[2025-11-30T19:15:39.792+0000] {subprocess.py:93} INFO - 25/11/30 19:15:39 INFO FileSourceStrategy: Pushed Filters:
[2025-11-30T19:15:39.794+0000] {subprocess.py:93} INFO - 25/11/30 19:15:39 INFO FileSourceStrategy: Post-Scan Filters: atleastnnonnulls(2, title#0, price#1)
[2025-11-30T19:15:40.394+0000] {subprocess.py:93} INFO - 25/11/30 19:15:40 INFO CodeGenerator: Code generated in 326.508843 ms
[2025-11-30T19:15:40.417+0000] {subprocess.py:93} INFO - 25/11/30 19:15:40 INFO MemoryStore: Block broadcast_1 stored as values in memory (estimated size 201.6 KiB, free 434.2 MiB)
[2025-11-30T19:15:40.427+0000] {subprocess.py:93} INFO - 25/11/30 19:15:40 INFO MemoryStore: Block broadcast_1_piece0 stored as bytes in memory (estimated size 34.9 KiB, free 434.2 MiB)
[2025-11-30T19:15:40.428+0000] {subprocess.py:93} INFO - 25/11/30 19:15:40 INFO BlockManagerInfo: Added broadcast_1_piece0 in memory on 76c6f5c40d8c:39683 (size: 34.9 KiB, free: 434.4 MiB)
[2025-11-30T19:15:40.434+0000] {subprocess.py:93} INFO - 25/11/30 19:15:40 INFO SparkContext: Created broadcast 1 from parquet at NativeMethodAccessorImpl.java:0
[2025-11-30T19:15:40.449+0000] {subprocess.py:93} INFO - 25/11/30 19:15:40 INFO FileSourceScanExec: Planning scan with bin packing, max size: 4194304 bytes, open cost is considered as scanning 4194304 bytes.
[2025-11-30T19:15:40.559+0000] {subprocess.py:93} INFO - 25/11/30 19:15:40 INFO DAGScheduler: Registering RDD 5 (parquet at NativeMethodAccessorImpl.java:0) as input to shuffle 0
[2025-11-30T19:15:40.566+0000] {subprocess.py:93} INFO - 25/11/30 19:15:40 INFO DAGScheduler: Got map stage job 1 (parquet at NativeMethodAccessorImpl.java:0) with 1 output partitions
[2025-11-30T19:15:40.567+0000] {subprocess.py:93} INFO - 25/11/30 19:15:40 INFO DAGScheduler: Final stage: ShuffleMapStage 1 (parquet at NativeMethodAccessorImpl.java:0)
[2025-11-30T19:15:40.567+0000] {subprocess.py:93} INFO - 25/11/30 19:15:40 INFO DAGScheduler: Parents of final stage: List()
[2025-11-30T19:15:40.568+0000] {subprocess.py:93} INFO - 25/11/30 19:15:40 INFO DAGScheduler: Missing parents: List()
[2025-11-30T19:15:40.570+0000] {subprocess.py:93} INFO - 25/11/30 19:15:40 INFO DAGScheduler: Submitting ShuffleMapStage 1 (MapPartitionsRDD[5] at parquet at NativeMethodAccessorImpl.java:0), which has no missing parents
[2025-11-30T19:15:40.590+0000] {subprocess.py:93} INFO - 25/11/30 19:15:40 INFO MemoryStore: Block broadcast_2 stored as values in memory (estimated size 60.5 KiB, free 434.1 MiB)
[2025-11-30T19:15:40.594+0000] {subprocess.py:93} INFO - 25/11/30 19:15:40 INFO MemoryStore: Block broadcast_2_piece0 stored as bytes in memory (estimated size 22.3 KiB, free 434.1 MiB)
[2025-11-30T19:15:40.595+0000] {subprocess.py:93} INFO - 25/11/30 19:15:40 INFO BlockManagerInfo: Added broadcast_2_piece0 in memory on 76c6f5c40d8c:39683 (size: 22.3 KiB, free: 434.3 MiB)
[2025-11-30T19:15:40.597+0000] {subprocess.py:93} INFO - 25/11/30 19:15:40 INFO SparkContext: Created broadcast 2 from broadcast at DAGScheduler.scala:1580
[2025-11-30T19:15:40.601+0000] {subprocess.py:93} INFO - 25/11/30 19:15:40 INFO DAGScheduler: Submitting 1 missing tasks from ShuffleMapStage 1 (MapPartitionsRDD[5] at parquet at NativeMethodAccessorImpl.java:0) (first 15 tasks are for partitions Vector(0))
[2025-11-30T19:15:40.601+0000] {subprocess.py:93} INFO - 25/11/30 19:15:40 INFO TaskSchedulerImpl: Adding task set 1.0 with 1 tasks resource profile 0
[2025-11-30T19:15:40.609+0000] {subprocess.py:93} INFO - 25/11/30 19:15:40 INFO TaskSetManager: Starting task 0.0 in stage 1.0 (TID 1) (76c6f5c40d8c, executor driver, partition 0, ANY, 8281 bytes)
[2025-11-30T19:15:40.610+0000] {subprocess.py:93} INFO - 25/11/30 19:15:40 INFO Executor: Running task 0.0 in stage 1.0 (TID 1)
[2025-11-30T19:15:40.728+0000] {subprocess.py:93} INFO - 25/11/30 19:15:40 INFO CodeGenerator: Code generated in 59.035316 ms
[2025-11-30T19:15:40.768+0000] {subprocess.py:93} INFO - 25/11/30 19:15:40 INFO CodeGenerator: Code generated in 19.721058 ms
[2025-11-30T19:15:40.786+0000] {subprocess.py:93} INFO - 25/11/30 19:15:40 INFO CodeGenerator: Code generated in 5.542952 ms
[2025-11-30T19:15:40.817+0000] {subprocess.py:93} INFO - 25/11/30 19:15:40 INFO CodeGenerator: Code generated in 14.366914 ms
[2025-11-30T19:15:40.828+0000] {subprocess.py:93} INFO - 25/11/30 19:15:40 INFO FileScanRDD: Reading File path: hdfs://namenode:9000/datalake/bronze/bayutData/part-00000-44d35fe9-3d15-4aee-8e67-21d6c2a79a4a-c000.snappy.parquet, range: 0-131391, partition values: [empty row]
[2025-11-30T19:15:40.978+0000] {subprocess.py:93} INFO - 25/11/30 19:15:40 INFO CodecPool: Got brand-new decompressor [.snappy]
[2025-11-30T19:15:41.467+0000] {subprocess.py:93} INFO - 25/11/30 19:15:41 INFO Executor: Finished task 0.0 in stage 1.0 (TID 1). 3072 bytes result sent to driver
[2025-11-30T19:15:41.470+0000] {subprocess.py:93} INFO - 25/11/30 19:15:41 INFO TaskSetManager: Finished task 0.0 in stage 1.0 (TID 1) in 865 ms on 76c6f5c40d8c (executor driver) (1/1)
[2025-11-30T19:15:41.471+0000] {subprocess.py:93} INFO - 25/11/30 19:15:41 INFO TaskSchedulerImpl: Removed TaskSet 1.0, whose tasks have all completed, from pool
[2025-11-30T19:15:41.474+0000] {subprocess.py:93} INFO - 25/11/30 19:15:41 INFO DAGScheduler: ShuffleMapStage 1 (parquet at NativeMethodAccessorImpl.java:0) finished in 0.897 s
[2025-11-30T19:15:41.474+0000] {subprocess.py:93} INFO - 25/11/30 19:15:41 INFO DAGScheduler: looking for newly runnable stages
[2025-11-30T19:15:41.475+0000] {subprocess.py:93} INFO - 25/11/30 19:15:41 INFO DAGScheduler: running: Set()
[2025-11-30T19:15:41.475+0000] {subprocess.py:93} INFO - 25/11/30 19:15:41 INFO DAGScheduler: waiting: Set()
[2025-11-30T19:15:41.476+0000] {subprocess.py:93} INFO - 25/11/30 19:15:41 INFO DAGScheduler: failed: Set()
[2025-11-30T19:15:41.506+0000] {subprocess.py:93} INFO - 25/11/30 19:15:41 INFO ShufflePartitionsUtil: For shuffle(0), advisory target size: 67108864, actual target size 1048576, minimum partition size: 1048576
[2025-11-30T19:15:41.622+0000] {subprocess.py:93} INFO - 25/11/30 19:15:41 INFO ParquetUtils: Using default output committer for Parquet: org.apache.parquet.hadoop.ParquetOutputCommitter
[2025-11-30T19:15:41.698+0000] {subprocess.py:93} INFO - 25/11/30 19:15:41 INFO FileOutputCommitter: File Output Committer Algorithm version is 1
[2025-11-30T19:15:41.700+0000] {subprocess.py:93} INFO - 25/11/30 19:15:41 INFO FileOutputCommitter: FileOutputCommitter skip cleanup _temporary folders under output directory:false, ignore cleanup failures: false
[2025-11-30T19:15:41.701+0000] {subprocess.py:93} INFO - 25/11/30 19:15:41 INFO SQLHadoopMapReduceCommitProtocol: Using user defined output committer class org.apache.parquet.hadoop.ParquetOutputCommitter
[2025-11-30T19:15:41.702+0000] {subprocess.py:93} INFO - 25/11/30 19:15:41 INFO FileOutputCommitter: File Output Committer Algorithm version is 1
[2025-11-30T19:15:41.707+0000] {subprocess.py:93} INFO - 25/11/30 19:15:41 INFO FileOutputCommitter: FileOutputCommitter skip cleanup _temporary folders under output directory:false, ignore cleanup failures: false
[2025-11-30T19:15:41.708+0000] {subprocess.py:93} INFO - 25/11/30 19:15:41 INFO SQLHadoopMapReduceCommitProtocol: Using output committer class org.apache.parquet.hadoop.ParquetOutputCommitter
[2025-11-30T19:15:41.928+0000] {subprocess.py:93} INFO - 25/11/30 19:15:41 INFO CodeGenerator: Code generated in 152.801992 ms
[2025-11-30T19:15:42.103+0000] {subprocess.py:93} INFO - 25/11/30 19:15:41 INFO SparkContext: Starting job: parquet at NativeMethodAccessorImpl.java:0
[2025-11-30T19:15:42.105+0000] {subprocess.py:93} INFO - 25/11/30 19:15:42 INFO DAGScheduler: Got job 2 (parquet at NativeMethodAccessorImpl.java:0) with 1 output partitions
[2025-11-30T19:15:42.106+0000] {subprocess.py:93} INFO - 25/11/30 19:15:42 INFO DAGScheduler: Final stage: ResultStage 3 (parquet at NativeMethodAccessorImpl.java:0)
[2025-11-30T19:15:42.107+0000] {subprocess.py:93} INFO - 25/11/30 19:15:42 INFO DAGScheduler: Parents of final stage: List(ShuffleMapStage 2)
[2025-11-30T19:15:42.107+0000] {subprocess.py:93} INFO - 25/11/30 19:15:42 INFO DAGScheduler: Missing parents: List()
[2025-11-30T19:15:42.108+0000] {subprocess.py:93} INFO - 25/11/30 19:15:42 INFO DAGScheduler: Submitting ResultStage 3 (MapPartitionsRDD[8] at parquet at NativeMethodAccessorImpl.java:0), which has no missing parents
[2025-11-30T19:15:42.128+0000] {subprocess.py:93} INFO - 25/11/30 19:15:42 INFO BlockManagerInfo: Removed broadcast_2_piece0 on 76c6f5c40d8c:39683 in memory (size: 22.3 KiB, free: 434.4 MiB)
[2025-11-30T19:15:42.129+0000] {subprocess.py:93} INFO - 25/11/30 19:15:42 INFO MemoryStore: Block broadcast_3 stored as values in memory (estimated size 272.9 KiB, free 433.9 MiB)
[2025-11-30T19:15:42.131+0000] {subprocess.py:93} INFO - 25/11/30 19:15:42 INFO MemoryStore: Block broadcast_3_piece0 stored as bytes in memory (estimated size 99.0 KiB, free 433.8 MiB)
[2025-11-30T19:15:42.136+0000] {subprocess.py:93} INFO - 25/11/30 19:15:42 INFO BlockManagerInfo: Added broadcast_3_piece0 in memory on 76c6f5c40d8c:39683 (size: 99.0 KiB, free: 434.3 MiB)
[2025-11-30T19:15:42.146+0000] {subprocess.py:93} INFO - 25/11/30 19:15:42 INFO SparkContext: Created broadcast 3 from broadcast at DAGScheduler.scala:1580
[2025-11-30T19:15:42.147+0000] {subprocess.py:93} INFO - 25/11/30 19:15:42 INFO DAGScheduler: Submitting 1 missing tasks from ResultStage 3 (MapPartitionsRDD[8] at parquet at NativeMethodAccessorImpl.java:0) (first 15 tasks are for partitions Vector(0))
[2025-11-30T19:15:42.147+0000] {subprocess.py:93} INFO - 25/11/30 19:15:42 INFO TaskSchedulerImpl: Adding task set 3.0 with 1 tasks resource profile 0
[2025-11-30T19:15:42.148+0000] {subprocess.py:93} INFO - 25/11/30 19:15:42 INFO TaskSetManager: Starting task 0.0 in stage 3.0 (TID 2) (76c6f5c40d8c, executor driver, partition 0, NODE_LOCAL, 7615 bytes)
[2025-11-30T19:15:42.149+0000] {subprocess.py:93} INFO - 25/11/30 19:15:42 INFO Executor: Running task 0.0 in stage 3.0 (TID 2)
[2025-11-30T19:15:42.858+0000] {subprocess.py:93} INFO - 25/11/30 19:15:42 INFO ShuffleBlockFetcherIterator: Getting 1 (443.3 KiB) non-empty blocks including 1 (443.3 KiB) local and 0 (0.0 B) host-local and 0 (0.0 B) push-merged-local and 0 (0.0 B) remote blocks
[2025-11-30T19:15:42.870+0000] {subprocess.py:93} INFO - 25/11/30 19:15:42 INFO ShuffleBlockFetcherIterator: Started 0 remote fetches in 28 ms
[2025-11-30T19:15:42.873+0000] {subprocess.py:93} INFO - 25/11/30 19:15:42 INFO CodeGenerator: Code generated in 92.138661 ms
[2025-11-30T19:15:42.875+0000] {subprocess.py:93} INFO - 25/11/30 19:15:42 INFO FileOutputCommitter: File Output Committer Algorithm version is 1
[2025-11-30T19:15:42.876+0000] {subprocess.py:93} INFO - 25/11/30 19:15:42 INFO FileOutputCommitter: FileOutputCommitter skip cleanup _temporary folders under output directory:false, ignore cleanup failures: false
[2025-11-30T19:15:42.876+0000] {subprocess.py:93} INFO - 25/11/30 19:15:42 INFO SQLHadoopMapReduceCommitProtocol: Using user defined output committer class org.apache.parquet.hadoop.ParquetOutputCommitter
[2025-11-30T19:15:42.877+0000] {subprocess.py:93} INFO - 25/11/30 19:15:42 INFO FileOutputCommitter: File Output Committer Algorithm version is 1
[2025-11-30T19:15:42.878+0000] {subprocess.py:93} INFO - 25/11/30 19:15:42 INFO FileOutputCommitter: FileOutputCommitter skip cleanup _temporary folders under output directory:false, ignore cleanup failures: false
[2025-11-30T19:15:42.878+0000] {subprocess.py:93} INFO - 25/11/30 19:15:42 INFO SQLHadoopMapReduceCommitProtocol: Using output committer class org.apache.parquet.hadoop.ParquetOutputCommitter
[2025-11-30T19:15:42.879+0000] {subprocess.py:93} INFO - 25/11/30 19:15:42 INFO CodecConfig: Compression: SNAPPY
[2025-11-30T19:15:42.880+0000] {subprocess.py:93} INFO - 25/11/30 19:15:42 INFO CodecConfig: Compression: SNAPPY
[2025-11-30T19:15:42.881+0000] {subprocess.py:93} INFO - 25/11/30 19:15:42 INFO ParquetOutputFormat: ParquetRecordWriter [block size: 134217728b, row group padding size: 8388608b, validating: false]
[2025-11-30T19:15:42.882+0000] {subprocess.py:93} INFO - 25/11/30 19:15:42 INFO ParquetWriteSupport: Initialized Parquet WriteSupport with Catalyst schema:
[2025-11-30T19:15:42.882+0000] {subprocess.py:93} INFO - {
[2025-11-30T19:15:42.883+0000] {subprocess.py:93} INFO -   "type" : "struct",
[2025-11-30T19:15:42.884+0000] {subprocess.py:93} INFO -   "fields" : [ {
[2025-11-30T19:15:42.888+0000] {subprocess.py:93} INFO -     "name" : "title",
[2025-11-30T19:15:42.890+0000] {subprocess.py:93} INFO -     "type" : "string",
[2025-11-30T19:15:42.891+0000] {subprocess.py:93} INFO -     "nullable" : true,
[2025-11-30T19:15:42.892+0000] {subprocess.py:93} INFO -     "metadata" : { }
[2025-11-30T19:15:42.893+0000] {subprocess.py:93} INFO -   }, {
[2025-11-30T19:15:42.893+0000] {subprocess.py:93} INFO -     "name" : "url",
[2025-11-30T19:15:42.894+0000] {subprocess.py:93} INFO -     "type" : "string",
[2025-11-30T19:15:42.894+0000] {subprocess.py:93} INFO -     "nullable" : true,
[2025-11-30T19:15:42.896+0000] {subprocess.py:93} INFO -     "metadata" : { }
[2025-11-30T19:15:42.896+0000] {subprocess.py:93} INFO -   }, {
[2025-11-30T19:15:42.897+0000] {subprocess.py:93} INFO -     "name" : "price",
[2025-11-30T19:15:42.898+0000] {subprocess.py:93} INFO -     "type" : "integer",
[2025-11-30T19:15:42.898+0000] {subprocess.py:93} INFO -     "nullable" : true,
[2025-11-30T19:15:42.899+0000] {subprocess.py:93} INFO -     "metadata" : { }
[2025-11-30T19:15:42.899+0000] {subprocess.py:93} INFO -   }, {
[2025-11-30T19:15:42.900+0000] {subprocess.py:93} INFO -     "name" : "location",
[2025-11-30T19:15:42.900+0000] {subprocess.py:93} INFO -     "type" : "string",
[2025-11-30T19:15:42.901+0000] {subprocess.py:93} INFO -     "nullable" : true,
[2025-11-30T19:15:42.901+0000] {subprocess.py:93} INFO -     "metadata" : { }
[2025-11-30T19:15:42.902+0000] {subprocess.py:93} INFO -   }, {
[2025-11-30T19:15:42.902+0000] {subprocess.py:93} INFO -     "name" : "area_sqm",
[2025-11-30T19:15:42.903+0000] {subprocess.py:93} INFO -     "type" : "double",
[2025-11-30T19:15:42.903+0000] {subprocess.py:93} INFO -     "nullable" : true,
[2025-11-30T19:15:42.904+0000] {subprocess.py:93} INFO -     "metadata" : { }
[2025-11-30T19:15:42.904+0000] {subprocess.py:93} INFO -   }, {
[2025-11-30T19:15:42.905+0000] {subprocess.py:93} INFO -     "name" : "bedrooms",
[2025-11-30T19:15:42.905+0000] {subprocess.py:93} INFO -     "type" : "integer",
[2025-11-30T19:15:42.906+0000] {subprocess.py:93} INFO -     "nullable" : true,
[2025-11-30T19:15:42.906+0000] {subprocess.py:93} INFO -     "metadata" : { }
[2025-11-30T19:15:42.906+0000] {subprocess.py:93} INFO -   }, {
[2025-11-30T19:15:42.907+0000] {subprocess.py:93} INFO -     "name" : "bathrooms",
[2025-11-30T19:15:42.908+0000] {subprocess.py:93} INFO -     "type" : "integer",
[2025-11-30T19:15:42.909+0000] {subprocess.py:93} INFO -     "nullable" : true,
[2025-11-30T19:15:42.909+0000] {subprocess.py:93} INFO -     "metadata" : { }
[2025-11-30T19:15:42.909+0000] {subprocess.py:93} INFO -   }, {
[2025-11-30T19:15:42.910+0000] {subprocess.py:93} INFO -     "name" : "property_type",
[2025-11-30T19:15:42.911+0000] {subprocess.py:93} INFO -     "type" : "string",
[2025-11-30T19:15:42.911+0000] {subprocess.py:93} INFO -     "nullable" : false,
[2025-11-30T19:15:42.912+0000] {subprocess.py:93} INFO -     "metadata" : { }
[2025-11-30T19:15:42.912+0000] {subprocess.py:93} INFO -   } ]
[2025-11-30T19:15:42.913+0000] {subprocess.py:93} INFO - }
[2025-11-30T19:15:42.913+0000] {subprocess.py:93} INFO - and corresponding Parquet message type:
[2025-11-30T19:15:42.914+0000] {subprocess.py:93} INFO - message spark_schema {
[2025-11-30T19:15:42.914+0000] {subprocess.py:93} INFO -   optional binary title (STRING);
[2025-11-30T19:15:42.915+0000] {subprocess.py:93} INFO -   optional binary url (STRING);
[2025-11-30T19:15:42.915+0000] {subprocess.py:93} INFO -   optional int32 price;
[2025-11-30T19:15:42.916+0000] {subprocess.py:93} INFO -   optional binary location (STRING);
[2025-11-30T19:15:42.916+0000] {subprocess.py:93} INFO -   optional double area_sqm;
[2025-11-30T19:15:42.917+0000] {subprocess.py:93} INFO -   optional int32 bedrooms;
[2025-11-30T19:15:42.917+0000] {subprocess.py:93} INFO -   optional int32 bathrooms;
[2025-11-30T19:15:42.918+0000] {subprocess.py:93} INFO -   required binary property_type (STRING);
[2025-11-30T19:15:42.918+0000] {subprocess.py:93} INFO - }
[2025-11-30T19:15:42.918+0000] {subprocess.py:93} INFO - 
[2025-11-30T19:15:42.919+0000] {subprocess.py:93} INFO - 
[2025-11-30T19:15:42.919+0000] {subprocess.py:93} INFO - 25/11/30 19:15:42 INFO CodecPool: Got brand-new compressor [.snappy]
[2025-11-30T19:15:43.118+0000] {subprocess.py:93} INFO - 25/11/30 19:15:43 INFO FileOutputCommitter: Saved output of task 'attempt_202511301915412971702824891072467_0003_m_000000_2' to hdfs://namenode:9000/datalake/silver/cleaned_bayut/_temporary/0/task_202511301915412971702824891072467_0003_m_000000
[2025-11-30T19:15:43.119+0000] {subprocess.py:93} INFO - 25/11/30 19:15:43 INFO SparkHadoopMapRedUtil: attempt_202511301915412971702824891072467_0003_m_000000_2: Committed. Elapsed time: 14 ms.
[2025-11-30T19:15:43.136+0000] {subprocess.py:93} INFO - 25/11/30 19:15:43 INFO Executor: Finished task 0.0 in stage 3.0 (TID 2). 6401 bytes result sent to driver
[2025-11-30T19:15:43.142+0000] {subprocess.py:93} INFO - 25/11/30 19:15:43 INFO TaskSetManager: Finished task 0.0 in stage 3.0 (TID 2) in 1000 ms on 76c6f5c40d8c (executor driver) (1/1)
[2025-11-30T19:15:43.144+0000] {subprocess.py:93} INFO - 25/11/30 19:15:43 INFO DAGScheduler: ResultStage 3 (parquet at NativeMethodAccessorImpl.java:0) finished in 1.110 s
[2025-11-30T19:15:43.145+0000] {subprocess.py:93} INFO - 25/11/30 19:15:43 INFO DAGScheduler: Job 2 is finished. Cancelling potential speculative or zombie tasks for this job
[2025-11-30T19:15:43.147+0000] {subprocess.py:93} INFO - 25/11/30 19:15:43 INFO TaskSchedulerImpl: Removed TaskSet 3.0, whose tasks have all completed, from pool
[2025-11-30T19:15:43.147+0000] {subprocess.py:93} INFO - 25/11/30 19:15:43 INFO TaskSchedulerImpl: Killing all running tasks in stage 3: Stage finished
[2025-11-30T19:15:43.149+0000] {subprocess.py:93} INFO - 25/11/30 19:15:43 INFO DAGScheduler: Job 2 finished: parquet at NativeMethodAccessorImpl.java:0, took 1.149772 s
[2025-11-30T19:15:43.150+0000] {subprocess.py:93} INFO - 25/11/30 19:15:43 INFO FileFormatWriter: Start to commit write Job 3c5a21ad-bd07-4b0c-ad69-5a23dd1b5a24.
[2025-11-30T19:15:43.213+0000] {subprocess.py:93} INFO - 25/11/30 19:15:43 INFO FileFormatWriter: Write Job 3c5a21ad-bd07-4b0c-ad69-5a23dd1b5a24 committed. Elapsed time: 55 ms.
[2025-11-30T19:15:43.214+0000] {subprocess.py:93} INFO - 25/11/30 19:15:43 INFO FileFormatWriter: Finished processing stats for write job 3c5a21ad-bd07-4b0c-ad69-5a23dd1b5a24.
[2025-11-30T19:15:43.229+0000] {subprocess.py:93} INFO - ✅ Bayut cleaned data saved to hdfs://namenode:9000/datalake/silver/cleaned_bayut
[2025-11-30T19:15:43.235+0000] {subprocess.py:93} INFO - 25/11/30 19:15:43 INFO SparkContext: SparkContext is stopping with exitCode 0.
[2025-11-30T19:15:43.296+0000] {subprocess.py:93} INFO - 25/11/30 19:15:43 INFO SparkUI: Stopped Spark web UI at http://76c6f5c40d8c:4041
[2025-11-30T19:15:43.333+0000] {subprocess.py:93} INFO - 25/11/30 19:15:43 INFO MapOutputTrackerMasterEndpoint: MapOutputTrackerMasterEndpoint stopped!
[2025-11-30T19:15:43.369+0000] {subprocess.py:93} INFO - 25/11/30 19:15:43 INFO MemoryStore: MemoryStore cleared
[2025-11-30T19:15:43.370+0000] {subprocess.py:93} INFO - 25/11/30 19:15:43 INFO BlockManager: BlockManager stopped
[2025-11-30T19:15:43.377+0000] {subprocess.py:93} INFO - 25/11/30 19:15:43 INFO BlockManagerMaster: BlockManagerMaster stopped
[2025-11-30T19:15:43.388+0000] {subprocess.py:93} INFO - 25/11/30 19:15:43 INFO OutputCommitCoordinator$OutputCommitCoordinatorEndpoint: OutputCommitCoordinator stopped!
[2025-11-30T19:15:43.416+0000] {subprocess.py:93} INFO - 25/11/30 19:15:43 INFO SparkContext: Successfully stopped SparkContext
[2025-11-30T19:15:43.781+0000] {subprocess.py:93} INFO - 25/11/30 19:15:43 INFO ShutdownHookManager: Shutdown hook called
[2025-11-30T19:15:43.782+0000] {subprocess.py:93} INFO - 25/11/30 19:15:43 INFO ShutdownHookManager: Deleting directory /tmp/spark-607cb3fb-be9e-42e6-a082-07d76c2d3202
[2025-11-30T19:15:43.785+0000] {subprocess.py:93} INFO - 25/11/30 19:15:43 INFO ShutdownHookManager: Deleting directory /tmp/spark-ab45d451-97f2-432b-a436-c3cb35223530
[2025-11-30T19:15:43.789+0000] {subprocess.py:93} INFO - 25/11/30 19:15:43 INFO ShutdownHookManager: Deleting directory /tmp/spark-607cb3fb-be9e-42e6-a082-07d76c2d3202/pyspark-53e31056-29ec-4b3c-9f5d-d40e50236796
[2025-11-30T19:15:43.841+0000] {subprocess.py:97} INFO - Command exited with return code 0
[2025-11-30T19:15:43.842+0000] {taskinstance.py:441} INFO - ::group::Post task execution logs
[2025-11-30T19:15:43.861+0000] {taskinstance.py:1206} INFO - Marking task as SUCCESS. dag_id=real_estate_etl_pipeline, task_id=clean_bayut, run_id=manual__2025-11-30T18:25:30.102845+00:00, execution_date=20251130T182530, start_date=20251130T191530, end_date=20251130T191543
[2025-11-30T19:15:43.880+0000] {local_task_job_runner.py:240} INFO - Task exited with return code 0
[2025-11-30T19:15:43.899+0000] {taskinstance.py:3503} INFO - 1 downstream tasks scheduled from follow-on schedule check
[2025-11-30T19:15:43.901+0000] {local_task_job_runner.py:222} INFO - ::endgroup::
