[2025-11-30T19:01:59.469+0000] {local_task_job_runner.py:120} INFO - ::group::Pre task execution logs
[2025-11-30T19:01:59.490+0000] {taskinstance.py:2076} INFO - Dependencies all met for dep_context=non-requeueable deps ti=<TaskInstance: real_estate_etl_pipeline.clean_bayut manual__2025-11-30T18:25:30.102845+00:00 [queued]>
[2025-11-30T19:01:59.497+0000] {taskinstance.py:2076} INFO - Dependencies all met for dep_context=requeueable deps ti=<TaskInstance: real_estate_etl_pipeline.clean_bayut manual__2025-11-30T18:25:30.102845+00:00 [queued]>
[2025-11-30T19:01:59.499+0000] {taskinstance.py:2306} INFO - Starting attempt 4 of 5
[2025-11-30T19:01:59.509+0000] {taskinstance.py:2330} INFO - Executing <Task(BashOperator): clean_bayut> on 2025-11-30 18:25:30.102845+00:00
[2025-11-30T19:01:59.516+0000] {warnings.py:112} WARNING - /home/***/.local/lib/python3.12/site-packages/***/task/task_runner/standard_task_runner.py:61: DeprecationWarning: This process (pid=393) is multi-threaded, use of fork() may lead to deadlocks in the child.
  pid = os.fork()

[2025-11-30T19:01:59.519+0000] {standard_task_runner.py:63} INFO - Started process 395 to run task
[2025-11-30T19:01:59.518+0000] {standard_task_runner.py:90} INFO - Running: ['***', 'tasks', 'run', 'real_estate_etl_pipeline', 'clean_bayut', 'manual__2025-11-30T18:25:30.102845+00:00', '--job-id', '25', '--raw', '--subdir', 'DAGS_FOLDER/scraping_dag.py', '--cfg-path', '/tmp/tmpovwlvo09']
[2025-11-30T19:01:59.521+0000] {standard_task_runner.py:91} INFO - Job 25: Subtask clean_bayut
[2025-11-30T19:01:59.585+0000] {task_command.py:426} INFO - Running <TaskInstance: real_estate_etl_pipeline.clean_bayut manual__2025-11-30T18:25:30.102845+00:00 [running]> on host 9a9a5f972fcd
[2025-11-30T19:01:59.657+0000] {taskinstance.py:2648} INFO - Exporting env vars: AIRFLOW_CTX_DAG_OWNER='***' AIRFLOW_CTX_DAG_ID='real_estate_etl_pipeline' AIRFLOW_CTX_TASK_ID='clean_bayut' AIRFLOW_CTX_EXECUTION_DATE='2025-11-30T18:25:30.102845+00:00' AIRFLOW_CTX_TRY_NUMBER='4' AIRFLOW_CTX_DAG_RUN_ID='manual__2025-11-30T18:25:30.102845+00:00'
[2025-11-30T19:01:59.659+0000] {taskinstance.py:430} INFO - ::endgroup::
[2025-11-30T19:01:59.660+0000] {subprocess.py:63} INFO - Tmp dir root location: /tmp
[2025-11-30T19:01:59.662+0000] {subprocess.py:75} INFO - Running command: ['/usr/bin/bash', '-c', 'docker exec jupyter spark-submit --master local[*] /data/Cleaning_Layer_Pyspark/clean_bayut.py']
[2025-11-30T19:01:59.676+0000] {subprocess.py:86} INFO - Output:
[2025-11-30T19:02:02.309+0000] {subprocess.py:93} INFO - 25/11/30 19:02:02 INFO SparkContext: Running Spark version 3.5.0
[2025-11-30T19:02:02.310+0000] {subprocess.py:93} INFO - 25/11/30 19:02:02 INFO SparkContext: OS info Linux, 5.15.167.4-microsoft-standard-WSL2, amd64
[2025-11-30T19:02:02.311+0000] {subprocess.py:93} INFO - 25/11/30 19:02:02 INFO SparkContext: Java version 17.0.8.1
[2025-11-30T19:02:02.353+0000] {subprocess.py:93} INFO - 25/11/30 19:02:02 WARN NativeCodeLoader: Unable to load native-hadoop library for your platform... using builtin-java classes where applicable
[2025-11-30T19:02:02.418+0000] {subprocess.py:93} INFO - 25/11/30 19:02:02 INFO ResourceUtils: ==============================================================
[2025-11-30T19:02:02.419+0000] {subprocess.py:93} INFO - 25/11/30 19:02:02 INFO ResourceUtils: No custom resources configured for spark.driver.
[2025-11-30T19:02:02.419+0000] {subprocess.py:93} INFO - 25/11/30 19:02:02 INFO ResourceUtils: ==============================================================
[2025-11-30T19:02:02.420+0000] {subprocess.py:93} INFO - 25/11/30 19:02:02 INFO SparkContext: Submitted application: Clean_Bayut
[2025-11-30T19:02:02.434+0000] {subprocess.py:93} INFO - 25/11/30 19:02:02 INFO ResourceProfile: Default ResourceProfile created, executor resources: Map(cores -> name: cores, amount: 1, script: , vendor: , memory -> name: memory, amount: 1024, script: , vendor: , offHeap -> name: offHeap, amount: 0, script: , vendor: ), task resources: Map(cpus -> name: cpus, amount: 1.0)
[2025-11-30T19:02:02.440+0000] {subprocess.py:93} INFO - 25/11/30 19:02:02 INFO ResourceProfile: Limiting resource is cpu
[2025-11-30T19:02:02.440+0000] {subprocess.py:93} INFO - 25/11/30 19:02:02 INFO ResourceProfileManager: Added ResourceProfile id: 0
[2025-11-30T19:02:02.475+0000] {subprocess.py:93} INFO - 25/11/30 19:02:02 INFO SecurityManager: Changing view acls to: jovyan
[2025-11-30T19:02:02.476+0000] {subprocess.py:93} INFO - 25/11/30 19:02:02 INFO SecurityManager: Changing modify acls to: jovyan
[2025-11-30T19:02:02.476+0000] {subprocess.py:93} INFO - 25/11/30 19:02:02 INFO SecurityManager: Changing view acls groups to:
[2025-11-30T19:02:02.477+0000] {subprocess.py:93} INFO - 25/11/30 19:02:02 INFO SecurityManager: Changing modify acls groups to:
[2025-11-30T19:02:02.477+0000] {subprocess.py:93} INFO - 25/11/30 19:02:02 INFO SecurityManager: SecurityManager: authentication disabled; ui acls disabled; users with view permissions: jovyan; groups with view permissions: EMPTY; users with modify permissions: jovyan; groups with modify permissions: EMPTY
[2025-11-30T19:02:02.761+0000] {subprocess.py:93} INFO - 25/11/30 19:02:02 INFO Utils: Successfully started service 'sparkDriver' on port 44907.
[2025-11-30T19:02:02.819+0000] {subprocess.py:93} INFO - 25/11/30 19:02:02 INFO SparkEnv: Registering MapOutputTracker
[2025-11-30T19:02:02.876+0000] {subprocess.py:93} INFO - 25/11/30 19:02:02 INFO SparkEnv: Registering BlockManagerMaster
[2025-11-30T19:02:02.886+0000] {subprocess.py:93} INFO - 25/11/30 19:02:02 INFO BlockManagerMasterEndpoint: Using org.apache.spark.storage.DefaultTopologyMapper for getting topology information
[2025-11-30T19:02:02.887+0000] {subprocess.py:93} INFO - 25/11/30 19:02:02 INFO BlockManagerMasterEndpoint: BlockManagerMasterEndpoint up
[2025-11-30T19:02:02.890+0000] {subprocess.py:93} INFO - 25/11/30 19:02:02 INFO SparkEnv: Registering BlockManagerMasterHeartbeat
[2025-11-30T19:02:02.916+0000] {subprocess.py:93} INFO - 25/11/30 19:02:02 INFO DiskBlockManager: Created local directory at /tmp/blockmgr-4ddb7f95-342e-49e3-851c-53325b6a0b22
[2025-11-30T19:02:02.932+0000] {subprocess.py:93} INFO - 25/11/30 19:02:02 INFO MemoryStore: MemoryStore started with capacity 434.4 MiB
[2025-11-30T19:02:02.948+0000] {subprocess.py:93} INFO - 25/11/30 19:02:02 INFO SparkEnv: Registering OutputCommitCoordinator
[2025-11-30T19:02:03.062+0000] {subprocess.py:93} INFO - 25/11/30 19:02:03 INFO JettyUtils: Start Jetty 0.0.0.0:4040 for SparkUI
[2025-11-30T19:02:03.111+0000] {subprocess.py:93} INFO - 25/11/30 19:02:03 INFO Utils: Successfully started service 'SparkUI' on port 4040.
[2025-11-30T19:02:03.209+0000] {subprocess.py:93} INFO - 25/11/30 19:02:03 INFO Executor: Starting executor ID driver on host 76c6f5c40d8c
[2025-11-30T19:02:03.210+0000] {subprocess.py:93} INFO - 25/11/30 19:02:03 INFO Executor: OS info Linux, 5.15.167.4-microsoft-standard-WSL2, amd64
[2025-11-30T19:02:03.211+0000] {subprocess.py:93} INFO - 25/11/30 19:02:03 INFO Executor: Java version 17.0.8.1
[2025-11-30T19:02:03.219+0000] {subprocess.py:93} INFO - 25/11/30 19:02:03 INFO Executor: Starting executor with user classpath (userClassPathFirst = false): ''
[2025-11-30T19:02:03.220+0000] {subprocess.py:93} INFO - 25/11/30 19:02:03 INFO Executor: Created or updated repl class loader org.apache.spark.util.MutableURLClassLoader@479fb907 for default.
[2025-11-30T19:02:03.238+0000] {subprocess.py:93} INFO - 25/11/30 19:02:03 INFO Utils: Successfully started service 'org.apache.spark.network.netty.NettyBlockTransferService' on port 35063.
[2025-11-30T19:02:03.239+0000] {subprocess.py:93} INFO - 25/11/30 19:02:03 INFO NettyBlockTransferService: Server created on 76c6f5c40d8c:35063
[2025-11-30T19:02:03.241+0000] {subprocess.py:93} INFO - 25/11/30 19:02:03 INFO BlockManager: Using org.apache.spark.storage.RandomBlockReplicationPolicy for block replication policy
[2025-11-30T19:02:03.249+0000] {subprocess.py:93} INFO - 25/11/30 19:02:03 INFO BlockManagerMaster: Registering BlockManager BlockManagerId(driver, 76c6f5c40d8c, 35063, None)
[2025-11-30T19:02:03.254+0000] {subprocess.py:93} INFO - 25/11/30 19:02:03 INFO BlockManagerMasterEndpoint: Registering block manager 76c6f5c40d8c:35063 with 434.4 MiB RAM, BlockManagerId(driver, 76c6f5c40d8c, 35063, None)
[2025-11-30T19:02:03.256+0000] {subprocess.py:93} INFO - 25/11/30 19:02:03 INFO BlockManagerMaster: Registered BlockManager BlockManagerId(driver, 76c6f5c40d8c, 35063, None)
[2025-11-30T19:02:03.257+0000] {subprocess.py:93} INFO - 25/11/30 19:02:03 INFO BlockManager: Initialized BlockManager: BlockManagerId(driver, 76c6f5c40d8c, 35063, None)
[2025-11-30T19:02:03.712+0000] {subprocess.py:93} INFO - 25/11/30 19:02:03 INFO SharedState: Setting hive.metastore.warehouse.dir ('null') to the value of spark.sql.warehouse.dir.
[2025-11-30T19:02:03.720+0000] {subprocess.py:93} INFO - 25/11/30 19:02:03 INFO SharedState: Warehouse path is 'file:/home/jovyan/spark-warehouse'.
[2025-11-30T19:02:05.580+0000] {subprocess.py:93} INFO - Traceback (most recent call last):
[2025-11-30T19:02:05.580+0000] {subprocess.py:93} INFO -   File "/data/Cleaning_Layer_Pyspark/clean_bayut.py", line 72, in <module>
[2025-11-30T19:02:05.584+0000] {subprocess.py:93} INFO -     main()
[2025-11-30T19:02:05.585+0000] {subprocess.py:93} INFO -   File "/data/Cleaning_Layer_Pyspark/clean_bayut.py", line 9, in main
[2025-11-30T19:02:05.589+0000] {subprocess.py:93} INFO -     df = spark.read.parquet("hdfs://namenode:9000/datalake/bronze/bayutData")
[2025-11-30T19:02:05.590+0000] {subprocess.py:93} INFO -          ^^^^^^^^^^^^^^^^^^^^^^^^^^^^^^^^^^^^^^^^^^^^^^^^^^^^^^^^^^^^^^^^^^^^
[2025-11-30T19:02:05.590+0000] {subprocess.py:93} INFO -   File "/usr/local/spark/python/lib/pyspark.zip/pyspark/sql/readwriter.py", line 544, in parquet
[2025-11-30T19:02:05.591+0000] {subprocess.py:93} INFO -   File "/usr/local/spark/python/lib/py4j-0.10.9.7-src.zip/py4j/java_gateway.py", line 1322, in __call__
[2025-11-30T19:02:05.592+0000] {subprocess.py:93} INFO -   File "/usr/local/spark/python/lib/pyspark.zip/pyspark/errors/exceptions/captured.py", line 185, in deco
[2025-11-30T19:02:05.614+0000] {subprocess.py:93} INFO - pyspark.errors.exceptions.captured.AnalysisException: [PATH_NOT_FOUND] Path does not exist: hdfs://namenode:9000/datalake/bronze/bayutData.
[2025-11-30T19:02:05.684+0000] {subprocess.py:93} INFO - 25/11/30 19:02:05 INFO SparkContext: Invoking stop() from shutdown hook
[2025-11-30T19:02:05.685+0000] {subprocess.py:93} INFO - 25/11/30 19:02:05 INFO SparkContext: SparkContext is stopping with exitCode 0.
[2025-11-30T19:02:05.704+0000] {subprocess.py:93} INFO - 25/11/30 19:02:05 INFO SparkUI: Stopped Spark web UI at http://76c6f5c40d8c:4040
[2025-11-30T19:02:05.723+0000] {subprocess.py:93} INFO - 25/11/30 19:02:05 INFO MapOutputTrackerMasterEndpoint: MapOutputTrackerMasterEndpoint stopped!
[2025-11-30T19:02:05.743+0000] {subprocess.py:93} INFO - 25/11/30 19:02:05 INFO MemoryStore: MemoryStore cleared
[2025-11-30T19:02:05.744+0000] {subprocess.py:93} INFO - 25/11/30 19:02:05 INFO BlockManager: BlockManager stopped
[2025-11-30T19:02:05.750+0000] {subprocess.py:93} INFO - 25/11/30 19:02:05 INFO BlockManagerMaster: BlockManagerMaster stopped
[2025-11-30T19:02:05.755+0000] {subprocess.py:93} INFO - 25/11/30 19:02:05 INFO OutputCommitCoordinator$OutputCommitCoordinatorEndpoint: OutputCommitCoordinator stopped!
[2025-11-30T19:02:05.770+0000] {subprocess.py:93} INFO - 25/11/30 19:02:05 INFO SparkContext: Successfully stopped SparkContext
[2025-11-30T19:02:05.771+0000] {subprocess.py:93} INFO - 25/11/30 19:02:05 INFO ShutdownHookManager: Shutdown hook called
[2025-11-30T19:02:05.772+0000] {subprocess.py:93} INFO - 25/11/30 19:02:05 INFO ShutdownHookManager: Deleting directory /tmp/spark-d5d28258-6b7f-4313-809d-d91f529bb9af
[2025-11-30T19:02:05.780+0000] {subprocess.py:93} INFO - 25/11/30 19:02:05 INFO ShutdownHookManager: Deleting directory /tmp/spark-a45349f1-ff47-4cc6-a07a-19199b039a20
[2025-11-30T19:02:05.786+0000] {subprocess.py:93} INFO - 25/11/30 19:02:05 INFO ShutdownHookManager: Deleting directory /tmp/spark-d5d28258-6b7f-4313-809d-d91f529bb9af/pyspark-05667a95-9f93-4d89-a950-52cdb80de040
[2025-11-30T19:02:05.834+0000] {subprocess.py:97} INFO - Command exited with return code 1
[2025-11-30T19:02:05.835+0000] {taskinstance.py:441} INFO - ::group::Post task execution logs
[2025-11-30T19:02:05.846+0000] {taskinstance.py:2905} ERROR - Task failed with exception
Traceback (most recent call last):
  File "/home/airflow/.local/lib/python3.12/site-packages/airflow/models/taskinstance.py", line 465, in _execute_task
    result = _execute_callable(context=context, **execute_callable_kwargs)
             ^^^^^^^^^^^^^^^^^^^^^^^^^^^^^^^^^^^^^^^^^^^^^^^^^^^^^^^^^^^^^
  File "/home/airflow/.local/lib/python3.12/site-packages/airflow/models/taskinstance.py", line 432, in _execute_callable
    return execute_callable(context=context, **execute_callable_kwargs)
           ^^^^^^^^^^^^^^^^^^^^^^^^^^^^^^^^^^^^^^^^^^^^^^^^^^^^^^^^^^^^
  File "/home/airflow/.local/lib/python3.12/site-packages/airflow/models/baseoperator.py", line 401, in wrapper
    return func(self, *args, **kwargs)
           ^^^^^^^^^^^^^^^^^^^^^^^^^^^
  File "/home/airflow/.local/lib/python3.12/site-packages/airflow/operators/bash.py", line 243, in execute
    raise AirflowException(
airflow.exceptions.AirflowException: Bash command failed. The command returned a non-zero exit code 1.
[2025-11-30T19:02:05.853+0000] {taskinstance.py:1206} INFO - Marking task as UP_FOR_RETRY. dag_id=real_estate_etl_pipeline, task_id=clean_bayut, run_id=manual__2025-11-30T18:25:30.102845+00:00, execution_date=20251130T182530, start_date=20251130T190159, end_date=20251130T190205
[2025-11-30T19:02:05.874+0000] {standard_task_runner.py:110} ERROR - Failed to execute job 25 for task clean_bayut (Bash command failed. The command returned a non-zero exit code 1.; 395)
[2025-11-30T19:02:05.913+0000] {local_task_job_runner.py:240} INFO - Task exited with return code 1
[2025-11-30T19:02:05.941+0000] {taskinstance.py:3503} INFO - 0 downstream tasks scheduled from follow-on schedule check
[2025-11-30T19:02:05.944+0000] {local_task_job_runner.py:222} INFO - ::endgroup::
