[2025-11-30T18:50:54.508+0000] {local_task_job_runner.py:120} INFO - ::group::Pre task execution logs
[2025-11-30T18:50:54.543+0000] {taskinstance.py:2076} INFO - Dependencies all met for dep_context=non-requeueable deps ti=<TaskInstance: real_estate_etl_pipeline.clean_bayut manual__2025-11-30T18:25:30.102845+00:00 [queued]>
[2025-11-30T18:50:54.558+0000] {taskinstance.py:2076} INFO - Dependencies all met for dep_context=requeueable deps ti=<TaskInstance: real_estate_etl_pipeline.clean_bayut manual__2025-11-30T18:25:30.102845+00:00 [queued]>
[2025-11-30T18:50:54.561+0000] {taskinstance.py:2306} INFO - Starting attempt 2 of 3
[2025-11-30T18:50:54.582+0000] {taskinstance.py:2330} INFO - Executing <Task(BashOperator): clean_bayut> on 2025-11-30 18:25:30.102845+00:00
[2025-11-30T18:50:54.594+0000] {warnings.py:112} WARNING - /home/***/.local/lib/python3.12/site-packages/***/task/task_runner/standard_task_runner.py:61: DeprecationWarning: This process (pid=297) is multi-threaded, use of fork() may lead to deadlocks in the child.
  pid = os.fork()

[2025-11-30T18:50:54.597+0000] {standard_task_runner.py:63} INFO - Started process 299 to run task
[2025-11-30T18:50:54.597+0000] {standard_task_runner.py:90} INFO - Running: ['***', 'tasks', 'run', 'real_estate_etl_pipeline', 'clean_bayut', 'manual__2025-11-30T18:25:30.102845+00:00', '--job-id', '18', '--raw', '--subdir', 'DAGS_FOLDER/scraping_dag.py', '--cfg-path', '/tmp/tmp7_zd25mg']
[2025-11-30T18:50:54.603+0000] {standard_task_runner.py:91} INFO - Job 18: Subtask clean_bayut
[2025-11-30T18:50:54.699+0000] {task_command.py:426} INFO - Running <TaskInstance: real_estate_etl_pipeline.clean_bayut manual__2025-11-30T18:25:30.102845+00:00 [running]> on host 9a9a5f972fcd
[2025-11-30T18:50:54.819+0000] {taskinstance.py:2648} INFO - Exporting env vars: AIRFLOW_CTX_DAG_OWNER='***' AIRFLOW_CTX_DAG_ID='real_estate_etl_pipeline' AIRFLOW_CTX_TASK_ID='clean_bayut' AIRFLOW_CTX_EXECUTION_DATE='2025-11-30T18:25:30.102845+00:00' AIRFLOW_CTX_TRY_NUMBER='2' AIRFLOW_CTX_DAG_RUN_ID='manual__2025-11-30T18:25:30.102845+00:00'
[2025-11-30T18:50:54.822+0000] {taskinstance.py:430} INFO - ::endgroup::
[2025-11-30T18:50:54.824+0000] {subprocess.py:63} INFO - Tmp dir root location: /tmp
[2025-11-30T18:50:54.827+0000] {subprocess.py:75} INFO - Running command: ['/usr/bin/bash', '-c', 'docker exec jupyter spark-submit --master local[*] /data/Cleaning_Layer_Pyspark/clean_bayut.py']
[2025-11-30T18:50:54.844+0000] {subprocess.py:86} INFO - Output:
[2025-11-30T18:50:59.214+0000] {subprocess.py:93} INFO - 25/11/30 18:50:59 INFO SparkContext: Running Spark version 3.5.0
[2025-11-30T18:50:59.219+0000] {subprocess.py:93} INFO - 25/11/30 18:50:59 INFO SparkContext: OS info Linux, 5.15.167.4-microsoft-standard-WSL2, amd64
[2025-11-30T18:50:59.220+0000] {subprocess.py:93} INFO - 25/11/30 18:50:59 INFO SparkContext: Java version 17.0.8.1
[2025-11-30T18:50:59.328+0000] {subprocess.py:93} INFO - 25/11/30 18:50:59 WARN NativeCodeLoader: Unable to load native-hadoop library for your platform... using builtin-java classes where applicable
[2025-11-30T18:50:59.532+0000] {subprocess.py:93} INFO - 25/11/30 18:50:59 INFO ResourceUtils: ==============================================================
[2025-11-30T18:50:59.534+0000] {subprocess.py:93} INFO - 25/11/30 18:50:59 INFO ResourceUtils: No custom resources configured for spark.driver.
[2025-11-30T18:50:59.535+0000] {subprocess.py:93} INFO - 25/11/30 18:50:59 INFO ResourceUtils: ==============================================================
[2025-11-30T18:50:59.536+0000] {subprocess.py:93} INFO - 25/11/30 18:50:59 INFO SparkContext: Submitted application: Clean_Bayut
[2025-11-30T18:50:59.582+0000] {subprocess.py:93} INFO - 25/11/30 18:50:59 INFO ResourceProfile: Default ResourceProfile created, executor resources: Map(cores -> name: cores, amount: 1, script: , vendor: , memory -> name: memory, amount: 1024, script: , vendor: , offHeap -> name: offHeap, amount: 0, script: , vendor: ), task resources: Map(cpus -> name: cpus, amount: 1.0)
[2025-11-30T18:50:59.594+0000] {subprocess.py:93} INFO - 25/11/30 18:50:59 INFO ResourceProfile: Limiting resource is cpu
[2025-11-30T18:50:59.596+0000] {subprocess.py:93} INFO - 25/11/30 18:50:59 INFO ResourceProfileManager: Added ResourceProfile id: 0
[2025-11-30T18:50:59.704+0000] {subprocess.py:93} INFO - 25/11/30 18:50:59 INFO SecurityManager: Changing view acls to: jovyan
[2025-11-30T18:50:59.706+0000] {subprocess.py:93} INFO - 25/11/30 18:50:59 INFO SecurityManager: Changing modify acls to: jovyan
[2025-11-30T18:50:59.709+0000] {subprocess.py:93} INFO - 25/11/30 18:50:59 INFO SecurityManager: Changing view acls groups to:
[2025-11-30T18:50:59.711+0000] {subprocess.py:93} INFO - 25/11/30 18:50:59 INFO SecurityManager: Changing modify acls groups to:
[2025-11-30T18:50:59.714+0000] {subprocess.py:93} INFO - 25/11/30 18:50:59 INFO SecurityManager: SecurityManager: authentication disabled; ui acls disabled; users with view permissions: jovyan; groups with view permissions: EMPTY; users with modify permissions: jovyan; groups with modify permissions: EMPTY
[2025-11-30T18:51:00.117+0000] {subprocess.py:93} INFO - 25/11/30 18:51:00 INFO Utils: Successfully started service 'sparkDriver' on port 46525.
[2025-11-30T18:51:00.170+0000] {subprocess.py:93} INFO - 25/11/30 18:51:00 INFO SparkEnv: Registering MapOutputTracker
[2025-11-30T18:51:00.243+0000] {subprocess.py:93} INFO - 25/11/30 18:51:00 INFO SparkEnv: Registering BlockManagerMaster
[2025-11-30T18:51:00.276+0000] {subprocess.py:93} INFO - 25/11/30 18:51:00 INFO BlockManagerMasterEndpoint: Using org.apache.spark.storage.DefaultTopologyMapper for getting topology information
[2025-11-30T18:51:00.277+0000] {subprocess.py:93} INFO - 25/11/30 18:51:00 INFO BlockManagerMasterEndpoint: BlockManagerMasterEndpoint up
[2025-11-30T18:51:00.286+0000] {subprocess.py:93} INFO - 25/11/30 18:51:00 INFO SparkEnv: Registering BlockManagerMasterHeartbeat
[2025-11-30T18:51:00.327+0000] {subprocess.py:93} INFO - 25/11/30 18:51:00 INFO DiskBlockManager: Created local directory at /tmp/blockmgr-580e5b91-668c-43e9-9663-2415625ee7d9
[2025-11-30T18:51:00.351+0000] {subprocess.py:93} INFO - 25/11/30 18:51:00 INFO MemoryStore: MemoryStore started with capacity 434.4 MiB
[2025-11-30T18:51:00.384+0000] {subprocess.py:93} INFO - 25/11/30 18:51:00 INFO SparkEnv: Registering OutputCommitCoordinator
[2025-11-30T18:51:00.601+0000] {subprocess.py:93} INFO - 25/11/30 18:51:00 INFO JettyUtils: Start Jetty 0.0.0.0:4040 for SparkUI
[2025-11-30T18:51:00.690+0000] {subprocess.py:93} INFO - 25/11/30 18:51:00 WARN Utils: Service 'SparkUI' could not bind on port 4040. Attempting port 4041.
[2025-11-30T18:51:00.709+0000] {subprocess.py:93} INFO - 25/11/30 18:51:00 INFO Utils: Successfully started service 'SparkUI' on port 4041.
[2025-11-30T18:51:00.907+0000] {subprocess.py:93} INFO - 25/11/30 18:51:00 INFO Executor: Starting executor ID driver on host 76c6f5c40d8c
[2025-11-30T18:51:00.908+0000] {subprocess.py:93} INFO - 25/11/30 18:51:00 INFO Executor: OS info Linux, 5.15.167.4-microsoft-standard-WSL2, amd64
[2025-11-30T18:51:00.909+0000] {subprocess.py:93} INFO - 25/11/30 18:51:00 INFO Executor: Java version 17.0.8.1
[2025-11-30T18:51:00.920+0000] {subprocess.py:93} INFO - 25/11/30 18:51:00 INFO Executor: Starting executor with user classpath (userClassPathFirst = false): ''
[2025-11-30T18:51:00.921+0000] {subprocess.py:93} INFO - 25/11/30 18:51:00 INFO Executor: Created or updated repl class loader org.apache.spark.util.MutableURLClassLoader@4c1710d9 for default.
[2025-11-30T18:51:00.959+0000] {subprocess.py:93} INFO - 25/11/30 18:51:00 INFO Utils: Successfully started service 'org.apache.spark.network.netty.NettyBlockTransferService' on port 41817.
[2025-11-30T18:51:00.960+0000] {subprocess.py:93} INFO - 25/11/30 18:51:00 INFO NettyBlockTransferService: Server created on 76c6f5c40d8c:41817
[2025-11-30T18:51:00.962+0000] {subprocess.py:93} INFO - 25/11/30 18:51:00 INFO BlockManager: Using org.apache.spark.storage.RandomBlockReplicationPolicy for block replication policy
[2025-11-30T18:51:00.970+0000] {subprocess.py:93} INFO - 25/11/30 18:51:00 INFO BlockManagerMaster: Registering BlockManager BlockManagerId(driver, 76c6f5c40d8c, 41817, None)
[2025-11-30T18:51:00.975+0000] {subprocess.py:93} INFO - 25/11/30 18:51:00 INFO BlockManagerMasterEndpoint: Registering block manager 76c6f5c40d8c:41817 with 434.4 MiB RAM, BlockManagerId(driver, 76c6f5c40d8c, 41817, None)
[2025-11-30T18:51:00.980+0000] {subprocess.py:93} INFO - 25/11/30 18:51:00 INFO BlockManagerMaster: Registered BlockManager BlockManagerId(driver, 76c6f5c40d8c, 41817, None)
[2025-11-30T18:51:00.984+0000] {subprocess.py:93} INFO - 25/11/30 18:51:00 INFO BlockManager: Initialized BlockManager: BlockManagerId(driver, 76c6f5c40d8c, 41817, None)
[2025-11-30T18:51:01.829+0000] {subprocess.py:93} INFO - 25/11/30 18:51:01 INFO SharedState: Setting hive.metastore.warehouse.dir ('null') to the value of spark.sql.warehouse.dir.
[2025-11-30T18:51:01.852+0000] {subprocess.py:93} INFO - 25/11/30 18:51:01 INFO SharedState: Warehouse path is 'file:/home/jovyan/spark-warehouse'.
[2025-11-30T18:51:04.719+0000] {subprocess.py:93} INFO - Traceback (most recent call last):
[2025-11-30T18:51:04.720+0000] {subprocess.py:93} INFO -   File "/data/Cleaning_Layer_Pyspark/clean_bayut.py", line 72, in <module>
[2025-11-30T18:51:04.725+0000] {subprocess.py:93} INFO -     main()
[2025-11-30T18:51:04.726+0000] {subprocess.py:93} INFO -   File "/data/Cleaning_Layer_Pyspark/clean_bayut.py", line 9, in main
[2025-11-30T18:51:04.731+0000] {subprocess.py:93} INFO -     df = spark.read.parquet("hdfs://namenode:9000/datalake/bronze/bayutData")
[2025-11-30T18:51:04.732+0000] {subprocess.py:93} INFO -          ^^^^^^^^^^^^^^^^^^^^^^^^^^^^^^^^^^^^^^^^^^^^^^^^^^^^^^^^^^^^^^^^^^^^
[2025-11-30T18:51:04.733+0000] {subprocess.py:93} INFO -   File "/usr/local/spark/python/lib/pyspark.zip/pyspark/sql/readwriter.py", line 544, in parquet
[2025-11-30T18:51:04.734+0000] {subprocess.py:93} INFO -   File "/usr/local/spark/python/lib/py4j-0.10.9.7-src.zip/py4j/java_gateway.py", line 1322, in __call__
[2025-11-30T18:51:04.736+0000] {subprocess.py:93} INFO -   File "/usr/local/spark/python/lib/pyspark.zip/pyspark/errors/exceptions/captured.py", line 185, in deco
[2025-11-30T18:51:04.757+0000] {subprocess.py:93} INFO - pyspark.errors.exceptions.captured.AnalysisException: [PATH_NOT_FOUND] Path does not exist: hdfs://namenode:9000/datalake/bronze/bayutData.
[2025-11-30T18:51:04.855+0000] {subprocess.py:93} INFO - 25/11/30 18:51:04 INFO SparkContext: Invoking stop() from shutdown hook
[2025-11-30T18:51:04.856+0000] {subprocess.py:93} INFO - 25/11/30 18:51:04 INFO SparkContext: SparkContext is stopping with exitCode 0.
[2025-11-30T18:51:04.876+0000] {subprocess.py:93} INFO - 25/11/30 18:51:04 INFO SparkUI: Stopped Spark web UI at http://76c6f5c40d8c:4041
[2025-11-30T18:51:04.904+0000] {subprocess.py:93} INFO - 25/11/30 18:51:04 INFO MapOutputTrackerMasterEndpoint: MapOutputTrackerMasterEndpoint stopped!
[2025-11-30T18:51:05.009+0000] {subprocess.py:93} INFO - 25/11/30 18:51:05 INFO MemoryStore: MemoryStore cleared
[2025-11-30T18:51:05.011+0000] {subprocess.py:93} INFO - 25/11/30 18:51:05 INFO BlockManager: BlockManager stopped
[2025-11-30T18:51:05.026+0000] {subprocess.py:93} INFO - 25/11/30 18:51:05 INFO BlockManagerMaster: BlockManagerMaster stopped
[2025-11-30T18:51:05.031+0000] {subprocess.py:93} INFO - 25/11/30 18:51:05 INFO OutputCommitCoordinator$OutputCommitCoordinatorEndpoint: OutputCommitCoordinator stopped!
[2025-11-30T18:51:05.051+0000] {subprocess.py:93} INFO - 25/11/30 18:51:05 INFO SparkContext: Successfully stopped SparkContext
[2025-11-30T18:51:05.052+0000] {subprocess.py:93} INFO - 25/11/30 18:51:05 INFO ShutdownHookManager: Shutdown hook called
[2025-11-30T18:51:05.053+0000] {subprocess.py:93} INFO - 25/11/30 18:51:05 INFO ShutdownHookManager: Deleting directory /tmp/spark-73aa975a-6ade-4d2e-b0ff-af0a57784d48/pyspark-d957ab19-a6bc-4e55-939f-315c105cead4
[2025-11-30T18:51:05.060+0000] {subprocess.py:93} INFO - 25/11/30 18:51:05 INFO ShutdownHookManager: Deleting directory /tmp/spark-fcbf5805-c474-458b-a352-6c9c8a0baba7
[2025-11-30T18:51:05.066+0000] {subprocess.py:93} INFO - 25/11/30 18:51:05 INFO ShutdownHookManager: Deleting directory /tmp/spark-73aa975a-6ade-4d2e-b0ff-af0a57784d48
[2025-11-30T18:51:05.155+0000] {subprocess.py:97} INFO - Command exited with return code 1
[2025-11-30T18:51:05.158+0000] {taskinstance.py:441} INFO - ::group::Post task execution logs
[2025-11-30T18:51:05.177+0000] {taskinstance.py:2905} ERROR - Task failed with exception
Traceback (most recent call last):
  File "/home/airflow/.local/lib/python3.12/site-packages/airflow/models/taskinstance.py", line 465, in _execute_task
    result = _execute_callable(context=context, **execute_callable_kwargs)
             ^^^^^^^^^^^^^^^^^^^^^^^^^^^^^^^^^^^^^^^^^^^^^^^^^^^^^^^^^^^^^
  File "/home/airflow/.local/lib/python3.12/site-packages/airflow/models/taskinstance.py", line 432, in _execute_callable
    return execute_callable(context=context, **execute_callable_kwargs)
           ^^^^^^^^^^^^^^^^^^^^^^^^^^^^^^^^^^^^^^^^^^^^^^^^^^^^^^^^^^^^
  File "/home/airflow/.local/lib/python3.12/site-packages/airflow/models/baseoperator.py", line 401, in wrapper
    return func(self, *args, **kwargs)
           ^^^^^^^^^^^^^^^^^^^^^^^^^^^
  File "/home/airflow/.local/lib/python3.12/site-packages/airflow/operators/bash.py", line 243, in execute
    raise AirflowException(
airflow.exceptions.AirflowException: Bash command failed. The command returned a non-zero exit code 1.
[2025-11-30T18:51:05.184+0000] {taskinstance.py:1206} INFO - Marking task as UP_FOR_RETRY. dag_id=real_estate_etl_pipeline, task_id=clean_bayut, run_id=manual__2025-11-30T18:25:30.102845+00:00, execution_date=20251130T182530, start_date=20251130T185054, end_date=20251130T185105
[2025-11-30T18:51:05.213+0000] {standard_task_runner.py:110} ERROR - Failed to execute job 18 for task clean_bayut (Bash command failed. The command returned a non-zero exit code 1.; 299)
[2025-11-30T18:51:05.259+0000] {local_task_job_runner.py:240} INFO - Task exited with return code 1
[2025-11-30T18:51:05.297+0000] {taskinstance.py:3503} INFO - 0 downstream tasks scheduled from follow-on schedule check
[2025-11-30T18:51:05.300+0000] {local_task_job_runner.py:222} INFO - ::endgroup::
