[2025-11-30T18:56:07.543+0000] {local_task_job_runner.py:120} INFO - ::group::Pre task execution logs
[2025-11-30T18:56:07.570+0000] {taskinstance.py:2076} INFO - Dependencies all met for dep_context=non-requeueable deps ti=<TaskInstance: real_estate_etl_pipeline.clean_bayut manual__2025-11-30T18:25:30.102845+00:00 [queued]>
[2025-11-30T18:56:07.579+0000] {taskinstance.py:2076} INFO - Dependencies all met for dep_context=requeueable deps ti=<TaskInstance: real_estate_etl_pipeline.clean_bayut manual__2025-11-30T18:25:30.102845+00:00 [queued]>
[2025-11-30T18:56:07.580+0000] {taskinstance.py:2306} INFO - Starting attempt 3 of 3
[2025-11-30T18:56:07.596+0000] {taskinstance.py:2330} INFO - Executing <Task(BashOperator): clean_bayut> on 2025-11-30 18:25:30.102845+00:00
[2025-11-30T18:56:07.606+0000] {warnings.py:112} WARNING - /home/***/.local/lib/python3.12/site-packages/***/task/task_runner/standard_task_runner.py:61: DeprecationWarning: This process (pid=352) is multi-threaded, use of fork() may lead to deadlocks in the child.
  pid = os.fork()

[2025-11-30T18:56:07.608+0000] {standard_task_runner.py:63} INFO - Started process 354 to run task
[2025-11-30T18:56:07.608+0000] {standard_task_runner.py:90} INFO - Running: ['***', 'tasks', 'run', 'real_estate_etl_pipeline', 'clean_bayut', 'manual__2025-11-30T18:25:30.102845+00:00', '--job-id', '22', '--raw', '--subdir', 'DAGS_FOLDER/scraping_dag.py', '--cfg-path', '/tmp/tmpg4iu4rhu']
[2025-11-30T18:56:07.611+0000] {standard_task_runner.py:91} INFO - Job 22: Subtask clean_bayut
[2025-11-30T18:56:07.682+0000] {task_command.py:426} INFO - Running <TaskInstance: real_estate_etl_pipeline.clean_bayut manual__2025-11-30T18:25:30.102845+00:00 [running]> on host 9a9a5f972fcd
[2025-11-30T18:56:07.661+0000] {taskinstance.py:2648} INFO - Exporting env vars: AIRFLOW_CTX_DAG_OWNER='***' AIRFLOW_CTX_DAG_ID='real_estate_etl_pipeline' AIRFLOW_CTX_TASK_ID='clean_bayut' AIRFLOW_CTX_EXECUTION_DATE='2025-11-30T18:25:30.102845+00:00' AIRFLOW_CTX_TRY_NUMBER='3' AIRFLOW_CTX_DAG_RUN_ID='manual__2025-11-30T18:25:30.102845+00:00'
[2025-11-30T18:56:07.664+0000] {taskinstance.py:430} INFO - ::endgroup::
[2025-11-30T18:56:07.665+0000] {subprocess.py:63} INFO - Tmp dir root location: /tmp
[2025-11-30T18:56:07.668+0000] {subprocess.py:75} INFO - Running command: ['/usr/bin/bash', '-c', 'docker exec jupyter spark-submit --master local[*] /data/Cleaning_Layer_Pyspark/clean_bayut.py']
[2025-11-30T18:56:07.681+0000] {subprocess.py:86} INFO - Output:
[2025-11-30T18:56:11.660+0000] {subprocess.py:93} INFO - 25/11/30 18:56:11 INFO SparkContext: Running Spark version 3.5.0
[2025-11-30T18:56:11.666+0000] {subprocess.py:93} INFO - 25/11/30 18:56:11 INFO SparkContext: OS info Linux, 5.15.167.4-microsoft-standard-WSL2, amd64
[2025-11-30T18:56:11.667+0000] {subprocess.py:93} INFO - 25/11/30 18:56:11 INFO SparkContext: Java version 17.0.8.1
[2025-11-30T18:56:11.761+0000] {subprocess.py:93} INFO - 25/11/30 18:56:11 WARN NativeCodeLoader: Unable to load native-hadoop library for your platform... using builtin-java classes where applicable
[2025-11-30T18:56:11.856+0000] {subprocess.py:93} INFO - 25/11/30 18:56:11 INFO ResourceUtils: ==============================================================
[2025-11-30T18:56:11.858+0000] {subprocess.py:93} INFO - 25/11/30 18:56:11 INFO ResourceUtils: No custom resources configured for spark.driver.
[2025-11-30T18:56:11.859+0000] {subprocess.py:93} INFO - 25/11/30 18:56:11 INFO ResourceUtils: ==============================================================
[2025-11-30T18:56:11.860+0000] {subprocess.py:93} INFO - 25/11/30 18:56:11 INFO SparkContext: Submitted application: Clean_Bayut
[2025-11-30T18:56:11.880+0000] {subprocess.py:93} INFO - 25/11/30 18:56:11 INFO ResourceProfile: Default ResourceProfile created, executor resources: Map(cores -> name: cores, amount: 1, script: , vendor: , memory -> name: memory, amount: 1024, script: , vendor: , offHeap -> name: offHeap, amount: 0, script: , vendor: ), task resources: Map(cpus -> name: cpus, amount: 1.0)
[2025-11-30T18:56:11.891+0000] {subprocess.py:93} INFO - 25/11/30 18:56:11 INFO ResourceProfile: Limiting resource is cpu
[2025-11-30T18:56:11.892+0000] {subprocess.py:93} INFO - 25/11/30 18:56:11 INFO ResourceProfileManager: Added ResourceProfile id: 0
[2025-11-30T18:56:11.988+0000] {subprocess.py:93} INFO - 25/11/30 18:56:11 INFO SecurityManager: Changing view acls to: jovyan
[2025-11-30T18:56:11.992+0000] {subprocess.py:93} INFO - 25/11/30 18:56:11 INFO SecurityManager: Changing modify acls to: jovyan
[2025-11-30T18:56:11.994+0000] {subprocess.py:93} INFO - 25/11/30 18:56:11 INFO SecurityManager: Changing view acls groups to:
[2025-11-30T18:56:11.995+0000] {subprocess.py:93} INFO - 25/11/30 18:56:11 INFO SecurityManager: Changing modify acls groups to:
[2025-11-30T18:56:11.996+0000] {subprocess.py:93} INFO - 25/11/30 18:56:11 INFO SecurityManager: SecurityManager: authentication disabled; ui acls disabled; users with view permissions: jovyan; groups with view permissions: EMPTY; users with modify permissions: jovyan; groups with modify permissions: EMPTY
[2025-11-30T18:56:12.302+0000] {subprocess.py:93} INFO - 25/11/30 18:56:12 INFO Utils: Successfully started service 'sparkDriver' on port 34919.
[2025-11-30T18:56:12.336+0000] {subprocess.py:93} INFO - 25/11/30 18:56:12 INFO SparkEnv: Registering MapOutputTracker
[2025-11-30T18:56:12.373+0000] {subprocess.py:93} INFO - 25/11/30 18:56:12 INFO SparkEnv: Registering BlockManagerMaster
[2025-11-30T18:56:12.389+0000] {subprocess.py:93} INFO - 25/11/30 18:56:12 INFO BlockManagerMasterEndpoint: Using org.apache.spark.storage.DefaultTopologyMapper for getting topology information
[2025-11-30T18:56:12.390+0000] {subprocess.py:93} INFO - 25/11/30 18:56:12 INFO BlockManagerMasterEndpoint: BlockManagerMasterEndpoint up
[2025-11-30T18:56:12.394+0000] {subprocess.py:93} INFO - 25/11/30 18:56:12 INFO SparkEnv: Registering BlockManagerMasterHeartbeat
[2025-11-30T18:56:12.422+0000] {subprocess.py:93} INFO - 25/11/30 18:56:12 INFO DiskBlockManager: Created local directory at /tmp/blockmgr-2e473ae0-70d4-4496-b069-83a9fe545786
[2025-11-30T18:56:12.439+0000] {subprocess.py:93} INFO - 25/11/30 18:56:12 INFO MemoryStore: MemoryStore started with capacity 434.4 MiB
[2025-11-30T18:56:12.454+0000] {subprocess.py:93} INFO - 25/11/30 18:56:12 INFO SparkEnv: Registering OutputCommitCoordinator
[2025-11-30T18:56:12.589+0000] {subprocess.py:93} INFO - 25/11/30 18:56:12 INFO JettyUtils: Start Jetty 0.0.0.0:4040 for SparkUI
[2025-11-30T18:56:12.671+0000] {subprocess.py:93} INFO - 25/11/30 18:56:12 INFO Utils: Successfully started service 'SparkUI' on port 4040.
[2025-11-30T18:56:12.787+0000] {subprocess.py:93} INFO - 25/11/30 18:56:12 INFO Executor: Starting executor ID driver on host 76c6f5c40d8c
[2025-11-30T18:56:12.788+0000] {subprocess.py:93} INFO - 25/11/30 18:56:12 INFO Executor: OS info Linux, 5.15.167.4-microsoft-standard-WSL2, amd64
[2025-11-30T18:56:12.789+0000] {subprocess.py:93} INFO - 25/11/30 18:56:12 INFO Executor: Java version 17.0.8.1
[2025-11-30T18:56:12.798+0000] {subprocess.py:93} INFO - 25/11/30 18:56:12 INFO Executor: Starting executor with user classpath (userClassPathFirst = false): ''
[2025-11-30T18:56:12.799+0000] {subprocess.py:93} INFO - 25/11/30 18:56:12 INFO Executor: Created or updated repl class loader org.apache.spark.util.MutableURLClassLoader@1a4059ae for default.
[2025-11-30T18:56:12.819+0000] {subprocess.py:93} INFO - 25/11/30 18:56:12 INFO Utils: Successfully started service 'org.apache.spark.network.netty.NettyBlockTransferService' on port 36193.
[2025-11-30T18:56:12.820+0000] {subprocess.py:93} INFO - 25/11/30 18:56:12 INFO NettyBlockTransferService: Server created on 76c6f5c40d8c:36193
[2025-11-30T18:56:12.821+0000] {subprocess.py:93} INFO - 25/11/30 18:56:12 INFO BlockManager: Using org.apache.spark.storage.RandomBlockReplicationPolicy for block replication policy
[2025-11-30T18:56:12.831+0000] {subprocess.py:93} INFO - 25/11/30 18:56:12 INFO BlockManagerMaster: Registering BlockManager BlockManagerId(driver, 76c6f5c40d8c, 36193, None)
[2025-11-30T18:56:12.836+0000] {subprocess.py:93} INFO - 25/11/30 18:56:12 INFO BlockManagerMasterEndpoint: Registering block manager 76c6f5c40d8c:36193 with 434.4 MiB RAM, BlockManagerId(driver, 76c6f5c40d8c, 36193, None)
[2025-11-30T18:56:12.839+0000] {subprocess.py:93} INFO - 25/11/30 18:56:12 INFO BlockManagerMaster: Registered BlockManager BlockManagerId(driver, 76c6f5c40d8c, 36193, None)
[2025-11-30T18:56:12.841+0000] {subprocess.py:93} INFO - 25/11/30 18:56:12 INFO BlockManager: Initialized BlockManager: BlockManagerId(driver, 76c6f5c40d8c, 36193, None)
[2025-11-30T18:56:13.354+0000] {subprocess.py:93} INFO - 25/11/30 18:56:13 INFO SharedState: Setting hive.metastore.warehouse.dir ('null') to the value of spark.sql.warehouse.dir.
[2025-11-30T18:56:13.360+0000] {subprocess.py:93} INFO - 25/11/30 18:56:13 INFO SharedState: Warehouse path is 'file:/home/jovyan/spark-warehouse'.
[2025-11-30T18:56:15.172+0000] {subprocess.py:93} INFO - Traceback (most recent call last):
[2025-11-30T18:56:15.173+0000] {subprocess.py:93} INFO -   File "/data/Cleaning_Layer_Pyspark/clean_bayut.py", line 72, in <module>
[2025-11-30T18:56:15.181+0000] {subprocess.py:93} INFO -     main()
[2025-11-30T18:56:15.182+0000] {subprocess.py:93} INFO -   File "/data/Cleaning_Layer_Pyspark/clean_bayut.py", line 9, in main
[2025-11-30T18:56:15.190+0000] {subprocess.py:93} INFO -     df = spark.read.parquet("hdfs://namenode:9000/datalake/bronze/bayutData")
[2025-11-30T18:56:15.191+0000] {subprocess.py:93} INFO -          ^^^^^^^^^^^^^^^^^^^^^^^^^^^^^^^^^^^^^^^^^^^^^^^^^^^^^^^^^^^^^^^^^^^^
[2025-11-30T18:56:15.192+0000] {subprocess.py:93} INFO -   File "/usr/local/spark/python/lib/pyspark.zip/pyspark/sql/readwriter.py", line 544, in parquet
[2025-11-30T18:56:15.193+0000] {subprocess.py:93} INFO -   File "/usr/local/spark/python/lib/py4j-0.10.9.7-src.zip/py4j/java_gateway.py", line 1322, in __call__
[2025-11-30T18:56:15.196+0000] {subprocess.py:93} INFO -   File "/usr/local/spark/python/lib/pyspark.zip/pyspark/errors/exceptions/captured.py", line 185, in deco
[2025-11-30T18:56:15.226+0000] {subprocess.py:93} INFO - pyspark.errors.exceptions.captured.AnalysisException: [PATH_NOT_FOUND] Path does not exist: hdfs://namenode:9000/datalake/bronze/bayutData.
[2025-11-30T18:56:15.331+0000] {subprocess.py:93} INFO - 25/11/30 18:56:15 INFO SparkContext: Invoking stop() from shutdown hook
[2025-11-30T18:56:15.333+0000] {subprocess.py:93} INFO - 25/11/30 18:56:15 INFO SparkContext: SparkContext is stopping with exitCode 0.
[2025-11-30T18:56:15.352+0000] {subprocess.py:93} INFO - 25/11/30 18:56:15 INFO SparkUI: Stopped Spark web UI at http://76c6f5c40d8c:4040
[2025-11-30T18:56:15.373+0000] {subprocess.py:93} INFO - 25/11/30 18:56:15 INFO MapOutputTrackerMasterEndpoint: MapOutputTrackerMasterEndpoint stopped!
[2025-11-30T18:56:15.395+0000] {subprocess.py:93} INFO - 25/11/30 18:56:15 INFO MemoryStore: MemoryStore cleared
[2025-11-30T18:56:15.396+0000] {subprocess.py:93} INFO - 25/11/30 18:56:15 INFO BlockManager: BlockManager stopped
[2025-11-30T18:56:15.405+0000] {subprocess.py:93} INFO - 25/11/30 18:56:15 INFO BlockManagerMaster: BlockManagerMaster stopped
[2025-11-30T18:56:15.410+0000] {subprocess.py:93} INFO - 25/11/30 18:56:15 INFO OutputCommitCoordinator$OutputCommitCoordinatorEndpoint: OutputCommitCoordinator stopped!
[2025-11-30T18:56:15.430+0000] {subprocess.py:93} INFO - 25/11/30 18:56:15 INFO SparkContext: Successfully stopped SparkContext
[2025-11-30T18:56:15.431+0000] {subprocess.py:93} INFO - 25/11/30 18:56:15 INFO ShutdownHookManager: Shutdown hook called
[2025-11-30T18:56:15.433+0000] {subprocess.py:93} INFO - 25/11/30 18:56:15 INFO ShutdownHookManager: Deleting directory /tmp/spark-0fd284a1-bc4c-4f1c-8366-59ab2fe76f35
[2025-11-30T18:56:15.439+0000] {subprocess.py:93} INFO - 25/11/30 18:56:15 INFO ShutdownHookManager: Deleting directory /tmp/spark-82951329-4fae-45ba-8101-8393f7f90671/pyspark-6db8987e-9474-47d6-9f45-6df351b4aae9
[2025-11-30T18:56:15.443+0000] {subprocess.py:93} INFO - 25/11/30 18:56:15 INFO ShutdownHookManager: Deleting directory /tmp/spark-82951329-4fae-45ba-8101-8393f7f90671
[2025-11-30T18:56:15.515+0000] {subprocess.py:97} INFO - Command exited with return code 1
[2025-11-30T18:56:15.517+0000] {taskinstance.py:441} INFO - ::group::Post task execution logs
[2025-11-30T18:56:15.530+0000] {taskinstance.py:2905} ERROR - Task failed with exception
Traceback (most recent call last):
  File "/home/airflow/.local/lib/python3.12/site-packages/airflow/models/taskinstance.py", line 465, in _execute_task
    result = _execute_callable(context=context, **execute_callable_kwargs)
             ^^^^^^^^^^^^^^^^^^^^^^^^^^^^^^^^^^^^^^^^^^^^^^^^^^^^^^^^^^^^^
  File "/home/airflow/.local/lib/python3.12/site-packages/airflow/models/taskinstance.py", line 432, in _execute_callable
    return execute_callable(context=context, **execute_callable_kwargs)
           ^^^^^^^^^^^^^^^^^^^^^^^^^^^^^^^^^^^^^^^^^^^^^^^^^^^^^^^^^^^^
  File "/home/airflow/.local/lib/python3.12/site-packages/airflow/models/baseoperator.py", line 401, in wrapper
    return func(self, *args, **kwargs)
           ^^^^^^^^^^^^^^^^^^^^^^^^^^^
  File "/home/airflow/.local/lib/python3.12/site-packages/airflow/operators/bash.py", line 243, in execute
    raise AirflowException(
airflow.exceptions.AirflowException: Bash command failed. The command returned a non-zero exit code 1.
[2025-11-30T18:56:15.537+0000] {taskinstance.py:1206} INFO - Marking task as FAILED. dag_id=real_estate_etl_pipeline, task_id=clean_bayut, run_id=manual__2025-11-30T18:25:30.102845+00:00, execution_date=20251130T182530, start_date=20251130T185607, end_date=20251130T185615
[2025-11-30T18:56:15.558+0000] {standard_task_runner.py:110} ERROR - Failed to execute job 22 for task clean_bayut (Bash command failed. The command returned a non-zero exit code 1.; 354)
[2025-11-30T18:56:15.578+0000] {local_task_job_runner.py:240} INFO - Task exited with return code 1
[2025-11-30T18:56:15.615+0000] {taskinstance.py:3503} INFO - 0 downstream tasks scheduled from follow-on schedule check
[2025-11-30T18:56:15.623+0000] {local_task_job_runner.py:222} INFO - ::endgroup::
