[2025-11-30T19:06:59.863+0000] {local_task_job_runner.py:120} INFO - ::group::Pre task execution logs
[2025-11-30T19:06:59.901+0000] {taskinstance.py:2076} INFO - Dependencies all met for dep_context=non-requeueable deps ti=<TaskInstance: real_estate_etl_pipeline.clean_bayut manual__2025-11-30T18:25:30.102845+00:00 [queued]>
[2025-11-30T19:06:59.915+0000] {taskinstance.py:2076} INFO - Dependencies all met for dep_context=requeueable deps ti=<TaskInstance: real_estate_etl_pipeline.clean_bayut manual__2025-11-30T18:25:30.102845+00:00 [queued]>
[2025-11-30T19:06:59.916+0000] {taskinstance.py:2306} INFO - Starting attempt 5 of 6
[2025-11-30T19:06:59.937+0000] {taskinstance.py:2330} INFO - Executing <Task(BashOperator): clean_bayut> on 2025-11-30 18:25:30.102845+00:00
[2025-11-30T19:06:59.947+0000] {warnings.py:112} WARNING - /home/***/.local/lib/python3.12/site-packages/***/task/task_runner/standard_task_runner.py:61: DeprecationWarning: This process (pid=502) is multi-threaded, use of fork() may lead to deadlocks in the child.
  pid = os.fork()

[2025-11-30T19:06:59.950+0000] {standard_task_runner.py:63} INFO - Started process 510 to run task
[2025-11-30T19:06:59.950+0000] {standard_task_runner.py:90} INFO - Running: ['***', 'tasks', 'run', 'real_estate_etl_pipeline', 'clean_bayut', 'manual__2025-11-30T18:25:30.102845+00:00', '--job-id', '33', '--raw', '--subdir', 'DAGS_FOLDER/scraping_dag.py', '--cfg-path', '/tmp/tmpkco3y0hd']
[2025-11-30T19:06:59.954+0000] {standard_task_runner.py:91} INFO - Job 33: Subtask clean_bayut
[2025-11-30T19:07:00.016+0000] {task_command.py:426} INFO - Running <TaskInstance: real_estate_etl_pipeline.clean_bayut manual__2025-11-30T18:25:30.102845+00:00 [running]> on host 9a9a5f972fcd
[2025-11-30T19:07:00.142+0000] {taskinstance.py:2648} INFO - Exporting env vars: AIRFLOW_CTX_DAG_OWNER='***' AIRFLOW_CTX_DAG_ID='real_estate_etl_pipeline' AIRFLOW_CTX_TASK_ID='clean_bayut' AIRFLOW_CTX_EXECUTION_DATE='2025-11-30T18:25:30.102845+00:00' AIRFLOW_CTX_TRY_NUMBER='5' AIRFLOW_CTX_DAG_RUN_ID='manual__2025-11-30T18:25:30.102845+00:00'
[2025-11-30T19:07:00.144+0000] {taskinstance.py:430} INFO - ::endgroup::
[2025-11-30T19:07:00.145+0000] {subprocess.py:63} INFO - Tmp dir root location: /tmp
[2025-11-30T19:07:00.147+0000] {subprocess.py:75} INFO - Running command: ['/usr/bin/bash', '-c', 'docker exec jupyter spark-submit --master local[*] /data/Cleaning_Layer_Pyspark/clean_bayut.py']
[2025-11-30T19:07:00.170+0000] {subprocess.py:86} INFO - Output:
[2025-11-30T19:07:04.825+0000] {subprocess.py:93} INFO - 25/11/30 19:07:04 INFO SparkContext: Running Spark version 3.5.0
[2025-11-30T19:07:04.828+0000] {subprocess.py:93} INFO - 25/11/30 19:07:04 INFO SparkContext: OS info Linux, 5.15.167.4-microsoft-standard-WSL2, amd64
[2025-11-30T19:07:04.829+0000] {subprocess.py:93} INFO - 25/11/30 19:07:04 INFO SparkContext: Java version 17.0.8.1
[2025-11-30T19:07:04.902+0000] {subprocess.py:93} INFO - 25/11/30 19:07:04 WARN NativeCodeLoader: Unable to load native-hadoop library for your platform... using builtin-java classes where applicable
[2025-11-30T19:07:04.890+0000] {subprocess.py:93} INFO - 25/11/30 19:07:04 INFO ResourceUtils: ==============================================================
[2025-11-30T19:07:04.893+0000] {subprocess.py:93} INFO - 25/11/30 19:07:04 INFO ResourceUtils: No custom resources configured for spark.driver.
[2025-11-30T19:07:04.894+0000] {subprocess.py:93} INFO - 25/11/30 19:07:04 INFO ResourceUtils: ==============================================================
[2025-11-30T19:07:04.896+0000] {subprocess.py:93} INFO - 25/11/30 19:07:04 INFO SparkContext: Submitted application: Clean_Bayut
[2025-11-30T19:07:04.933+0000] {subprocess.py:93} INFO - 25/11/30 19:07:04 INFO ResourceProfile: Default ResourceProfile created, executor resources: Map(cores -> name: cores, amount: 1, script: , vendor: , memory -> name: memory, amount: 1024, script: , vendor: , offHeap -> name: offHeap, amount: 0, script: , vendor: ), task resources: Map(cpus -> name: cpus, amount: 1.0)
[2025-11-30T19:07:04.950+0000] {subprocess.py:93} INFO - 25/11/30 19:07:04 INFO ResourceProfile: Limiting resource is cpu
[2025-11-30T19:07:04.954+0000] {subprocess.py:93} INFO - 25/11/30 19:07:04 INFO ResourceProfileManager: Added ResourceProfile id: 0
[2025-11-30T19:07:05.042+0000] {subprocess.py:93} INFO - 25/11/30 19:07:05 INFO SecurityManager: Changing view acls to: jovyan
[2025-11-30T19:07:05.043+0000] {subprocess.py:93} INFO - 25/11/30 19:07:05 INFO SecurityManager: Changing modify acls to: jovyan
[2025-11-30T19:07:05.044+0000] {subprocess.py:93} INFO - 25/11/30 19:07:05 INFO SecurityManager: Changing view acls groups to:
[2025-11-30T19:07:05.045+0000] {subprocess.py:93} INFO - 25/11/30 19:07:05 INFO SecurityManager: Changing modify acls groups to:
[2025-11-30T19:07:05.046+0000] {subprocess.py:93} INFO - 25/11/30 19:07:05 INFO SecurityManager: SecurityManager: authentication disabled; ui acls disabled; users with view permissions: jovyan; groups with view permissions: EMPTY; users with modify permissions: jovyan; groups with modify permissions: EMPTY
[2025-11-30T19:07:05.538+0000] {subprocess.py:93} INFO - 25/11/30 19:07:05 INFO Utils: Successfully started service 'sparkDriver' on port 40381.
[2025-11-30T19:07:05.618+0000] {subprocess.py:93} INFO - 25/11/30 19:07:05 INFO SparkEnv: Registering MapOutputTracker
[2025-11-30T19:07:05.691+0000] {subprocess.py:93} INFO - 25/11/30 19:07:05 INFO SparkEnv: Registering BlockManagerMaster
[2025-11-30T19:07:05.706+0000] {subprocess.py:93} INFO - 25/11/30 19:07:05 INFO BlockManagerMasterEndpoint: Using org.apache.spark.storage.DefaultTopologyMapper for getting topology information
[2025-11-30T19:07:05.707+0000] {subprocess.py:93} INFO - 25/11/30 19:07:05 INFO BlockManagerMasterEndpoint: BlockManagerMasterEndpoint up
[2025-11-30T19:07:05.714+0000] {subprocess.py:93} INFO - 25/11/30 19:07:05 INFO SparkEnv: Registering BlockManagerMasterHeartbeat
[2025-11-30T19:07:06.206+0000] {subprocess.py:93} INFO - 25/11/30 19:07:06 INFO DiskBlockManager: Created local directory at /tmp/blockmgr-36fabf3d-9383-438f-b9d5-ac5c38bc36fb
[2025-11-30T19:07:06.231+0000] {subprocess.py:93} INFO - 25/11/30 19:07:06 INFO MemoryStore: MemoryStore started with capacity 434.4 MiB
[2025-11-30T19:07:06.255+0000] {subprocess.py:93} INFO - 25/11/30 19:07:06 INFO SparkEnv: Registering OutputCommitCoordinator
[2025-11-30T19:07:08.263+0000] {subprocess.py:93} INFO - 25/11/30 19:07:08 INFO JettyUtils: Start Jetty 0.0.0.0:4040 for SparkUI
[2025-11-30T19:07:08.604+0000] {subprocess.py:93} INFO - 25/11/30 19:07:08 INFO Utils: Successfully started service 'SparkUI' on port 4040.
[2025-11-30T19:07:09.052+0000] {subprocess.py:93} INFO - 25/11/30 19:07:09 INFO Executor: Starting executor ID driver on host 76c6f5c40d8c
[2025-11-30T19:07:09.053+0000] {subprocess.py:93} INFO - 25/11/30 19:07:09 INFO Executor: OS info Linux, 5.15.167.4-microsoft-standard-WSL2, amd64
[2025-11-30T19:07:09.054+0000] {subprocess.py:93} INFO - 25/11/30 19:07:09 INFO Executor: Java version 17.0.8.1
[2025-11-30T19:07:09.082+0000] {subprocess.py:93} INFO - 25/11/30 19:07:09 INFO Executor: Starting executor with user classpath (userClassPathFirst = false): ''
[2025-11-30T19:07:09.091+0000] {subprocess.py:93} INFO - 25/11/30 19:07:09 INFO Executor: Created or updated repl class loader org.apache.spark.util.MutableURLClassLoader@2a60694d for default.
[2025-11-30T19:07:09.204+0000] {subprocess.py:93} INFO - 25/11/30 19:07:09 INFO Utils: Successfully started service 'org.apache.spark.network.netty.NettyBlockTransferService' on port 36367.
[2025-11-30T19:07:09.206+0000] {subprocess.py:93} INFO - 25/11/30 19:07:09 INFO NettyBlockTransferService: Server created on 76c6f5c40d8c:36367
[2025-11-30T19:07:09.212+0000] {subprocess.py:93} INFO - 25/11/30 19:07:09 INFO BlockManager: Using org.apache.spark.storage.RandomBlockReplicationPolicy for block replication policy
[2025-11-30T19:07:09.234+0000] {subprocess.py:93} INFO - 25/11/30 19:07:09 INFO BlockManagerMaster: Registering BlockManager BlockManagerId(driver, 76c6f5c40d8c, 36367, None)
[2025-11-30T19:07:09.242+0000] {subprocess.py:93} INFO - 25/11/30 19:07:09 INFO BlockManagerMasterEndpoint: Registering block manager 76c6f5c40d8c:36367 with 434.4 MiB RAM, BlockManagerId(driver, 76c6f5c40d8c, 36367, None)
[2025-11-30T19:07:09.245+0000] {subprocess.py:93} INFO - 25/11/30 19:07:09 INFO BlockManagerMaster: Registered BlockManager BlockManagerId(driver, 76c6f5c40d8c, 36367, None)
[2025-11-30T19:07:09.247+0000] {subprocess.py:93} INFO - 25/11/30 19:07:09 INFO BlockManager: Initialized BlockManager: BlockManagerId(driver, 76c6f5c40d8c, 36367, None)
[2025-11-30T19:07:10.049+0000] {subprocess.py:93} INFO - 25/11/30 19:07:10 INFO SharedState: Setting hive.metastore.warehouse.dir ('null') to the value of spark.sql.warehouse.dir.
[2025-11-30T19:07:10.059+0000] {subprocess.py:93} INFO - 25/11/30 19:07:10 INFO SharedState: Warehouse path is 'file:/home/jovyan/spark-warehouse'.
[2025-11-30T19:07:12.899+0000] {subprocess.py:93} INFO - 25/11/30 19:07:12 INFO InMemoryFileIndex: It took 161 ms to list leaf files for 1 paths.
[2025-11-30T19:07:13.832+0000] {subprocess.py:93} INFO - 25/11/30 19:07:13 INFO SparkContext: Starting job: parquet at NativeMethodAccessorImpl.java:0
[2025-11-30T19:07:13.880+0000] {subprocess.py:93} INFO - 25/11/30 19:07:13 INFO DAGScheduler: Got job 0 (parquet at NativeMethodAccessorImpl.java:0) with 1 output partitions
[2025-11-30T19:07:13.881+0000] {subprocess.py:93} INFO - 25/11/30 19:07:13 INFO DAGScheduler: Final stage: ResultStage 0 (parquet at NativeMethodAccessorImpl.java:0)
[2025-11-30T19:07:13.889+0000] {subprocess.py:93} INFO - 25/11/30 19:07:13 INFO DAGScheduler: Parents of final stage: List()
[2025-11-30T19:07:13.890+0000] {subprocess.py:93} INFO - 25/11/30 19:07:13 INFO DAGScheduler: Missing parents: List()
[2025-11-30T19:07:13.904+0000] {subprocess.py:93} INFO - 25/11/30 19:07:13 INFO DAGScheduler: Submitting ResultStage 0 (MapPartitionsRDD[1] at parquet at NativeMethodAccessorImpl.java:0), which has no missing parents
[2025-11-30T19:07:14.072+0000] {subprocess.py:93} INFO - 25/11/30 19:07:14 INFO MemoryStore: Block broadcast_0 stored as values in memory (estimated size 103.1 KiB, free 434.3 MiB)
[2025-11-30T19:07:14.193+0000] {subprocess.py:93} INFO - 25/11/30 19:07:14 INFO MemoryStore: Block broadcast_0_piece0 stored as bytes in memory (estimated size 37.2 KiB, free 434.3 MiB)
[2025-11-30T19:07:14.202+0000] {subprocess.py:93} INFO - 25/11/30 19:07:14 INFO BlockManagerInfo: Added broadcast_0_piece0 in memory on 76c6f5c40d8c:36367 (size: 37.2 KiB, free: 434.4 MiB)
[2025-11-30T19:07:14.206+0000] {subprocess.py:93} INFO - 25/11/30 19:07:14 INFO SparkContext: Created broadcast 0 from broadcast at DAGScheduler.scala:1580
[2025-11-30T19:07:14.241+0000] {subprocess.py:93} INFO - 25/11/30 19:07:14 INFO DAGScheduler: Submitting 1 missing tasks from ResultStage 0 (MapPartitionsRDD[1] at parquet at NativeMethodAccessorImpl.java:0) (first 15 tasks are for partitions Vector(0))
[2025-11-30T19:07:14.242+0000] {subprocess.py:93} INFO - 25/11/30 19:07:14 INFO TaskSchedulerImpl: Adding task set 0.0 with 1 tasks resource profile 0
[2025-11-30T19:07:14.401+0000] {subprocess.py:93} INFO - 25/11/30 19:07:14 INFO TaskSetManager: Starting task 0.0 in stage 0.0 (TID 0) (76c6f5c40d8c, executor driver, partition 0, PROCESS_LOCAL, 7824 bytes)
[2025-11-30T19:07:14.453+0000] {subprocess.py:93} INFO - 25/11/30 19:07:14 INFO Executor: Running task 0.0 in stage 0.0 (TID 0)
[2025-11-30T19:07:15.463+0000] {subprocess.py:93} INFO - 25/11/30 19:07:15 INFO Executor: Finished task 0.0 in stage 0.0 (TID 0). 2090 bytes result sent to driver
[2025-11-30T19:07:15.480+0000] {subprocess.py:93} INFO - 25/11/30 19:07:15 INFO TaskSetManager: Finished task 0.0 in stage 0.0 (TID 0) in 1158 ms on 76c6f5c40d8c (executor driver) (1/1)
[2025-11-30T19:07:15.484+0000] {subprocess.py:93} INFO - 25/11/30 19:07:15 INFO TaskSchedulerImpl: Removed TaskSet 0.0, whose tasks have all completed, from pool
[2025-11-30T19:07:15.494+0000] {subprocess.py:93} INFO - 25/11/30 19:07:15 INFO DAGScheduler: ResultStage 0 (parquet at NativeMethodAccessorImpl.java:0) finished in 1.564 s
[2025-11-30T19:07:15.500+0000] {subprocess.py:93} INFO - 25/11/30 19:07:15 INFO DAGScheduler: Job 0 is finished. Cancelling potential speculative or zombie tasks for this job
[2025-11-30T19:07:15.501+0000] {subprocess.py:93} INFO - 25/11/30 19:07:15 INFO TaskSchedulerImpl: Killing all running tasks in stage 0: Stage finished
[2025-11-30T19:07:15.505+0000] {subprocess.py:93} INFO - 25/11/30 19:07:15 INFO DAGScheduler: Job 0 finished: parquet at NativeMethodAccessorImpl.java:0, took 1.673979 s
[2025-11-30T19:07:17.053+0000] {subprocess.py:93} INFO - Input Schema:
[2025-11-30T19:07:17.096+0000] {subprocess.py:93} INFO - root
[2025-11-30T19:07:17.097+0000] {subprocess.py:93} INFO -  |-- title: string (nullable = true)
[2025-11-30T19:07:17.098+0000] {subprocess.py:93} INFO -  |-- url: string (nullable = true)
[2025-11-30T19:07:17.099+0000] {subprocess.py:93} INFO -  |-- price: string (nullable = true)
[2025-11-30T19:07:17.100+0000] {subprocess.py:93} INFO -  |-- currency: string (nullable = true)
[2025-11-30T19:07:17.101+0000] {subprocess.py:93} INFO -  |-- location: string (nullable = true)
[2025-11-30T19:07:17.102+0000] {subprocess.py:93} INFO -  |-- region: string (nullable = true)
[2025-11-30T19:07:17.102+0000] {subprocess.py:93} INFO -  |-- size_sqm: string (nullable = true)
[2025-11-30T19:07:17.103+0000] {subprocess.py:93} INFO -  |-- bedrooms: string (nullable = true)
[2025-11-30T19:07:17.104+0000] {subprocess.py:93} INFO -  |-- bathrooms: string (nullable = true)
[2025-11-30T19:07:17.105+0000] {subprocess.py:93} INFO -  |-- latitude: string (nullable = true)
[2025-11-30T19:07:17.105+0000] {subprocess.py:93} INFO -  |-- longitude: string (nullable = true)
[2025-11-30T19:07:17.106+0000] {subprocess.py:93} INFO - 
[2025-11-30T19:07:17.246+0000] {subprocess.py:93} INFO - 25/11/30 19:07:17 INFO BlockManagerInfo: Removed broadcast_0_piece0 on 76c6f5c40d8c:36367 in memory (size: 37.2 KiB, free: 434.4 MiB)
[2025-11-30T19:07:19.500+0000] {subprocess.py:93} INFO - 25/11/30 19:07:19 INFO FileSourceStrategy: Pushed Filters:
[2025-11-30T19:07:19.503+0000] {subprocess.py:93} INFO - 25/11/30 19:07:19 INFO FileSourceStrategy: Post-Scan Filters: atleastnnonnulls(2, title#0, price#2)
[2025-11-30T19:07:20.724+0000] {subprocess.py:93} INFO - 25/11/30 19:07:20 INFO CodeGenerator: Code generated in 711.862595 ms
[2025-11-30T19:07:20.833+0000] {subprocess.py:93} INFO - 25/11/30 19:07:20 INFO MemoryStore: Block broadcast_1 stored as values in memory (estimated size 202.0 KiB, free 434.2 MiB)
[2025-11-30T19:07:20.836+0000] {subprocess.py:93} INFO - 25/11/30 19:07:20 INFO MemoryStore: Block broadcast_1_piece0 stored as bytes in memory (estimated size 35.1 KiB, free 434.2 MiB)
[2025-11-30T19:07:20.837+0000] {subprocess.py:93} INFO - 25/11/30 19:07:20 INFO BlockManagerInfo: Added broadcast_1_piece0 in memory on 76c6f5c40d8c:36367 (size: 35.1 KiB, free: 434.4 MiB)
[2025-11-30T19:07:20.839+0000] {subprocess.py:93} INFO - 25/11/30 19:07:20 INFO SparkContext: Created broadcast 1 from parquet at NativeMethodAccessorImpl.java:0
[2025-11-30T19:07:20.876+0000] {subprocess.py:93} INFO - 25/11/30 19:07:20 INFO FileSourceScanExec: Planning scan with bin packing, max size: 4194304 bytes, open cost is considered as scanning 4194304 bytes.
[2025-11-30T19:07:21.262+0000] {subprocess.py:93} INFO - 25/11/30 19:07:21 INFO DAGScheduler: Registering RDD 5 (parquet at NativeMethodAccessorImpl.java:0) as input to shuffle 0
[2025-11-30T19:07:21.415+0000] {subprocess.py:93} INFO - 25/11/30 19:07:21 INFO DAGScheduler: Got map stage job 1 (parquet at NativeMethodAccessorImpl.java:0) with 1 output partitions
[2025-11-30T19:07:21.417+0000] {subprocess.py:93} INFO - 25/11/30 19:07:21 INFO DAGScheduler: Final stage: ShuffleMapStage 1 (parquet at NativeMethodAccessorImpl.java:0)
[2025-11-30T19:07:21.418+0000] {subprocess.py:93} INFO - 25/11/30 19:07:21 INFO DAGScheduler: Parents of final stage: List()
[2025-11-30T19:07:21.419+0000] {subprocess.py:93} INFO - 25/11/30 19:07:21 INFO DAGScheduler: Missing parents: List()
[2025-11-30T19:07:21.424+0000] {subprocess.py:93} INFO - 25/11/30 19:07:21 INFO DAGScheduler: Submitting ShuffleMapStage 1 (MapPartitionsRDD[5] at parquet at NativeMethodAccessorImpl.java:0), which has no missing parents
[2025-11-30T19:07:21.427+0000] {subprocess.py:93} INFO - 25/11/30 19:07:21 INFO MemoryStore: Block broadcast_2 stored as values in memory (estimated size 65.9 KiB, free 434.1 MiB)
[2025-11-30T19:07:21.431+0000] {subprocess.py:93} INFO - 25/11/30 19:07:21 INFO MemoryStore: Block broadcast_2_piece0 stored as bytes in memory (estimated size 23.5 KiB, free 434.1 MiB)
[2025-11-30T19:07:21.436+0000] {subprocess.py:93} INFO - 25/11/30 19:07:21 INFO BlockManagerInfo: Added broadcast_2_piece0 in memory on 76c6f5c40d8c:36367 (size: 23.5 KiB, free: 434.3 MiB)
[2025-11-30T19:07:21.437+0000] {subprocess.py:93} INFO - 25/11/30 19:07:21 INFO SparkContext: Created broadcast 2 from broadcast at DAGScheduler.scala:1580
[2025-11-30T19:07:21.438+0000] {subprocess.py:93} INFO - 25/11/30 19:07:21 INFO DAGScheduler: Submitting 1 missing tasks from ShuffleMapStage 1 (MapPartitionsRDD[5] at parquet at NativeMethodAccessorImpl.java:0) (first 15 tasks are for partitions Vector(0))
[2025-11-30T19:07:21.439+0000] {subprocess.py:93} INFO - 25/11/30 19:07:21 INFO TaskSchedulerImpl: Adding task set 1.0 with 1 tasks resource profile 0
[2025-11-30T19:07:21.440+0000] {subprocess.py:93} INFO - 25/11/30 19:07:21 INFO TaskSetManager: Starting task 0.0 in stage 1.0 (TID 1) (76c6f5c40d8c, executor driver, partition 0, ANY, 8281 bytes)
[2025-11-30T19:07:21.442+0000] {subprocess.py:93} INFO - 25/11/30 19:07:21 INFO Executor: Running task 0.0 in stage 1.0 (TID 1)
[2025-11-30T19:07:21.769+0000] {subprocess.py:93} INFO - 25/11/30 19:07:21 INFO CodeGenerator: Code generated in 187.558304 ms
[2025-11-30T19:07:21.838+0000] {subprocess.py:93} INFO - 25/11/30 19:07:21 INFO CodeGenerator: Code generated in 31.223697 ms
[2025-11-30T19:07:21.879+0000] {subprocess.py:93} INFO - 25/11/30 19:07:21 INFO CodeGenerator: Code generated in 15.877591 ms
[2025-11-30T19:07:21.942+0000] {subprocess.py:93} INFO - 25/11/30 19:07:21 INFO CodeGenerator: Code generated in 23.843887 ms
[2025-11-30T19:07:21.950+0000] {subprocess.py:93} INFO - 25/11/30 19:07:21 INFO FileScanRDD: Reading File path: hdfs://namenode:9000/datalake/bronze/bayutData/part-00000-bd6a12e9-86ad-4508-a8d7-38b473d4c394-c000.snappy.parquet, range: 0-125703, partition values: [empty row]
[2025-11-30T19:07:22.246+0000] {subprocess.py:93} INFO - 25/11/30 19:07:22 INFO CodecPool: Got brand-new decompressor [.snappy]
[2025-11-30T19:07:22.940+0000] {subprocess.py:93} INFO - 25/11/30 19:07:22 INFO Executor: Finished task 0.0 in stage 1.0 (TID 1). 3072 bytes result sent to driver
[2025-11-30T19:07:22.945+0000] {subprocess.py:93} INFO - 25/11/30 19:07:22 INFO TaskSetManager: Finished task 0.0 in stage 1.0 (TID 1) in 1571 ms on 76c6f5c40d8c (executor driver) (1/1)
[2025-11-30T19:07:22.948+0000] {subprocess.py:93} INFO - 25/11/30 19:07:22 INFO TaskSchedulerImpl: Removed TaskSet 1.0, whose tasks have all completed, from pool
[2025-11-30T19:07:22.950+0000] {subprocess.py:93} INFO - 25/11/30 19:07:22 INFO DAGScheduler: ShuffleMapStage 1 (parquet at NativeMethodAccessorImpl.java:0) finished in 1.633 s
[2025-11-30T19:07:22.952+0000] {subprocess.py:93} INFO - 25/11/30 19:07:22 INFO DAGScheduler: looking for newly runnable stages
[2025-11-30T19:07:22.954+0000] {subprocess.py:93} INFO - 25/11/30 19:07:22 INFO DAGScheduler: running: Set()
[2025-11-30T19:07:22.954+0000] {subprocess.py:93} INFO - 25/11/30 19:07:22 INFO DAGScheduler: waiting: Set()
[2025-11-30T19:07:22.955+0000] {subprocess.py:93} INFO - 25/11/30 19:07:22 INFO DAGScheduler: failed: Set()
[2025-11-30T19:07:23.004+0000] {subprocess.py:93} INFO - 25/11/30 19:07:23 INFO ShufflePartitionsUtil: For shuffle(0), advisory target size: 67108864, actual target size 1048576, minimum partition size: 1048576
[2025-11-30T19:07:23.163+0000] {subprocess.py:93} INFO - 25/11/30 19:07:23 INFO ParquetUtils: Using default output committer for Parquet: org.apache.parquet.hadoop.ParquetOutputCommitter
[2025-11-30T19:07:23.164+0000] {subprocess.py:93} INFO - 25/11/30 19:07:23 INFO FileOutputCommitter: File Output Committer Algorithm version is 1
[2025-11-30T19:07:23.165+0000] {subprocess.py:93} INFO - 25/11/30 19:07:23 INFO FileOutputCommitter: FileOutputCommitter skip cleanup _temporary folders under output directory:false, ignore cleanup failures: false
[2025-11-30T19:07:23.169+0000] {subprocess.py:93} INFO - 25/11/30 19:07:23 INFO SQLHadoopMapReduceCommitProtocol: Using user defined output committer class org.apache.parquet.hadoop.ParquetOutputCommitter
[2025-11-30T19:07:23.170+0000] {subprocess.py:93} INFO - 25/11/30 19:07:23 INFO FileOutputCommitter: File Output Committer Algorithm version is 1
[2025-11-30T19:07:23.171+0000] {subprocess.py:93} INFO - 25/11/30 19:07:23 INFO FileOutputCommitter: FileOutputCommitter skip cleanup _temporary folders under output directory:false, ignore cleanup failures: false
[2025-11-30T19:07:23.172+0000] {subprocess.py:93} INFO - 25/11/30 19:07:23 INFO SQLHadoopMapReduceCommitProtocol: Using output committer class org.apache.parquet.hadoop.ParquetOutputCommitter
[2025-11-30T19:07:23.228+0000] {subprocess.py:93} INFO - 25/11/30 19:07:23 INFO BlockManagerInfo: Removed broadcast_2_piece0 on 76c6f5c40d8c:36367 in memory (size: 23.5 KiB, free: 434.4 MiB)
[2025-11-30T19:07:23.378+0000] {subprocess.py:93} INFO - 25/11/30 19:07:23 INFO CodeGenerator: Code generated in 140.026509 ms
[2025-11-30T19:07:23.462+0000] {subprocess.py:93} INFO - 25/11/30 19:07:23 INFO SparkContext: Starting job: parquet at NativeMethodAccessorImpl.java:0
[2025-11-30T19:07:23.469+0000] {subprocess.py:93} INFO - 25/11/30 19:07:23 INFO DAGScheduler: Got job 2 (parquet at NativeMethodAccessorImpl.java:0) with 1 output partitions
[2025-11-30T19:07:23.470+0000] {subprocess.py:93} INFO - 25/11/30 19:07:23 INFO DAGScheduler: Final stage: ResultStage 3 (parquet at NativeMethodAccessorImpl.java:0)
[2025-11-30T19:07:23.471+0000] {subprocess.py:93} INFO - 25/11/30 19:07:23 INFO DAGScheduler: Parents of final stage: List(ShuffleMapStage 2)
[2025-11-30T19:07:23.472+0000] {subprocess.py:93} INFO - 25/11/30 19:07:23 INFO DAGScheduler: Missing parents: List()
[2025-11-30T19:07:23.473+0000] {subprocess.py:93} INFO - 25/11/30 19:07:23 INFO DAGScheduler: Submitting ResultStage 3 (MapPartitionsRDD[8] at parquet at NativeMethodAccessorImpl.java:0), which has no missing parents
[2025-11-30T19:07:23.568+0000] {subprocess.py:93} INFO - 25/11/30 19:07:23 INFO MemoryStore: Block broadcast_3 stored as values in memory (estimated size 281.5 KiB, free 433.9 MiB)
[2025-11-30T19:07:23.578+0000] {subprocess.py:93} INFO - 25/11/30 19:07:23 INFO MemoryStore: Block broadcast_3_piece0 stored as bytes in memory (estimated size 100.4 KiB, free 433.8 MiB)
[2025-11-30T19:07:23.582+0000] {subprocess.py:93} INFO - 25/11/30 19:07:23 INFO BlockManagerInfo: Added broadcast_3_piece0 in memory on 76c6f5c40d8c:36367 (size: 100.4 KiB, free: 434.3 MiB)
[2025-11-30T19:07:23.585+0000] {subprocess.py:93} INFO - 25/11/30 19:07:23 INFO SparkContext: Created broadcast 3 from broadcast at DAGScheduler.scala:1580
[2025-11-30T19:07:23.587+0000] {subprocess.py:93} INFO - 25/11/30 19:07:23 INFO DAGScheduler: Submitting 1 missing tasks from ResultStage 3 (MapPartitionsRDD[8] at parquet at NativeMethodAccessorImpl.java:0) (first 15 tasks are for partitions Vector(0))
[2025-11-30T19:07:23.588+0000] {subprocess.py:93} INFO - 25/11/30 19:07:23 INFO TaskSchedulerImpl: Adding task set 3.0 with 1 tasks resource profile 0
[2025-11-30T19:07:23.595+0000] {subprocess.py:93} INFO - 25/11/30 19:07:23 INFO TaskSetManager: Starting task 0.0 in stage 3.0 (TID 2) (76c6f5c40d8c, executor driver, partition 0, NODE_LOCAL, 7615 bytes)
[2025-11-30T19:07:23.598+0000] {subprocess.py:93} INFO - 25/11/30 19:07:23 INFO Executor: Running task 0.0 in stage 3.0 (TID 2)
[2025-11-30T19:07:23.762+0000] {subprocess.py:93} INFO - 25/11/30 19:07:23 INFO ShuffleBlockFetcherIterator: Getting 1 (397.9 KiB) non-empty blocks including 1 (397.9 KiB) local and 0 (0.0 B) host-local and 0 (0.0 B) push-merged-local and 0 (0.0 B) remote blocks
[2025-11-30T19:07:23.769+0000] {subprocess.py:93} INFO - 25/11/30 19:07:23 INFO ShuffleBlockFetcherIterator: Started 0 remote fetches in 26 ms
[2025-11-30T19:07:23.893+0000] {subprocess.py:93} INFO - 25/11/30 19:07:23 INFO CodeGenerator: Code generated in 113.699386 ms
[2025-11-30T19:07:23.910+0000] {subprocess.py:93} INFO - 25/11/30 19:07:23 INFO FileOutputCommitter: File Output Committer Algorithm version is 1
[2025-11-30T19:07:23.911+0000] {subprocess.py:93} INFO - 25/11/30 19:07:23 INFO FileOutputCommitter: FileOutputCommitter skip cleanup _temporary folders under output directory:false, ignore cleanup failures: false
[2025-11-30T19:07:23.912+0000] {subprocess.py:93} INFO - 25/11/30 19:07:23 INFO SQLHadoopMapReduceCommitProtocol: Using user defined output committer class org.apache.parquet.hadoop.ParquetOutputCommitter
[2025-11-30T19:07:23.913+0000] {subprocess.py:93} INFO - 25/11/30 19:07:23 INFO FileOutputCommitter: File Output Committer Algorithm version is 1
[2025-11-30T19:07:23.914+0000] {subprocess.py:93} INFO - 25/11/30 19:07:23 INFO FileOutputCommitter: FileOutputCommitter skip cleanup _temporary folders under output directory:false, ignore cleanup failures: false
[2025-11-30T19:07:23.914+0000] {subprocess.py:93} INFO - 25/11/30 19:07:23 INFO SQLHadoopMapReduceCommitProtocol: Using output committer class org.apache.parquet.hadoop.ParquetOutputCommitter
[2025-11-30T19:07:23.926+0000] {subprocess.py:93} INFO - 25/11/30 19:07:23 INFO CodecConfig: Compression: SNAPPY
[2025-11-30T19:07:23.927+0000] {subprocess.py:93} INFO - 25/11/30 19:07:23 INFO CodecConfig: Compression: SNAPPY
[2025-11-30T19:07:23.968+0000] {subprocess.py:93} INFO - 25/11/30 19:07:23 INFO ParquetOutputFormat: ParquetRecordWriter [block size: 134217728b, row group padding size: 8388608b, validating: false]
[2025-11-30T19:07:24.007+0000] {subprocess.py:93} INFO - 25/11/30 19:07:23 INFO ParquetWriteSupport: Initialized Parquet WriteSupport with Catalyst schema:
[2025-11-30T19:07:24.008+0000] {subprocess.py:93} INFO - {
[2025-11-30T19:07:24.010+0000] {subprocess.py:93} INFO -   "type" : "struct",
[2025-11-30T19:07:24.011+0000] {subprocess.py:93} INFO -   "fields" : [ {
[2025-11-30T19:07:24.012+0000] {subprocess.py:93} INFO -     "name" : "title",
[2025-11-30T19:07:24.014+0000] {subprocess.py:93} INFO -     "type" : "string",
[2025-11-30T19:07:24.015+0000] {subprocess.py:93} INFO -     "nullable" : true,
[2025-11-30T19:07:24.016+0000] {subprocess.py:93} INFO -     "metadata" : { }
[2025-11-30T19:07:24.017+0000] {subprocess.py:93} INFO -   }, {
[2025-11-30T19:07:24.017+0000] {subprocess.py:93} INFO -     "name" : "url",
[2025-11-30T19:07:24.018+0000] {subprocess.py:93} INFO -     "type" : "string",
[2025-11-30T19:07:24.019+0000] {subprocess.py:93} INFO -     "nullable" : true,
[2025-11-30T19:07:24.020+0000] {subprocess.py:93} INFO -     "metadata" : { }
[2025-11-30T19:07:24.020+0000] {subprocess.py:93} INFO -   }, {
[2025-11-30T19:07:24.021+0000] {subprocess.py:93} INFO -     "name" : "price",
[2025-11-30T19:07:24.022+0000] {subprocess.py:93} INFO -     "type" : "integer",
[2025-11-30T19:07:24.023+0000] {subprocess.py:93} INFO -     "nullable" : true,
[2025-11-30T19:07:24.024+0000] {subprocess.py:93} INFO -     "metadata" : { }
[2025-11-30T19:07:24.025+0000] {subprocess.py:93} INFO -   }, {
[2025-11-30T19:07:24.028+0000] {subprocess.py:93} INFO -     "name" : "location",
[2025-11-30T19:07:24.029+0000] {subprocess.py:93} INFO -     "type" : "string",
[2025-11-30T19:07:24.030+0000] {subprocess.py:93} INFO -     "nullable" : true,
[2025-11-30T19:07:24.031+0000] {subprocess.py:93} INFO -     "metadata" : { }
[2025-11-30T19:07:24.033+0000] {subprocess.py:93} INFO -   }, {
[2025-11-30T19:07:24.033+0000] {subprocess.py:93} INFO -     "name" : "region",
[2025-11-30T19:07:24.034+0000] {subprocess.py:93} INFO -     "type" : "string",
[2025-11-30T19:07:24.035+0000] {subprocess.py:93} INFO -     "nullable" : true,
[2025-11-30T19:07:24.036+0000] {subprocess.py:93} INFO -     "metadata" : { }
[2025-11-30T19:07:24.037+0000] {subprocess.py:93} INFO -   }, {
[2025-11-30T19:07:24.038+0000] {subprocess.py:93} INFO -     "name" : "bedrooms",
[2025-11-30T19:07:24.040+0000] {subprocess.py:93} INFO -     "type" : "integer",
[2025-11-30T19:07:24.040+0000] {subprocess.py:93} INFO -     "nullable" : true,
[2025-11-30T19:07:24.041+0000] {subprocess.py:93} INFO -     "metadata" : { }
[2025-11-30T19:07:24.043+0000] {subprocess.py:93} INFO -   }, {
[2025-11-30T19:07:24.044+0000] {subprocess.py:93} INFO -     "name" : "bathrooms",
[2025-11-30T19:07:24.047+0000] {subprocess.py:93} INFO -     "type" : "integer",
[2025-11-30T19:07:24.048+0000] {subprocess.py:93} INFO -     "nullable" : true,
[2025-11-30T19:07:24.049+0000] {subprocess.py:93} INFO -     "metadata" : { }
[2025-11-30T19:07:24.051+0000] {subprocess.py:93} INFO -   }, {
[2025-11-30T19:07:24.052+0000] {subprocess.py:93} INFO -     "name" : "latitude",
[2025-11-30T19:07:24.053+0000] {subprocess.py:93} INFO -     "type" : "double",
[2025-11-30T19:07:24.054+0000] {subprocess.py:93} INFO -     "nullable" : true,
[2025-11-30T19:07:24.054+0000] {subprocess.py:93} INFO -     "metadata" : { }
[2025-11-30T19:07:24.055+0000] {subprocess.py:93} INFO -   }, {
[2025-11-30T19:07:24.056+0000] {subprocess.py:93} INFO -     "name" : "longitude",
[2025-11-30T19:07:24.057+0000] {subprocess.py:93} INFO -     "type" : "double",
[2025-11-30T19:07:24.058+0000] {subprocess.py:93} INFO -     "nullable" : true,
[2025-11-30T19:07:24.059+0000] {subprocess.py:93} INFO -     "metadata" : { }
[2025-11-30T19:07:24.061+0000] {subprocess.py:93} INFO -   }, {
[2025-11-30T19:07:24.062+0000] {subprocess.py:93} INFO -     "name" : "property_type",
[2025-11-30T19:07:24.063+0000] {subprocess.py:93} INFO -     "type" : "string",
[2025-11-30T19:07:24.064+0000] {subprocess.py:93} INFO -     "nullable" : false,
[2025-11-30T19:07:24.064+0000] {subprocess.py:93} INFO -     "metadata" : { }
[2025-11-30T19:07:24.065+0000] {subprocess.py:93} INFO -   } ]
[2025-11-30T19:07:24.066+0000] {subprocess.py:93} INFO - }
[2025-11-30T19:07:24.066+0000] {subprocess.py:93} INFO - and corresponding Parquet message type:
[2025-11-30T19:07:24.067+0000] {subprocess.py:93} INFO - message spark_schema {
[2025-11-30T19:07:24.068+0000] {subprocess.py:93} INFO -   optional binary title (STRING);
[2025-11-30T19:07:24.069+0000] {subprocess.py:93} INFO -   optional binary url (STRING);
[2025-11-30T19:07:24.069+0000] {subprocess.py:93} INFO -   optional int32 price;
[2025-11-30T19:07:24.070+0000] {subprocess.py:93} INFO -   optional binary location (STRING);
[2025-11-30T19:07:24.071+0000] {subprocess.py:93} INFO -   optional binary region (STRING);
[2025-11-30T19:07:24.071+0000] {subprocess.py:93} INFO -   optional int32 bedrooms;
[2025-11-30T19:07:24.072+0000] {subprocess.py:93} INFO -   optional int32 bathrooms;
[2025-11-30T19:07:24.073+0000] {subprocess.py:93} INFO -   optional double latitude;
[2025-11-30T19:07:24.073+0000] {subprocess.py:93} INFO -   optional double longitude;
[2025-11-30T19:07:24.074+0000] {subprocess.py:93} INFO -   required binary property_type (STRING);
[2025-11-30T19:07:24.075+0000] {subprocess.py:93} INFO - }
[2025-11-30T19:07:24.076+0000] {subprocess.py:93} INFO - 
[2025-11-30T19:07:24.077+0000] {subprocess.py:93} INFO - 
[2025-11-30T19:07:24.085+0000] {subprocess.py:93} INFO - 25/11/30 19:07:24 INFO CodecPool: Got brand-new compressor [.snappy]
[2025-11-30T19:07:25.256+0000] {subprocess.py:93} INFO - 25/11/30 19:07:25 INFO FileOutputCommitter: Saved output of task 'attempt_20251130190723951628081331393644_0003_m_000000_2' to hdfs://namenode:9000/datalake/silver/cleaned_bayut/_temporary/0/task_20251130190723951628081331393644_0003_m_000000
[2025-11-30T19:07:25.258+0000] {subprocess.py:93} INFO - 25/11/30 19:07:25 INFO SparkHadoopMapRedUtil: attempt_20251130190723951628081331393644_0003_m_000000_2: Committed. Elapsed time: 24 ms.
[2025-11-30T19:07:25.274+0000] {subprocess.py:93} INFO - 25/11/30 19:07:25 INFO Executor: Finished task 0.0 in stage 3.0 (TID 2). 6444 bytes result sent to driver
[2025-11-30T19:07:25.279+0000] {subprocess.py:93} INFO - 25/11/30 19:07:25 INFO TaskSetManager: Finished task 0.0 in stage 3.0 (TID 2) in 1686 ms on 76c6f5c40d8c (executor driver) (1/1)
[2025-11-30T19:07:25.280+0000] {subprocess.py:93} INFO - 25/11/30 19:07:25 INFO TaskSchedulerImpl: Removed TaskSet 3.0, whose tasks have all completed, from pool
[2025-11-30T19:07:25.281+0000] {subprocess.py:93} INFO - 25/11/30 19:07:25 INFO DAGScheduler: ResultStage 3 (parquet at NativeMethodAccessorImpl.java:0) finished in 1.776 s
[2025-11-30T19:07:25.282+0000] {subprocess.py:93} INFO - 25/11/30 19:07:25 INFO DAGScheduler: Job 2 is finished. Cancelling potential speculative or zombie tasks for this job
[2025-11-30T19:07:25.283+0000] {subprocess.py:93} INFO - 25/11/30 19:07:25 INFO TaskSchedulerImpl: Killing all running tasks in stage 3: Stage finished
[2025-11-30T19:07:25.284+0000] {subprocess.py:93} INFO - 25/11/30 19:07:25 INFO DAGScheduler: Job 2 finished: parquet at NativeMethodAccessorImpl.java:0, took 1.821885 s
[2025-11-30T19:07:25.288+0000] {subprocess.py:93} INFO - 25/11/30 19:07:25 INFO FileFormatWriter: Start to commit write Job dfba9684-93fa-4792-8506-d06ea3d98235.
[2025-11-30T19:07:25.343+0000] {subprocess.py:93} INFO - 25/11/30 19:07:25 INFO FileFormatWriter: Write Job dfba9684-93fa-4792-8506-d06ea3d98235 committed. Elapsed time: 51 ms.
[2025-11-30T19:07:25.350+0000] {subprocess.py:93} INFO - 25/11/30 19:07:25 INFO FileFormatWriter: Finished processing stats for write job dfba9684-93fa-4792-8506-d06ea3d98235.
[2025-11-30T19:07:25.365+0000] {subprocess.py:93} INFO - ✅ Bayut cleaned data saved to hdfs://namenode:9000/datalake/silver/cleaned_bayut
[2025-11-30T19:07:25.369+0000] {subprocess.py:93} INFO - 25/11/30 19:07:25 INFO SparkContext: SparkContext is stopping with exitCode 0.
[2025-11-30T19:07:25.419+0000] {subprocess.py:93} INFO - 25/11/30 19:07:25 INFO SparkUI: Stopped Spark web UI at http://76c6f5c40d8c:4040
[2025-11-30T19:07:25.452+0000] {subprocess.py:93} INFO - 25/11/30 19:07:25 INFO MapOutputTrackerMasterEndpoint: MapOutputTrackerMasterEndpoint stopped!
[2025-11-30T19:07:25.577+0000] {subprocess.py:93} INFO - 25/11/30 19:07:25 INFO MemoryStore: MemoryStore cleared
[2025-11-30T19:07:25.579+0000] {subprocess.py:93} INFO - 25/11/30 19:07:25 INFO BlockManager: BlockManager stopped
[2025-11-30T19:07:25.591+0000] {subprocess.py:93} INFO - 25/11/30 19:07:25 INFO BlockManagerMaster: BlockManagerMaster stopped
[2025-11-30T19:07:25.600+0000] {subprocess.py:93} INFO - 25/11/30 19:07:25 INFO OutputCommitCoordinator$OutputCommitCoordinatorEndpoint: OutputCommitCoordinator stopped!
[2025-11-30T19:07:25.632+0000] {subprocess.py:93} INFO - 25/11/30 19:07:25 INFO SparkContext: Successfully stopped SparkContext
[2025-11-30T19:07:25.826+0000] {subprocess.py:93} INFO - 25/11/30 19:07:25 INFO ShutdownHookManager: Shutdown hook called
[2025-11-30T19:07:25.827+0000] {subprocess.py:93} INFO - 25/11/30 19:07:25 INFO ShutdownHookManager: Deleting directory /tmp/spark-bfd6b6f4-8c6a-4e24-af10-52d1e9e78054/pyspark-4346bd9e-4ac5-46d4-b626-a3ebe8d4efe4
[2025-11-30T19:07:25.834+0000] {subprocess.py:93} INFO - 25/11/30 19:07:25 INFO ShutdownHookManager: Deleting directory /tmp/spark-92b19d04-b316-4382-8b08-090c872ac22f
[2025-11-30T19:07:25.842+0000] {subprocess.py:93} INFO - 25/11/30 19:07:25 INFO ShutdownHookManager: Deleting directory /tmp/spark-bfd6b6f4-8c6a-4e24-af10-52d1e9e78054
[2025-11-30T19:07:25.955+0000] {subprocess.py:97} INFO - Command exited with return code 0
[2025-11-30T19:07:25.958+0000] {taskinstance.py:441} INFO - ::group::Post task execution logs
[2025-11-30T19:07:26.000+0000] {taskinstance.py:1206} INFO - Marking task as SUCCESS. dag_id=real_estate_etl_pipeline, task_id=clean_bayut, run_id=manual__2025-11-30T18:25:30.102845+00:00, execution_date=20251130T182530, start_date=20251130T190659, end_date=20251130T190726
[2025-11-30T19:07:26.064+0000] {local_task_job_runner.py:240} INFO - Task exited with return code 0
[2025-11-30T19:07:26.095+0000] {taskinstance.py:3503} INFO - 1 downstream tasks scheduled from follow-on schedule check
[2025-11-30T19:07:26.098+0000] {local_task_job_runner.py:222} INFO - ::endgroup::
