[2025-11-30T18:25:35.095+0000] {local_task_job_runner.py:120} INFO - ::group::Pre task execution logs
[2025-11-30T18:25:35.127+0000] {taskinstance.py:2076} INFO - Dependencies all met for dep_context=non-requeueable deps ti=<TaskInstance: real_estate_etl_pipeline.create_local_directories manual__2025-11-30T18:25:30.102845+00:00 [queued]>
[2025-11-30T18:25:35.138+0000] {taskinstance.py:2076} INFO - Dependencies all met for dep_context=requeueable deps ti=<TaskInstance: real_estate_etl_pipeline.create_local_directories manual__2025-11-30T18:25:30.102845+00:00 [queued]>
[2025-11-30T18:25:35.140+0000] {taskinstance.py:2306} INFO - Starting attempt 1 of 2
[2025-11-30T18:25:35.151+0000] {taskinstance.py:2330} INFO - Executing <Task(BashOperator): create_local_directories> on 2025-11-30 18:25:30.102845+00:00
[2025-11-30T18:25:35.162+0000] {warnings.py:112} WARNING - /home/***/.local/lib/python3.12/site-packages/***/task/task_runner/standard_task_runner.py:61: DeprecationWarning: This process (pid=57) is multi-threaded, use of fork() may lead to deadlocks in the child.
  pid = os.fork()

[2025-11-30T18:25:35.167+0000] {standard_task_runner.py:63} INFO - Started process 59 to run task
[2025-11-30T18:25:35.165+0000] {standard_task_runner.py:90} INFO - Running: ['***', 'tasks', 'run', 'real_estate_etl_pipeline', 'create_local_directories', 'manual__2025-11-30T18:25:30.102845+00:00', '--job-id', '2', '--raw', '--subdir', 'DAGS_FOLDER/scraping_dag.py', '--cfg-path', '/tmp/tmpi69w5dsa']
[2025-11-30T18:25:35.170+0000] {standard_task_runner.py:91} INFO - Job 2: Subtask create_local_directories
[2025-11-30T18:25:35.264+0000] {task_command.py:426} INFO - Running <TaskInstance: real_estate_etl_pipeline.create_local_directories manual__2025-11-30T18:25:30.102845+00:00 [running]> on host 9a9a5f972fcd
[2025-11-30T18:25:35.386+0000] {taskinstance.py:2648} INFO - Exporting env vars: AIRFLOW_CTX_DAG_OWNER='***' AIRFLOW_CTX_DAG_ID='real_estate_etl_pipeline' AIRFLOW_CTX_TASK_ID='create_local_directories' AIRFLOW_CTX_EXECUTION_DATE='2025-11-30T18:25:30.102845+00:00' AIRFLOW_CTX_TRY_NUMBER='1' AIRFLOW_CTX_DAG_RUN_ID='manual__2025-11-30T18:25:30.102845+00:00'
[2025-11-30T18:25:35.391+0000] {taskinstance.py:430} INFO - ::endgroup::
[2025-11-30T18:25:35.393+0000] {subprocess.py:63} INFO - Tmp dir root location: /tmp
[2025-11-30T18:25:35.395+0000] {subprocess.py:75} INFO - Running command: ['/usr/bin/bash', '-c', '\n        docker exec jupyter mkdir -p /data/data_csv_files/bayut                                      /data/data_csv_files/dubbizle                                      /data/data_csv_files/fazwaz                                      /data/data_csv_files/propertyfinder\n        ']
[2025-11-30T18:25:35.414+0000] {subprocess.py:86} INFO - Output:
[2025-11-30T18:25:35.874+0000] {subprocess.py:97} INFO - Command exited with return code 0
[2025-11-30T18:25:35.879+0000] {taskinstance.py:441} INFO - ::group::Post task execution logs
[2025-11-30T18:25:35.906+0000] {taskinstance.py:1206} INFO - Marking task as SUCCESS. dag_id=real_estate_etl_pipeline, task_id=create_local_directories, run_id=manual__2025-11-30T18:25:30.102845+00:00, execution_date=20251130T182530, start_date=20251130T182535, end_date=20251130T182535
[2025-11-30T18:25:35.950+0000] {local_task_job_runner.py:240} INFO - Task exited with return code 0
[2025-11-30T18:25:35.987+0000] {taskinstance.py:3503} INFO - 4 downstream tasks scheduled from follow-on schedule check
[2025-11-30T18:25:35.991+0000] {local_task_job_runner.py:222} INFO - ::endgroup::
