[2025-11-30T18:31:38.431+0000] {local_task_job_runner.py:120} INFO - ::group::Pre task execution logs
[2025-11-30T18:31:38.470+0000] {taskinstance.py:2076} INFO - Dependencies all met for dep_context=non-requeueable deps ti=<TaskInstance: real_estate_etl_pipeline.scrape_propertyfinder manual__2025-11-30T18:25:30.102845+00:00 [queued]>
[2025-11-30T18:31:38.488+0000] {taskinstance.py:2076} INFO - Dependencies all met for dep_context=requeueable deps ti=<TaskInstance: real_estate_etl_pipeline.scrape_propertyfinder manual__2025-11-30T18:25:30.102845+00:00 [queued]>
[2025-11-30T18:31:38.505+0000] {taskinstance.py:2306} INFO - Starting attempt 3 of 4
[2025-11-30T18:31:38.688+0000] {taskinstance.py:2330} INFO - Executing <Task(BashOperator): scrape_propertyfinder> on 2025-11-30 18:25:30.102845+00:00
[2025-11-30T18:31:38.709+0000] {warnings.py:112} WARNING - /home/***/.local/lib/python3.12/site-packages/***/task/task_runner/standard_task_runner.py:61: DeprecationWarning: This process (pid=142) is multi-threaded, use of fork() may lead to deadlocks in the child.
  pid = os.fork()

[2025-11-30T18:31:38.713+0000] {standard_task_runner.py:63} INFO - Started process 144 to run task
[2025-11-30T18:31:38.713+0000] {standard_task_runner.py:90} INFO - Running: ['***', 'tasks', 'run', 'real_estate_etl_pipeline', 'scrape_propertyfinder', 'manual__2025-11-30T18:25:30.102845+00:00', '--job-id', '8', '--raw', '--subdir', 'DAGS_FOLDER/scraping_dag.py', '--cfg-path', '/tmp/tmppx98l5xe']
[2025-11-30T18:31:38.720+0000] {standard_task_runner.py:91} INFO - Job 8: Subtask scrape_propertyfinder
[2025-11-30T18:31:38.936+0000] {task_command.py:426} INFO - Running <TaskInstance: real_estate_etl_pipeline.scrape_propertyfinder manual__2025-11-30T18:25:30.102845+00:00 [running]> on host 9a9a5f972fcd
[2025-11-30T18:31:39.154+0000] {taskinstance.py:2648} INFO - Exporting env vars: AIRFLOW_CTX_DAG_OWNER='***' AIRFLOW_CTX_DAG_ID='real_estate_etl_pipeline' AIRFLOW_CTX_TASK_ID='scrape_propertyfinder' AIRFLOW_CTX_EXECUTION_DATE='2025-11-30T18:25:30.102845+00:00' AIRFLOW_CTX_TRY_NUMBER='3' AIRFLOW_CTX_DAG_RUN_ID='manual__2025-11-30T18:25:30.102845+00:00'
[2025-11-30T18:31:39.159+0000] {taskinstance.py:430} INFO - ::endgroup::
[2025-11-30T18:31:39.161+0000] {subprocess.py:63} INFO - Tmp dir root location: /tmp
[2025-11-30T18:31:39.198+0000] {subprocess.py:75} INFO - Running command: ['/usr/bin/bash', '-c', 'docker exec jupyter python /data/scraping_scripts/propertyfinder/scraping_propertyfinder.py']
[2025-11-30T18:31:39.227+0000] {subprocess.py:86} INFO - Output:
[2025-11-30T18:35:14.125+0000] {subprocess.py:93} INFO - Scraping page 1 ...
[2025-11-30T18:35:14.129+0000] {subprocess.py:93} INFO - Scraping page 2 ...
[2025-11-30T18:35:14.130+0000] {subprocess.py:93} INFO - Scraping page 3 ...
[2025-11-30T18:35:14.132+0000] {subprocess.py:93} INFO - Scraping page 4 ...
[2025-11-30T18:35:14.133+0000] {subprocess.py:93} INFO - Scraping page 5 ...
[2025-11-30T18:35:14.135+0000] {subprocess.py:93} INFO - Scraping page 6 ...
[2025-11-30T18:35:14.136+0000] {subprocess.py:93} INFO - Scraping page 7 ...
[2025-11-30T18:35:14.138+0000] {subprocess.py:93} INFO - Scraping page 8 ...
[2025-11-30T18:35:14.139+0000] {subprocess.py:93} INFO - Scraping page 9 ...
[2025-11-30T18:35:14.141+0000] {subprocess.py:93} INFO - Scraping page 10 ...
[2025-11-30T18:35:14.142+0000] {subprocess.py:93} INFO - Scraping page 11 ...
[2025-11-30T18:35:14.144+0000] {subprocess.py:93} INFO - Scraping page 12 ...
[2025-11-30T18:35:14.146+0000] {subprocess.py:93} INFO - Scraping page 13 ...
[2025-11-30T18:35:14.148+0000] {subprocess.py:93} INFO - Scraping page 14 ...
[2025-11-30T18:35:14.150+0000] {subprocess.py:93} INFO - Scraping page 15 ...
[2025-11-30T18:35:14.151+0000] {subprocess.py:93} INFO - Scraping page 16 ...
[2025-11-30T18:35:14.153+0000] {subprocess.py:93} INFO - Scraping page 17 ...
[2025-11-30T18:35:14.154+0000] {subprocess.py:93} INFO - Scraping page 18 ...
[2025-11-30T18:35:14.155+0000] {subprocess.py:93} INFO - Scraping page 19 ...
[2025-11-30T18:35:14.156+0000] {subprocess.py:93} INFO - Scraping page 20 ...
[2025-11-30T18:35:14.157+0000] {subprocess.py:93} INFO - Scraping page 21 ...
[2025-11-30T18:35:14.158+0000] {subprocess.py:93} INFO - Scraping page 22 ...
[2025-11-30T18:35:14.159+0000] {subprocess.py:93} INFO - Scraping page 23 ...
[2025-11-30T18:35:14.160+0000] {subprocess.py:93} INFO - Scraping page 24 ...
[2025-11-30T18:35:14.161+0000] {subprocess.py:93} INFO - Scraping page 25 ...
[2025-11-30T18:35:14.162+0000] {subprocess.py:93} INFO - Scraping page 26 ...
[2025-11-30T18:35:14.162+0000] {subprocess.py:93} INFO - Scraping page 27 ...
[2025-11-30T18:35:14.163+0000] {subprocess.py:93} INFO - Scraping page 28 ...
[2025-11-30T18:35:14.164+0000] {subprocess.py:93} INFO - Scraping page 29 ...
[2025-11-30T18:35:14.165+0000] {subprocess.py:93} INFO - Scraping page 30 ...
[2025-11-30T18:35:14.166+0000] {subprocess.py:93} INFO - Scraping page 31 ...
[2025-11-30T18:35:14.166+0000] {subprocess.py:93} INFO - Scraping page 32 ...
[2025-11-30T18:35:14.167+0000] {subprocess.py:93} INFO - Scraping page 33 ...
[2025-11-30T18:35:14.168+0000] {subprocess.py:93} INFO - Scraping page 34 ...
[2025-11-30T18:35:14.169+0000] {subprocess.py:93} INFO - Scraping page 35 ...
[2025-11-30T18:35:14.169+0000] {subprocess.py:93} INFO - Scraping page 36 ...
[2025-11-30T18:35:14.170+0000] {subprocess.py:93} INFO - Scraping page 37 ...
[2025-11-30T18:35:14.171+0000] {subprocess.py:93} INFO - Scraping page 38 ...
[2025-11-30T18:35:14.172+0000] {subprocess.py:93} INFO - Scraping page 39 ...
[2025-11-30T18:35:14.173+0000] {subprocess.py:93} INFO - Scraping page 40 ...
[2025-11-30T18:35:14.174+0000] {subprocess.py:93} INFO - Scraping page 41 ...
[2025-11-30T18:35:14.175+0000] {subprocess.py:93} INFO - Scraping page 42 ...
[2025-11-30T18:35:14.175+0000] {subprocess.py:93} INFO - Scraping page 43 ...
[2025-11-30T18:35:14.176+0000] {subprocess.py:93} INFO - Scraping page 44 ...
[2025-11-30T18:35:14.177+0000] {subprocess.py:93} INFO - Scraping page 45 ...
[2025-11-30T18:35:14.178+0000] {subprocess.py:93} INFO - Scraping page 46 ...
[2025-11-30T18:35:14.178+0000] {subprocess.py:93} INFO - Scraping page 47 ...
[2025-11-30T18:35:14.179+0000] {subprocess.py:93} INFO - Scraping page 48 ...
[2025-11-30T18:35:14.180+0000] {subprocess.py:93} INFO - Scraping page 49 ...
[2025-11-30T18:35:14.181+0000] {subprocess.py:93} INFO - Scraping page 50 ...
[2025-11-30T18:35:14.181+0000] {subprocess.py:93} INFO - Scraping page 51 ...
[2025-11-30T18:35:14.182+0000] {subprocess.py:93} INFO - Scraping page 52 ...
[2025-11-30T18:35:14.183+0000] {subprocess.py:93} INFO - Scraping page 53 ...
[2025-11-30T18:35:14.184+0000] {subprocess.py:93} INFO - Scraping page 54 ...
[2025-11-30T18:35:14.184+0000] {subprocess.py:93} INFO - Scraping page 55 ...
[2025-11-30T18:35:14.185+0000] {subprocess.py:93} INFO - Scraping page 56 ...
[2025-11-30T18:35:14.186+0000] {subprocess.py:93} INFO - Scraping page 57 ...
[2025-11-30T18:35:14.187+0000] {subprocess.py:93} INFO - Scraping page 58 ...
[2025-11-30T18:35:14.188+0000] {subprocess.py:93} INFO - Scraping page 59 ...
[2025-11-30T18:35:14.189+0000] {subprocess.py:93} INFO - Scraping page 60 ...
[2025-11-30T18:35:14.189+0000] {subprocess.py:93} INFO - Scraping page 61 ...
[2025-11-30T18:35:14.190+0000] {subprocess.py:93} INFO - Scraping page 62 ...
[2025-11-30T18:35:14.191+0000] {subprocess.py:93} INFO - Scraping page 63 ...
[2025-11-30T18:35:14.192+0000] {subprocess.py:93} INFO - Scraping page 64 ...
[2025-11-30T18:35:14.192+0000] {subprocess.py:93} INFO - Scraping page 65 ...
[2025-11-30T18:35:14.194+0000] {subprocess.py:93} INFO - Scraping page 66 ...
[2025-11-30T18:35:14.195+0000] {subprocess.py:93} INFO - Scraping page 67 ...
[2025-11-30T18:35:14.195+0000] {subprocess.py:93} INFO - Scraping page 68 ...
[2025-11-30T18:35:14.196+0000] {subprocess.py:93} INFO - Scraping page 69 ...
[2025-11-30T18:35:14.197+0000] {subprocess.py:93} INFO - Scraping page 70 ...
[2025-11-30T18:35:14.198+0000] {subprocess.py:93} INFO - Scraping page 71 ...
[2025-11-30T18:35:14.199+0000] {subprocess.py:93} INFO - Scraping page 72 ...
[2025-11-30T18:35:14.199+0000] {subprocess.py:93} INFO - Scraping page 73 ...
[2025-11-30T18:35:14.200+0000] {subprocess.py:93} INFO - Scraping page 74 ...
[2025-11-30T18:35:14.202+0000] {subprocess.py:93} INFO - Scraping page 75 ...
[2025-11-30T18:35:14.202+0000] {subprocess.py:93} INFO - Scraping page 76 ...
[2025-11-30T18:35:14.203+0000] {subprocess.py:93} INFO - Scraping page 77 ...
[2025-11-30T18:35:14.204+0000] {subprocess.py:93} INFO - Scraping page 78 ...
[2025-11-30T18:35:14.204+0000] {subprocess.py:93} INFO - Scraping page 79 ...
[2025-11-30T18:35:14.205+0000] {subprocess.py:93} INFO - Scraping page 80 ...
[2025-11-30T18:35:14.206+0000] {subprocess.py:93} INFO - Scraping page 81 ...
[2025-11-30T18:35:14.207+0000] {subprocess.py:93} INFO - Scraping page 82 ...
[2025-11-30T18:35:14.208+0000] {subprocess.py:93} INFO - Scraping page 83 ...
[2025-11-30T18:35:14.209+0000] {subprocess.py:93} INFO - Scraping page 84 ...
[2025-11-30T18:35:14.210+0000] {subprocess.py:93} INFO - (2100, 16)
[2025-11-30T18:35:14.211+0000] {subprocess.py:93} INFO - {
[2025-11-30T18:35:14.212+0000] {subprocess.py:93} INFO -   "id": "8302194",
[2025-11-30T18:35:14.213+0000] {subprocess.py:93} INFO -   "category_id": 1,
[2025-11-30T18:35:14.214+0000] {subprocess.py:93} INFO -   "property_type": "Duplex",
[2025-11-30T18:35:14.215+0000] {subprocess.py:93} INFO -   "price": {
[2025-11-30T18:35:14.216+0000] {subprocess.py:93} INFO -     "value": 25000000,
[2025-11-30T18:35:14.217+0000] {subprocess.py:93} INFO -     "currency": "EGP",
[2025-11-30T18:35:14.218+0000] {subprocess.py:93} INFO -     "period": "sell",
[2025-11-30T18:35:14.218+0000] {subprocess.py:93} INFO -     "is_hidden": false
[2025-11-30T18:35:14.219+0000] {subprocess.py:93} INFO -   },
[2025-11-30T18:35:14.220+0000] {subprocess.py:93} INFO -   "title": "DUPLEX PRIME LOCATION FOR SALE OVER 10 _YEARS    ",
[2025-11-30T18:35:14.220+0000] {subprocess.py:93} INFO -   "location": {
[2025-11-30T18:35:14.221+0000] {subprocess.py:93} INFO -     "id": "40976",
[2025-11-30T18:35:14.222+0000] {subprocess.py:93} INFO -     "full_name": "Vye Sodic, New Zayed City, Sheikh Zayed City, Giza",
[2025-11-30T18:35:14.223+0000] {subprocess.py:93} INFO -     "coordinates": {
[2025-11-30T18:35:14.223+0000] {subprocess.py:93} INFO -       "lat": 30.069866180419922,
[2025-11-30T18:35:14.224+0000] {subprocess.py:93} INFO -       "lon": 30.873863220214844
[2025-11-30T18:35:14.225+0000] {subprocess.py:93} INFO -     },
[2025-11-30T18:35:14.226+0000] {subprocess.py:93} INFO -     "slug": "sheikh-zayed-city-new-zayed-city-vye-sodic",
[2025-11-30T18:35:14.230+0000] {subprocess.py:93} INFO -     "path": "20663.28683.40975.40976",
[2025-11-30T18:35:14.233+0000] {subprocess.py:93} INFO -     "type": "SUBDISTRICT",
[2025-11-30T18:35:14.234+0000] {subprocess.py:93} INFO -     "name": "Vye Sodic",
[2025-11-30T18:35:14.235+0000] {subprocess.py:93} INFO -     "path_name": "Giza, Sheikh Zayed City, New Zayed City"
[2025-11-30T18:35:14.236+0000] {subprocess.py:93} INFO -   },
[2025-11-30T18:35:14.237+0000] {subprocess.py:93} INFO -   "images": [
[2025-11-30T18:35:14.238+0000] {subprocess.py:93} INFO -     {
[2025-11-30T18:35:14.239+0000] {subprocess.py:93} INFO -       "small": "https://www.propertyfinder.eg/property/efbf655f924d42dd9692c384a48a741b/416/272/MODE/02b3b9/8302194-873c1o.jpg?ctr=eg",
[2025-11-30T18:35:14.240+0000] {subprocess.py:93} INFO -       "medium": "https://www.propertyfinder.eg/property/efbf655f924d42dd9692c384a48a741b/668/452/MODE/5c220e/8302194-873c1o.jpg?ctr=eg",
[2025-11-30T18:35:14.241+0000] {subprocess.py:93} INFO -       "classification_label": ""
[2025-11-30T18:35:14.242+0000] {subprocess.py:93} INFO -     }
[2025-11-30T18:35:14.243+0000] {subprocess.py:93} INFO -   ],
[2025-11-30T18:35:14.244+0000] {subprocess.py:93} INFO -   "agent": {
[2025-11-30T18:35:14.245+0000] {subprocess.py:93} INFO -     "id": "57600",
[2025-11-30T18:35:14.246+0000] {subprocess.py:93} INFO -     "image": "",
[2025-11-30T18:35:14.247+0000] {subprocess.py:93} INFO -     "is_super_agent": false,
[2025-11-30T18:35:14.248+0000] {subprocess.py:93} INFO -     "name": "Mayar Tariq Saeed",
[2025-11-30T18:35:14.249+0000] {subprocess.py:93} INFO -     "user_id": 54967,
[2025-11-30T18:35:14.250+0000] {subprocess.py:93} INFO -     "email": "mayartarek900@gmail.com",
[2025-11-30T18:35:14.251+0000] {subprocess.py:93} INFO -     "languages": [],
[2025-11-30T18:35:14.251+0000] {subprocess.py:93} INFO -     "slug": "mayar-tariq-saeed"
[2025-11-30T18:35:14.252+0000] {subprocess.py:93} INFO -   },
[2025-11-30T18:35:14.253+0000] {subprocess.py:93} INFO -   "broker": {
[2025-11-30T18:35:14.254+0000] {subprocess.py:93} INFO -     "id": "85",
[2025-11-30T18:35:14.255+0000] {subprocess.py:93} INFO -     "logo": "https://www.propertyfinder.eg/broker/0/178/98/MODE/3ce02e/85-7e2a6o.jpg?ctr=eg",
[2025-11-30T18:35:14.256+0000] {subprocess.py:93} INFO -     "name": "Egypt Best Properties",
[2025-11-30T18:35:14.257+0000] {subprocess.py:93} INFO -     "address": "Office 5c, Building District 4, New Cairo City, Area 5, District 4, Cairo, ",
[2025-11-30T18:35:14.258+0000] {subprocess.py:93} INFO -     "email": "info@egyptbestproperties.com",
[2025-11-30T18:35:14.258+0000] {subprocess.py:93} INFO -     "phone": "+201224946565",
[2025-11-30T18:35:14.259+0000] {subprocess.py:93} INFO -     "slug": "egypt-best-properties"
[2025-11-30T18:35:14.260+0000] {subprocess.py:93} INFO -   },
[2025-11-30T18:35:14.261+0000] {subprocess.py:93} INFO -   "is_verified": false,
[2025-11-30T18:35:14.261+0000] {subprocess.py:93} INFO -   "is_direct_from_developer": false,
[2025-11-30T18:35:14.262+0000] {subprocess.py:93} INFO -   "is_new_construction": false,
[2025-11-30T18:35:14.264+0000] {subprocess.py:93} INFO -   "is_available": true,
[2025-11-30T18:35:14.265+0000] {subprocess.py:93} INFO -   "is_featured": false,
[2025-11-30T18:35:14.266+0000] {subprocess.py:93} INFO -   "is_premium": true,
[2025-11-30T18:35:14.266+0000] {subprocess.py:93} INFO -   "is_new_insert": false,
[2025-11-30T18:35:14.267+0000] {subprocess.py:93} INFO -   "utilities_price_type": "notSelected",
[2025-11-30T18:35:14.267+0000] {subprocess.py:93} INFO -   "live_viewing": null,
[2025-11-30T18:35:14.268+0000] {subprocess.py:93} INFO -   "is_community_expert": false,
[2025-11-30T18:35:14.269+0000] {subprocess.py:93} INFO -   "is_cts": false,
[2025-11-30T18:35:14.270+0000] {subprocess.py:93} INFO -   "bedrooms": "3",
[2025-11-30T18:35:14.271+0000] {subprocess.py:93} INFO -   "bathrooms": "4",
[2025-11-30T18:35:14.272+0000] {subprocess.py:93} INFO -   "size": {
[2025-11-30T18:35:14.272+0000] {subprocess.py:93} INFO -     "value": 306,
[2025-11-30T18:35:14.273+0000] {subprocess.py:93} INFO -     "unit": "sqm"
[2025-11-30T18:35:14.274+0000] {subprocess.py:93} INFO -   },
[2025-11-30T18:35:14.275+0000] {subprocess.py:93} INFO -   "share_url": "https://www.propertyfinder.eg/en/plp/buy/duplex-for-sale-giza-sheikh-zayed-city-new-zayed-city-vye-sodic-8302194.html",
[2025-11-30T18:35:14.276+0000] {subprocess.py:93} INFO -   "reference": "01KAR0MSXEZTF7829H5T7EBCE3",
[2025-11-30T18:35:14.277+0000] {subprocess.py:93} INFO -   "listed_date": "2025-11-23T10:46:04Z",
[2025-11-30T18:35:14.278+0000] {subprocess.py:93} INFO -   "contact_options": [
[2025-11-30T18:35:14.279+0000] {subprocess.py:93} INFO -     {
[2025-11-30T18:35:14.280+0000] {subprocess.py:93} INFO -       "type": "email",
[2025-11-30T18:35:14.281+0000] {subprocess.py:93} INFO -       "value": "mayartarek900@gmail.com",
[2025-11-30T18:35:14.281+0000] {subprocess.py:93} INFO -       "link": "mailto:mayartarek900@gmail.com",
[2025-11-30T18:35:14.282+0000] {subprocess.py:93} INFO -       "is_did": false
[2025-11-30T18:35:14.283+0000] {subprocess.py:93} INFO -     },
[2025-11-30T18:35:14.284+0000] {subprocess.py:93} INFO -     {
[2025-11-30T18:35:14.285+0000] {subprocess.py:93} INFO -       "type": "phone",
[2025-11-30T18:35:14.286+0000] {subprocess.py:93} INFO -       "value": "+201220516460",
[2025-11-30T18:35:14.287+0000] {subprocess.py:93} INFO -       "link": "tel:+201220516460",
[2025-11-30T18:35:14.288+0000] {subprocess.py:93} INFO -       "is_did": false
[2025-11-30T18:35:14.289+0000] {subprocess.py:93} INFO -     },
[2025-11-30T18:35:14.290+0000] {subprocess.py:93} INFO -     {
[2025-11-30T18:35:14.291+0000] {subprocess.py:93} INFO -       "type": "whatsapp",
[2025-11-30T18:35:14.293+0000] {subprocess.py:93} INFO -       "value": "+20221257340",
[2025-11-30T18:35:14.295+0000] {subprocess.py:93} INFO -       "link": "https://api.whatsapp.com/send?phone=+20221257340&text=Hello%2C%0AI+would+like+to+get+more+information+about+this+property%3A+%0A+%0AReference%3A+01KAR0MSXEZTF7829H5T7EBCE3%0AType%3A+Duplex%0APrice%3A+25%2C000%2C000+EGP+%0ALocation%3A+Vye+Sodic+%0ALink%3A+https%3A%2F%2Fwww.propertyfinder.eg%2Fto%2F8302194%2Fen+%0A+%0AAny+changes+made+to+this+message+will+result+in+the+enquiry+not+being+sent+to+the+agent.",
[2025-11-30T18:35:14.295+0000] {subprocess.py:93} INFO -       "is_did": false
[2025-11-30T18:35:14.296+0000] {subprocess.py:93} INFO -     }
[2025-11-30T18:35:14.297+0000] {subprocess.py:93} INFO -   ],
[2025-11-30T18:35:14.298+0000] {subprocess.py:93} INFO -   "images_count": 9,
[2025-11-30T18:35:14.301+0000] {subprocess.py:93} INFO -   "amenities": [
[2025-11-30T18:35:14.303+0000] {subprocess.py:93} INFO -     "MR",
[2025-11-30T18:35:14.304+0000] {subprocess.py:93} INFO -     "ST",
[2025-11-30T18:35:14.305+0000] {subprocess.py:93} INFO -     "AC",
[2025-11-30T18:35:14.306+0000] {subprocess.py:93} INFO -     "BA",
[2025-11-30T18:35:14.307+0000] {subprocess.py:93} INFO -     "PG",
[2025-11-30T18:35:14.307+0000] {subprocess.py:93} INFO -     "PP",
[2025-11-30T18:35:14.308+0000] {subprocess.py:93} INFO -     "SP",
[2025-11-30T18:35:14.308+0000] {subprocess.py:93} INFO -     "SS",
[2025-11-30T18:35:14.309+0000] {subprocess.py:93} INFO -     "SE",
[2025-11-30T18:35:14.310+0000] {subprocess.py:93} INFO -     "CP",
[2025-11-30T18:35:14.311+0000] {subprocess.py:93} INFO -     "BW",
[2025-11-30T18:35:14.311+0000] {subprocess.py:93} INFO -     "WC",
[2025-11-30T18:35:14.312+0000] {subprocess.py:93} INFO -     "BK",
[2025-11-30T18:35:14.313+0000] {subprocess.py:93} INFO -     "VW",
[2025-11-30T18:35:14.314+0000] {subprocess.py:93} INFO -     "BL",
[2025-11-30T18:35:14.315+0000] {subprocess.py:93} INFO -     "SY",
[2025-11-30T18:35:14.316+0000] {subprocess.py:93} INFO -     "LB",
[2025-11-30T18:35:14.317+0000] {subprocess.py:93} INFO -     "CO"
[2025-11-30T18:35:14.318+0000] {subprocess.py:93} INFO -   ],
[2025-11-30T18:35:14.318+0000] {subprocess.py:93} INFO -   "completion_status": "",
[2025-11-30T18:35:14.319+0000] {subprocess.py:93} INFO -   "furnished": "NO",
[2025-11-30T18:35:14.320+0000] {subprocess.py:93} INFO -   "property_type_id": 24,
[2025-11-30T18:35:14.322+0000] {subprocess.py:93} INFO -   "has_view_360": false,
[2025-11-30T18:35:14.323+0000] {subprocess.py:93} INFO -   "rsp": 95.59661,
[2025-11-30T18:35:14.324+0000] {subprocess.py:93} INFO -   "rss": 95.59661,
[2025-11-30T18:35:14.325+0000] {subprocess.py:93} INFO -   "qs": 100,
[2025-11-30T18:35:14.325+0000] {subprocess.py:93} INFO -   "is_exclusive": false,
[2025-11-30T18:35:14.326+0000] {subprocess.py:93} INFO -   "is_broker_project_property": false,
[2025-11-30T18:35:14.327+0000] {subprocess.py:93} INFO -   "rera": "",
[2025-11-30T18:35:14.327+0000] {subprocess.py:93} INFO -   "offering_type": "Residential for Sale",
[2025-11-30T18:35:14.328+0000] {subprocess.py:93} INFO -   "video_url": "",
[2025-11-30T18:35:14.329+0000] {subprocess.py:93} INFO -   "is_smart_ad": false,
[2025-11-30T18:35:14.329+0000] {subprocess.py:93} INFO -   "is_spotlight_listing": false,
[2025-11-30T18:35:14.330+0000] {subprocess.py:93} INFO -   "is_claimed_by_agent": false,
[2025-11-30T18:35:14.330+0000] {subprocess.py:93} INFO -   "is_under_offer_by_competitor": false,
[2025-11-30T18:35:14.331+0000] {subprocess.py:93} INFO -   "listing_level": "premium",
[2025-11-30T18:35:14.331+0000] {subprocess.py:93} INFO -   "listing_level_label": "premium",
[2025-11-30T18:35:14.332+0000] {subprocess.py:93} INFO -   "location_tree": [
[2025-11-30T18:35:14.333+0000] {subprocess.py:93} INFO -     {
[2025-11-30T18:35:14.333+0000] {subprocess.py:93} INFO -       "id": "20663",
[2025-11-30T18:35:14.334+0000] {subprocess.py:93} INFO -       "name": "Giza",
[2025-11-30T18:35:14.335+0000] {subprocess.py:93} INFO -       "type": "CITY",
[2025-11-30T18:35:14.335+0000] {subprocess.py:93} INFO -       "slug": "giza",
[2025-11-30T18:35:14.336+0000] {subprocess.py:93} INFO -       "slug_en": "giza",
[2025-11-30T18:35:14.336+0000] {subprocess.py:93} INFO -       "level": "0"
[2025-11-30T18:35:14.337+0000] {subprocess.py:93} INFO -     },
[2025-11-30T18:35:14.337+0000] {subprocess.py:93} INFO -     {
[2025-11-30T18:35:14.338+0000] {subprocess.py:93} INFO -       "id": "28683",
[2025-11-30T18:35:14.338+0000] {subprocess.py:93} INFO -       "name": "Sheikh Zayed City",
[2025-11-30T18:35:14.338+0000] {subprocess.py:93} INFO -       "type": "TOWN",
[2025-11-30T18:35:14.339+0000] {subprocess.py:93} INFO -       "slug": "sheikh-zayed-city",
[2025-11-30T18:35:14.339+0000] {subprocess.py:93} INFO -       "slug_en": "sheikh-zayed-city",
[2025-11-30T18:35:14.340+0000] {subprocess.py:93} INFO -       "level": "1"
[2025-11-30T18:35:14.341+0000] {subprocess.py:93} INFO -     },
[2025-11-30T18:35:14.342+0000] {subprocess.py:93} INFO -     {
[2025-11-30T18:35:14.342+0000] {subprocess.py:93} INFO -       "id": "40975",
[2025-11-30T18:35:14.343+0000] {subprocess.py:93} INFO -       "name": "New Zayed City",
[2025-11-30T18:35:14.344+0000] {subprocess.py:93} INFO -       "type": "DISTRICT",
[2025-11-30T18:35:14.346+0000] {subprocess.py:93} INFO -       "slug": "sheikh-zayed-city-new-zayed-city",
[2025-11-30T18:35:14.350+0000] {subprocess.py:93} INFO -       "slug_en": "sheikh-zayed-city-new-zayed-city",
[2025-11-30T18:35:14.354+0000] {subprocess.py:93} INFO -       "level": "2"
[2025-11-30T18:35:14.356+0000] {subprocess.py:93} INFO -     },
[2025-11-30T18:35:14.357+0000] {subprocess.py:93} INFO -     {
[2025-11-30T18:35:14.358+0000] {subprocess.py:93} INFO -       "id": "40976",
[2025-11-30T18:35:14.359+0000] {subprocess.py:93} INFO -       "name": "Vye Sodic",
[2025-11-30T18:35:14.360+0000] {subprocess.py:93} INFO -       "type": "SUBDISTRICT",
[2025-11-30T18:35:14.360+0000] {subprocess.py:93} INFO -       "slug": "sheikh-zayed-city-new-zayed-city-vye-sodic",
[2025-11-30T18:35:14.361+0000] {subprocess.py:93} INFO -       "slug_en": "sheikh-zayed-city-new-zayed-city-vye-sodic",
[2025-11-30T18:35:14.362+0000] {subprocess.py:93} INFO -       "level": "3"
[2025-11-30T18:35:14.363+0000] {subprocess.py:93} INFO -     }
[2025-11-30T18:35:14.364+0000] {subprocess.py:93} INFO -   ],
[2025-11-30T18:35:14.365+0000] {subprocess.py:93} INFO -   "description": "Property Details\n\nArea: 306sqm\n\nBedrooms: 3\n\nBathrooms:4\n\nAbout VYE SODIC\nVYE SODIC is a forward-thinking residential development located in West Cairo, at the heart of New Zayed City. As one of SODIC\u2019s most innovative projects, VYE introduces a fully integrated, mixed-use lifestyle destination designed to meet the needs of modern living.\n\nSpanning an impressive 464 acres, the compound reflects a vision built around sustainability, creativity, and smart urban planning. The project features elegantly designed homes crafted by internationally acclaimed architects, ensuring a blend of style, comfort, and functionality.\n\nVYE SODIC is strategically positioned with direct access to the Dabaa / Rod El Farag Axis, making it seamlessly connected to major roads and key destinations across Cairo. This prime location, combined with its contemporary design and integrated amenities, makes VYE one of the standout residential communities in the area.",
[2025-11-30T18:35:14.366+0000] {subprocess.py:93} INFO -   "amenity_names": [
[2025-11-30T18:35:14.367+0000] {subprocess.py:93} INFO -     "Maids Room",
[2025-11-30T18:35:14.367+0000] {subprocess.py:93} INFO -     "Study",
[2025-11-30T18:35:14.368+0000] {subprocess.py:93} INFO -     "Central A/C",
[2025-11-30T18:35:14.369+0000] {subprocess.py:93} INFO -     "Balcony",
[2025-11-30T18:35:14.370+0000] {subprocess.py:93} INFO -     "Private Garden",
[2025-11-30T18:35:14.371+0000] {subprocess.py:93} INFO -     "Private Pool",
[2025-11-30T18:35:14.371+0000] {subprocess.py:93} INFO -     "Shared Pool",
[2025-11-30T18:35:14.372+0000] {subprocess.py:93} INFO -     "Shared Spa",
[2025-11-30T18:35:14.372+0000] {subprocess.py:93} INFO -     "Security",
[2025-11-30T18:35:14.373+0000] {subprocess.py:93} INFO -     "Covered Parking",
[2025-11-30T18:35:14.374+0000] {subprocess.py:93} INFO -     "Built in Wardrobes",
[2025-11-30T18:35:14.374+0000] {subprocess.py:93} INFO -     "Walk-in Closet",
[2025-11-30T18:35:14.376+0000] {subprocess.py:93} INFO -     "Kitchen Appliances",
[2025-11-30T18:35:14.376+0000] {subprocess.py:93} INFO -     "View of Water",
[2025-11-30T18:35:14.377+0000] {subprocess.py:93} INFO -     "View of Landmark",
[2025-11-30T18:35:14.378+0000] {subprocess.py:93} INFO -     "Shared Gym",
[2025-11-30T18:35:14.378+0000] {subprocess.py:93} INFO -     "Lobby in Building",
[2025-11-30T18:35:14.379+0000] {subprocess.py:93} INFO -     "Children's Pool"
[2025-11-30T18:35:14.379+0000] {subprocess.py:93} INFO -   ],
[2025-11-30T18:35:14.380+0000] {subprocess.py:93} INFO -   "payment_method": [
[2025-11-30T18:35:14.381+0000] {subprocess.py:93} INFO -     "installments"
[2025-11-30T18:35:14.381+0000] {subprocess.py:93} INFO -   ],
[2025-11-30T18:35:14.382+0000] {subprocess.py:93} INFO -   "lead_value": 100,
[2025-11-30T18:35:14.382+0000] {subprocess.py:93} INFO -   "details_path": "/en/plp/buy/duplex-for-sale-giza-sheikh-zayed-city-new-zayed-city-vye-sodic-8302194.html",
[2025-11-30T18:35:14.383+0000] {subprocess.py:93} INFO -   "rank_score": 95.59661102294922,
[2025-11-30T18:35:14.384+0000] {subprocess.py:93} INFO -   "bedrooms_value": 3,
[2025-11-30T18:35:14.385+0000] {subprocess.py:93} INFO -   "bathrooms_value": 4,
[2025-11-30T18:35:14.385+0000] {subprocess.py:93} INFO -   "ranking_factors": "7S+bdUpTeCTvIeyr9YdyNpIt4IFFPD2+Fb8aojoCOGKiGjjaQvx235sfPVhiHzA5Bh40yH1F2S3a1Ye2mE0W3FYmjPWBMZ2G7il8jaeoVLvEN9t1348WjnsD87HqVqgsG7gmgjx8g9yc3JXDhg==",
[2025-11-30T18:35:14.386+0000] {subprocess.py:93} INFO -   "is_pf_exclusive": false,
[2025-11-30T18:35:14.386+0000] {subprocess.py:93} INFO -   "listing_id": "dummy-listing-id-8302194",
[2025-11-30T18:35:14.387+0000] {subprocess.py:93} INFO -   "client": {
[2025-11-30T18:35:14.387+0000] {subprocess.py:93} INFO -     "id": "85",
[2025-11-30T18:35:14.388+0000] {subprocess.py:93} INFO -     "logo": "https://www.propertyfinder.eg/broker/0/178/98/MODE/3ce02e/85-7e2a6o.jpg?ctr=eg",
[2025-11-30T18:35:14.388+0000] {subprocess.py:93} INFO -     "name": "Egypt Best Properties",
[2025-11-30T18:35:14.389+0000] {subprocess.py:93} INFO -     "address": "Office 5c, Building District 4, New Cairo City, Area 5, District 4, Cairo, ",
[2025-11-30T18:35:14.390+0000] {subprocess.py:93} INFO -     "email": "info@egyptbestproperties.com",
[2025-11-30T18:35:14.390+0000] {subprocess.py:93} INFO -     "phone": "+201224946565",
[2025-11-30T18:35:14.391+0000] {subprocess.py:93} INFO -     "slug": "egypt-best-properties"
[2025-11-30T18:35:14.391+0000] {subprocess.py:93} INFO -   }
[2025-11-30T18:35:14.392+0000] {subprocess.py:93} INFO - }
[2025-11-30T18:35:14.441+0000] {subprocess.py:97} INFO - Command exited with return code 0
[2025-11-30T18:35:14.446+0000] {taskinstance.py:441} INFO - ::group::Post task execution logs
[2025-11-30T18:35:14.502+0000] {taskinstance.py:1206} INFO - Marking task as SUCCESS. dag_id=real_estate_etl_pipeline, task_id=scrape_propertyfinder, run_id=manual__2025-11-30T18:25:30.102845+00:00, execution_date=20251130T182530, start_date=20251130T183138, end_date=20251130T183514
[2025-11-30T18:35:14.559+0000] {local_task_job_runner.py:240} INFO - Task exited with return code 0
[2025-11-30T18:35:14.620+0000] {taskinstance.py:3503} INFO - 0 downstream tasks scheduled from follow-on schedule check
[2025-11-30T18:35:14.624+0000] {local_task_job_runner.py:222} INFO - ::endgroup::
