[2025-11-30T18:25:38.957+0000] {local_task_job_runner.py:120} INFO - ::group::Pre task execution logs
[2025-11-30T18:25:38.996+0000] {taskinstance.py:2076} INFO - Dependencies all met for dep_context=non-requeueable deps ti=<TaskInstance: real_estate_etl_pipeline.scrape_propertyfinder manual__2025-11-30T18:25:30.102845+00:00 [queued]>
[2025-11-30T18:25:39.008+0000] {taskinstance.py:2076} INFO - Dependencies all met for dep_context=requeueable deps ti=<TaskInstance: real_estate_etl_pipeline.scrape_propertyfinder manual__2025-11-30T18:25:30.102845+00:00 [queued]>
[2025-11-30T18:25:39.010+0000] {taskinstance.py:2306} INFO - Starting attempt 1 of 2
[2025-11-30T18:25:39.043+0000] {taskinstance.py:2330} INFO - Executing <Task(BashOperator): scrape_propertyfinder> on 2025-11-30 18:25:30.102845+00:00
[2025-11-30T18:25:39.058+0000] {warnings.py:112} WARNING - /home/***/.local/lib/python3.12/site-packages/***/task/task_runner/standard_task_runner.py:61: DeprecationWarning: This process (pid=72) is multi-threaded, use of fork() may lead to deadlocks in the child.
  pid = os.fork()

[2025-11-30T18:25:39.063+0000] {standard_task_runner.py:63} INFO - Started process 90 to run task
[2025-11-30T18:25:39.063+0000] {standard_task_runner.py:90} INFO - Running: ['***', 'tasks', 'run', 'real_estate_etl_pipeline', 'scrape_propertyfinder', 'manual__2025-11-30T18:25:30.102845+00:00', '--job-id', '4', '--raw', '--subdir', 'DAGS_FOLDER/scraping_dag.py', '--cfg-path', '/tmp/tmpti468aly']
[2025-11-30T18:25:39.067+0000] {standard_task_runner.py:91} INFO - Job 4: Subtask scrape_propertyfinder
[2025-11-30T18:25:39.191+0000] {task_command.py:426} INFO - Running <TaskInstance: real_estate_etl_pipeline.scrape_propertyfinder manual__2025-11-30T18:25:30.102845+00:00 [running]> on host 9a9a5f972fcd
[2025-11-30T18:25:39.344+0000] {taskinstance.py:2648} INFO - Exporting env vars: AIRFLOW_CTX_DAG_OWNER='***' AIRFLOW_CTX_DAG_ID='real_estate_etl_pipeline' AIRFLOW_CTX_TASK_ID='scrape_propertyfinder' AIRFLOW_CTX_EXECUTION_DATE='2025-11-30T18:25:30.102845+00:00' AIRFLOW_CTX_TRY_NUMBER='1' AIRFLOW_CTX_DAG_RUN_ID='manual__2025-11-30T18:25:30.102845+00:00'
[2025-11-30T18:25:39.353+0000] {taskinstance.py:430} INFO - ::endgroup::
[2025-11-30T18:25:39.356+0000] {subprocess.py:63} INFO - Tmp dir root location: /tmp
[2025-11-30T18:25:39.359+0000] {subprocess.py:75} INFO - Running command: ['/usr/bin/bash', '-c', 'docker exec jupyter python /data/scraping_scripts/propertyfinder/scraping_propertyfinder.py']
[2025-11-30T18:25:39.376+0000] {subprocess.py:86} INFO - Output:
[2025-11-30T18:25:39.511+0000] {subprocess.py:93} INFO - python: can't open file '/data/scraping_scripts/propertyfinder/scraping_propertyfinder.py': [Errno 2] No such file or directory
[2025-11-30T18:25:39.523+0000] {subprocess.py:97} INFO - Command exited with return code 2
[2025-11-30T18:25:39.524+0000] {taskinstance.py:441} INFO - ::group::Post task execution logs
[2025-11-30T18:25:39.535+0000] {taskinstance.py:2905} ERROR - Task failed with exception
Traceback (most recent call last):
  File "/home/airflow/.local/lib/python3.12/site-packages/airflow/models/taskinstance.py", line 465, in _execute_task
    result = _execute_callable(context=context, **execute_callable_kwargs)
             ^^^^^^^^^^^^^^^^^^^^^^^^^^^^^^^^^^^^^^^^^^^^^^^^^^^^^^^^^^^^^
  File "/home/airflow/.local/lib/python3.12/site-packages/airflow/models/taskinstance.py", line 432, in _execute_callable
    return execute_callable(context=context, **execute_callable_kwargs)
           ^^^^^^^^^^^^^^^^^^^^^^^^^^^^^^^^^^^^^^^^^^^^^^^^^^^^^^^^^^^^
  File "/home/airflow/.local/lib/python3.12/site-packages/airflow/models/baseoperator.py", line 401, in wrapper
    return func(self, *args, **kwargs)
           ^^^^^^^^^^^^^^^^^^^^^^^^^^^
  File "/home/airflow/.local/lib/python3.12/site-packages/airflow/operators/bash.py", line 243, in execute
    raise AirflowException(
airflow.exceptions.AirflowException: Bash command failed. The command returned a non-zero exit code 2.
[2025-11-30T18:25:39.543+0000] {taskinstance.py:1206} INFO - Marking task as UP_FOR_RETRY. dag_id=real_estate_etl_pipeline, task_id=scrape_propertyfinder, run_id=manual__2025-11-30T18:25:30.102845+00:00, execution_date=20251130T182530, start_date=20251130T182538, end_date=20251130T182539
[2025-11-30T18:25:39.556+0000] {standard_task_runner.py:110} ERROR - Failed to execute job 4 for task scrape_propertyfinder (Bash command failed. The command returned a non-zero exit code 2.; 90)
[2025-11-30T18:25:39.600+0000] {local_task_job_runner.py:240} INFO - Task exited with return code 1
[2025-11-30T18:25:39.633+0000] {taskinstance.py:3503} INFO - 0 downstream tasks scheduled from follow-on schedule check
[2025-11-30T18:25:39.635+0000] {local_task_job_runner.py:222} INFO - ::endgroup::
