[2025-11-30T18:45:26.461+0000] {local_task_job_runner.py:120} INFO - ::group::Pre task execution logs
[2025-11-30T18:45:26.504+0000] {taskinstance.py:2076} INFO - Dependencies all met for dep_context=non-requeueable deps ti=<TaskInstance: real_estate_etl_pipeline.ingest_to_bronze manual__2025-11-30T18:25:30.102845+00:00 [queued]>
[2025-11-30T18:45:26.524+0000] {taskinstance.py:2076} INFO - Dependencies all met for dep_context=requeueable deps ti=<TaskInstance: real_estate_etl_pipeline.ingest_to_bronze manual__2025-11-30T18:25:30.102845+00:00 [queued]>
[2025-11-30T18:45:26.528+0000] {taskinstance.py:2306} INFO - Starting attempt 1 of 2
[2025-11-30T18:45:26.558+0000] {taskinstance.py:2330} INFO - Executing <Task(BashOperator): ingest_to_bronze> on 2025-11-30 18:25:30.102845+00:00
[2025-11-30T18:45:26.576+0000] {warnings.py:112} WARNING - /home/***/.local/lib/python3.12/site-packages/***/task/task_runner/standard_task_runner.py:61: DeprecationWarning: This process (pid=219) is multi-threaded, use of fork() may lead to deadlocks in the child.
  pid = os.fork()

[2025-11-30T18:45:26.581+0000] {standard_task_runner.py:63} INFO - Started process 221 to run task
[2025-11-30T18:45:26.580+0000] {standard_task_runner.py:90} INFO - Running: ['***', 'tasks', 'run', 'real_estate_etl_pipeline', 'ingest_to_bronze', 'manual__2025-11-30T18:25:30.102845+00:00', '--job-id', '12', '--raw', '--subdir', 'DAGS_FOLDER/scraping_dag.py', '--cfg-path', '/tmp/tmp3nv2885f']
[2025-11-30T18:45:26.585+0000] {standard_task_runner.py:91} INFO - Job 12: Subtask ingest_to_bronze
[2025-11-30T18:45:26.666+0000] {task_command.py:426} INFO - Running <TaskInstance: real_estate_etl_pipeline.ingest_to_bronze manual__2025-11-30T18:25:30.102845+00:00 [running]> on host 9a9a5f972fcd
[2025-11-30T18:45:26.777+0000] {taskinstance.py:2648} INFO - Exporting env vars: AIRFLOW_CTX_DAG_OWNER='***' AIRFLOW_CTX_DAG_ID='real_estate_etl_pipeline' AIRFLOW_CTX_TASK_ID='ingest_to_bronze' AIRFLOW_CTX_EXECUTION_DATE='2025-11-30T18:25:30.102845+00:00' AIRFLOW_CTX_TRY_NUMBER='1' AIRFLOW_CTX_DAG_RUN_ID='manual__2025-11-30T18:25:30.102845+00:00'
[2025-11-30T18:45:26.780+0000] {taskinstance.py:430} INFO - ::endgroup::
[2025-11-30T18:45:26.782+0000] {subprocess.py:63} INFO - Tmp dir root location: /tmp
[2025-11-30T18:45:26.784+0000] {subprocess.py:75} INFO - Running command: ['/usr/bin/bash', '-c', 'docker exec jupyter spark-submit --master local[*] /data/ingest_to_bronze.py']
[2025-11-30T18:45:26.808+0000] {subprocess.py:86} INFO - Output:
[2025-11-30T18:45:31.668+0000] {subprocess.py:93} INFO - 25/11/30 18:45:31 INFO SparkContext: Running Spark version 3.5.0
[2025-11-30T18:45:31.672+0000] {subprocess.py:93} INFO - 25/11/30 18:45:31 INFO SparkContext: OS info Linux, 5.15.167.4-microsoft-standard-WSL2, amd64
[2025-11-30T18:45:31.673+0000] {subprocess.py:93} INFO - 25/11/30 18:45:31 INFO SparkContext: Java version 17.0.8.1
[2025-11-30T18:45:31.811+0000] {subprocess.py:93} INFO - 25/11/30 18:45:31 WARN NativeCodeLoader: Unable to load native-hadoop library for your platform... using builtin-java classes where applicable
[2025-11-30T18:45:31.965+0000] {subprocess.py:93} INFO - 25/11/30 18:45:31 INFO ResourceUtils: ==============================================================
[2025-11-30T18:45:31.966+0000] {subprocess.py:93} INFO - 25/11/30 18:45:31 INFO ResourceUtils: No custom resources configured for spark.driver.
[2025-11-30T18:45:31.967+0000] {subprocess.py:93} INFO - 25/11/30 18:45:31 INFO ResourceUtils: ==============================================================
[2025-11-30T18:45:31.968+0000] {subprocess.py:93} INFO - 25/11/30 18:45:31 INFO SparkContext: Submitted application: IngestToBronze
[2025-11-30T18:45:31.998+0000] {subprocess.py:93} INFO - 25/11/30 18:45:31 INFO ResourceProfile: Default ResourceProfile created, executor resources: Map(cores -> name: cores, amount: 1, script: , vendor: , memory -> name: memory, amount: 1024, script: , vendor: , offHeap -> name: offHeap, amount: 0, script: , vendor: ), task resources: Map(cpus -> name: cpus, amount: 1.0)
[2025-11-30T18:45:32.008+0000] {subprocess.py:93} INFO - 25/11/30 18:45:32 INFO ResourceProfile: Limiting resource is cpu
[2025-11-30T18:45:32.010+0000] {subprocess.py:93} INFO - 25/11/30 18:45:32 INFO ResourceProfileManager: Added ResourceProfile id: 0
[2025-11-30T18:45:32.107+0000] {subprocess.py:93} INFO - 25/11/30 18:45:32 INFO SecurityManager: Changing view acls to: jovyan
[2025-11-30T18:45:32.108+0000] {subprocess.py:93} INFO - 25/11/30 18:45:32 INFO SecurityManager: Changing modify acls to: jovyan
[2025-11-30T18:45:32.108+0000] {subprocess.py:93} INFO - 25/11/30 18:45:32 INFO SecurityManager: Changing view acls groups to:
[2025-11-30T18:45:32.109+0000] {subprocess.py:93} INFO - 25/11/30 18:45:32 INFO SecurityManager: Changing modify acls groups to:
[2025-11-30T18:45:32.110+0000] {subprocess.py:93} INFO - 25/11/30 18:45:32 INFO SecurityManager: SecurityManager: authentication disabled; ui acls disabled; users with view permissions: jovyan; groups with view permissions: EMPTY; users with modify permissions: jovyan; groups with modify permissions: EMPTY
[2025-11-30T18:45:32.567+0000] {subprocess.py:93} INFO - 25/11/30 18:45:32 INFO Utils: Successfully started service 'sparkDriver' on port 44987.
[2025-11-30T18:45:32.620+0000] {subprocess.py:93} INFO - 25/11/30 18:45:32 INFO SparkEnv: Registering MapOutputTracker
[2025-11-30T18:45:32.691+0000] {subprocess.py:93} INFO - 25/11/30 18:45:32 INFO SparkEnv: Registering BlockManagerMaster
[2025-11-30T18:45:32.723+0000] {subprocess.py:93} INFO - 25/11/30 18:45:32 INFO BlockManagerMasterEndpoint: Using org.apache.spark.storage.DefaultTopologyMapper for getting topology information
[2025-11-30T18:45:32.724+0000] {subprocess.py:93} INFO - 25/11/30 18:45:32 INFO BlockManagerMasterEndpoint: BlockManagerMasterEndpoint up
[2025-11-30T18:45:32.730+0000] {subprocess.py:93} INFO - 25/11/30 18:45:32 INFO SparkEnv: Registering BlockManagerMasterHeartbeat
[2025-11-30T18:45:32.772+0000] {subprocess.py:93} INFO - 25/11/30 18:45:32 INFO DiskBlockManager: Created local directory at /tmp/blockmgr-22658257-a6d1-4f3a-96a7-ca41e8833e01
[2025-11-30T18:45:32.793+0000] {subprocess.py:93} INFO - 25/11/30 18:45:32 INFO MemoryStore: MemoryStore started with capacity 434.4 MiB
[2025-11-30T18:45:32.815+0000] {subprocess.py:93} INFO - 25/11/30 18:45:32 INFO SparkEnv: Registering OutputCommitCoordinator
[2025-11-30T18:45:33.063+0000] {subprocess.py:93} INFO - 25/11/30 18:45:33 INFO JettyUtils: Start Jetty 0.0.0.0:4040 for SparkUI
[2025-11-30T18:45:33.212+0000] {subprocess.py:93} INFO - 25/11/30 18:45:33 INFO Utils: Successfully started service 'SparkUI' on port 4040.
[2025-11-30T18:45:33.446+0000] {subprocess.py:93} INFO - 25/11/30 18:45:33 INFO Executor: Starting executor ID driver on host 76c6f5c40d8c
[2025-11-30T18:45:33.450+0000] {subprocess.py:93} INFO - 25/11/30 18:45:33 INFO Executor: OS info Linux, 5.15.167.4-microsoft-standard-WSL2, amd64
[2025-11-30T18:45:33.453+0000] {subprocess.py:93} INFO - 25/11/30 18:45:33 INFO Executor: Java version 17.0.8.1
[2025-11-30T18:45:33.459+0000] {subprocess.py:93} INFO - 25/11/30 18:45:33 INFO Executor: Starting executor with user classpath (userClassPathFirst = false): ''
[2025-11-30T18:45:33.464+0000] {subprocess.py:93} INFO - 25/11/30 18:45:33 INFO Executor: Created or updated repl class loader org.apache.spark.util.MutableURLClassLoader@3b3a1ab4 for default.
[2025-11-30T18:45:33.493+0000] {subprocess.py:93} INFO - 25/11/30 18:45:33 INFO Utils: Successfully started service 'org.apache.spark.network.netty.NettyBlockTransferService' on port 39015.
[2025-11-30T18:45:33.495+0000] {subprocess.py:93} INFO - 25/11/30 18:45:33 INFO NettyBlockTransferService: Server created on 76c6f5c40d8c:39015
[2025-11-30T18:45:33.500+0000] {subprocess.py:93} INFO - 25/11/30 18:45:33 INFO BlockManager: Using org.apache.spark.storage.RandomBlockReplicationPolicy for block replication policy
[2025-11-30T18:45:33.505+0000] {subprocess.py:93} INFO - 25/11/30 18:45:33 INFO BlockManagerMaster: Registering BlockManager BlockManagerId(driver, 76c6f5c40d8c, 39015, None)
[2025-11-30T18:45:33.511+0000] {subprocess.py:93} INFO - 25/11/30 18:45:33 INFO BlockManagerMasterEndpoint: Registering block manager 76c6f5c40d8c:39015 with 434.4 MiB RAM, BlockManagerId(driver, 76c6f5c40d8c, 39015, None)
[2025-11-30T18:45:33.517+0000] {subprocess.py:93} INFO - 25/11/30 18:45:33 INFO BlockManagerMaster: Registered BlockManager BlockManagerId(driver, 76c6f5c40d8c, 39015, None)
[2025-11-30T18:45:33.519+0000] {subprocess.py:93} INFO - 25/11/30 18:45:33 INFO BlockManager: Initialized BlockManager: BlockManagerId(driver, 76c6f5c40d8c, 39015, None)
[2025-11-30T18:45:34.252+0000] {subprocess.py:93} INFO - 
[2025-11-30T18:45:34.253+0000] {subprocess.py:93} INFO - Processing /data/data_csv_files/bayut/bayut_final.csv...
[2025-11-30T18:45:34.255+0000] {subprocess.py:93} INFO - ⚠️ File not found: /data/data_csv_files/bayut/bayut_final.csv. It might have been skipped by the scraper.
[2025-11-30T18:45:34.256+0000] {subprocess.py:93} INFO - 
[2025-11-30T18:45:34.257+0000] {subprocess.py:93} INFO - Processing /data/data_csv_files/dubbizle/dubizzle_all_listings_unlimited_pages.csv...
[2025-11-30T18:45:34.258+0000] {subprocess.py:93} INFO - ⚠️ File not found: /data/data_csv_files/dubbizle/dubizzle_all_listings_unlimited_pages.csv. It might have been skipped by the scraper.
[2025-11-30T18:45:34.259+0000] {subprocess.py:93} INFO - 
[2025-11-30T18:45:34.260+0000] {subprocess.py:93} INFO - Processing /data/data_csv_files/dubbizle/dubizzle_all_listings_cairo.csv...
[2025-11-30T18:45:34.387+0000] {subprocess.py:93} INFO - 25/11/30 18:45:34 INFO SharedState: Setting hive.metastore.warehouse.dir ('null') to the value of spark.sql.warehouse.dir.
[2025-11-30T18:45:34.398+0000] {subprocess.py:93} INFO - 25/11/30 18:45:34 INFO SharedState: Warehouse path is 'file:/home/jovyan/spark-warehouse'.
[2025-11-30T18:45:36.320+0000] {subprocess.py:93} INFO - 25/11/30 18:45:36 INFO InMemoryFileIndex: It took 82 ms to list leaf files for 1 paths.
[2025-11-30T18:45:36.466+0000] {subprocess.py:93} INFO - 25/11/30 18:45:36 INFO InMemoryFileIndex: It took 34 ms to list leaf files for 1 paths.
[2025-11-30T18:45:40.139+0000] {subprocess.py:93} INFO - 25/11/30 18:45:40 INFO FileSourceStrategy: Pushed Filters:
[2025-11-30T18:45:40.143+0000] {subprocess.py:93} INFO - 25/11/30 18:45:40 INFO FileSourceStrategy: Post-Scan Filters: (length(trim(value#0, None)) > 0)
[2025-11-30T18:45:40.980+0000] {subprocess.py:93} INFO - 25/11/30 18:45:40 INFO CodeGenerator: Code generated in 342.71002 ms
[2025-11-30T18:45:41.059+0000] {subprocess.py:93} INFO - 25/11/30 18:45:41 INFO MemoryStore: Block broadcast_0 stored as values in memory (estimated size 199.8 KiB, free 434.2 MiB)
[2025-11-30T18:45:41.164+0000] {subprocess.py:93} INFO - 25/11/30 18:45:41 INFO MemoryStore: Block broadcast_0_piece0 stored as bytes in memory (estimated size 34.3 KiB, free 434.2 MiB)
[2025-11-30T18:45:41.170+0000] {subprocess.py:93} INFO - 25/11/30 18:45:41 INFO BlockManagerInfo: Added broadcast_0_piece0 in memory on 76c6f5c40d8c:39015 (size: 34.3 KiB, free: 434.4 MiB)
[2025-11-30T18:45:41.175+0000] {subprocess.py:93} INFO - 25/11/30 18:45:41 INFO SparkContext: Created broadcast 0 from csv at NativeMethodAccessorImpl.java:0
[2025-11-30T18:45:41.198+0000] {subprocess.py:93} INFO - 25/11/30 18:45:41 INFO FileSourceScanExec: Planning scan with bin packing, max size: 4194304 bytes, open cost is considered as scanning 4194304 bytes.
[2025-11-30T18:45:41.387+0000] {subprocess.py:93} INFO - 25/11/30 18:45:41 INFO SparkContext: Starting job: csv at NativeMethodAccessorImpl.java:0
[2025-11-30T18:45:41.422+0000] {subprocess.py:93} INFO - 25/11/30 18:45:41 INFO DAGScheduler: Got job 0 (csv at NativeMethodAccessorImpl.java:0) with 1 output partitions
[2025-11-30T18:45:41.423+0000] {subprocess.py:93} INFO - 25/11/30 18:45:41 INFO DAGScheduler: Final stage: ResultStage 0 (csv at NativeMethodAccessorImpl.java:0)
[2025-11-30T18:45:41.424+0000] {subprocess.py:93} INFO - 25/11/30 18:45:41 INFO DAGScheduler: Parents of final stage: List()
[2025-11-30T18:45:41.426+0000] {subprocess.py:93} INFO - 25/11/30 18:45:41 INFO DAGScheduler: Missing parents: List()
[2025-11-30T18:45:41.433+0000] {subprocess.py:93} INFO - 25/11/30 18:45:41 INFO DAGScheduler: Submitting ResultStage 0 (MapPartitionsRDD[3] at csv at NativeMethodAccessorImpl.java:0), which has no missing parents
[2025-11-30T18:45:41.554+0000] {subprocess.py:93} INFO - 25/11/30 18:45:41 INFO MemoryStore: Block broadcast_1 stored as values in memory (estimated size 13.5 KiB, free 434.2 MiB)
[2025-11-30T18:45:41.564+0000] {subprocess.py:93} INFO - 25/11/30 18:45:41 INFO MemoryStore: Block broadcast_1_piece0 stored as bytes in memory (estimated size 6.4 KiB, free 434.2 MiB)
[2025-11-30T18:45:41.565+0000] {subprocess.py:93} INFO - 25/11/30 18:45:41 INFO BlockManagerInfo: Added broadcast_1_piece0 in memory on 76c6f5c40d8c:39015 (size: 6.4 KiB, free: 434.4 MiB)
[2025-11-30T18:45:41.567+0000] {subprocess.py:93} INFO - 25/11/30 18:45:41 INFO SparkContext: Created broadcast 1 from broadcast at DAGScheduler.scala:1580
[2025-11-30T18:45:41.591+0000] {subprocess.py:93} INFO - 25/11/30 18:45:41 INFO DAGScheduler: Submitting 1 missing tasks from ResultStage 0 (MapPartitionsRDD[3] at csv at NativeMethodAccessorImpl.java:0) (first 15 tasks are for partitions Vector(0))
[2025-11-30T18:45:41.592+0000] {subprocess.py:93} INFO - 25/11/30 18:45:41 INFO TaskSchedulerImpl: Adding task set 0.0 with 1 tasks resource profile 0
[2025-11-30T18:45:41.654+0000] {subprocess.py:93} INFO - 25/11/30 18:45:41 INFO TaskSetManager: Starting task 0.0 in stage 0.0 (TID 0) (76c6f5c40d8c, executor driver, partition 0, PROCESS_LOCAL, 8246 bytes)
[2025-11-30T18:45:41.680+0000] {subprocess.py:93} INFO - 25/11/30 18:45:41 INFO Executor: Running task 0.0 in stage 0.0 (TID 0)
[2025-11-30T18:45:41.840+0000] {subprocess.py:93} INFO - 25/11/30 18:45:41 INFO CodeGenerator: Code generated in 17.443567 ms
[2025-11-30T18:45:41.849+0000] {subprocess.py:93} INFO - 25/11/30 18:45:41 INFO FileScanRDD: Reading File path: file:///data/data_csv_files/dubbizle/dubizzle_all_listings_cairo.csv, range: 0-1529254, partition values: [empty row]
[2025-11-30T18:45:41.878+0000] {subprocess.py:93} INFO - 25/11/30 18:45:41 INFO CodeGenerator: Code generated in 16.395531 ms
[2025-11-30T18:45:42.042+0000] {subprocess.py:93} INFO - 25/11/30 18:45:42 INFO LineRecordReader: Found UTF-8 BOM and skipped it
[2025-11-30T18:45:42.105+0000] {subprocess.py:93} INFO - 25/11/30 18:45:42 INFO Executor: Finished task 0.0 in stage 0.0 (TID 0). 1706 bytes result sent to driver
[2025-11-30T18:45:42.122+0000] {subprocess.py:93} INFO - 25/11/30 18:45:42 INFO TaskSetManager: Finished task 0.0 in stage 0.0 (TID 0) in 482 ms on 76c6f5c40d8c (executor driver) (1/1)
[2025-11-30T18:45:42.126+0000] {subprocess.py:93} INFO - 25/11/30 18:45:42 INFO TaskSchedulerImpl: Removed TaskSet 0.0, whose tasks have all completed, from pool
[2025-11-30T18:45:42.135+0000] {subprocess.py:93} INFO - 25/11/30 18:45:42 INFO DAGScheduler: ResultStage 0 (csv at NativeMethodAccessorImpl.java:0) finished in 0.683 s
[2025-11-30T18:45:42.148+0000] {subprocess.py:93} INFO - 25/11/30 18:45:42 INFO DAGScheduler: Job 0 is finished. Cancelling potential speculative or zombie tasks for this job
[2025-11-30T18:45:42.150+0000] {subprocess.py:93} INFO - 25/11/30 18:45:42 INFO TaskSchedulerImpl: Killing all running tasks in stage 0: Stage finished
[2025-11-30T18:45:42.154+0000] {subprocess.py:93} INFO - 25/11/30 18:45:42 INFO DAGScheduler: Job 0 finished: csv at NativeMethodAccessorImpl.java:0, took 0.768170 s
[2025-11-30T18:45:42.189+0000] {subprocess.py:93} INFO - 25/11/30 18:45:42 INFO CodeGenerator: Code generated in 17.989981 ms
[2025-11-30T18:45:42.307+0000] {subprocess.py:93} INFO - 25/11/30 18:45:42 INFO BlockManagerInfo: Removed broadcast_1_piece0 on 76c6f5c40d8c:39015 in memory (size: 6.4 KiB, free: 434.4 MiB)
[2025-11-30T18:45:42.320+0000] {subprocess.py:93} INFO - 25/11/30 18:45:42 INFO FileSourceStrategy: Pushed Filters:
[2025-11-30T18:45:42.321+0000] {subprocess.py:93} INFO - 25/11/30 18:45:42 INFO FileSourceStrategy: Post-Scan Filters:
[2025-11-30T18:45:42.333+0000] {subprocess.py:93} INFO - 25/11/30 18:45:42 INFO MemoryStore: Block broadcast_2 stored as values in memory (estimated size 199.8 KiB, free 434.0 MiB)
[2025-11-30T18:45:42.358+0000] {subprocess.py:93} INFO - 25/11/30 18:45:42 INFO MemoryStore: Block broadcast_2_piece0 stored as bytes in memory (estimated size 34.3 KiB, free 433.9 MiB)
[2025-11-30T18:45:42.359+0000] {subprocess.py:93} INFO - 25/11/30 18:45:42 INFO BlockManagerInfo: Added broadcast_2_piece0 in memory on 76c6f5c40d8c:39015 (size: 34.3 KiB, free: 434.3 MiB)
[2025-11-30T18:45:42.361+0000] {subprocess.py:93} INFO - 25/11/30 18:45:42 INFO SparkContext: Created broadcast 2 from csv at NativeMethodAccessorImpl.java:0
[2025-11-30T18:45:42.363+0000] {subprocess.py:93} INFO - 25/11/30 18:45:42 INFO FileSourceScanExec: Planning scan with bin packing, max size: 4194304 bytes, open cost is considered as scanning 4194304 bytes.
[2025-11-30T18:45:43.251+0000] {subprocess.py:93} INFO - 25/11/30 18:45:43 INFO FileSourceStrategy: Pushed Filters:
[2025-11-30T18:45:43.253+0000] {subprocess.py:93} INFO - 25/11/30 18:45:43 INFO FileSourceStrategy: Post-Scan Filters:
[2025-11-30T18:45:43.404+0000] {subprocess.py:93} INFO - 25/11/30 18:45:43 INFO ParquetUtils: Using default output committer for Parquet: org.apache.parquet.hadoop.ParquetOutputCommitter
[2025-11-30T18:45:43.461+0000] {subprocess.py:93} INFO - 25/11/30 18:45:43 INFO FileOutputCommitter: File Output Committer Algorithm version is 1
[2025-11-30T18:45:43.462+0000] {subprocess.py:93} INFO - 25/11/30 18:45:43 INFO FileOutputCommitter: FileOutputCommitter skip cleanup _temporary folders under output directory:false, ignore cleanup failures: false
[2025-11-30T18:45:43.464+0000] {subprocess.py:93} INFO - 25/11/30 18:45:43 INFO SQLHadoopMapReduceCommitProtocol: Using user defined output committer class org.apache.parquet.hadoop.ParquetOutputCommitter
[2025-11-30T18:45:43.465+0000] {subprocess.py:93} INFO - 25/11/30 18:45:43 INFO FileOutputCommitter: File Output Committer Algorithm version is 1
[2025-11-30T18:45:43.466+0000] {subprocess.py:93} INFO - 25/11/30 18:45:43 INFO FileOutputCommitter: FileOutputCommitter skip cleanup _temporary folders under output directory:false, ignore cleanup failures: false
[2025-11-30T18:45:43.467+0000] {subprocess.py:93} INFO - 25/11/30 18:45:43 INFO SQLHadoopMapReduceCommitProtocol: Using output committer class org.apache.parquet.hadoop.ParquetOutputCommitter
[2025-11-30T18:45:43.514+0000] {subprocess.py:93} INFO - 25/11/30 18:45:43 INFO MemoryStore: Block broadcast_3 stored as values in memory (estimated size 199.5 KiB, free 433.7 MiB)
[2025-11-30T18:45:43.534+0000] {subprocess.py:93} INFO - 25/11/30 18:45:43 INFO MemoryStore: Block broadcast_3_piece0 stored as bytes in memory (estimated size 34.3 KiB, free 433.7 MiB)
[2025-11-30T18:45:43.535+0000] {subprocess.py:93} INFO - 25/11/30 18:45:43 INFO BlockManagerInfo: Added broadcast_3_piece0 in memory on 76c6f5c40d8c:39015 (size: 34.3 KiB, free: 434.3 MiB)
[2025-11-30T18:45:43.536+0000] {subprocess.py:93} INFO - 25/11/30 18:45:43 INFO SparkContext: Created broadcast 3 from parquet at NativeMethodAccessorImpl.java:0
[2025-11-30T18:45:43.543+0000] {subprocess.py:93} INFO - 25/11/30 18:45:43 INFO FileSourceScanExec: Planning scan with bin packing, max size: 4194304 bytes, open cost is considered as scanning 4194304 bytes.
[2025-11-30T18:45:43.554+0000] {subprocess.py:93} INFO - 25/11/30 18:45:43 INFO SparkContext: Starting job: parquet at NativeMethodAccessorImpl.java:0
[2025-11-30T18:45:43.556+0000] {subprocess.py:93} INFO - 25/11/30 18:45:43 INFO DAGScheduler: Got job 1 (parquet at NativeMethodAccessorImpl.java:0) with 1 output partitions
[2025-11-30T18:45:43.557+0000] {subprocess.py:93} INFO - 25/11/30 18:45:43 INFO DAGScheduler: Final stage: ResultStage 1 (parquet at NativeMethodAccessorImpl.java:0)
[2025-11-30T18:45:43.558+0000] {subprocess.py:93} INFO - 25/11/30 18:45:43 INFO DAGScheduler: Parents of final stage: List()
[2025-11-30T18:45:43.560+0000] {subprocess.py:93} INFO - 25/11/30 18:45:43 INFO DAGScheduler: Missing parents: List()
[2025-11-30T18:45:43.562+0000] {subprocess.py:93} INFO - 25/11/30 18:45:43 INFO DAGScheduler: Submitting ResultStage 1 (MapPartitionsRDD[12] at parquet at NativeMethodAccessorImpl.java:0), which has no missing parents
[2025-11-30T18:45:43.592+0000] {subprocess.py:93} INFO - 25/11/30 18:45:43 INFO MemoryStore: Block broadcast_4 stored as values in memory (estimated size 213.5 KiB, free 433.5 MiB)
[2025-11-30T18:45:43.602+0000] {subprocess.py:93} INFO - 25/11/30 18:45:43 INFO MemoryStore: Block broadcast_4_piece0 stored as bytes in memory (estimated size 77.3 KiB, free 433.4 MiB)
[2025-11-30T18:45:43.603+0000] {subprocess.py:93} INFO - 25/11/30 18:45:43 INFO BlockManagerInfo: Added broadcast_4_piece0 in memory on 76c6f5c40d8c:39015 (size: 77.3 KiB, free: 434.2 MiB)
[2025-11-30T18:45:43.607+0000] {subprocess.py:93} INFO - 25/11/30 18:45:43 INFO SparkContext: Created broadcast 4 from broadcast at DAGScheduler.scala:1580
[2025-11-30T18:45:43.608+0000] {subprocess.py:93} INFO - 25/11/30 18:45:43 INFO DAGScheduler: Submitting 1 missing tasks from ResultStage 1 (MapPartitionsRDD[12] at parquet at NativeMethodAccessorImpl.java:0) (first 15 tasks are for partitions Vector(0))
[2025-11-30T18:45:43.610+0000] {subprocess.py:93} INFO - 25/11/30 18:45:43 INFO TaskSchedulerImpl: Adding task set 1.0 with 1 tasks resource profile 0
[2025-11-30T18:45:43.611+0000] {subprocess.py:93} INFO - 25/11/30 18:45:43 INFO TaskSetManager: Starting task 0.0 in stage 1.0 (TID 1) (76c6f5c40d8c, executor driver, partition 0, PROCESS_LOCAL, 8246 bytes)
[2025-11-30T18:45:43.612+0000] {subprocess.py:93} INFO - 25/11/30 18:45:43 INFO Executor: Running task 0.0 in stage 1.0 (TID 1)
[2025-11-30T18:45:43.660+0000] {subprocess.py:93} INFO - 25/11/30 18:45:43 INFO FileOutputCommitter: File Output Committer Algorithm version is 1
[2025-11-30T18:45:43.661+0000] {subprocess.py:93} INFO - 25/11/30 18:45:43 INFO FileOutputCommitter: FileOutputCommitter skip cleanup _temporary folders under output directory:false, ignore cleanup failures: false
[2025-11-30T18:45:43.661+0000] {subprocess.py:93} INFO - 25/11/30 18:45:43 INFO SQLHadoopMapReduceCommitProtocol: Using user defined output committer class org.apache.parquet.hadoop.ParquetOutputCommitter
[2025-11-30T18:45:43.662+0000] {subprocess.py:93} INFO - 25/11/30 18:45:43 INFO FileOutputCommitter: File Output Committer Algorithm version is 1
[2025-11-30T18:45:43.663+0000] {subprocess.py:93} INFO - 25/11/30 18:45:43 INFO FileOutputCommitter: FileOutputCommitter skip cleanup _temporary folders under output directory:false, ignore cleanup failures: false
[2025-11-30T18:45:43.663+0000] {subprocess.py:93} INFO - 25/11/30 18:45:43 INFO SQLHadoopMapReduceCommitProtocol: Using output committer class org.apache.parquet.hadoop.ParquetOutputCommitter
[2025-11-30T18:45:43.669+0000] {subprocess.py:93} INFO - 25/11/30 18:45:43 INFO CodecConfig: Compression: SNAPPY
[2025-11-30T18:45:43.674+0000] {subprocess.py:93} INFO - 25/11/30 18:45:43 INFO CodecConfig: Compression: SNAPPY
[2025-11-30T18:45:43.703+0000] {subprocess.py:93} INFO - 25/11/30 18:45:43 INFO ParquetOutputFormat: ParquetRecordWriter [block size: 134217728b, row group padding size: 8388608b, validating: false]
[2025-11-30T18:45:43.759+0000] {subprocess.py:93} INFO - 25/11/30 18:45:43 INFO ParquetWriteSupport: Initialized Parquet WriteSupport with Catalyst schema:
[2025-11-30T18:45:43.759+0000] {subprocess.py:93} INFO - {
[2025-11-30T18:45:43.760+0000] {subprocess.py:93} INFO -   "type" : "struct",
[2025-11-30T18:45:43.761+0000] {subprocess.py:93} INFO -   "fields" : [ {
[2025-11-30T18:45:43.761+0000] {subprocess.py:93} INFO -     "name" : "description",
[2025-11-30T18:45:43.762+0000] {subprocess.py:93} INFO -     "type" : "string",
[2025-11-30T18:45:43.763+0000] {subprocess.py:93} INFO -     "nullable" : true,
[2025-11-30T18:45:43.763+0000] {subprocess.py:93} INFO -     "metadata" : { }
[2025-11-30T18:45:43.764+0000] {subprocess.py:93} INFO -   }, {
[2025-11-30T18:45:43.764+0000] {subprocess.py:93} INFO -     "name" : "link",
[2025-11-30T18:45:43.765+0000] {subprocess.py:93} INFO -     "type" : "string",
[2025-11-30T18:45:43.766+0000] {subprocess.py:93} INFO -     "nullable" : true,
[2025-11-30T18:45:43.766+0000] {subprocess.py:93} INFO -     "metadata" : { }
[2025-11-30T18:45:43.767+0000] {subprocess.py:93} INFO -   }, {
[2025-11-30T18:45:43.768+0000] {subprocess.py:93} INFO -     "name" : "price",
[2025-11-30T18:45:43.769+0000] {subprocess.py:93} INFO -     "type" : "string",
[2025-11-30T18:45:43.769+0000] {subprocess.py:93} INFO -     "nullable" : true,
[2025-11-30T18:45:43.770+0000] {subprocess.py:93} INFO -     "metadata" : { }
[2025-11-30T18:45:43.771+0000] {subprocess.py:93} INFO -   }, {
[2025-11-30T18:45:43.771+0000] {subprocess.py:93} INFO -     "name" : "location",
[2025-11-30T18:45:43.772+0000] {subprocess.py:93} INFO -     "type" : "string",
[2025-11-30T18:45:43.773+0000] {subprocess.py:93} INFO -     "nullable" : true,
[2025-11-30T18:45:43.773+0000] {subprocess.py:93} INFO -     "metadata" : { }
[2025-11-30T18:45:43.774+0000] {subprocess.py:93} INFO -   }, {
[2025-11-30T18:45:43.775+0000] {subprocess.py:93} INFO -     "name" : "bedrooms",
[2025-11-30T18:45:43.775+0000] {subprocess.py:93} INFO -     "type" : "string",
[2025-11-30T18:45:43.776+0000] {subprocess.py:93} INFO -     "nullable" : true,
[2025-11-30T18:45:43.777+0000] {subprocess.py:93} INFO -     "metadata" : { }
[2025-11-30T18:45:43.778+0000] {subprocess.py:93} INFO -   }, {
[2025-11-30T18:45:43.779+0000] {subprocess.py:93} INFO -     "name" : "bathrooms",
[2025-11-30T18:45:43.779+0000] {subprocess.py:93} INFO -     "type" : "string",
[2025-11-30T18:45:43.780+0000] {subprocess.py:93} INFO -     "nullable" : true,
[2025-11-30T18:45:43.781+0000] {subprocess.py:93} INFO -     "metadata" : { }
[2025-11-30T18:45:43.781+0000] {subprocess.py:93} INFO -   }, {
[2025-11-30T18:45:43.782+0000] {subprocess.py:93} INFO -     "name" : "area",
[2025-11-30T18:45:43.782+0000] {subprocess.py:93} INFO -     "type" : "string",
[2025-11-30T18:45:43.783+0000] {subprocess.py:93} INFO -     "nullable" : true,
[2025-11-30T18:45:43.784+0000] {subprocess.py:93} INFO -     "metadata" : { }
[2025-11-30T18:45:43.785+0000] {subprocess.py:93} INFO -   } ]
[2025-11-30T18:45:43.786+0000] {subprocess.py:93} INFO - }
[2025-11-30T18:45:43.786+0000] {subprocess.py:93} INFO - and corresponding Parquet message type:
[2025-11-30T18:45:43.787+0000] {subprocess.py:93} INFO - message spark_schema {
[2025-11-30T18:45:43.788+0000] {subprocess.py:93} INFO -   optional binary description (STRING);
[2025-11-30T18:45:43.789+0000] {subprocess.py:93} INFO -   optional binary link (STRING);
[2025-11-30T18:45:43.790+0000] {subprocess.py:93} INFO -   optional binary price (STRING);
[2025-11-30T18:45:43.791+0000] {subprocess.py:93} INFO -   optional binary location (STRING);
[2025-11-30T18:45:43.792+0000] {subprocess.py:93} INFO -   optional binary bedrooms (STRING);
[2025-11-30T18:45:43.793+0000] {subprocess.py:93} INFO -   optional binary bathrooms (STRING);
[2025-11-30T18:45:43.794+0000] {subprocess.py:93} INFO -   optional binary area (STRING);
[2025-11-30T18:45:43.794+0000] {subprocess.py:93} INFO - }
[2025-11-30T18:45:43.795+0000] {subprocess.py:93} INFO - 
[2025-11-30T18:45:43.796+0000] {subprocess.py:93} INFO - 
[2025-11-30T18:45:43.941+0000] {subprocess.py:93} INFO - 25/11/30 18:45:43 INFO CodecPool: Got brand-new compressor [.snappy]
[2025-11-30T18:45:44.321+0000] {subprocess.py:93} INFO - 25/11/30 18:45:44 INFO FileScanRDD: Reading File path: file:///data/data_csv_files/dubbizle/dubizzle_all_listings_cairo.csv, range: 0-1529254, partition values: [empty row]
[2025-11-30T18:45:44.350+0000] {subprocess.py:93} INFO - 25/11/30 18:45:44 INFO CodeGenerator: Code generated in 13.877665 ms
[2025-11-30T18:45:44.421+0000] {subprocess.py:93} INFO - 25/11/30 18:45:44 INFO LineRecordReader: Found UTF-8 BOM and skipped it
[2025-11-30T18:45:47.410+0000] {subprocess.py:93} INFO - 25/11/30 18:45:47 INFO FileOutputCommitter: Saved output of task 'attempt_202511301845438570840906531354908_0001_m_000000_1' to hdfs://namenode:9000/datalake/bronze/dubizzle_all_listings_cairo/_temporary/0/task_202511301845438570840906531354908_0001_m_000000
[2025-11-30T18:45:47.411+0000] {subprocess.py:93} INFO - 25/11/30 18:45:47 INFO SparkHadoopMapRedUtil: attempt_202511301845438570840906531354908_0001_m_000000_1: Committed. Elapsed time: 58 ms.
[2025-11-30T18:45:47.432+0000] {subprocess.py:93} INFO - 25/11/30 18:45:47 INFO Executor: Finished task 0.0 in stage 1.0 (TID 1). 2502 bytes result sent to driver
[2025-11-30T18:45:47.436+0000] {subprocess.py:93} INFO - 25/11/30 18:45:47 INFO TaskSetManager: Finished task 0.0 in stage 1.0 (TID 1) in 3828 ms on 76c6f5c40d8c (executor driver) (1/1)
[2025-11-30T18:45:47.439+0000] {subprocess.py:93} INFO - 25/11/30 18:45:47 INFO TaskSchedulerImpl: Removed TaskSet 1.0, whose tasks have all completed, from pool
[2025-11-30T18:45:47.440+0000] {subprocess.py:93} INFO - 25/11/30 18:45:47 INFO DAGScheduler: ResultStage 1 (parquet at NativeMethodAccessorImpl.java:0) finished in 3.877 s
[2025-11-30T18:45:47.441+0000] {subprocess.py:93} INFO - 25/11/30 18:45:47 INFO DAGScheduler: Job 1 is finished. Cancelling potential speculative or zombie tasks for this job
[2025-11-30T18:45:47.442+0000] {subprocess.py:93} INFO - 25/11/30 18:45:47 INFO TaskSchedulerImpl: Killing all running tasks in stage 1: Stage finished
[2025-11-30T18:45:47.443+0000] {subprocess.py:93} INFO - 25/11/30 18:45:47 INFO DAGScheduler: Job 1 finished: parquet at NativeMethodAccessorImpl.java:0, took 3.885484 s
[2025-11-30T18:45:47.443+0000] {subprocess.py:93} INFO - 25/11/30 18:45:47 INFO FileFormatWriter: Start to commit write Job 4ac15f1c-c69e-4beb-8203-f1d06a2c1852.
[2025-11-30T18:45:47.509+0000] {subprocess.py:93} INFO - 25/11/30 18:45:47 INFO FileFormatWriter: Write Job 4ac15f1c-c69e-4beb-8203-f1d06a2c1852 committed. Elapsed time: 65 ms.
[2025-11-30T18:45:47.514+0000] {subprocess.py:93} INFO - 25/11/30 18:45:47 INFO FileFormatWriter: Finished processing stats for write job 4ac15f1c-c69e-4beb-8203-f1d06a2c1852.
[2025-11-30T18:45:47.522+0000] {subprocess.py:93} INFO - ✅ Saved to hdfs://namenode:9000/datalake/bronze/dubizzle_all_listings_cairo
[2025-11-30T18:45:47.524+0000] {subprocess.py:93} INFO - 
[2025-11-30T18:45:47.525+0000] {subprocess.py:93} INFO - Processing /data/data_csv_files/fazwaz/fazwaz_apartments_allcombined.csv...
[2025-11-30T18:45:47.528+0000] {subprocess.py:93} INFO - ⚠️ File not found: /data/data_csv_files/fazwaz/fazwaz_apartments_allcombined.csv. It might have been skipped by the scraper.
[2025-11-30T18:45:47.528+0000] {subprocess.py:93} INFO - 
[2025-11-30T18:45:47.529+0000] {subprocess.py:93} INFO - Processing /data/data_csv_files/propertyfinder/propertyfinder.csv...
[2025-11-30T18:45:47.655+0000] {subprocess.py:93} INFO - 25/11/30 18:45:47 INFO InMemoryFileIndex: It took 48 ms to list leaf files for 1 paths.
[2025-11-30T18:45:47.748+0000] {subprocess.py:93} INFO - 25/11/30 18:45:47 INFO InMemoryFileIndex: It took 49 ms to list leaf files for 1 paths.
[2025-11-30T18:45:47.842+0000] {subprocess.py:93} INFO - 25/11/30 18:45:47 INFO FileSourceStrategy: Pushed Filters:
[2025-11-30T18:45:47.843+0000] {subprocess.py:93} INFO - 25/11/30 18:45:47 INFO FileSourceStrategy: Post-Scan Filters: (length(trim(value#45, None)) > 0)
[2025-11-30T18:45:47.859+0000] {subprocess.py:93} INFO - 25/11/30 18:45:47 INFO BlockManagerInfo: Removed broadcast_3_piece0 on 76c6f5c40d8c:39015 in memory (size: 34.3 KiB, free: 434.3 MiB)
[2025-11-30T18:45:47.861+0000] {subprocess.py:93} INFO - 25/11/30 18:45:47 INFO MemoryStore: Block broadcast_5 stored as values in memory (estimated size 199.8 KiB, free 433.5 MiB)
[2025-11-30T18:45:47.865+0000] {subprocess.py:93} INFO - 25/11/30 18:45:47 INFO BlockManagerInfo: Removed broadcast_4_piece0 on 76c6f5c40d8c:39015 in memory (size: 77.3 KiB, free: 434.3 MiB)
[2025-11-30T18:45:47.872+0000] {subprocess.py:93} INFO - 25/11/30 18:45:47 INFO MemoryStore: Block broadcast_5_piece0 stored as bytes in memory (estimated size 34.3 KiB, free 433.7 MiB)
[2025-11-30T18:45:47.874+0000] {subprocess.py:93} INFO - 25/11/30 18:45:47 INFO BlockManagerInfo: Added broadcast_5_piece0 in memory on 76c6f5c40d8c:39015 (size: 34.3 KiB, free: 434.3 MiB)
[2025-11-30T18:45:47.875+0000] {subprocess.py:93} INFO - 25/11/30 18:45:47 INFO SparkContext: Created broadcast 5 from csv at NativeMethodAccessorImpl.java:0
[2025-11-30T18:45:47.876+0000] {subprocess.py:93} INFO - 25/11/30 18:45:47 INFO FileSourceScanExec: Planning scan with bin packing, max size: 4194304 bytes, open cost is considered as scanning 4194304 bytes.
[2025-11-30T18:45:47.892+0000] {subprocess.py:93} INFO - 25/11/30 18:45:47 INFO SparkContext: Starting job: csv at NativeMethodAccessorImpl.java:0
[2025-11-30T18:45:47.894+0000] {subprocess.py:93} INFO - 25/11/30 18:45:47 INFO DAGScheduler: Got job 2 (csv at NativeMethodAccessorImpl.java:0) with 1 output partitions
[2025-11-30T18:45:47.894+0000] {subprocess.py:93} INFO - 25/11/30 18:45:47 INFO DAGScheduler: Final stage: ResultStage 2 (csv at NativeMethodAccessorImpl.java:0)
[2025-11-30T18:45:47.895+0000] {subprocess.py:93} INFO - 25/11/30 18:45:47 INFO DAGScheduler: Parents of final stage: List()
[2025-11-30T18:45:47.896+0000] {subprocess.py:93} INFO - 25/11/30 18:45:47 INFO DAGScheduler: Missing parents: List()
[2025-11-30T18:45:47.896+0000] {subprocess.py:93} INFO - 25/11/30 18:45:47 INFO DAGScheduler: Submitting ResultStage 2 (MapPartitionsRDD[16] at csv at NativeMethodAccessorImpl.java:0), which has no missing parents
[2025-11-30T18:45:47.898+0000] {subprocess.py:93} INFO - 25/11/30 18:45:47 INFO MemoryStore: Block broadcast_6 stored as values in memory (estimated size 13.5 KiB, free 433.7 MiB)
[2025-11-30T18:45:47.900+0000] {subprocess.py:93} INFO - 25/11/30 18:45:47 INFO MemoryStore: Block broadcast_6_piece0 stored as bytes in memory (estimated size 6.4 KiB, free 433.7 MiB)
[2025-11-30T18:45:47.902+0000] {subprocess.py:93} INFO - 25/11/30 18:45:47 INFO BlockManagerInfo: Added broadcast_6_piece0 in memory on 76c6f5c40d8c:39015 (size: 6.4 KiB, free: 434.3 MiB)
[2025-11-30T18:45:47.903+0000] {subprocess.py:93} INFO - 25/11/30 18:45:47 INFO SparkContext: Created broadcast 6 from broadcast at DAGScheduler.scala:1580
[2025-11-30T18:45:47.903+0000] {subprocess.py:93} INFO - 25/11/30 18:45:47 INFO DAGScheduler: Submitting 1 missing tasks from ResultStage 2 (MapPartitionsRDD[16] at csv at NativeMethodAccessorImpl.java:0) (first 15 tasks are for partitions Vector(0))
[2025-11-30T18:45:47.904+0000] {subprocess.py:93} INFO - 25/11/30 18:45:47 INFO TaskSchedulerImpl: Adding task set 2.0 with 1 tasks resource profile 0
[2025-11-30T18:45:47.906+0000] {subprocess.py:93} INFO - 25/11/30 18:45:47 INFO TaskSetManager: Starting task 0.0 in stage 2.0 (TID 2) (76c6f5c40d8c, executor driver, partition 0, PROCESS_LOCAL, 8239 bytes)
[2025-11-30T18:45:47.907+0000] {subprocess.py:93} INFO - 25/11/30 18:45:47 INFO Executor: Running task 0.0 in stage 2.0 (TID 2)
[2025-11-30T18:45:47.914+0000] {subprocess.py:93} INFO - 25/11/30 18:45:47 INFO FileScanRDD: Reading File path: file:///data/data_csv_files/propertyfinder/propertyfinder.csv, range: 0-1570927, partition values: [empty row]
[2025-11-30T18:45:47.973+0000] {subprocess.py:93} INFO - 25/11/30 18:45:47 INFO LineRecordReader: Found UTF-8 BOM and skipped it
[2025-11-30T18:45:47.981+0000] {subprocess.py:93} INFO - 25/11/30 18:45:47 INFO Executor: Finished task 0.0 in stage 2.0 (TID 2). 1713 bytes result sent to driver
[2025-11-30T18:45:47.986+0000] {subprocess.py:93} INFO - 25/11/30 18:45:47 INFO TaskSetManager: Finished task 0.0 in stage 2.0 (TID 2) in 80 ms on 76c6f5c40d8c (executor driver) (1/1)
[2025-11-30T18:45:47.989+0000] {subprocess.py:93} INFO - 25/11/30 18:45:47 INFO TaskSchedulerImpl: Removed TaskSet 2.0, whose tasks have all completed, from pool
[2025-11-30T18:45:47.992+0000] {subprocess.py:93} INFO - 25/11/30 18:45:47 INFO DAGScheduler: ResultStage 2 (csv at NativeMethodAccessorImpl.java:0) finished in 0.091 s
[2025-11-30T18:45:47.994+0000] {subprocess.py:93} INFO - 25/11/30 18:45:47 INFO DAGScheduler: Job 2 is finished. Cancelling potential speculative or zombie tasks for this job
[2025-11-30T18:45:47.996+0000] {subprocess.py:93} INFO - 25/11/30 18:45:47 INFO TaskSchedulerImpl: Killing all running tasks in stage 2: Stage finished
[2025-11-30T18:45:47.997+0000] {subprocess.py:93} INFO - 25/11/30 18:45:47 INFO DAGScheduler: Job 2 finished: csv at NativeMethodAccessorImpl.java:0, took 0.096738 s
[2025-11-30T18:45:48.018+0000] {subprocess.py:93} INFO - 25/11/30 18:45:48 INFO FileSourceStrategy: Pushed Filters:
[2025-11-30T18:45:48.019+0000] {subprocess.py:93} INFO - 25/11/30 18:45:48 INFO FileSourceStrategy: Post-Scan Filters:
[2025-11-30T18:45:48.023+0000] {subprocess.py:93} INFO - 25/11/30 18:45:48 INFO MemoryStore: Block broadcast_7 stored as values in memory (estimated size 199.8 KiB, free 433.5 MiB)
[2025-11-30T18:45:48.034+0000] {subprocess.py:93} INFO - 25/11/30 18:45:48 INFO MemoryStore: Block broadcast_7_piece0 stored as bytes in memory (estimated size 34.3 KiB, free 433.5 MiB)
[2025-11-30T18:45:48.037+0000] {subprocess.py:93} INFO - 25/11/30 18:45:48 INFO BlockManagerInfo: Added broadcast_7_piece0 in memory on 76c6f5c40d8c:39015 (size: 34.3 KiB, free: 434.3 MiB)
[2025-11-30T18:45:48.038+0000] {subprocess.py:93} INFO - 25/11/30 18:45:48 INFO SparkContext: Created broadcast 7 from csv at NativeMethodAccessorImpl.java:0
[2025-11-30T18:45:48.041+0000] {subprocess.py:93} INFO - 25/11/30 18:45:48 INFO FileSourceScanExec: Planning scan with bin packing, max size: 4194304 bytes, open cost is considered as scanning 4194304 bytes.
[2025-11-30T18:45:48.093+0000] {subprocess.py:93} INFO - 25/11/30 18:45:48 INFO FileSourceStrategy: Pushed Filters:
[2025-11-30T18:45:48.094+0000] {subprocess.py:93} INFO - 25/11/30 18:45:48 INFO FileSourceStrategy: Post-Scan Filters:
[2025-11-30T18:45:48.105+0000] {subprocess.py:93} INFO - 25/11/30 18:45:48 INFO ParquetUtils: Using default output committer for Parquet: org.apache.parquet.hadoop.ParquetOutputCommitter
[2025-11-30T18:45:48.108+0000] {subprocess.py:93} INFO - 25/11/30 18:45:48 INFO FileOutputCommitter: File Output Committer Algorithm version is 1
[2025-11-30T18:45:48.110+0000] {subprocess.py:93} INFO - 25/11/30 18:45:48 INFO FileOutputCommitter: FileOutputCommitter skip cleanup _temporary folders under output directory:false, ignore cleanup failures: false
[2025-11-30T18:45:48.111+0000] {subprocess.py:93} INFO - 25/11/30 18:45:48 INFO SQLHadoopMapReduceCommitProtocol: Using user defined output committer class org.apache.parquet.hadoop.ParquetOutputCommitter
[2025-11-30T18:45:48.112+0000] {subprocess.py:93} INFO - 25/11/30 18:45:48 INFO FileOutputCommitter: File Output Committer Algorithm version is 1
[2025-11-30T18:45:48.113+0000] {subprocess.py:93} INFO - 25/11/30 18:45:48 INFO FileOutputCommitter: FileOutputCommitter skip cleanup _temporary folders under output directory:false, ignore cleanup failures: false
[2025-11-30T18:45:48.114+0000] {subprocess.py:93} INFO - 25/11/30 18:45:48 INFO SQLHadoopMapReduceCommitProtocol: Using output committer class org.apache.parquet.hadoop.ParquetOutputCommitter
[2025-11-30T18:45:48.120+0000] {subprocess.py:93} INFO - 25/11/30 18:45:48 INFO MemoryStore: Block broadcast_8 stored as values in memory (estimated size 199.5 KiB, free 433.3 MiB)
[2025-11-30T18:45:48.130+0000] {subprocess.py:93} INFO - 25/11/30 18:45:48 INFO MemoryStore: Block broadcast_8_piece0 stored as bytes in memory (estimated size 34.3 KiB, free 433.2 MiB)
[2025-11-30T18:45:48.132+0000] {subprocess.py:93} INFO - 25/11/30 18:45:48 INFO BlockManagerInfo: Added broadcast_8_piece0 in memory on 76c6f5c40d8c:39015 (size: 34.3 KiB, free: 434.2 MiB)
[2025-11-30T18:45:48.134+0000] {subprocess.py:93} INFO - 25/11/30 18:45:48 INFO SparkContext: Created broadcast 8 from parquet at NativeMethodAccessorImpl.java:0
[2025-11-30T18:45:48.138+0000] {subprocess.py:93} INFO - 25/11/30 18:45:48 INFO FileSourceScanExec: Planning scan with bin packing, max size: 4194304 bytes, open cost is considered as scanning 4194304 bytes.
[2025-11-30T18:45:48.146+0000] {subprocess.py:93} INFO - 25/11/30 18:45:48 INFO SparkContext: Starting job: parquet at NativeMethodAccessorImpl.java:0
[2025-11-30T18:45:48.148+0000] {subprocess.py:93} INFO - 25/11/30 18:45:48 INFO DAGScheduler: Got job 3 (parquet at NativeMethodAccessorImpl.java:0) with 1 output partitions
[2025-11-30T18:45:48.149+0000] {subprocess.py:93} INFO - 25/11/30 18:45:48 INFO DAGScheduler: Final stage: ResultStage 3 (parquet at NativeMethodAccessorImpl.java:0)
[2025-11-30T18:45:48.151+0000] {subprocess.py:93} INFO - 25/11/30 18:45:48 INFO DAGScheduler: Parents of final stage: List()
[2025-11-30T18:45:48.152+0000] {subprocess.py:93} INFO - 25/11/30 18:45:48 INFO DAGScheduler: Missing parents: List()
[2025-11-30T18:45:48.153+0000] {subprocess.py:93} INFO - 25/11/30 18:45:48 INFO DAGScheduler: Submitting ResultStage 3 (MapPartitionsRDD[25] at parquet at NativeMethodAccessorImpl.java:0), which has no missing parents
[2025-11-30T18:45:48.165+0000] {subprocess.py:93} INFO - 25/11/30 18:45:48 INFO MemoryStore: Block broadcast_9 stored as values in memory (estimated size 215.6 KiB, free 433.0 MiB)
[2025-11-30T18:45:48.168+0000] {subprocess.py:93} INFO - 25/11/30 18:45:48 INFO MemoryStore: Block broadcast_9_piece0 stored as bytes in memory (estimated size 77.6 KiB, free 433.0 MiB)
[2025-11-30T18:45:48.169+0000] {subprocess.py:93} INFO - 25/11/30 18:45:48 INFO BlockManagerInfo: Added broadcast_9_piece0 in memory on 76c6f5c40d8c:39015 (size: 77.6 KiB, free: 434.2 MiB)
[2025-11-30T18:45:48.170+0000] {subprocess.py:93} INFO - 25/11/30 18:45:48 INFO SparkContext: Created broadcast 9 from broadcast at DAGScheduler.scala:1580
[2025-11-30T18:45:48.171+0000] {subprocess.py:93} INFO - 25/11/30 18:45:48 INFO DAGScheduler: Submitting 1 missing tasks from ResultStage 3 (MapPartitionsRDD[25] at parquet at NativeMethodAccessorImpl.java:0) (first 15 tasks are for partitions Vector(0))
[2025-11-30T18:45:48.172+0000] {subprocess.py:93} INFO - 25/11/30 18:45:48 INFO TaskSchedulerImpl: Adding task set 3.0 with 1 tasks resource profile 0
[2025-11-30T18:45:48.172+0000] {subprocess.py:93} INFO - 25/11/30 18:45:48 INFO TaskSetManager: Starting task 0.0 in stage 3.0 (TID 3) (76c6f5c40d8c, executor driver, partition 0, PROCESS_LOCAL, 8239 bytes)
[2025-11-30T18:45:48.173+0000] {subprocess.py:93} INFO - 25/11/30 18:45:48 INFO Executor: Running task 0.0 in stage 3.0 (TID 3)
[2025-11-30T18:45:48.190+0000] {subprocess.py:93} INFO - 25/11/30 18:45:48 INFO FileOutputCommitter: File Output Committer Algorithm version is 1
[2025-11-30T18:45:48.191+0000] {subprocess.py:93} INFO - 25/11/30 18:45:48 INFO FileOutputCommitter: FileOutputCommitter skip cleanup _temporary folders under output directory:false, ignore cleanup failures: false
[2025-11-30T18:45:48.192+0000] {subprocess.py:93} INFO - 25/11/30 18:45:48 INFO SQLHadoopMapReduceCommitProtocol: Using user defined output committer class org.apache.parquet.hadoop.ParquetOutputCommitter
[2025-11-30T18:45:48.193+0000] {subprocess.py:93} INFO - 25/11/30 18:45:48 INFO FileOutputCommitter: File Output Committer Algorithm version is 1
[2025-11-30T18:45:48.194+0000] {subprocess.py:93} INFO - 25/11/30 18:45:48 INFO FileOutputCommitter: FileOutputCommitter skip cleanup _temporary folders under output directory:false, ignore cleanup failures: false
[2025-11-30T18:45:48.194+0000] {subprocess.py:93} INFO - 25/11/30 18:45:48 INFO SQLHadoopMapReduceCommitProtocol: Using output committer class org.apache.parquet.hadoop.ParquetOutputCommitter
[2025-11-30T18:45:48.195+0000] {subprocess.py:93} INFO - 25/11/30 18:45:48 INFO CodecConfig: Compression: SNAPPY
[2025-11-30T18:45:48.196+0000] {subprocess.py:93} INFO - 25/11/30 18:45:48 INFO CodecConfig: Compression: SNAPPY
[2025-11-30T18:45:48.197+0000] {subprocess.py:93} INFO - 25/11/30 18:45:48 INFO ParquetOutputFormat: ParquetRecordWriter [block size: 134217728b, row group padding size: 8388608b, validating: false]
[2025-11-30T18:45:48.197+0000] {subprocess.py:93} INFO - 25/11/30 18:45:48 INFO ParquetWriteSupport: Initialized Parquet WriteSupport with Catalyst schema:
[2025-11-30T18:45:48.198+0000] {subprocess.py:93} INFO - {
[2025-11-30T18:45:48.198+0000] {subprocess.py:93} INFO -   "type" : "struct",
[2025-11-30T18:45:48.199+0000] {subprocess.py:93} INFO -   "fields" : [ {
[2025-11-30T18:45:48.200+0000] {subprocess.py:93} INFO -     "name" : "id",
[2025-11-30T18:45:48.200+0000] {subprocess.py:93} INFO -     "type" : "string",
[2025-11-30T18:45:48.201+0000] {subprocess.py:93} INFO -     "nullable" : true,
[2025-11-30T18:45:48.202+0000] {subprocess.py:93} INFO -     "metadata" : { }
[2025-11-30T18:45:48.202+0000] {subprocess.py:93} INFO -   }, {
[2025-11-30T18:45:48.203+0000] {subprocess.py:93} INFO -     "name" : "title",
[2025-11-30T18:45:48.204+0000] {subprocess.py:93} INFO -     "type" : "string",
[2025-11-30T18:45:48.204+0000] {subprocess.py:93} INFO -     "nullable" : true,
[2025-11-30T18:45:48.205+0000] {subprocess.py:93} INFO -     "metadata" : { }
[2025-11-30T18:45:48.206+0000] {subprocess.py:93} INFO -   }, {
[2025-11-30T18:45:48.206+0000] {subprocess.py:93} INFO -     "name" : "price",
[2025-11-30T18:45:48.207+0000] {subprocess.py:93} INFO -     "type" : "string",
[2025-11-30T18:45:48.207+0000] {subprocess.py:93} INFO -     "nullable" : true,
[2025-11-30T18:45:48.208+0000] {subprocess.py:93} INFO -     "metadata" : { }
[2025-11-30T18:45:48.209+0000] {subprocess.py:93} INFO -   }, {
[2025-11-30T18:45:48.209+0000] {subprocess.py:93} INFO -     "name" : "currency",
[2025-11-30T18:45:48.210+0000] {subprocess.py:93} INFO -     "type" : "string",
[2025-11-30T18:45:48.211+0000] {subprocess.py:93} INFO -     "nullable" : true,
[2025-11-30T18:45:48.212+0000] {subprocess.py:93} INFO -     "metadata" : { }
[2025-11-30T18:45:48.213+0000] {subprocess.py:93} INFO -   }, {
[2025-11-30T18:45:48.214+0000] {subprocess.py:93} INFO -     "name" : "location",
[2025-11-30T18:45:48.215+0000] {subprocess.py:93} INFO -     "type" : "string",
[2025-11-30T18:45:48.215+0000] {subprocess.py:93} INFO -     "nullable" : true,
[2025-11-30T18:45:48.216+0000] {subprocess.py:93} INFO -     "metadata" : { }
[2025-11-30T18:45:48.216+0000] {subprocess.py:93} INFO -   }, {
[2025-11-30T18:45:48.217+0000] {subprocess.py:93} INFO -     "name" : "bedrooms",
[2025-11-30T18:45:48.217+0000] {subprocess.py:93} INFO -     "type" : "string",
[2025-11-30T18:45:48.218+0000] {subprocess.py:93} INFO -     "nullable" : true,
[2025-11-30T18:45:48.219+0000] {subprocess.py:93} INFO -     "metadata" : { }
[2025-11-30T18:45:48.220+0000] {subprocess.py:93} INFO -   }, {
[2025-11-30T18:45:48.221+0000] {subprocess.py:93} INFO -     "name" : "bathrooms",
[2025-11-30T18:45:48.221+0000] {subprocess.py:93} INFO -     "type" : "string",
[2025-11-30T18:45:48.222+0000] {subprocess.py:93} INFO -     "nullable" : true,
[2025-11-30T18:45:48.223+0000] {subprocess.py:93} INFO -     "metadata" : { }
[2025-11-30T18:45:48.224+0000] {subprocess.py:93} INFO -   }, {
[2025-11-30T18:45:48.225+0000] {subprocess.py:93} INFO -     "name" : "property_type",
[2025-11-30T18:45:48.225+0000] {subprocess.py:93} INFO -     "type" : "string",
[2025-11-30T18:45:48.226+0000] {subprocess.py:93} INFO -     "nullable" : true,
[2025-11-30T18:45:48.228+0000] {subprocess.py:93} INFO -     "metadata" : { }
[2025-11-30T18:45:48.228+0000] {subprocess.py:93} INFO -   }, {
[2025-11-30T18:45:48.229+0000] {subprocess.py:93} INFO -     "name" : "property_size",
[2025-11-30T18:45:48.230+0000] {subprocess.py:93} INFO -     "type" : "string",
[2025-11-30T18:45:48.231+0000] {subprocess.py:93} INFO -     "nullable" : true,
[2025-11-30T18:45:48.231+0000] {subprocess.py:93} INFO -     "metadata" : { }
[2025-11-30T18:45:48.232+0000] {subprocess.py:93} INFO -   }, {
[2025-11-30T18:45:48.233+0000] {subprocess.py:93} INFO -     "name" : "furnished",
[2025-11-30T18:45:48.234+0000] {subprocess.py:93} INFO -     "type" : "string",
[2025-11-30T18:45:48.235+0000] {subprocess.py:93} INFO -     "nullable" : true,
[2025-11-30T18:45:48.235+0000] {subprocess.py:93} INFO -     "metadata" : { }
[2025-11-30T18:45:48.236+0000] {subprocess.py:93} INFO -   }, {
[2025-11-30T18:45:48.237+0000] {subprocess.py:93} INFO -     "name" : "share_url",
[2025-11-30T18:45:48.238+0000] {subprocess.py:93} INFO -     "type" : "string",
[2025-11-30T18:45:48.238+0000] {subprocess.py:93} INFO -     "nullable" : true,
[2025-11-30T18:45:48.239+0000] {subprocess.py:93} INFO -     "metadata" : { }
[2025-11-30T18:45:48.240+0000] {subprocess.py:93} INFO -   }, {
[2025-11-30T18:45:48.240+0000] {subprocess.py:93} INFO -     "name" : "description",
[2025-11-30T18:45:48.241+0000] {subprocess.py:93} INFO -     "type" : "string",
[2025-11-30T18:45:48.241+0000] {subprocess.py:93} INFO -     "nullable" : true,
[2025-11-30T18:45:48.242+0000] {subprocess.py:93} INFO -     "metadata" : { }
[2025-11-30T18:45:48.243+0000] {subprocess.py:93} INFO -   }, {
[2025-11-30T18:45:48.243+0000] {subprocess.py:93} INFO -     "name" : "amenities",
[2025-11-30T18:45:48.244+0000] {subprocess.py:93} INFO -     "type" : "string",
[2025-11-30T18:45:48.245+0000] {subprocess.py:93} INFO -     "nullable" : true,
[2025-11-30T18:45:48.246+0000] {subprocess.py:93} INFO -     "metadata" : { }
[2025-11-30T18:45:48.246+0000] {subprocess.py:93} INFO -   }, {
[2025-11-30T18:45:48.247+0000] {subprocess.py:93} INFO -     "name" : "listed_date",
[2025-11-30T18:45:48.248+0000] {subprocess.py:93} INFO -     "type" : "string",
[2025-11-30T18:45:48.248+0000] {subprocess.py:93} INFO -     "nullable" : true,
[2025-11-30T18:45:48.249+0000] {subprocess.py:93} INFO -     "metadata" : { }
[2025-11-30T18:45:48.250+0000] {subprocess.py:93} INFO -   }, {
[2025-11-30T18:45:48.250+0000] {subprocess.py:93} INFO -     "name" : "latitude",
[2025-11-30T18:45:48.251+0000] {subprocess.py:93} INFO -     "type" : "string",
[2025-11-30T18:45:48.252+0000] {subprocess.py:93} INFO -     "nullable" : true,
[2025-11-30T18:45:48.252+0000] {subprocess.py:93} INFO -     "metadata" : { }
[2025-11-30T18:45:48.253+0000] {subprocess.py:93} INFO -   }, {
[2025-11-30T18:45:48.253+0000] {subprocess.py:93} INFO -     "name" : "longitude",
[2025-11-30T18:45:48.254+0000] {subprocess.py:93} INFO -     "type" : "string",
[2025-11-30T18:45:48.254+0000] {subprocess.py:93} INFO -     "nullable" : true,
[2025-11-30T18:45:48.255+0000] {subprocess.py:93} INFO -     "metadata" : { }
[2025-11-30T18:45:48.256+0000] {subprocess.py:93} INFO -   } ]
[2025-11-30T18:45:48.257+0000] {subprocess.py:93} INFO - }
[2025-11-30T18:45:48.258+0000] {subprocess.py:93} INFO - and corresponding Parquet message type:
[2025-11-30T18:45:48.258+0000] {subprocess.py:93} INFO - message spark_schema {
[2025-11-30T18:45:48.259+0000] {subprocess.py:93} INFO -   optional binary id (STRING);
[2025-11-30T18:45:48.260+0000] {subprocess.py:93} INFO -   optional binary title (STRING);
[2025-11-30T18:45:48.261+0000] {subprocess.py:93} INFO -   optional binary price (STRING);
[2025-11-30T18:45:48.262+0000] {subprocess.py:93} INFO -   optional binary currency (STRING);
[2025-11-30T18:45:48.262+0000] {subprocess.py:93} INFO -   optional binary location (STRING);
[2025-11-30T18:45:48.263+0000] {subprocess.py:93} INFO -   optional binary bedrooms (STRING);
[2025-11-30T18:45:48.264+0000] {subprocess.py:93} INFO -   optional binary bathrooms (STRING);
[2025-11-30T18:45:48.265+0000] {subprocess.py:93} INFO -   optional binary property_type (STRING);
[2025-11-30T18:45:48.265+0000] {subprocess.py:93} INFO -   optional binary property_size (STRING);
[2025-11-30T18:45:48.266+0000] {subprocess.py:93} INFO -   optional binary furnished (STRING);
[2025-11-30T18:45:48.267+0000] {subprocess.py:93} INFO -   optional binary share_url (STRING);
[2025-11-30T18:45:48.267+0000] {subprocess.py:93} INFO -   optional binary description (STRING);
[2025-11-30T18:45:48.268+0000] {subprocess.py:93} INFO -   optional binary amenities (STRING);
[2025-11-30T18:45:48.269+0000] {subprocess.py:93} INFO -   optional binary listed_date (STRING);
[2025-11-30T18:45:48.269+0000] {subprocess.py:93} INFO -   optional binary latitude (STRING);
[2025-11-30T18:45:48.270+0000] {subprocess.py:93} INFO -   optional binary longitude (STRING);
[2025-11-30T18:45:48.271+0000] {subprocess.py:93} INFO - }
[2025-11-30T18:45:48.271+0000] {subprocess.py:93} INFO - 
[2025-11-30T18:45:48.272+0000] {subprocess.py:93} INFO - 
[2025-11-30T18:45:48.273+0000] {subprocess.py:93} INFO - 25/11/30 18:45:48 INFO FileScanRDD: Reading File path: file:///data/data_csv_files/propertyfinder/propertyfinder.csv, range: 0-1570927, partition values: [empty row]
[2025-11-30T18:45:48.273+0000] {subprocess.py:93} INFO - 25/11/30 18:45:48 INFO CodeGenerator: Code generated in 24.558263 ms
[2025-11-30T18:45:48.292+0000] {subprocess.py:93} INFO - 25/11/30 18:45:48 INFO LineRecordReader: Found UTF-8 BOM and skipped it
[2025-11-30T18:45:48.906+0000] {subprocess.py:93} INFO - 25/11/30 18:45:48 INFO FileOutputCommitter: Saved output of task 'attempt_202511301845485046723425226020472_0003_m_000000_3' to hdfs://namenode:9000/datalake/bronze/propertyfinder/_temporary/0/task_202511301845485046723425226020472_0003_m_000000
[2025-11-30T18:45:48.907+0000] {subprocess.py:93} INFO - 25/11/30 18:45:48 INFO SparkHadoopMapRedUtil: attempt_202511301845485046723425226020472_0003_m_000000_3: Committed. Elapsed time: 11 ms.
[2025-11-30T18:45:48.909+0000] {subprocess.py:93} INFO - 25/11/30 18:45:48 INFO Executor: Finished task 0.0 in stage 3.0 (TID 3). 2459 bytes result sent to driver
[2025-11-30T18:45:48.912+0000] {subprocess.py:93} INFO - 25/11/30 18:45:48 INFO TaskSetManager: Finished task 0.0 in stage 3.0 (TID 3) in 739 ms on 76c6f5c40d8c (executor driver) (1/1)
[2025-11-30T18:45:48.913+0000] {subprocess.py:93} INFO - 25/11/30 18:45:48 INFO TaskSchedulerImpl: Removed TaskSet 3.0, whose tasks have all completed, from pool
[2025-11-30T18:45:48.915+0000] {subprocess.py:93} INFO - 25/11/30 18:45:48 INFO DAGScheduler: ResultStage 3 (parquet at NativeMethodAccessorImpl.java:0) finished in 0.764 s
[2025-11-30T18:45:48.916+0000] {subprocess.py:93} INFO - 25/11/30 18:45:48 INFO DAGScheduler: Job 3 is finished. Cancelling potential speculative or zombie tasks for this job
[2025-11-30T18:45:48.917+0000] {subprocess.py:93} INFO - 25/11/30 18:45:48 INFO TaskSchedulerImpl: Killing all running tasks in stage 3: Stage finished
[2025-11-30T18:45:48.919+0000] {subprocess.py:93} INFO - 25/11/30 18:45:48 INFO DAGScheduler: Job 3 finished: parquet at NativeMethodAccessorImpl.java:0, took 0.770033 s
[2025-11-30T18:45:48.921+0000] {subprocess.py:93} INFO - 25/11/30 18:45:48 INFO FileFormatWriter: Start to commit write Job be4c0969-c9a4-42d5-be73-b0a6006e4dd1.
[2025-11-30T18:45:48.951+0000] {subprocess.py:93} INFO - 25/11/30 18:45:48 INFO FileFormatWriter: Write Job be4c0969-c9a4-42d5-be73-b0a6006e4dd1 committed. Elapsed time: 34 ms.
[2025-11-30T18:45:48.953+0000] {subprocess.py:93} INFO - 25/11/30 18:45:48 INFO FileFormatWriter: Finished processing stats for write job be4c0969-c9a4-42d5-be73-b0a6006e4dd1.
[2025-11-30T18:45:48.953+0000] {subprocess.py:93} INFO - ✅ Saved to hdfs://namenode:9000/datalake/bronze/propertyfinder
[2025-11-30T18:45:48.954+0000] {subprocess.py:93} INFO - 25/11/30 18:45:48 INFO SparkContext: SparkContext is stopping with exitCode 0.
[2025-11-30T18:45:48.980+0000] {subprocess.py:93} INFO - 25/11/30 18:45:48 INFO SparkUI: Stopped Spark web UI at http://76c6f5c40d8c:4040
[2025-11-30T18:45:49.001+0000] {subprocess.py:93} INFO - 25/11/30 18:45:48 INFO MapOutputTrackerMasterEndpoint: MapOutputTrackerMasterEndpoint stopped!
[2025-11-30T18:45:49.034+0000] {subprocess.py:93} INFO - 25/11/30 18:45:49 INFO MemoryStore: MemoryStore cleared
[2025-11-30T18:45:49.035+0000] {subprocess.py:93} INFO - 25/11/30 18:45:49 INFO BlockManager: BlockManager stopped
[2025-11-30T18:45:49.041+0000] {subprocess.py:93} INFO - 25/11/30 18:45:49 INFO BlockManagerMaster: BlockManagerMaster stopped
[2025-11-30T18:45:49.047+0000] {subprocess.py:93} INFO - 25/11/30 18:45:49 INFO OutputCommitCoordinator$OutputCommitCoordinatorEndpoint: OutputCommitCoordinator stopped!
[2025-11-30T18:45:49.061+0000] {subprocess.py:93} INFO - 25/11/30 18:45:49 INFO SparkContext: Successfully stopped SparkContext
[2025-11-30T18:45:49.441+0000] {subprocess.py:93} INFO - 25/11/30 18:45:49 INFO ShutdownHookManager: Shutdown hook called
[2025-11-30T18:45:49.442+0000] {subprocess.py:93} INFO - 25/11/30 18:45:49 INFO ShutdownHookManager: Deleting directory /tmp/spark-18f4e5e9-04ab-4112-b94e-380bf93956d8
[2025-11-30T18:45:49.446+0000] {subprocess.py:93} INFO - 25/11/30 18:45:49 INFO ShutdownHookManager: Deleting directory /tmp/spark-1bcd6101-7552-48f4-952b-73520b95926f
[2025-11-30T18:45:49.452+0000] {subprocess.py:93} INFO - 25/11/30 18:45:49 INFO ShutdownHookManager: Deleting directory /tmp/spark-1bcd6101-7552-48f4-952b-73520b95926f/pyspark-bdcdcf67-e640-45f5-8bdb-88f2f3ed8b97
[2025-11-30T18:45:49.558+0000] {subprocess.py:97} INFO - Command exited with return code 0
[2025-11-30T18:45:49.560+0000] {taskinstance.py:441} INFO - ::group::Post task execution logs
[2025-11-30T18:45:49.599+0000] {taskinstance.py:1206} INFO - Marking task as SUCCESS. dag_id=real_estate_etl_pipeline, task_id=ingest_to_bronze, run_id=manual__2025-11-30T18:25:30.102845+00:00, execution_date=20251130T182530, start_date=20251130T184526, end_date=20251130T184549
[2025-11-30T18:45:49.635+0000] {local_task_job_runner.py:240} INFO - Task exited with return code 0
[2025-11-30T18:45:49.681+0000] {taskinstance.py:3503} INFO - 4 downstream tasks scheduled from follow-on schedule check
[2025-11-30T18:45:49.685+0000] {local_task_job_runner.py:222} INFO - ::endgroup::
