[2025-11-30T19:07:28.861+0000] {local_task_job_runner.py:120} INFO - ::group::Pre task execution logs
[2025-11-30T19:07:28.903+0000] {taskinstance.py:2076} INFO - Dependencies all met for dep_context=non-requeueable deps ti=<TaskInstance: real_estate_etl_pipeline.transform_fazwaz manual__2025-11-30T18:25:30.102845+00:00 [queued]>
[2025-11-30T19:07:28.918+0000] {taskinstance.py:2076} INFO - Dependencies all met for dep_context=requeueable deps ti=<TaskInstance: real_estate_etl_pipeline.transform_fazwaz manual__2025-11-30T18:25:30.102845+00:00 [queued]>
[2025-11-30T19:07:28.920+0000] {taskinstance.py:2306} INFO - Starting attempt 1 of 2
[2025-11-30T19:07:28.938+0000] {taskinstance.py:2330} INFO - Executing <Task(BashOperator): transform_fazwaz> on 2025-11-30 18:25:30.102845+00:00
[2025-11-30T19:07:28.954+0000] {warnings.py:112} WARNING - /home/***/.local/lib/python3.12/site-packages/***/task/task_runner/standard_task_runner.py:61: DeprecationWarning: This process (pid=555) is multi-threaded, use of fork() may lead to deadlocks in the child.
  pid = os.fork()

[2025-11-30T19:07:28.957+0000] {standard_task_runner.py:63} INFO - Started process 564 to run task
[2025-11-30T19:07:28.956+0000] {standard_task_runner.py:90} INFO - Running: ['***', 'tasks', 'run', 'real_estate_etl_pipeline', 'transform_fazwaz', 'manual__2025-11-30T18:25:30.102845+00:00', '--job-id', '35', '--raw', '--subdir', 'DAGS_FOLDER/scraping_dag.py', '--cfg-path', '/tmp/tmpux_zlbkx']
[2025-11-30T19:07:28.960+0000] {standard_task_runner.py:91} INFO - Job 35: Subtask transform_fazwaz
[2025-11-30T19:07:29.036+0000] {task_command.py:426} INFO - Running <TaskInstance: real_estate_etl_pipeline.transform_fazwaz manual__2025-11-30T18:25:30.102845+00:00 [running]> on host 9a9a5f972fcd
[2025-11-30T19:07:29.215+0000] {taskinstance.py:2648} INFO - Exporting env vars: AIRFLOW_CTX_DAG_OWNER='***' AIRFLOW_CTX_DAG_ID='real_estate_etl_pipeline' AIRFLOW_CTX_TASK_ID='transform_fazwaz' AIRFLOW_CTX_EXECUTION_DATE='2025-11-30T18:25:30.102845+00:00' AIRFLOW_CTX_TRY_NUMBER='1' AIRFLOW_CTX_DAG_RUN_ID='manual__2025-11-30T18:25:30.102845+00:00'
[2025-11-30T19:07:29.224+0000] {taskinstance.py:430} INFO - ::endgroup::
[2025-11-30T19:07:29.251+0000] {subprocess.py:63} INFO - Tmp dir root location: /tmp
[2025-11-30T19:07:29.253+0000] {subprocess.py:75} INFO - Running command: ['/usr/bin/bash', '-c', 'docker exec jupyter spark-submit --master local[*] /data/Transformation_Layer_Pyspark/transform_fazwaz.py']
[2025-11-30T19:07:29.285+0000] {subprocess.py:86} INFO - Output:
[2025-11-30T19:07:35.232+0000] {subprocess.py:93} INFO - 25/11/30 19:07:35 INFO SparkContext: Running Spark version 3.5.0
[2025-11-30T19:07:35.236+0000] {subprocess.py:93} INFO - 25/11/30 19:07:35 INFO SparkContext: OS info Linux, 5.15.167.4-microsoft-standard-WSL2, amd64
[2025-11-30T19:07:35.237+0000] {subprocess.py:93} INFO - 25/11/30 19:07:35 INFO SparkContext: Java version 17.0.8.1
[2025-11-30T19:07:35.362+0000] {subprocess.py:93} INFO - 25/11/30 19:07:35 WARN NativeCodeLoader: Unable to load native-hadoop library for your platform... using builtin-java classes where applicable
[2025-11-30T19:07:35.563+0000] {subprocess.py:93} INFO - 25/11/30 19:07:35 INFO ResourceUtils: ==============================================================
[2025-11-30T19:07:35.564+0000] {subprocess.py:93} INFO - 25/11/30 19:07:35 INFO ResourceUtils: No custom resources configured for spark.driver.
[2025-11-30T19:07:35.566+0000] {subprocess.py:93} INFO - 25/11/30 19:07:35 INFO ResourceUtils: ==============================================================
[2025-11-30T19:07:35.566+0000] {subprocess.py:93} INFO - 25/11/30 19:07:35 INFO SparkContext: Submitted application: Transform_Fazwaz
[2025-11-30T19:07:35.612+0000] {subprocess.py:93} INFO - 25/11/30 19:07:35 INFO ResourceProfile: Default ResourceProfile created, executor resources: Map(cores -> name: cores, amount: 1, script: , vendor: , memory -> name: memory, amount: 1024, script: , vendor: , offHeap -> name: offHeap, amount: 0, script: , vendor: ), task resources: Map(cpus -> name: cpus, amount: 1.0)
[2025-11-30T19:07:35.628+0000] {subprocess.py:93} INFO - 25/11/30 19:07:35 INFO ResourceProfile: Limiting resource is cpu
[2025-11-30T19:07:35.630+0000] {subprocess.py:93} INFO - 25/11/30 19:07:35 INFO ResourceProfileManager: Added ResourceProfile id: 0
[2025-11-30T19:07:35.731+0000] {subprocess.py:93} INFO - 25/11/30 19:07:35 INFO SecurityManager: Changing view acls to: jovyan
[2025-11-30T19:07:35.734+0000] {subprocess.py:93} INFO - 25/11/30 19:07:35 INFO SecurityManager: Changing modify acls to: jovyan
[2025-11-30T19:07:35.737+0000] {subprocess.py:93} INFO - 25/11/30 19:07:35 INFO SecurityManager: Changing view acls groups to:
[2025-11-30T19:07:35.739+0000] {subprocess.py:93} INFO - 25/11/30 19:07:35 INFO SecurityManager: Changing modify acls groups to:
[2025-11-30T19:07:35.740+0000] {subprocess.py:93} INFO - 25/11/30 19:07:35 INFO SecurityManager: SecurityManager: authentication disabled; ui acls disabled; users with view permissions: jovyan; groups with view permissions: EMPTY; users with modify permissions: jovyan; groups with modify permissions: EMPTY
[2025-11-30T19:07:36.278+0000] {subprocess.py:93} INFO - 25/11/30 19:07:36 INFO Utils: Successfully started service 'sparkDriver' on port 42393.
[2025-11-30T19:07:36.355+0000] {subprocess.py:93} INFO - 25/11/30 19:07:36 INFO SparkEnv: Registering MapOutputTracker
[2025-11-30T19:07:36.416+0000] {subprocess.py:93} INFO - 25/11/30 19:07:36 INFO SparkEnv: Registering BlockManagerMaster
[2025-11-30T19:07:36.443+0000] {subprocess.py:93} INFO - 25/11/30 19:07:36 INFO BlockManagerMasterEndpoint: Using org.apache.spark.storage.DefaultTopologyMapper for getting topology information
[2025-11-30T19:07:36.445+0000] {subprocess.py:93} INFO - 25/11/30 19:07:36 INFO BlockManagerMasterEndpoint: BlockManagerMasterEndpoint up
[2025-11-30T19:07:36.452+0000] {subprocess.py:93} INFO - 25/11/30 19:07:36 INFO SparkEnv: Registering BlockManagerMasterHeartbeat
[2025-11-30T19:07:36.504+0000] {subprocess.py:93} INFO - 25/11/30 19:07:36 INFO DiskBlockManager: Created local directory at /tmp/blockmgr-d4ba74ec-ec7f-49dd-89ec-3725891c3a68
[2025-11-30T19:07:36.535+0000] {subprocess.py:93} INFO - 25/11/30 19:07:36 INFO MemoryStore: MemoryStore started with capacity 434.4 MiB
[2025-11-30T19:07:36.574+0000] {subprocess.py:93} INFO - 25/11/30 19:07:36 INFO SparkEnv: Registering OutputCommitCoordinator
[2025-11-30T19:07:36.876+0000] {subprocess.py:93} INFO - 25/11/30 19:07:36 INFO JettyUtils: Start Jetty 0.0.0.0:4040 for SparkUI
[2025-11-30T19:07:37.056+0000] {subprocess.py:93} INFO - 25/11/30 19:07:37 WARN Utils: Service 'SparkUI' could not bind on port 4040. Attempting port 4041.
[2025-11-30T19:07:37.064+0000] {subprocess.py:93} INFO - 25/11/30 19:07:37 WARN Utils: Service 'SparkUI' could not bind on port 4041. Attempting port 4042.
[2025-11-30T19:07:37.092+0000] {subprocess.py:93} INFO - 25/11/30 19:07:37 INFO Utils: Successfully started service 'SparkUI' on port 4042.
[2025-11-30T19:07:37.404+0000] {subprocess.py:93} INFO - 25/11/30 19:07:37 INFO Executor: Starting executor ID driver on host 76c6f5c40d8c
[2025-11-30T19:07:37.407+0000] {subprocess.py:93} INFO - 25/11/30 19:07:37 INFO Executor: OS info Linux, 5.15.167.4-microsoft-standard-WSL2, amd64
[2025-11-30T19:07:37.408+0000] {subprocess.py:93} INFO - 25/11/30 19:07:37 INFO Executor: Java version 17.0.8.1
[2025-11-30T19:07:37.425+0000] {subprocess.py:93} INFO - 25/11/30 19:07:37 INFO Executor: Starting executor with user classpath (userClassPathFirst = false): ''
[2025-11-30T19:07:37.426+0000] {subprocess.py:93} INFO - 25/11/30 19:07:37 INFO Executor: Created or updated repl class loader org.apache.spark.util.MutableURLClassLoader@18e16785 for default.
[2025-11-30T19:07:37.471+0000] {subprocess.py:93} INFO - 25/11/30 19:07:37 INFO Utils: Successfully started service 'org.apache.spark.network.netty.NettyBlockTransferService' on port 36173.
[2025-11-30T19:07:37.472+0000] {subprocess.py:93} INFO - 25/11/30 19:07:37 INFO NettyBlockTransferService: Server created on 76c6f5c40d8c:36173
[2025-11-30T19:07:37.476+0000] {subprocess.py:93} INFO - 25/11/30 19:07:37 INFO BlockManager: Using org.apache.spark.storage.RandomBlockReplicationPolicy for block replication policy
[2025-11-30T19:07:37.486+0000] {subprocess.py:93} INFO - 25/11/30 19:07:37 INFO BlockManagerMaster: Registering BlockManager BlockManagerId(driver, 76c6f5c40d8c, 36173, None)
[2025-11-30T19:07:37.494+0000] {subprocess.py:93} INFO - 25/11/30 19:07:37 INFO BlockManagerMasterEndpoint: Registering block manager 76c6f5c40d8c:36173 with 434.4 MiB RAM, BlockManagerId(driver, 76c6f5c40d8c, 36173, None)
[2025-11-30T19:07:37.498+0000] {subprocess.py:93} INFO - 25/11/30 19:07:37 INFO BlockManagerMaster: Registered BlockManager BlockManagerId(driver, 76c6f5c40d8c, 36173, None)
[2025-11-30T19:07:37.500+0000] {subprocess.py:93} INFO - 25/11/30 19:07:37 INFO BlockManager: Initialized BlockManager: BlockManagerId(driver, 76c6f5c40d8c, 36173, None)
[2025-11-30T19:07:38.181+0000] {subprocess.py:93} INFO - 25/11/30 19:07:38 INFO SharedState: Setting hive.metastore.warehouse.dir ('null') to the value of spark.sql.warehouse.dir.
[2025-11-30T19:07:38.197+0000] {subprocess.py:93} INFO - 25/11/30 19:07:38 INFO SharedState: Warehouse path is 'file:/home/jovyan/spark-warehouse'.
[2025-11-30T19:07:40.668+0000] {subprocess.py:93} INFO - 25/11/30 19:07:40 INFO InMemoryFileIndex: It took 149 ms to list leaf files for 1 paths.
[2025-11-30T19:07:41.361+0000] {subprocess.py:93} INFO - 25/11/30 19:07:41 INFO SparkContext: Starting job: parquet at NativeMethodAccessorImpl.java:0
[2025-11-30T19:07:41.389+0000] {subprocess.py:93} INFO - 25/11/30 19:07:41 INFO DAGScheduler: Got job 0 (parquet at NativeMethodAccessorImpl.java:0) with 1 output partitions
[2025-11-30T19:07:41.391+0000] {subprocess.py:93} INFO - 25/11/30 19:07:41 INFO DAGScheduler: Final stage: ResultStage 0 (parquet at NativeMethodAccessorImpl.java:0)
[2025-11-30T19:07:41.393+0000] {subprocess.py:93} INFO - 25/11/30 19:07:41 INFO DAGScheduler: Parents of final stage: List()
[2025-11-30T19:07:41.395+0000] {subprocess.py:93} INFO - 25/11/30 19:07:41 INFO DAGScheduler: Missing parents: List()
[2025-11-30T19:07:41.410+0000] {subprocess.py:93} INFO - 25/11/30 19:07:41 INFO DAGScheduler: Submitting ResultStage 0 (MapPartitionsRDD[1] at parquet at NativeMethodAccessorImpl.java:0), which has no missing parents
[2025-11-30T19:07:41.526+0000] {subprocess.py:93} INFO - 25/11/30 19:07:41 INFO MemoryStore: Block broadcast_0 stored as values in memory (estimated size 103.1 KiB, free 434.3 MiB)
[2025-11-30T19:07:41.582+0000] {subprocess.py:93} INFO - 25/11/30 19:07:41 INFO MemoryStore: Block broadcast_0_piece0 stored as bytes in memory (estimated size 37.2 KiB, free 434.3 MiB)
[2025-11-30T19:07:41.589+0000] {subprocess.py:93} INFO - 25/11/30 19:07:41 INFO BlockManagerInfo: Added broadcast_0_piece0 in memory on 76c6f5c40d8c:36173 (size: 37.2 KiB, free: 434.4 MiB)
[2025-11-30T19:07:41.595+0000] {subprocess.py:93} INFO - 25/11/30 19:07:41 INFO SparkContext: Created broadcast 0 from broadcast at DAGScheduler.scala:1580
[2025-11-30T19:07:41.619+0000] {subprocess.py:93} INFO - 25/11/30 19:07:41 INFO DAGScheduler: Submitting 1 missing tasks from ResultStage 0 (MapPartitionsRDD[1] at parquet at NativeMethodAccessorImpl.java:0) (first 15 tasks are for partitions Vector(0))
[2025-11-30T19:07:41.620+0000] {subprocess.py:93} INFO - 25/11/30 19:07:41 INFO TaskSchedulerImpl: Adding task set 0.0 with 1 tasks resource profile 0
[2025-11-30T19:07:41.718+0000] {subprocess.py:93} INFO - 25/11/30 19:07:41 INFO TaskSetManager: Starting task 0.0 in stage 0.0 (TID 0) (76c6f5c40d8c, executor driver, partition 0, PROCESS_LOCAL, 7829 bytes)
[2025-11-30T19:07:41.750+0000] {subprocess.py:93} INFO - 25/11/30 19:07:41 INFO Executor: Running task 0.0 in stage 0.0 (TID 0)
[2025-11-30T19:07:42.731+0000] {subprocess.py:93} INFO - 25/11/30 19:07:42 INFO Executor: Finished task 0.0 in stage 0.0 (TID 0). 2458 bytes result sent to driver
[2025-11-30T19:07:42.798+0000] {subprocess.py:93} INFO - 25/11/30 19:07:42 INFO TaskSetManager: Finished task 0.0 in stage 0.0 (TID 0) in 1084 ms on 76c6f5c40d8c (executor driver) (1/1)
[2025-11-30T19:07:42.811+0000] {subprocess.py:93} INFO - 25/11/30 19:07:42 INFO TaskSchedulerImpl: Removed TaskSet 0.0, whose tasks have all completed, from pool
[2025-11-30T19:07:42.822+0000] {subprocess.py:93} INFO - 25/11/30 19:07:42 INFO DAGScheduler: ResultStage 0 (parquet at NativeMethodAccessorImpl.java:0) finished in 1.374 s
[2025-11-30T19:07:42.854+0000] {subprocess.py:93} INFO - 25/11/30 19:07:42 INFO DAGScheduler: Job 0 is finished. Cancelling potential speculative or zombie tasks for this job
[2025-11-30T19:07:42.855+0000] {subprocess.py:93} INFO - 25/11/30 19:07:42 INFO TaskSchedulerImpl: Killing all running tasks in stage 0: Stage finished
[2025-11-30T19:07:42.871+0000] {subprocess.py:93} INFO - 25/11/30 19:07:42 INFO DAGScheduler: Job 0 finished: parquet at NativeMethodAccessorImpl.java:0, took 1.490433 s
[2025-11-30T19:07:43.256+0000] {subprocess.py:93} INFO - 25/11/30 19:07:43 INFO BlockManagerInfo: Removed broadcast_0_piece0 on 76c6f5c40d8c:36173 in memory (size: 37.2 KiB, free: 434.4 MiB)
[2025-11-30T19:07:46.469+0000] {subprocess.py:93} INFO - 25/11/30 19:07:46 INFO FileSourceStrategy: Pushed Filters:
[2025-11-30T19:07:46.471+0000] {subprocess.py:93} INFO - 25/11/30 19:07:46 INFO FileSourceStrategy: Post-Scan Filters:
[2025-11-30T19:07:46.658+0000] {subprocess.py:93} INFO - 25/11/30 19:07:46 INFO ParquetUtils: Using default output committer for Parquet: org.apache.parquet.hadoop.ParquetOutputCommitter
[2025-11-30T19:07:46.690+0000] {subprocess.py:93} INFO - 25/11/30 19:07:46 INFO FileOutputCommitter: File Output Committer Algorithm version is 1
[2025-11-30T19:07:46.691+0000] {subprocess.py:93} INFO - 25/11/30 19:07:46 INFO FileOutputCommitter: FileOutputCommitter skip cleanup _temporary folders under output directory:false, ignore cleanup failures: false
[2025-11-30T19:07:46.692+0000] {subprocess.py:93} INFO - 25/11/30 19:07:46 INFO SQLHadoopMapReduceCommitProtocol: Using user defined output committer class org.apache.parquet.hadoop.ParquetOutputCommitter
[2025-11-30T19:07:46.692+0000] {subprocess.py:93} INFO - 25/11/30 19:07:46 INFO FileOutputCommitter: File Output Committer Algorithm version is 1
[2025-11-30T19:07:46.693+0000] {subprocess.py:93} INFO - 25/11/30 19:07:46 INFO FileOutputCommitter: FileOutputCommitter skip cleanup _temporary folders under output directory:false, ignore cleanup failures: false
[2025-11-30T19:07:46.694+0000] {subprocess.py:93} INFO - 25/11/30 19:07:46 INFO SQLHadoopMapReduceCommitProtocol: Using output committer class org.apache.parquet.hadoop.ParquetOutputCommitter
[2025-11-30T19:07:47.407+0000] {subprocess.py:93} INFO - 25/11/30 19:07:47 INFO CodeGenerator: Code generated in 524.313359 ms
[2025-11-30T19:07:47.434+0000] {subprocess.py:93} INFO - 25/11/30 19:07:47 INFO MemoryStore: Block broadcast_1 stored as values in memory (estimated size 201.6 KiB, free 434.2 MiB)
[2025-11-30T19:07:47.455+0000] {subprocess.py:93} INFO - 25/11/30 19:07:47 INFO MemoryStore: Block broadcast_1_piece0 stored as bytes in memory (estimated size 35.1 KiB, free 434.2 MiB)
[2025-11-30T19:07:47.456+0000] {subprocess.py:93} INFO - 25/11/30 19:07:47 INFO BlockManagerInfo: Added broadcast_1_piece0 in memory on 76c6f5c40d8c:36173 (size: 35.1 KiB, free: 434.4 MiB)
[2025-11-30T19:07:47.460+0000] {subprocess.py:93} INFO - 25/11/30 19:07:47 INFO SparkContext: Created broadcast 1 from parquet at NativeMethodAccessorImpl.java:0
[2025-11-30T19:07:47.484+0000] {subprocess.py:93} INFO - 25/11/30 19:07:47 INFO FileSourceScanExec: Planning scan with bin packing, max size: 4194304 bytes, open cost is considered as scanning 4194304 bytes.
[2025-11-30T19:07:47.581+0000] {subprocess.py:93} INFO - 25/11/30 19:07:47 INFO SparkContext: Starting job: parquet at NativeMethodAccessorImpl.java:0
[2025-11-30T19:07:47.582+0000] {subprocess.py:93} INFO - 25/11/30 19:07:47 INFO DAGScheduler: Got job 1 (parquet at NativeMethodAccessorImpl.java:0) with 1 output partitions
[2025-11-30T19:07:47.583+0000] {subprocess.py:93} INFO - 25/11/30 19:07:47 INFO DAGScheduler: Final stage: ResultStage 1 (parquet at NativeMethodAccessorImpl.java:0)
[2025-11-30T19:07:47.584+0000] {subprocess.py:93} INFO - 25/11/30 19:07:47 INFO DAGScheduler: Parents of final stage: List()
[2025-11-30T19:07:47.585+0000] {subprocess.py:93} INFO - 25/11/30 19:07:47 INFO DAGScheduler: Missing parents: List()
[2025-11-30T19:07:47.586+0000] {subprocess.py:93} INFO - 25/11/30 19:07:47 INFO DAGScheduler: Submitting ResultStage 1 (MapPartitionsRDD[5] at parquet at NativeMethodAccessorImpl.java:0), which has no missing parents
[2025-11-30T19:07:47.714+0000] {subprocess.py:93} INFO - 25/11/30 19:07:47 INFO MemoryStore: Block broadcast_2 stored as values in memory (estimated size 231.4 KiB, free 433.9 MiB)
[2025-11-30T19:07:47.720+0000] {subprocess.py:93} INFO - 25/11/30 19:07:47 INFO MemoryStore: Block broadcast_2_piece0 stored as bytes in memory (estimated size 81.0 KiB, free 433.9 MiB)
[2025-11-30T19:07:47.722+0000] {subprocess.py:93} INFO - 25/11/30 19:07:47 INFO BlockManagerInfo: Added broadcast_2_piece0 in memory on 76c6f5c40d8c:36173 (size: 81.0 KiB, free: 434.3 MiB)
[2025-11-30T19:07:47.723+0000] {subprocess.py:93} INFO - 25/11/30 19:07:47 INFO SparkContext: Created broadcast 2 from broadcast at DAGScheduler.scala:1580
[2025-11-30T19:07:47.726+0000] {subprocess.py:93} INFO - 25/11/30 19:07:47 INFO DAGScheduler: Submitting 1 missing tasks from ResultStage 1 (MapPartitionsRDD[5] at parquet at NativeMethodAccessorImpl.java:0) (first 15 tasks are for partitions Vector(0))
[2025-11-30T19:07:47.726+0000] {subprocess.py:93} INFO - 25/11/30 19:07:47 INFO TaskSchedulerImpl: Adding task set 1.0 with 1 tasks resource profile 0
[2025-11-30T19:07:47.739+0000] {subprocess.py:93} INFO - 25/11/30 19:07:47 INFO TaskSetManager: Starting task 0.0 in stage 1.0 (TID 1) (76c6f5c40d8c, executor driver, partition 0, ANY, 8297 bytes)
[2025-11-30T19:07:47.741+0000] {subprocess.py:93} INFO - 25/11/30 19:07:47 INFO Executor: Running task 0.0 in stage 1.0 (TID 1)
[2025-11-30T19:07:48.076+0000] {subprocess.py:93} INFO - 25/11/30 19:07:48 INFO CodeGenerator: Code generated in 156.6041 ms
[2025-11-30T19:07:48.089+0000] {subprocess.py:93} INFO - 25/11/30 19:07:48 INFO FileOutputCommitter: File Output Committer Algorithm version is 1
[2025-11-30T19:07:48.090+0000] {subprocess.py:93} INFO - 25/11/30 19:07:48 INFO FileOutputCommitter: FileOutputCommitter skip cleanup _temporary folders under output directory:false, ignore cleanup failures: false
[2025-11-30T19:07:48.092+0000] {subprocess.py:93} INFO - 25/11/30 19:07:48 INFO SQLHadoopMapReduceCommitProtocol: Using user defined output committer class org.apache.parquet.hadoop.ParquetOutputCommitter
[2025-11-30T19:07:48.093+0000] {subprocess.py:93} INFO - 25/11/30 19:07:48 INFO FileOutputCommitter: File Output Committer Algorithm version is 1
[2025-11-30T19:07:48.094+0000] {subprocess.py:93} INFO - 25/11/30 19:07:48 INFO FileOutputCommitter: FileOutputCommitter skip cleanup _temporary folders under output directory:false, ignore cleanup failures: false
[2025-11-30T19:07:48.095+0000] {subprocess.py:93} INFO - 25/11/30 19:07:48 INFO SQLHadoopMapReduceCommitProtocol: Using output committer class org.apache.parquet.hadoop.ParquetOutputCommitter
[2025-11-30T19:07:48.108+0000] {subprocess.py:93} INFO - 25/11/30 19:07:48 INFO CodecConfig: Compression: SNAPPY
[2025-11-30T19:07:48.117+0000] {subprocess.py:93} INFO - 25/11/30 19:07:48 INFO CodecConfig: Compression: SNAPPY
[2025-11-30T19:07:48.167+0000] {subprocess.py:93} INFO - 25/11/30 19:07:48 INFO ParquetOutputFormat: ParquetRecordWriter [block size: 134217728b, row group padding size: 8388608b, validating: false]
[2025-11-30T19:07:48.204+0000] {subprocess.py:93} INFO - 25/11/30 19:07:48 INFO ParquetWriteSupport: Initialized Parquet WriteSupport with Catalyst schema:
[2025-11-30T19:07:48.205+0000] {subprocess.py:93} INFO - {
[2025-11-30T19:07:48.206+0000] {subprocess.py:93} INFO -   "type" : "struct",
[2025-11-30T19:07:48.207+0000] {subprocess.py:93} INFO -   "fields" : [ {
[2025-11-30T19:07:48.209+0000] {subprocess.py:93} INFO -     "name" : "title",
[2025-11-30T19:07:48.210+0000] {subprocess.py:93} INFO -     "type" : "string",
[2025-11-30T19:07:48.211+0000] {subprocess.py:93} INFO -     "nullable" : true,
[2025-11-30T19:07:48.211+0000] {subprocess.py:93} INFO -     "metadata" : { }
[2025-11-30T19:07:48.212+0000] {subprocess.py:93} INFO -   }, {
[2025-11-30T19:07:48.213+0000] {subprocess.py:93} INFO -     "name" : "price",
[2025-11-30T19:07:48.213+0000] {subprocess.py:93} INFO -     "type" : "double",
[2025-11-30T19:07:48.214+0000] {subprocess.py:93} INFO -     "nullable" : true,
[2025-11-30T19:07:48.215+0000] {subprocess.py:93} INFO -     "metadata" : { }
[2025-11-30T19:07:48.215+0000] {subprocess.py:93} INFO -   }, {
[2025-11-30T19:07:48.216+0000] {subprocess.py:93} INFO -     "name" : "location",
[2025-11-30T19:07:48.216+0000] {subprocess.py:93} INFO -     "type" : "string",
[2025-11-30T19:07:48.220+0000] {subprocess.py:93} INFO -     "nullable" : true,
[2025-11-30T19:07:48.222+0000] {subprocess.py:93} INFO -     "metadata" : { }
[2025-11-30T19:07:48.223+0000] {subprocess.py:93} INFO -   }, {
[2025-11-30T19:07:48.230+0000] {subprocess.py:93} INFO -     "name" : "size",
[2025-11-30T19:07:48.231+0000] {subprocess.py:93} INFO -     "type" : "double",
[2025-11-30T19:07:48.232+0000] {subprocess.py:93} INFO -     "nullable" : true,
[2025-11-30T19:07:48.233+0000] {subprocess.py:93} INFO -     "metadata" : { }
[2025-11-30T19:07:48.234+0000] {subprocess.py:93} INFO -   }, {
[2025-11-30T19:07:48.236+0000] {subprocess.py:93} INFO -     "name" : "bedrooms",
[2025-11-30T19:07:48.237+0000] {subprocess.py:93} INFO -     "type" : "integer",
[2025-11-30T19:07:48.239+0000] {subprocess.py:93} INFO -     "nullable" : true,
[2025-11-30T19:07:48.239+0000] {subprocess.py:93} INFO -     "metadata" : { }
[2025-11-30T19:07:48.240+0000] {subprocess.py:93} INFO -   }, {
[2025-11-30T19:07:48.241+0000] {subprocess.py:93} INFO -     "name" : "bathrooms",
[2025-11-30T19:07:48.242+0000] {subprocess.py:93} INFO -     "type" : "integer",
[2025-11-30T19:07:48.244+0000] {subprocess.py:93} INFO -     "nullable" : true,
[2025-11-30T19:07:48.245+0000] {subprocess.py:93} INFO -     "metadata" : { }
[2025-11-30T19:07:48.246+0000] {subprocess.py:93} INFO -   }, {
[2025-11-30T19:07:48.247+0000] {subprocess.py:93} INFO -     "name" : "compound",
[2025-11-30T19:07:48.248+0000] {subprocess.py:93} INFO -     "type" : "string",
[2025-11-30T19:07:48.249+0000] {subprocess.py:93} INFO -     "nullable" : false,
[2025-11-30T19:07:48.250+0000] {subprocess.py:93} INFO -     "metadata" : { }
[2025-11-30T19:07:48.251+0000] {subprocess.py:93} INFO -   }, {
[2025-11-30T19:07:48.252+0000] {subprocess.py:93} INFO -     "name" : "source",
[2025-11-30T19:07:48.253+0000] {subprocess.py:93} INFO -     "type" : "string",
[2025-11-30T19:07:48.254+0000] {subprocess.py:93} INFO -     "nullable" : false,
[2025-11-30T19:07:48.254+0000] {subprocess.py:93} INFO -     "metadata" : { }
[2025-11-30T19:07:48.259+0000] {subprocess.py:93} INFO -   }, {
[2025-11-30T19:07:48.264+0000] {subprocess.py:93} INFO -     "name" : "property_type",
[2025-11-30T19:07:48.265+0000] {subprocess.py:93} INFO -     "type" : "string",
[2025-11-30T19:07:48.266+0000] {subprocess.py:93} INFO -     "nullable" : true,
[2025-11-30T19:07:48.266+0000] {subprocess.py:93} INFO -     "metadata" : { }
[2025-11-30T19:07:48.267+0000] {subprocess.py:93} INFO -   }, {
[2025-11-30T19:07:48.268+0000] {subprocess.py:93} INFO -     "name" : "link",
[2025-11-30T19:07:48.270+0000] {subprocess.py:93} INFO -     "type" : "string",
[2025-11-30T19:07:48.274+0000] {subprocess.py:93} INFO -     "nullable" : true,
[2025-11-30T19:07:48.275+0000] {subprocess.py:93} INFO -     "metadata" : { }
[2025-11-30T19:07:48.276+0000] {subprocess.py:93} INFO -   }, {
[2025-11-30T19:07:48.278+0000] {subprocess.py:93} INFO -     "name" : "description",
[2025-11-30T19:07:48.279+0000] {subprocess.py:93} INFO -     "type" : "string",
[2025-11-30T19:07:48.280+0000] {subprocess.py:93} INFO -     "nullable" : true,
[2025-11-30T19:07:48.280+0000] {subprocess.py:93} INFO -     "metadata" : { }
[2025-11-30T19:07:48.281+0000] {subprocess.py:93} INFO -   }, {
[2025-11-30T19:07:48.282+0000] {subprocess.py:93} INFO -     "name" : "price_per_sqm",
[2025-11-30T19:07:48.283+0000] {subprocess.py:93} INFO -     "type" : "double",
[2025-11-30T19:07:48.285+0000] {subprocess.py:93} INFO -     "nullable" : true,
[2025-11-30T19:07:48.287+0000] {subprocess.py:93} INFO -     "metadata" : { }
[2025-11-30T19:07:48.287+0000] {subprocess.py:93} INFO -   }, {
[2025-11-30T19:07:48.288+0000] {subprocess.py:93} INFO -     "name" : "Jacuzzi",
[2025-11-30T19:07:48.289+0000] {subprocess.py:93} INFO -     "type" : "integer",
[2025-11-30T19:07:48.290+0000] {subprocess.py:93} INFO -     "nullable" : false,
[2025-11-30T19:07:48.293+0000] {subprocess.py:93} INFO -     "metadata" : { }
[2025-11-30T19:07:48.294+0000] {subprocess.py:93} INFO -   }, {
[2025-11-30T19:07:48.295+0000] {subprocess.py:93} INFO -     "name" : "Garden",
[2025-11-30T19:07:48.296+0000] {subprocess.py:93} INFO -     "type" : "integer",
[2025-11-30T19:07:48.297+0000] {subprocess.py:93} INFO -     "nullable" : false,
[2025-11-30T19:07:48.298+0000] {subprocess.py:93} INFO -     "metadata" : { }
[2025-11-30T19:07:48.298+0000] {subprocess.py:93} INFO -   }, {
[2025-11-30T19:07:48.299+0000] {subprocess.py:93} INFO -     "name" : "Balcony",
[2025-11-30T19:07:48.300+0000] {subprocess.py:93} INFO -     "type" : "integer",
[2025-11-30T19:07:48.300+0000] {subprocess.py:93} INFO -     "nullable" : false,
[2025-11-30T19:07:48.301+0000] {subprocess.py:93} INFO -     "metadata" : { }
[2025-11-30T19:07:48.302+0000] {subprocess.py:93} INFO -   }, {
[2025-11-30T19:07:48.303+0000] {subprocess.py:93} INFO -     "name" : "Pool",
[2025-11-30T19:07:48.304+0000] {subprocess.py:93} INFO -     "type" : "integer",
[2025-11-30T19:07:48.305+0000] {subprocess.py:93} INFO -     "nullable" : false,
[2025-11-30T19:07:48.306+0000] {subprocess.py:93} INFO -     "metadata" : { }
[2025-11-30T19:07:48.307+0000] {subprocess.py:93} INFO -   }, {
[2025-11-30T19:07:48.308+0000] {subprocess.py:93} INFO -     "name" : "Parking",
[2025-11-30T19:07:48.308+0000] {subprocess.py:93} INFO -     "type" : "integer",
[2025-11-30T19:07:48.309+0000] {subprocess.py:93} INFO -     "nullable" : false,
[2025-11-30T19:07:48.312+0000] {subprocess.py:93} INFO -     "metadata" : { }
[2025-11-30T19:07:48.313+0000] {subprocess.py:93} INFO -   }, {
[2025-11-30T19:07:48.315+0000] {subprocess.py:93} INFO -     "name" : "Gym",
[2025-11-30T19:07:48.317+0000] {subprocess.py:93} INFO -     "type" : "integer",
[2025-11-30T19:07:48.318+0000] {subprocess.py:93} INFO -     "nullable" : false,
[2025-11-30T19:07:48.319+0000] {subprocess.py:93} INFO -     "metadata" : { }
[2025-11-30T19:07:48.320+0000] {subprocess.py:93} INFO -   }, {
[2025-11-30T19:07:48.322+0000] {subprocess.py:93} INFO -     "name" : "Maids_Quarters",
[2025-11-30T19:07:48.323+0000] {subprocess.py:93} INFO -     "type" : "integer",
[2025-11-30T19:07:48.324+0000] {subprocess.py:93} INFO -     "nullable" : false,
[2025-11-30T19:07:48.325+0000] {subprocess.py:93} INFO -     "metadata" : { }
[2025-11-30T19:07:48.326+0000] {subprocess.py:93} INFO -   }, {
[2025-11-30T19:07:48.326+0000] {subprocess.py:93} INFO -     "name" : "Spa",
[2025-11-30T19:07:48.327+0000] {subprocess.py:93} INFO -     "type" : "integer",
[2025-11-30T19:07:48.328+0000] {subprocess.py:93} INFO -     "nullable" : false,
[2025-11-30T19:07:48.332+0000] {subprocess.py:93} INFO -     "metadata" : { }
[2025-11-30T19:07:48.340+0000] {subprocess.py:93} INFO -   } ]
[2025-11-30T19:07:48.341+0000] {subprocess.py:93} INFO - }
[2025-11-30T19:07:48.341+0000] {subprocess.py:93} INFO - and corresponding Parquet message type:
[2025-11-30T19:07:48.342+0000] {subprocess.py:93} INFO - message spark_schema {
[2025-11-30T19:07:48.343+0000] {subprocess.py:93} INFO -   optional binary title (STRING);
[2025-11-30T19:07:48.343+0000] {subprocess.py:93} INFO -   optional double price;
[2025-11-30T19:07:48.344+0000] {subprocess.py:93} INFO -   optional binary location (STRING);
[2025-11-30T19:07:48.344+0000] {subprocess.py:93} INFO -   optional double size;
[2025-11-30T19:07:48.345+0000] {subprocess.py:93} INFO -   optional int32 bedrooms;
[2025-11-30T19:07:48.345+0000] {subprocess.py:93} INFO -   optional int32 bathrooms;
[2025-11-30T19:07:48.346+0000] {subprocess.py:93} INFO -   required binary compound (STRING);
[2025-11-30T19:07:48.347+0000] {subprocess.py:93} INFO -   required binary source (STRING);
[2025-11-30T19:07:48.348+0000] {subprocess.py:93} INFO -   optional binary property_type (STRING);
[2025-11-30T19:07:48.348+0000] {subprocess.py:93} INFO -   optional binary link (STRING);
[2025-11-30T19:07:48.349+0000] {subprocess.py:93} INFO -   optional binary description (STRING);
[2025-11-30T19:07:48.350+0000] {subprocess.py:93} INFO -   optional double price_per_sqm;
[2025-11-30T19:07:48.351+0000] {subprocess.py:93} INFO -   required int32 Jacuzzi;
[2025-11-30T19:07:48.352+0000] {subprocess.py:93} INFO -   required int32 Garden;
[2025-11-30T19:07:48.354+0000] {subprocess.py:93} INFO -   required int32 Balcony;
[2025-11-30T19:07:48.354+0000] {subprocess.py:93} INFO -   required int32 Pool;
[2025-11-30T19:07:48.356+0000] {subprocess.py:93} INFO -   required int32 Parking;
[2025-11-30T19:07:48.357+0000] {subprocess.py:93} INFO -   required int32 Gym;
[2025-11-30T19:07:48.358+0000] {subprocess.py:93} INFO -   required int32 Maids_Quarters;
[2025-11-30T19:07:48.359+0000] {subprocess.py:93} INFO -   required int32 Spa;
[2025-11-30T19:07:48.359+0000] {subprocess.py:93} INFO - }
[2025-11-30T19:07:48.360+0000] {subprocess.py:93} INFO - 
[2025-11-30T19:07:48.361+0000] {subprocess.py:93} INFO - 
[2025-11-30T19:07:48.361+0000] {subprocess.py:93} INFO - 25/11/30 19:07:48 INFO CodecPool: Got brand-new compressor [.snappy]
[2025-11-30T19:07:48.793+0000] {subprocess.py:93} INFO - 25/11/30 19:07:48 INFO FileScanRDD: Reading File path: hdfs://namenode:9000/datalake/silver/cleaned_fazwaz/part-00000-58d11629-651e-423a-9317-339b5a3afe7e-c000.snappy.parquet, range: 0-322263, partition values: [empty row]
[2025-11-30T19:07:48.987+0000] {subprocess.py:93} INFO - 25/11/30 19:07:48 INFO CodecPool: Got brand-new decompressor [.snappy]
[2025-11-30T19:07:49.553+0000] {subprocess.py:93} INFO - 25/11/30 19:07:49 INFO FileOutputCommitter: Saved output of task 'attempt_202511301907475418932774837714846_0001_m_000000_1' to hdfs://namenode:9000/datalake/gold/fazwaz_gold/_temporary/0/task_202511301907475418932774837714846_0001_m_000000
[2025-11-30T19:07:49.556+0000] {subprocess.py:93} INFO - 25/11/30 19:07:49 INFO SparkHadoopMapRedUtil: attempt_202511301907475418932774837714846_0001_m_000000_1: Committed. Elapsed time: 17 ms.
[2025-11-30T19:07:49.573+0000] {subprocess.py:93} INFO - 25/11/30 19:07:49 INFO Executor: Finished task 0.0 in stage 1.0 (TID 1). 2821 bytes result sent to driver
[2025-11-30T19:07:49.578+0000] {subprocess.py:93} INFO - 25/11/30 19:07:49 INFO TaskSetManager: Finished task 0.0 in stage 1.0 (TID 1) in 1844 ms on 76c6f5c40d8c (executor driver) (1/1)
[2025-11-30T19:07:49.579+0000] {subprocess.py:93} INFO - 25/11/30 19:07:49 INFO TaskSchedulerImpl: Removed TaskSet 1.0, whose tasks have all completed, from pool
[2025-11-30T19:07:49.581+0000] {subprocess.py:93} INFO - 25/11/30 19:07:49 INFO DAGScheduler: ResultStage 1 (parquet at NativeMethodAccessorImpl.java:0) finished in 1.982 s
[2025-11-30T19:07:49.590+0000] {subprocess.py:93} INFO - 25/11/30 19:07:49 INFO DAGScheduler: Job 1 is finished. Cancelling potential speculative or zombie tasks for this job
[2025-11-30T19:07:49.592+0000] {subprocess.py:93} INFO - 25/11/30 19:07:49 INFO TaskSchedulerImpl: Killing all running tasks in stage 1: Stage finished
[2025-11-30T19:07:49.593+0000] {subprocess.py:93} INFO - 25/11/30 19:07:49 INFO DAGScheduler: Job 1 finished: parquet at NativeMethodAccessorImpl.java:0, took 2.011475 s
[2025-11-30T19:07:49.598+0000] {subprocess.py:93} INFO - 25/11/30 19:07:49 INFO FileFormatWriter: Start to commit write Job 3175a25c-1c91-4a6f-ba7e-cc427ca5ceb4.
[2025-11-30T19:07:49.644+0000] {subprocess.py:93} INFO - 25/11/30 19:07:49 INFO FileFormatWriter: Write Job 3175a25c-1c91-4a6f-ba7e-cc427ca5ceb4 committed. Elapsed time: 43 ms.
[2025-11-30T19:07:49.651+0000] {subprocess.py:93} INFO - 25/11/30 19:07:49 INFO FileFormatWriter: Finished processing stats for write job 3175a25c-1c91-4a6f-ba7e-cc427ca5ceb4.
[2025-11-30T19:07:49.660+0000] {subprocess.py:93} INFO - ✅ FazWaz Gold data (Enriched) saved to hdfs://namenode:9000/datalake/gold/fazwaz_gold
[2025-11-30T19:07:49.662+0000] {subprocess.py:93} INFO - 25/11/30 19:07:49 INFO SparkContext: SparkContext is stopping with exitCode 0.
[2025-11-30T19:07:49.679+0000] {subprocess.py:93} INFO - 25/11/30 19:07:49 INFO SparkUI: Stopped Spark web UI at http://76c6f5c40d8c:4042
[2025-11-30T19:07:49.696+0000] {subprocess.py:93} INFO - 25/11/30 19:07:49 INFO MapOutputTrackerMasterEndpoint: MapOutputTrackerMasterEndpoint stopped!
[2025-11-30T19:07:49.720+0000] {subprocess.py:93} INFO - 25/11/30 19:07:49 INFO MemoryStore: MemoryStore cleared
[2025-11-30T19:07:49.721+0000] {subprocess.py:93} INFO - 25/11/30 19:07:49 INFO BlockManager: BlockManager stopped
[2025-11-30T19:07:49.730+0000] {subprocess.py:93} INFO - 25/11/30 19:07:49 INFO BlockManagerMaster: BlockManagerMaster stopped
[2025-11-30T19:07:49.735+0000] {subprocess.py:93} INFO - 25/11/30 19:07:49 INFO OutputCommitCoordinator$OutputCommitCoordinatorEndpoint: OutputCommitCoordinator stopped!
[2025-11-30T19:07:49.756+0000] {subprocess.py:93} INFO - 25/11/30 19:07:49 INFO SparkContext: Successfully stopped SparkContext
[2025-11-30T19:07:49.918+0000] {subprocess.py:93} INFO - 25/11/30 19:07:49 INFO ShutdownHookManager: Shutdown hook called
[2025-11-30T19:07:49.919+0000] {subprocess.py:93} INFO - 25/11/30 19:07:49 INFO ShutdownHookManager: Deleting directory /tmp/spark-5b250084-9f7c-41aa-a91a-69c5c9e3fefd
[2025-11-30T19:07:49.923+0000] {subprocess.py:93} INFO - 25/11/30 19:07:49 INFO ShutdownHookManager: Deleting directory /tmp/spark-985c3069-6a24-479a-9230-30d3c254f9ab
[2025-11-30T19:07:49.929+0000] {subprocess.py:93} INFO - 25/11/30 19:07:49 INFO ShutdownHookManager: Deleting directory /tmp/spark-985c3069-6a24-479a-9230-30d3c254f9ab/pyspark-4cc42379-92c7-4206-85f3-6144df0d104e
[2025-11-30T19:07:49.986+0000] {subprocess.py:97} INFO - Command exited with return code 0
[2025-11-30T19:07:49.988+0000] {taskinstance.py:441} INFO - ::group::Post task execution logs
[2025-11-30T19:07:50.018+0000] {taskinstance.py:1206} INFO - Marking task as SUCCESS. dag_id=real_estate_etl_pipeline, task_id=transform_fazwaz, run_id=manual__2025-11-30T18:25:30.102845+00:00, execution_date=20251130T182530, start_date=20251130T190728, end_date=20251130T190750
[2025-11-30T19:07:50.045+0000] {local_task_job_runner.py:240} INFO - Task exited with return code 0
[2025-11-30T19:07:50.077+0000] {taskinstance.py:3503} INFO - 0 downstream tasks scheduled from follow-on schedule check
[2025-11-30T19:07:50.079+0000] {local_task_job_runner.py:222} INFO - ::endgroup::
