[2025-11-30T18:56:15.305+0000] {local_task_job_runner.py:120} INFO - ::group::Pre task execution logs
[2025-11-30T18:56:15.350+0000] {taskinstance.py:2076} INFO - Dependencies all met for dep_context=non-requeueable deps ti=<TaskInstance: real_estate_etl_pipeline.clean_dubbizle manual__2025-11-30T18:25:30.102845+00:00 [queued]>
[2025-11-30T18:56:15.368+0000] {taskinstance.py:2076} INFO - Dependencies all met for dep_context=requeueable deps ti=<TaskInstance: real_estate_etl_pipeline.clean_dubbizle manual__2025-11-30T18:25:30.102845+00:00 [queued]>
[2025-11-30T18:56:15.369+0000] {taskinstance.py:2306} INFO - Starting attempt 3 of 3
[2025-11-30T18:56:15.398+0000] {taskinstance.py:2330} INFO - Executing <Task(BashOperator): clean_dubbizle> on 2025-11-30 18:25:30.102845+00:00
[2025-11-30T18:56:15.409+0000] {warnings.py:112} WARNING - /home/***/.local/lib/python3.12/site-packages/***/task/task_runner/standard_task_runner.py:61: DeprecationWarning: This process (pid=368) is multi-threaded, use of fork() may lead to deadlocks in the child.
  pid = os.fork()

[2025-11-30T18:56:15.412+0000] {standard_task_runner.py:63} INFO - Started process 382 to run task
[2025-11-30T18:56:15.412+0000] {standard_task_runner.py:90} INFO - Running: ['***', 'tasks', 'run', 'real_estate_etl_pipeline', 'clean_dubbizle', 'manual__2025-11-30T18:25:30.102845+00:00', '--job-id', '24', '--raw', '--subdir', 'DAGS_FOLDER/scraping_dag.py', '--cfg-path', '/tmp/tmpkgrjia5w']
[2025-11-30T18:56:15.417+0000] {standard_task_runner.py:91} INFO - Job 24: Subtask clean_dubbizle
[2025-11-30T18:56:15.496+0000] {task_command.py:426} INFO - Running <TaskInstance: real_estate_etl_pipeline.clean_dubbizle manual__2025-11-30T18:25:30.102845+00:00 [running]> on host 9a9a5f972fcd
[2025-11-30T18:56:15.625+0000] {taskinstance.py:2648} INFO - Exporting env vars: AIRFLOW_CTX_DAG_OWNER='***' AIRFLOW_CTX_DAG_ID='real_estate_etl_pipeline' AIRFLOW_CTX_TASK_ID='clean_dubbizle' AIRFLOW_CTX_EXECUTION_DATE='2025-11-30T18:25:30.102845+00:00' AIRFLOW_CTX_TRY_NUMBER='3' AIRFLOW_CTX_DAG_RUN_ID='manual__2025-11-30T18:25:30.102845+00:00'
[2025-11-30T18:56:15.627+0000] {taskinstance.py:430} INFO - ::endgroup::
[2025-11-30T18:56:15.629+0000] {subprocess.py:63} INFO - Tmp dir root location: /tmp
[2025-11-30T18:56:15.631+0000] {subprocess.py:75} INFO - Running command: ['/usr/bin/bash', '-c', 'docker exec jupyter spark-submit --master local[*] /data/Cleaning_Layer_Pyspark/clean_dubbizle.py']
[2025-11-30T18:56:15.647+0000] {subprocess.py:86} INFO - Output:
[2025-11-30T18:56:19.649+0000] {subprocess.py:93} INFO - 25/11/30 18:56:19 INFO SparkContext: Running Spark version 3.5.0
[2025-11-30T18:56:19.654+0000] {subprocess.py:93} INFO - 25/11/30 18:56:19 INFO SparkContext: OS info Linux, 5.15.167.4-microsoft-standard-WSL2, amd64
[2025-11-30T18:56:19.656+0000] {subprocess.py:93} INFO - 25/11/30 18:56:19 INFO SparkContext: Java version 17.0.8.1
[2025-11-30T18:56:19.735+0000] {subprocess.py:93} INFO - 25/11/30 18:56:19 WARN NativeCodeLoader: Unable to load native-hadoop library for your platform... using builtin-java classes where applicable
[2025-11-30T18:56:19.841+0000] {subprocess.py:93} INFO - 25/11/30 18:56:19 INFO ResourceUtils: ==============================================================
[2025-11-30T18:56:19.842+0000] {subprocess.py:93} INFO - 25/11/30 18:56:19 INFO ResourceUtils: No custom resources configured for spark.driver.
[2025-11-30T18:56:19.842+0000] {subprocess.py:93} INFO - 25/11/30 18:56:19 INFO ResourceUtils: ==============================================================
[2025-11-30T18:56:19.843+0000] {subprocess.py:93} INFO - 25/11/30 18:56:19 INFO SparkContext: Submitted application: Clean_Dubbizle
[2025-11-30T18:56:19.866+0000] {subprocess.py:93} INFO - 25/11/30 18:56:19 INFO ResourceProfile: Default ResourceProfile created, executor resources: Map(cores -> name: cores, amount: 1, script: , vendor: , memory -> name: memory, amount: 1024, script: , vendor: , offHeap -> name: offHeap, amount: 0, script: , vendor: ), task resources: Map(cpus -> name: cpus, amount: 1.0)
[2025-11-30T18:56:19.874+0000] {subprocess.py:93} INFO - 25/11/30 18:56:19 INFO ResourceProfile: Limiting resource is cpu
[2025-11-30T18:56:19.875+0000] {subprocess.py:93} INFO - 25/11/30 18:56:19 INFO ResourceProfileManager: Added ResourceProfile id: 0
[2025-11-30T18:56:19.934+0000] {subprocess.py:93} INFO - 25/11/30 18:56:19 INFO SecurityManager: Changing view acls to: jovyan
[2025-11-30T18:56:19.936+0000] {subprocess.py:93} INFO - 25/11/30 18:56:19 INFO SecurityManager: Changing modify acls to: jovyan
[2025-11-30T18:56:19.936+0000] {subprocess.py:93} INFO - 25/11/30 18:56:19 INFO SecurityManager: Changing view acls groups to:
[2025-11-30T18:56:19.937+0000] {subprocess.py:93} INFO - 25/11/30 18:56:19 INFO SecurityManager: Changing modify acls groups to:
[2025-11-30T18:56:19.938+0000] {subprocess.py:93} INFO - 25/11/30 18:56:19 INFO SecurityManager: SecurityManager: authentication disabled; ui acls disabled; users with view permissions: jovyan; groups with view permissions: EMPTY; users with modify permissions: jovyan; groups with modify permissions: EMPTY
[2025-11-30T18:56:20.250+0000] {subprocess.py:93} INFO - 25/11/30 18:56:20 INFO Utils: Successfully started service 'sparkDriver' on port 37259.
[2025-11-30T18:56:20.290+0000] {subprocess.py:93} INFO - 25/11/30 18:56:20 INFO SparkEnv: Registering MapOutputTracker
[2025-11-30T18:56:20.337+0000] {subprocess.py:93} INFO - 25/11/30 18:56:20 INFO SparkEnv: Registering BlockManagerMaster
[2025-11-30T18:56:20.362+0000] {subprocess.py:93} INFO - 25/11/30 18:56:20 INFO BlockManagerMasterEndpoint: Using org.apache.spark.storage.DefaultTopologyMapper for getting topology information
[2025-11-30T18:56:20.363+0000] {subprocess.py:93} INFO - 25/11/30 18:56:20 INFO BlockManagerMasterEndpoint: BlockManagerMasterEndpoint up
[2025-11-30T18:56:20.367+0000] {subprocess.py:93} INFO - 25/11/30 18:56:20 INFO SparkEnv: Registering BlockManagerMasterHeartbeat
[2025-11-30T18:56:20.400+0000] {subprocess.py:93} INFO - 25/11/30 18:56:20 INFO DiskBlockManager: Created local directory at /tmp/blockmgr-7bc8e06a-8597-444d-a62d-2bb1976c0f72
[2025-11-30T18:56:20.420+0000] {subprocess.py:93} INFO - 25/11/30 18:56:20 INFO MemoryStore: MemoryStore started with capacity 434.4 MiB
[2025-11-30T18:56:20.452+0000] {subprocess.py:93} INFO - 25/11/30 18:56:20 INFO SparkEnv: Registering OutputCommitCoordinator
[2025-11-30T18:56:20.624+0000] {subprocess.py:93} INFO - 25/11/30 18:56:20 INFO JettyUtils: Start Jetty 0.0.0.0:4040 for SparkUI
[2025-11-30T18:56:20.687+0000] {subprocess.py:93} INFO - 25/11/30 18:56:20 WARN Utils: Service 'SparkUI' could not bind on port 4040. Attempting port 4041.
[2025-11-30T18:56:20.698+0000] {subprocess.py:93} INFO - 25/11/30 18:56:20 INFO Utils: Successfully started service 'SparkUI' on port 4041.
[2025-11-30T18:56:20.841+0000] {subprocess.py:93} INFO - 25/11/30 18:56:20 INFO Executor: Starting executor ID driver on host 76c6f5c40d8c
[2025-11-30T18:56:20.842+0000] {subprocess.py:93} INFO - 25/11/30 18:56:20 INFO Executor: OS info Linux, 5.15.167.4-microsoft-standard-WSL2, amd64
[2025-11-30T18:56:20.843+0000] {subprocess.py:93} INFO - 25/11/30 18:56:20 INFO Executor: Java version 17.0.8.1
[2025-11-30T18:56:20.852+0000] {subprocess.py:93} INFO - 25/11/30 18:56:20 INFO Executor: Starting executor with user classpath (userClassPathFirst = false): ''
[2025-11-30T18:56:20.852+0000] {subprocess.py:93} INFO - 25/11/30 18:56:20 INFO Executor: Created or updated repl class loader org.apache.spark.util.MutableURLClassLoader@5e11be6c for default.
[2025-11-30T18:56:20.876+0000] {subprocess.py:93} INFO - 25/11/30 18:56:20 INFO Utils: Successfully started service 'org.apache.spark.network.netty.NettyBlockTransferService' on port 39347.
[2025-11-30T18:56:20.877+0000] {subprocess.py:93} INFO - 25/11/30 18:56:20 INFO NettyBlockTransferService: Server created on 76c6f5c40d8c:39347
[2025-11-30T18:56:20.879+0000] {subprocess.py:93} INFO - 25/11/30 18:56:20 INFO BlockManager: Using org.apache.spark.storage.RandomBlockReplicationPolicy for block replication policy
[2025-11-30T18:56:20.888+0000] {subprocess.py:93} INFO - 25/11/30 18:56:20 INFO BlockManagerMaster: Registering BlockManager BlockManagerId(driver, 76c6f5c40d8c, 39347, None)
[2025-11-30T18:56:20.893+0000] {subprocess.py:93} INFO - 25/11/30 18:56:20 INFO BlockManagerMasterEndpoint: Registering block manager 76c6f5c40d8c:39347 with 434.4 MiB RAM, BlockManagerId(driver, 76c6f5c40d8c, 39347, None)
[2025-11-30T18:56:20.896+0000] {subprocess.py:93} INFO - 25/11/30 18:56:20 INFO BlockManagerMaster: Registered BlockManager BlockManagerId(driver, 76c6f5c40d8c, 39347, None)
[2025-11-30T18:56:20.897+0000] {subprocess.py:93} INFO - 25/11/30 18:56:20 INFO BlockManager: Initialized BlockManager: BlockManagerId(driver, 76c6f5c40d8c, 39347, None)
[2025-11-30T18:56:21.382+0000] {subprocess.py:93} INFO - 25/11/30 18:56:21 INFO SharedState: Setting hive.metastore.warehouse.dir ('null') to the value of spark.sql.warehouse.dir.
[2025-11-30T18:56:21.389+0000] {subprocess.py:93} INFO - 25/11/30 18:56:21 INFO SharedState: Warehouse path is 'file:/home/jovyan/spark-warehouse'.
[2025-11-30T18:56:22.751+0000] {subprocess.py:93} INFO - 25/11/30 18:56:22 INFO InMemoryFileIndex: It took 75 ms to list leaf files for 1 paths.
[2025-11-30T18:56:23.388+0000] {subprocess.py:93} INFO - 25/11/30 18:56:23 INFO SparkContext: Starting job: parquet at NativeMethodAccessorImpl.java:0
[2025-11-30T18:56:23.418+0000] {subprocess.py:93} INFO - 25/11/30 18:56:23 INFO DAGScheduler: Got job 0 (parquet at NativeMethodAccessorImpl.java:0) with 1 output partitions
[2025-11-30T18:56:23.419+0000] {subprocess.py:93} INFO - 25/11/30 18:56:23 INFO DAGScheduler: Final stage: ResultStage 0 (parquet at NativeMethodAccessorImpl.java:0)
[2025-11-30T18:56:23.420+0000] {subprocess.py:93} INFO - 25/11/30 18:56:23 INFO DAGScheduler: Parents of final stage: List()
[2025-11-30T18:56:23.421+0000] {subprocess.py:93} INFO - 25/11/30 18:56:23 INFO DAGScheduler: Missing parents: List()
[2025-11-30T18:56:23.427+0000] {subprocess.py:93} INFO - 25/11/30 18:56:23 INFO DAGScheduler: Submitting ResultStage 0 (MapPartitionsRDD[1] at parquet at NativeMethodAccessorImpl.java:0), which has no missing parents
[2025-11-30T18:56:23.539+0000] {subprocess.py:93} INFO - 25/11/30 18:56:23 INFO MemoryStore: Block broadcast_0 stored as values in memory (estimated size 103.1 KiB, free 434.3 MiB)
[2025-11-30T18:56:23.614+0000] {subprocess.py:93} INFO - 25/11/30 18:56:23 INFO MemoryStore: Block broadcast_0_piece0 stored as bytes in memory (estimated size 37.1 KiB, free 434.3 MiB)
[2025-11-30T18:56:23.617+0000] {subprocess.py:93} INFO - 25/11/30 18:56:23 INFO BlockManagerInfo: Added broadcast_0_piece0 in memory on 76c6f5c40d8c:39347 (size: 37.1 KiB, free: 434.4 MiB)
[2025-11-30T18:56:23.622+0000] {subprocess.py:93} INFO - 25/11/30 18:56:23 INFO SparkContext: Created broadcast 0 from broadcast at DAGScheduler.scala:1580
[2025-11-30T18:56:23.641+0000] {subprocess.py:93} INFO - 25/11/30 18:56:23 INFO DAGScheduler: Submitting 1 missing tasks from ResultStage 0 (MapPartitionsRDD[1] at parquet at NativeMethodAccessorImpl.java:0) (first 15 tasks are for partitions Vector(0))
[2025-11-30T18:56:23.642+0000] {subprocess.py:93} INFO - 25/11/30 18:56:23 INFO TaskSchedulerImpl: Adding task set 0.0 with 1 tasks resource profile 0
[2025-11-30T18:56:23.730+0000] {subprocess.py:93} INFO - 25/11/30 18:56:23 INFO TaskSetManager: Starting task 0.0 in stage 0.0 (TID 0) (76c6f5c40d8c, executor driver, partition 0, PROCESS_LOCAL, 7842 bytes)
[2025-11-30T18:56:23.748+0000] {subprocess.py:93} INFO - 25/11/30 18:56:23 INFO Executor: Running task 0.0 in stage 0.0 (TID 0)
[2025-11-30T18:56:24.319+0000] {subprocess.py:93} INFO - 25/11/30 18:56:24 INFO Executor: Finished task 0.0 in stage 0.0 (TID 0). 1938 bytes result sent to driver
[2025-11-30T18:56:24.332+0000] {subprocess.py:93} INFO - 25/11/30 18:56:24 INFO TaskSetManager: Finished task 0.0 in stage 0.0 (TID 0) in 635 ms on 76c6f5c40d8c (executor driver) (1/1)
[2025-11-30T18:56:24.333+0000] {subprocess.py:93} INFO - 25/11/30 18:56:24 INFO TaskSchedulerImpl: Removed TaskSet 0.0, whose tasks have all completed, from pool
[2025-11-30T18:56:24.341+0000] {subprocess.py:93} INFO - 25/11/30 18:56:24 INFO DAGScheduler: ResultStage 0 (parquet at NativeMethodAccessorImpl.java:0) finished in 0.882 s
[2025-11-30T18:56:24.343+0000] {subprocess.py:93} INFO - 25/11/30 18:56:24 INFO DAGScheduler: Job 0 is finished. Cancelling potential speculative or zombie tasks for this job
[2025-11-30T18:56:24.344+0000] {subprocess.py:93} INFO - 25/11/30 18:56:24 INFO TaskSchedulerImpl: Killing all running tasks in stage 0: Stage finished
[2025-11-30T18:56:24.346+0000] {subprocess.py:93} INFO - 25/11/30 18:56:24 INFO DAGScheduler: Job 0 finished: parquet at NativeMethodAccessorImpl.java:0, took 0.957970 s
[2025-11-30T18:56:24.505+0000] {subprocess.py:93} INFO - 25/11/30 18:56:24 INFO BlockManagerInfo: Removed broadcast_0_piece0 on 76c6f5c40d8c:39347 in memory (size: 37.1 KiB, free: 434.4 MiB)
[2025-11-30T18:56:25.482+0000] {subprocess.py:93} INFO - Traceback (most recent call last):
[2025-11-30T18:56:25.484+0000] {subprocess.py:93} INFO -   File "/data/Cleaning_Layer_Pyspark/clean_dubbizle.py", line 40, in <module>
[2025-11-30T18:56:25.491+0000] {subprocess.py:93} INFO -     main()
[2025-11-30T18:56:25.492+0000] {subprocess.py:93} INFO -   File "/data/Cleaning_Layer_Pyspark/clean_dubbizle.py", line 9, in main
[2025-11-30T18:56:25.500+0000] {subprocess.py:93} INFO -     df_alex = spark.read.parquet("hdfs://namenode:9000/datalake/bronze/dubbizle_alexandria")
[2025-11-30T18:56:25.501+0000] {subprocess.py:93} INFO -               ^^^^^^^^^^^^^^^^^^^^^^^^^^^^^^^^^^^^^^^^^^^^^^^^^^^^^^^^^^^^^^^^^^^^^^^^^^^^^^
[2025-11-30T18:56:25.502+0000] {subprocess.py:93} INFO -   File "/usr/local/spark/python/lib/pyspark.zip/pyspark/sql/readwriter.py", line 544, in parquet
[2025-11-30T18:56:25.503+0000] {subprocess.py:93} INFO -   File "/usr/local/spark/python/lib/py4j-0.10.9.7-src.zip/py4j/java_gateway.py", line 1322, in __call__
[2025-11-30T18:56:25.506+0000] {subprocess.py:93} INFO -   File "/usr/local/spark/python/lib/pyspark.zip/pyspark/errors/exceptions/captured.py", line 185, in deco
[2025-11-30T18:56:25.520+0000] {subprocess.py:93} INFO - pyspark.errors.exceptions.captured.AnalysisException: [PATH_NOT_FOUND] Path does not exist: hdfs://namenode:9000/datalake/bronze/dubbizle_alexandria.
[2025-11-30T18:56:25.586+0000] {subprocess.py:93} INFO - 25/11/30 18:56:25 INFO SparkContext: Invoking stop() from shutdown hook
[2025-11-30T18:56:25.588+0000] {subprocess.py:93} INFO - 25/11/30 18:56:25 INFO SparkContext: SparkContext is stopping with exitCode 0.
[2025-11-30T18:56:25.613+0000] {subprocess.py:93} INFO - 25/11/30 18:56:25 INFO SparkUI: Stopped Spark web UI at http://76c6f5c40d8c:4041
[2025-11-30T18:56:25.634+0000] {subprocess.py:93} INFO - 25/11/30 18:56:25 INFO MapOutputTrackerMasterEndpoint: MapOutputTrackerMasterEndpoint stopped!
[2025-11-30T18:56:25.659+0000] {subprocess.py:93} INFO - 25/11/30 18:56:25 INFO MemoryStore: MemoryStore cleared
[2025-11-30T18:56:25.661+0000] {subprocess.py:93} INFO - 25/11/30 18:56:25 INFO BlockManager: BlockManager stopped
[2025-11-30T18:56:25.668+0000] {subprocess.py:93} INFO - 25/11/30 18:56:25 INFO BlockManagerMaster: BlockManagerMaster stopped
[2025-11-30T18:56:25.676+0000] {subprocess.py:93} INFO - 25/11/30 18:56:25 INFO OutputCommitCoordinator$OutputCommitCoordinatorEndpoint: OutputCommitCoordinator stopped!
[2025-11-30T18:56:25.692+0000] {subprocess.py:93} INFO - 25/11/30 18:56:25 INFO SparkContext: Successfully stopped SparkContext
[2025-11-30T18:56:25.694+0000] {subprocess.py:93} INFO - 25/11/30 18:56:25 INFO ShutdownHookManager: Shutdown hook called
[2025-11-30T18:56:25.696+0000] {subprocess.py:93} INFO - 25/11/30 18:56:25 INFO ShutdownHookManager: Deleting directory /tmp/spark-0a9387e1-b37e-4ad7-9bb8-83aa1c846d7c
[2025-11-30T18:56:25.701+0000] {subprocess.py:93} INFO - 25/11/30 18:56:25 INFO ShutdownHookManager: Deleting directory /tmp/spark-07c492ca-1682-4b0f-961a-6cf5bf9ffc64
[2025-11-30T18:56:25.706+0000] {subprocess.py:93} INFO - 25/11/30 18:56:25 INFO ShutdownHookManager: Deleting directory /tmp/spark-0a9387e1-b37e-4ad7-9bb8-83aa1c846d7c/pyspark-44781a31-01f1-4a28-8f86-a813cff33cef
[2025-11-30T18:56:25.770+0000] {subprocess.py:97} INFO - Command exited with return code 1
[2025-11-30T18:56:25.773+0000] {taskinstance.py:441} INFO - ::group::Post task execution logs
[2025-11-30T18:56:25.788+0000] {taskinstance.py:2905} ERROR - Task failed with exception
Traceback (most recent call last):
  File "/home/airflow/.local/lib/python3.12/site-packages/airflow/models/taskinstance.py", line 465, in _execute_task
    result = _execute_callable(context=context, **execute_callable_kwargs)
             ^^^^^^^^^^^^^^^^^^^^^^^^^^^^^^^^^^^^^^^^^^^^^^^^^^^^^^^^^^^^^
  File "/home/airflow/.local/lib/python3.12/site-packages/airflow/models/taskinstance.py", line 432, in _execute_callable
    return execute_callable(context=context, **execute_callable_kwargs)
           ^^^^^^^^^^^^^^^^^^^^^^^^^^^^^^^^^^^^^^^^^^^^^^^^^^^^^^^^^^^^
  File "/home/airflow/.local/lib/python3.12/site-packages/airflow/models/baseoperator.py", line 401, in wrapper
    return func(self, *args, **kwargs)
           ^^^^^^^^^^^^^^^^^^^^^^^^^^^
  File "/home/airflow/.local/lib/python3.12/site-packages/airflow/operators/bash.py", line 243, in execute
    raise AirflowException(
airflow.exceptions.AirflowException: Bash command failed. The command returned a non-zero exit code 1.
[2025-11-30T18:56:25.796+0000] {taskinstance.py:1206} INFO - Marking task as FAILED. dag_id=real_estate_etl_pipeline, task_id=clean_dubbizle, run_id=manual__2025-11-30T18:25:30.102845+00:00, execution_date=20251130T182530, start_date=20251130T185615, end_date=20251130T185625
[2025-11-30T18:56:25.832+0000] {standard_task_runner.py:110} ERROR - Failed to execute job 24 for task clean_dubbizle (Bash command failed. The command returned a non-zero exit code 1.; 382)
[2025-11-30T18:56:25.872+0000] {local_task_job_runner.py:240} INFO - Task exited with return code 1
[2025-11-30T18:56:25.896+0000] {taskinstance.py:3503} INFO - 0 downstream tasks scheduled from follow-on schedule check
[2025-11-30T18:56:25.900+0000] {local_task_job_runner.py:222} INFO - ::endgroup::
