[2025-11-30T18:51:00.092+0000] {local_task_job_runner.py:120} INFO - ::group::Pre task execution logs
[2025-11-30T18:51:00.134+0000] {taskinstance.py:2076} INFO - Dependencies all met for dep_context=non-requeueable deps ti=<TaskInstance: real_estate_etl_pipeline.clean_dubbizle manual__2025-11-30T18:25:30.102845+00:00 [queued]>
[2025-11-30T18:51:00.150+0000] {taskinstance.py:2076} INFO - Dependencies all met for dep_context=requeueable deps ti=<TaskInstance: real_estate_etl_pipeline.clean_dubbizle manual__2025-11-30T18:25:30.102845+00:00 [queued]>
[2025-11-30T18:51:00.151+0000] {taskinstance.py:2306} INFO - Starting attempt 2 of 3
[2025-11-30T18:51:00.183+0000] {taskinstance.py:2330} INFO - Executing <Task(BashOperator): clean_dubbizle> on 2025-11-30 18:25:30.102845+00:00
[2025-11-30T18:51:00.201+0000] {warnings.py:112} WARNING - /home/***/.local/lib/python3.12/site-packages/***/task/task_runner/standard_task_runner.py:61: DeprecationWarning: This process (pid=311) is multi-threaded, use of fork() may lead to deadlocks in the child.
  pid = os.fork()

[2025-11-30T18:51:00.205+0000] {standard_task_runner.py:63} INFO - Started process 314 to run task
[2025-11-30T18:51:00.203+0000] {standard_task_runner.py:90} INFO - Running: ['***', 'tasks', 'run', 'real_estate_etl_pipeline', 'clean_dubbizle', 'manual__2025-11-30T18:25:30.102845+00:00', '--job-id', '19', '--raw', '--subdir', 'DAGS_FOLDER/scraping_dag.py', '--cfg-path', '/tmp/tmpmzsivo55']
[2025-11-30T18:51:00.212+0000] {standard_task_runner.py:91} INFO - Job 19: Subtask clean_dubbizle
[2025-11-30T18:51:00.326+0000] {task_command.py:426} INFO - Running <TaskInstance: real_estate_etl_pipeline.clean_dubbizle manual__2025-11-30T18:25:30.102845+00:00 [running]> on host 9a9a5f972fcd
[2025-11-30T18:51:00.481+0000] {taskinstance.py:2648} INFO - Exporting env vars: AIRFLOW_CTX_DAG_OWNER='***' AIRFLOW_CTX_DAG_ID='real_estate_etl_pipeline' AIRFLOW_CTX_TASK_ID='clean_dubbizle' AIRFLOW_CTX_EXECUTION_DATE='2025-11-30T18:25:30.102845+00:00' AIRFLOW_CTX_TRY_NUMBER='2' AIRFLOW_CTX_DAG_RUN_ID='manual__2025-11-30T18:25:30.102845+00:00'
[2025-11-30T18:51:00.484+0000] {taskinstance.py:430} INFO - ::endgroup::
[2025-11-30T18:51:00.486+0000] {subprocess.py:63} INFO - Tmp dir root location: /tmp
[2025-11-30T18:51:00.490+0000] {subprocess.py:75} INFO - Running command: ['/usr/bin/bash', '-c', 'docker exec jupyter spark-submit --master local[*] /data/Cleaning_Layer_Pyspark/clean_dubbizle.py']
[2025-11-30T18:51:00.517+0000] {subprocess.py:86} INFO - Output:
[2025-11-30T18:51:05.794+0000] {subprocess.py:93} INFO - 25/11/30 18:51:05 INFO SparkContext: Running Spark version 3.5.0
[2025-11-30T18:51:05.798+0000] {subprocess.py:93} INFO - 25/11/30 18:51:05 INFO SparkContext: OS info Linux, 5.15.167.4-microsoft-standard-WSL2, amd64
[2025-11-30T18:51:05.799+0000] {subprocess.py:93} INFO - 25/11/30 18:51:05 INFO SparkContext: Java version 17.0.8.1
[2025-11-30T18:51:05.870+0000] {subprocess.py:93} INFO - 25/11/30 18:51:05 WARN NativeCodeLoader: Unable to load native-hadoop library for your platform... using builtin-java classes where applicable
[2025-11-30T18:51:05.994+0000] {subprocess.py:93} INFO - 25/11/30 18:51:05 INFO ResourceUtils: ==============================================================
[2025-11-30T18:51:05.995+0000] {subprocess.py:93} INFO - 25/11/30 18:51:05 INFO ResourceUtils: No custom resources configured for spark.driver.
[2025-11-30T18:51:05.996+0000] {subprocess.py:93} INFO - 25/11/30 18:51:05 INFO ResourceUtils: ==============================================================
[2025-11-30T18:51:05.997+0000] {subprocess.py:93} INFO - 25/11/30 18:51:05 INFO SparkContext: Submitted application: Clean_Dubbizle
[2025-11-30T18:51:06.031+0000] {subprocess.py:93} INFO - 25/11/30 18:51:06 INFO ResourceProfile: Default ResourceProfile created, executor resources: Map(cores -> name: cores, amount: 1, script: , vendor: , memory -> name: memory, amount: 1024, script: , vendor: , offHeap -> name: offHeap, amount: 0, script: , vendor: ), task resources: Map(cpus -> name: cpus, amount: 1.0)
[2025-11-30T18:51:06.045+0000] {subprocess.py:93} INFO - 25/11/30 18:51:06 INFO ResourceProfile: Limiting resource is cpu
[2025-11-30T18:51:06.046+0000] {subprocess.py:93} INFO - 25/11/30 18:51:06 INFO ResourceProfileManager: Added ResourceProfile id: 0
[2025-11-30T18:51:06.128+0000] {subprocess.py:93} INFO - 25/11/30 18:51:06 INFO SecurityManager: Changing view acls to: jovyan
[2025-11-30T18:51:06.129+0000] {subprocess.py:93} INFO - 25/11/30 18:51:06 INFO SecurityManager: Changing modify acls to: jovyan
[2025-11-30T18:51:06.131+0000] {subprocess.py:93} INFO - 25/11/30 18:51:06 INFO SecurityManager: Changing view acls groups to:
[2025-11-30T18:51:06.132+0000] {subprocess.py:93} INFO - 25/11/30 18:51:06 INFO SecurityManager: Changing modify acls groups to:
[2025-11-30T18:51:06.133+0000] {subprocess.py:93} INFO - 25/11/30 18:51:06 INFO SecurityManager: SecurityManager: authentication disabled; ui acls disabled; users with view permissions: jovyan; groups with view permissions: EMPTY; users with modify permissions: jovyan; groups with modify permissions: EMPTY
[2025-11-30T18:51:06.557+0000] {subprocess.py:93} INFO - 25/11/30 18:51:06 INFO Utils: Successfully started service 'sparkDriver' on port 44425.
[2025-11-30T18:51:06.610+0000] {subprocess.py:93} INFO - 25/11/30 18:51:06 INFO SparkEnv: Registering MapOutputTracker
[2025-11-30T18:51:06.658+0000] {subprocess.py:93} INFO - 25/11/30 18:51:06 INFO SparkEnv: Registering BlockManagerMaster
[2025-11-30T18:51:06.682+0000] {subprocess.py:93} INFO - 25/11/30 18:51:06 INFO BlockManagerMasterEndpoint: Using org.apache.spark.storage.DefaultTopologyMapper for getting topology information
[2025-11-30T18:51:06.683+0000] {subprocess.py:93} INFO - 25/11/30 18:51:06 INFO BlockManagerMasterEndpoint: BlockManagerMasterEndpoint up
[2025-11-30T18:51:06.689+0000] {subprocess.py:93} INFO - 25/11/30 18:51:06 INFO SparkEnv: Registering BlockManagerMasterHeartbeat
[2025-11-30T18:51:06.726+0000] {subprocess.py:93} INFO - 25/11/30 18:51:06 INFO DiskBlockManager: Created local directory at /tmp/blockmgr-2942d973-5212-45c5-b9b9-93f96f941417
[2025-11-30T18:51:06.749+0000] {subprocess.py:93} INFO - 25/11/30 18:51:06 INFO MemoryStore: MemoryStore started with capacity 434.4 MiB
[2025-11-30T18:51:06.786+0000] {subprocess.py:93} INFO - 25/11/30 18:51:06 INFO SparkEnv: Registering OutputCommitCoordinator
[2025-11-30T18:51:07.021+0000] {subprocess.py:93} INFO - 25/11/30 18:51:07 INFO JettyUtils: Start Jetty 0.0.0.0:4040 for SparkUI
[2025-11-30T18:51:07.211+0000] {subprocess.py:93} INFO - 25/11/30 18:51:07 WARN Utils: Service 'SparkUI' could not bind on port 4040. Attempting port 4041.
[2025-11-30T18:51:07.246+0000] {subprocess.py:93} INFO - 25/11/30 18:51:07 INFO Utils: Successfully started service 'SparkUI' on port 4041.
[2025-11-30T18:51:07.508+0000] {subprocess.py:93} INFO - 25/11/30 18:51:07 INFO Executor: Starting executor ID driver on host 76c6f5c40d8c
[2025-11-30T18:51:07.510+0000] {subprocess.py:93} INFO - 25/11/30 18:51:07 INFO Executor: OS info Linux, 5.15.167.4-microsoft-standard-WSL2, amd64
[2025-11-30T18:51:07.511+0000] {subprocess.py:93} INFO - 25/11/30 18:51:07 INFO Executor: Java version 17.0.8.1
[2025-11-30T18:51:07.522+0000] {subprocess.py:93} INFO - 25/11/30 18:51:07 INFO Executor: Starting executor with user classpath (userClassPathFirst = false): ''
[2025-11-30T18:51:07.524+0000] {subprocess.py:93} INFO - 25/11/30 18:51:07 INFO Executor: Created or updated repl class loader org.apache.spark.util.MutableURLClassLoader@4ddd4835 for default.
[2025-11-30T18:51:07.556+0000] {subprocess.py:93} INFO - 25/11/30 18:51:07 INFO Utils: Successfully started service 'org.apache.spark.network.netty.NettyBlockTransferService' on port 43373.
[2025-11-30T18:51:07.558+0000] {subprocess.py:93} INFO - 25/11/30 18:51:07 INFO NettyBlockTransferService: Server created on 76c6f5c40d8c:43373
[2025-11-30T18:51:07.562+0000] {subprocess.py:93} INFO - 25/11/30 18:51:07 INFO BlockManager: Using org.apache.spark.storage.RandomBlockReplicationPolicy for block replication policy
[2025-11-30T18:51:07.573+0000] {subprocess.py:93} INFO - 25/11/30 18:51:07 INFO BlockManagerMaster: Registering BlockManager BlockManagerId(driver, 76c6f5c40d8c, 43373, None)
[2025-11-30T18:51:07.579+0000] {subprocess.py:93} INFO - 25/11/30 18:51:07 INFO BlockManagerMasterEndpoint: Registering block manager 76c6f5c40d8c:43373 with 434.4 MiB RAM, BlockManagerId(driver, 76c6f5c40d8c, 43373, None)
[2025-11-30T18:51:07.583+0000] {subprocess.py:93} INFO - 25/11/30 18:51:07 INFO BlockManagerMaster: Registered BlockManager BlockManagerId(driver, 76c6f5c40d8c, 43373, None)
[2025-11-30T18:51:07.586+0000] {subprocess.py:93} INFO - 25/11/30 18:51:07 INFO BlockManager: Initialized BlockManager: BlockManagerId(driver, 76c6f5c40d8c, 43373, None)
[2025-11-30T18:51:08.306+0000] {subprocess.py:93} INFO - 25/11/30 18:51:08 INFO SharedState: Setting hive.metastore.warehouse.dir ('null') to the value of spark.sql.warehouse.dir.
[2025-11-30T18:51:08.320+0000] {subprocess.py:93} INFO - 25/11/30 18:51:08 INFO SharedState: Warehouse path is 'file:/home/jovyan/spark-warehouse'.
[2025-11-30T18:51:10.171+0000] {subprocess.py:93} INFO - 25/11/30 18:51:10 INFO InMemoryFileIndex: It took 106 ms to list leaf files for 1 paths.
[2025-11-30T18:51:10.838+0000] {subprocess.py:93} INFO - 25/11/30 18:51:10 INFO SparkContext: Starting job: parquet at NativeMethodAccessorImpl.java:0
[2025-11-30T18:51:10.877+0000] {subprocess.py:93} INFO - 25/11/30 18:51:10 INFO DAGScheduler: Got job 0 (parquet at NativeMethodAccessorImpl.java:0) with 1 output partitions
[2025-11-30T18:51:10.879+0000] {subprocess.py:93} INFO - 25/11/30 18:51:10 INFO DAGScheduler: Final stage: ResultStage 0 (parquet at NativeMethodAccessorImpl.java:0)
[2025-11-30T18:51:10.880+0000] {subprocess.py:93} INFO - 25/11/30 18:51:10 INFO DAGScheduler: Parents of final stage: List()
[2025-11-30T18:51:10.883+0000] {subprocess.py:93} INFO - 25/11/30 18:51:10 INFO DAGScheduler: Missing parents: List()
[2025-11-30T18:51:10.888+0000] {subprocess.py:93} INFO - 25/11/30 18:51:10 INFO DAGScheduler: Submitting ResultStage 0 (MapPartitionsRDD[1] at parquet at NativeMethodAccessorImpl.java:0), which has no missing parents
[2025-11-30T18:51:11.003+0000] {subprocess.py:93} INFO - 25/11/30 18:51:11 INFO MemoryStore: Block broadcast_0 stored as values in memory (estimated size 103.1 KiB, free 434.3 MiB)
[2025-11-30T18:51:11.061+0000] {subprocess.py:93} INFO - 25/11/30 18:51:11 INFO MemoryStore: Block broadcast_0_piece0 stored as bytes in memory (estimated size 37.1 KiB, free 434.3 MiB)
[2025-11-30T18:51:11.067+0000] {subprocess.py:93} INFO - 25/11/30 18:51:11 INFO BlockManagerInfo: Added broadcast_0_piece0 in memory on 76c6f5c40d8c:43373 (size: 37.1 KiB, free: 434.4 MiB)
[2025-11-30T18:51:11.077+0000] {subprocess.py:93} INFO - 25/11/30 18:51:11 INFO SparkContext: Created broadcast 0 from broadcast at DAGScheduler.scala:1580
[2025-11-30T18:51:11.103+0000] {subprocess.py:93} INFO - 25/11/30 18:51:11 INFO DAGScheduler: Submitting 1 missing tasks from ResultStage 0 (MapPartitionsRDD[1] at parquet at NativeMethodAccessorImpl.java:0) (first 15 tasks are for partitions Vector(0))
[2025-11-30T18:51:11.104+0000] {subprocess.py:93} INFO - 25/11/30 18:51:11 INFO TaskSchedulerImpl: Adding task set 0.0 with 1 tasks resource profile 0
[2025-11-30T18:51:11.213+0000] {subprocess.py:93} INFO - 25/11/30 18:51:11 INFO TaskSetManager: Starting task 0.0 in stage 0.0 (TID 0) (76c6f5c40d8c, executor driver, partition 0, PROCESS_LOCAL, 7842 bytes)
[2025-11-30T18:51:11.236+0000] {subprocess.py:93} INFO - 25/11/30 18:51:11 INFO Executor: Running task 0.0 in stage 0.0 (TID 0)
[2025-11-30T18:51:11.867+0000] {subprocess.py:93} INFO - 25/11/30 18:51:11 INFO Executor: Finished task 0.0 in stage 0.0 (TID 0). 1895 bytes result sent to driver
[2025-11-30T18:51:11.880+0000] {subprocess.py:93} INFO - 25/11/30 18:51:11 INFO TaskSetManager: Finished task 0.0 in stage 0.0 (TID 0) in 703 ms on 76c6f5c40d8c (executor driver) (1/1)
[2025-11-30T18:51:11.882+0000] {subprocess.py:93} INFO - 25/11/30 18:51:11 INFO TaskSchedulerImpl: Removed TaskSet 0.0, whose tasks have all completed, from pool
[2025-11-30T18:51:11.890+0000] {subprocess.py:93} INFO - 25/11/30 18:51:11 INFO DAGScheduler: ResultStage 0 (parquet at NativeMethodAccessorImpl.java:0) finished in 0.975 s
[2025-11-30T18:51:11.897+0000] {subprocess.py:93} INFO - 25/11/30 18:51:11 INFO DAGScheduler: Job 0 is finished. Cancelling potential speculative or zombie tasks for this job
[2025-11-30T18:51:11.899+0000] {subprocess.py:93} INFO - 25/11/30 18:51:11 INFO TaskSchedulerImpl: Killing all running tasks in stage 0: Stage finished
[2025-11-30T18:51:11.901+0000] {subprocess.py:93} INFO - 25/11/30 18:51:11 INFO DAGScheduler: Job 0 finished: parquet at NativeMethodAccessorImpl.java:0, took 1.063510 s
[2025-11-30T18:51:12.020+0000] {subprocess.py:93} INFO - 25/11/30 18:51:12 INFO BlockManagerInfo: Removed broadcast_0_piece0 on 76c6f5c40d8c:43373 in memory (size: 37.1 KiB, free: 434.4 MiB)
[2025-11-30T18:51:12.904+0000] {subprocess.py:93} INFO - Traceback (most recent call last):
[2025-11-30T18:51:12.905+0000] {subprocess.py:93} INFO -   File "/data/Cleaning_Layer_Pyspark/clean_dubbizle.py", line 40, in <module>
[2025-11-30T18:51:12.911+0000] {subprocess.py:93} INFO -     main()
[2025-11-30T18:51:12.912+0000] {subprocess.py:93} INFO -   File "/data/Cleaning_Layer_Pyspark/clean_dubbizle.py", line 9, in main
[2025-11-30T18:51:12.916+0000] {subprocess.py:93} INFO -     df_alex = spark.read.parquet("hdfs://namenode:9000/datalake/bronze/dubbizle_alexandria")
[2025-11-30T18:51:12.917+0000] {subprocess.py:93} INFO -               ^^^^^^^^^^^^^^^^^^^^^^^^^^^^^^^^^^^^^^^^^^^^^^^^^^^^^^^^^^^^^^^^^^^^^^^^^^^^^^
[2025-11-30T18:51:12.917+0000] {subprocess.py:93} INFO -   File "/usr/local/spark/python/lib/pyspark.zip/pyspark/sql/readwriter.py", line 544, in parquet
[2025-11-30T18:51:12.918+0000] {subprocess.py:93} INFO -   File "/usr/local/spark/python/lib/py4j-0.10.9.7-src.zip/py4j/java_gateway.py", line 1322, in __call__
[2025-11-30T18:51:12.919+0000] {subprocess.py:93} INFO -   File "/usr/local/spark/python/lib/pyspark.zip/pyspark/errors/exceptions/captured.py", line 185, in deco
[2025-11-30T18:51:12.928+0000] {subprocess.py:93} INFO - pyspark.errors.exceptions.captured.AnalysisException: [PATH_NOT_FOUND] Path does not exist: hdfs://namenode:9000/datalake/bronze/dubbizle_alexandria.
[2025-11-30T18:51:13.004+0000] {subprocess.py:93} INFO - 25/11/30 18:51:13 INFO SparkContext: Invoking stop() from shutdown hook
[2025-11-30T18:51:13.005+0000] {subprocess.py:93} INFO - 25/11/30 18:51:13 INFO SparkContext: SparkContext is stopping with exitCode 0.
[2025-11-30T18:51:13.017+0000] {subprocess.py:93} INFO - 25/11/30 18:51:13 INFO SparkUI: Stopped Spark web UI at http://76c6f5c40d8c:4041
[2025-11-30T18:51:13.030+0000] {subprocess.py:93} INFO - 25/11/30 18:51:13 INFO MapOutputTrackerMasterEndpoint: MapOutputTrackerMasterEndpoint stopped!
[2025-11-30T18:51:13.045+0000] {subprocess.py:93} INFO - 25/11/30 18:51:13 INFO MemoryStore: MemoryStore cleared
[2025-11-30T18:51:13.046+0000] {subprocess.py:93} INFO - 25/11/30 18:51:13 INFO BlockManager: BlockManager stopped
[2025-11-30T18:51:13.050+0000] {subprocess.py:93} INFO - 25/11/30 18:51:13 INFO BlockManagerMaster: BlockManagerMaster stopped
[2025-11-30T18:51:13.054+0000] {subprocess.py:93} INFO - 25/11/30 18:51:13 INFO OutputCommitCoordinator$OutputCommitCoordinatorEndpoint: OutputCommitCoordinator stopped!
[2025-11-30T18:51:13.074+0000] {subprocess.py:93} INFO - 25/11/30 18:51:13 INFO SparkContext: Successfully stopped SparkContext
[2025-11-30T18:51:13.075+0000] {subprocess.py:93} INFO - 25/11/30 18:51:13 INFO ShutdownHookManager: Shutdown hook called
[2025-11-30T18:51:13.075+0000] {subprocess.py:93} INFO - 25/11/30 18:51:13 INFO ShutdownHookManager: Deleting directory /tmp/spark-72d49e4b-ceae-4469-a706-51703c840bdf
[2025-11-30T18:51:13.079+0000] {subprocess.py:93} INFO - 25/11/30 18:51:13 INFO ShutdownHookManager: Deleting directory /tmp/spark-1191bef7-4513-451c-a27e-2a10976e9f7b
[2025-11-30T18:51:13.083+0000] {subprocess.py:93} INFO - 25/11/30 18:51:13 INFO ShutdownHookManager: Deleting directory /tmp/spark-1191bef7-4513-451c-a27e-2a10976e9f7b/pyspark-9f031b1f-f390-489b-af4a-cc9d60e503cc
[2025-11-30T18:51:13.156+0000] {subprocess.py:97} INFO - Command exited with return code 1
[2025-11-30T18:51:13.157+0000] {taskinstance.py:441} INFO - ::group::Post task execution logs
[2025-11-30T18:51:13.171+0000] {taskinstance.py:2905} ERROR - Task failed with exception
Traceback (most recent call last):
  File "/home/airflow/.local/lib/python3.12/site-packages/airflow/models/taskinstance.py", line 465, in _execute_task
    result = _execute_callable(context=context, **execute_callable_kwargs)
             ^^^^^^^^^^^^^^^^^^^^^^^^^^^^^^^^^^^^^^^^^^^^^^^^^^^^^^^^^^^^^
  File "/home/airflow/.local/lib/python3.12/site-packages/airflow/models/taskinstance.py", line 432, in _execute_callable
    return execute_callable(context=context, **execute_callable_kwargs)
           ^^^^^^^^^^^^^^^^^^^^^^^^^^^^^^^^^^^^^^^^^^^^^^^^^^^^^^^^^^^^
  File "/home/airflow/.local/lib/python3.12/site-packages/airflow/models/baseoperator.py", line 401, in wrapper
    return func(self, *args, **kwargs)
           ^^^^^^^^^^^^^^^^^^^^^^^^^^^
  File "/home/airflow/.local/lib/python3.12/site-packages/airflow/operators/bash.py", line 243, in execute
    raise AirflowException(
airflow.exceptions.AirflowException: Bash command failed. The command returned a non-zero exit code 1.
[2025-11-30T18:51:13.179+0000] {taskinstance.py:1206} INFO - Marking task as UP_FOR_RETRY. dag_id=real_estate_etl_pipeline, task_id=clean_dubbizle, run_id=manual__2025-11-30T18:25:30.102845+00:00, execution_date=20251130T182530, start_date=20251130T185100, end_date=20251130T185113
[2025-11-30T18:51:13.201+0000] {standard_task_runner.py:110} ERROR - Failed to execute job 19 for task clean_dubbizle (Bash command failed. The command returned a non-zero exit code 1.; 314)
[2025-11-30T18:51:13.234+0000] {local_task_job_runner.py:240} INFO - Task exited with return code 1
[2025-11-30T18:51:13.269+0000] {taskinstance.py:3503} INFO - 0 downstream tasks scheduled from follow-on schedule check
[2025-11-30T18:51:13.273+0000] {local_task_job_runner.py:222} INFO - ::endgroup::
