[2025-11-30T19:15:30.424+0000] {local_task_job_runner.py:120} INFO - ::group::Pre task execution logs
[2025-11-30T19:15:30.443+0000] {taskinstance.py:2076} INFO - Dependencies all met for dep_context=non-requeueable deps ti=<TaskInstance: real_estate_etl_pipeline.clean_dubbizle manual__2025-11-30T18:25:30.102845+00:00 [queued]>
[2025-11-30T19:15:30.450+0000] {taskinstance.py:2076} INFO - Dependencies all met for dep_context=requeueable deps ti=<TaskInstance: real_estate_etl_pipeline.clean_dubbizle manual__2025-11-30T18:25:30.102845+00:00 [queued]>
[2025-11-30T19:15:30.451+0000] {taskinstance.py:2306} INFO - Starting attempt 6 of 7
[2025-11-30T19:15:30.463+0000] {taskinstance.py:2330} INFO - Executing <Task(BashOperator): clean_dubbizle> on 2025-11-30 18:25:30.102845+00:00
[2025-11-30T19:15:30.471+0000] {warnings.py:112} WARNING - /home/***/.local/lib/python3.12/site-packages/***/task/task_runner/standard_task_runner.py:61: DeprecationWarning: This process (pid=683) is multi-threaded, use of fork() may lead to deadlocks in the child.
  pid = os.fork()

[2025-11-30T19:15:30.473+0000] {standard_task_runner.py:63} INFO - Started process 691 to run task
[2025-11-30T19:15:30.473+0000] {standard_task_runner.py:90} INFO - Running: ['***', 'tasks', 'run', 'real_estate_etl_pipeline', 'clean_dubbizle', 'manual__2025-11-30T18:25:30.102845+00:00', '--job-id', '46', '--raw', '--subdir', 'DAGS_FOLDER/scraping_dag.py', '--cfg-path', '/tmp/tmp3jgqiezu']
[2025-11-30T19:15:30.475+0000] {standard_task_runner.py:91} INFO - Job 46: Subtask clean_dubbizle
[2025-11-30T19:15:30.517+0000] {task_command.py:426} INFO - Running <TaskInstance: real_estate_etl_pipeline.clean_dubbizle manual__2025-11-30T18:25:30.102845+00:00 [running]> on host 9a9a5f972fcd
[2025-11-30T19:15:30.607+0000] {taskinstance.py:2648} INFO - Exporting env vars: AIRFLOW_CTX_DAG_OWNER='***' AIRFLOW_CTX_DAG_ID='real_estate_etl_pipeline' AIRFLOW_CTX_TASK_ID='clean_dubbizle' AIRFLOW_CTX_EXECUTION_DATE='2025-11-30T18:25:30.102845+00:00' AIRFLOW_CTX_TRY_NUMBER='6' AIRFLOW_CTX_DAG_RUN_ID='manual__2025-11-30T18:25:30.102845+00:00'
[2025-11-30T19:15:30.608+0000] {taskinstance.py:430} INFO - ::endgroup::
[2025-11-30T19:15:30.609+0000] {subprocess.py:63} INFO - Tmp dir root location: /tmp
[2025-11-30T19:15:30.611+0000] {subprocess.py:75} INFO - Running command: ['/usr/bin/bash', '-c', 'docker exec jupyter spark-submit --master local[*] /data/Cleaning_Layer_Pyspark/clean_dubbizle.py']
[2025-11-30T19:15:30.621+0000] {subprocess.py:86} INFO - Output:
[2025-11-30T19:15:33.800+0000] {subprocess.py:93} INFO - 25/11/30 19:15:33 INFO SparkContext: Running Spark version 3.5.0
[2025-11-30T19:15:33.806+0000] {subprocess.py:93} INFO - 25/11/30 19:15:33 INFO SparkContext: OS info Linux, 5.15.167.4-microsoft-standard-WSL2, amd64
[2025-11-30T19:15:33.807+0000] {subprocess.py:93} INFO - 25/11/30 19:15:33 INFO SparkContext: Java version 17.0.8.1
[2025-11-30T19:15:33.891+0000] {subprocess.py:93} INFO - 25/11/30 19:15:33 WARN NativeCodeLoader: Unable to load native-hadoop library for your platform... using builtin-java classes where applicable
[2025-11-30T19:15:34.016+0000] {subprocess.py:93} INFO - 25/11/30 19:15:34 INFO ResourceUtils: ==============================================================
[2025-11-30T19:15:34.017+0000] {subprocess.py:93} INFO - 25/11/30 19:15:34 INFO ResourceUtils: No custom resources configured for spark.driver.
[2025-11-30T19:15:34.018+0000] {subprocess.py:93} INFO - 25/11/30 19:15:34 INFO ResourceUtils: ==============================================================
[2025-11-30T19:15:34.019+0000] {subprocess.py:93} INFO - 25/11/30 19:15:34 INFO SparkContext: Submitted application: Clean_Dubbizle
[2025-11-30T19:15:34.054+0000] {subprocess.py:93} INFO - 25/11/30 19:15:34 INFO ResourceProfile: Default ResourceProfile created, executor resources: Map(cores -> name: cores, amount: 1, script: , vendor: , memory -> name: memory, amount: 1024, script: , vendor: , offHeap -> name: offHeap, amount: 0, script: , vendor: ), task resources: Map(cpus -> name: cpus, amount: 1.0)
[2025-11-30T19:15:34.064+0000] {subprocess.py:93} INFO - 25/11/30 19:15:34 INFO ResourceProfile: Limiting resource is cpu
[2025-11-30T19:15:34.067+0000] {subprocess.py:93} INFO - 25/11/30 19:15:34 INFO ResourceProfileManager: Added ResourceProfile id: 0
[2025-11-30T19:15:34.139+0000] {subprocess.py:93} INFO - 25/11/30 19:15:34 INFO SecurityManager: Changing view acls to: jovyan
[2025-11-30T19:15:34.140+0000] {subprocess.py:93} INFO - 25/11/30 19:15:34 INFO SecurityManager: Changing modify acls to: jovyan
[2025-11-30T19:15:34.142+0000] {subprocess.py:93} INFO - 25/11/30 19:15:34 INFO SecurityManager: Changing view acls groups to:
[2025-11-30T19:15:34.143+0000] {subprocess.py:93} INFO - 25/11/30 19:15:34 INFO SecurityManager: Changing modify acls groups to:
[2025-11-30T19:15:34.144+0000] {subprocess.py:93} INFO - 25/11/30 19:15:34 INFO SecurityManager: SecurityManager: authentication disabled; ui acls disabled; users with view permissions: jovyan; groups with view permissions: EMPTY; users with modify permissions: jovyan; groups with modify permissions: EMPTY
[2025-11-30T19:15:34.457+0000] {subprocess.py:93} INFO - 25/11/30 19:15:34 INFO Utils: Successfully started service 'sparkDriver' on port 34553.
[2025-11-30T19:15:34.501+0000] {subprocess.py:93} INFO - 25/11/30 19:15:34 INFO SparkEnv: Registering MapOutputTracker
[2025-11-30T19:15:34.537+0000] {subprocess.py:93} INFO - 25/11/30 19:15:34 INFO SparkEnv: Registering BlockManagerMaster
[2025-11-30T19:15:34.558+0000] {subprocess.py:93} INFO - 25/11/30 19:15:34 INFO BlockManagerMasterEndpoint: Using org.apache.spark.storage.DefaultTopologyMapper for getting topology information
[2025-11-30T19:15:34.558+0000] {subprocess.py:93} INFO - 25/11/30 19:15:34 INFO BlockManagerMasterEndpoint: BlockManagerMasterEndpoint up
[2025-11-30T19:15:34.563+0000] {subprocess.py:93} INFO - 25/11/30 19:15:34 INFO SparkEnv: Registering BlockManagerMasterHeartbeat
[2025-11-30T19:15:34.591+0000] {subprocess.py:93} INFO - 25/11/30 19:15:34 INFO DiskBlockManager: Created local directory at /tmp/blockmgr-0e310ab4-426a-43a3-8e58-9cfd72d16229
[2025-11-30T19:15:34.604+0000] {subprocess.py:93} INFO - 25/11/30 19:15:34 INFO MemoryStore: MemoryStore started with capacity 434.4 MiB
[2025-11-30T19:15:34.623+0000] {subprocess.py:93} INFO - 25/11/30 19:15:34 INFO SparkEnv: Registering OutputCommitCoordinator
[2025-11-30T19:15:34.761+0000] {subprocess.py:93} INFO - 25/11/30 19:15:34 INFO JettyUtils: Start Jetty 0.0.0.0:4040 for SparkUI
[2025-11-30T19:15:34.860+0000] {subprocess.py:93} INFO - 25/11/30 19:15:34 WARN Utils: Service 'SparkUI' could not bind on port 4040. Attempting port 4041.
[2025-11-30T19:15:34.862+0000] {subprocess.py:93} INFO - 25/11/30 19:15:34 WARN Utils: Service 'SparkUI' could not bind on port 4041. Attempting port 4042.
[2025-11-30T19:15:34.863+0000] {subprocess.py:93} INFO - 25/11/30 19:15:34 WARN Utils: Service 'SparkUI' could not bind on port 4042. Attempting port 4043.
[2025-11-30T19:15:34.873+0000] {subprocess.py:93} INFO - 25/11/30 19:15:34 INFO Utils: Successfully started service 'SparkUI' on port 4043.
[2025-11-30T19:15:34.980+0000] {subprocess.py:93} INFO - 25/11/30 19:15:34 INFO Executor: Starting executor ID driver on host 76c6f5c40d8c
[2025-11-30T19:15:34.981+0000] {subprocess.py:93} INFO - 25/11/30 19:15:34 INFO Executor: OS info Linux, 5.15.167.4-microsoft-standard-WSL2, amd64
[2025-11-30T19:15:34.982+0000] {subprocess.py:93} INFO - 25/11/30 19:15:34 INFO Executor: Java version 17.0.8.1
[2025-11-30T19:15:34.985+0000] {subprocess.py:93} INFO - 25/11/30 19:15:34 INFO Executor: Starting executor with user classpath (userClassPathFirst = false): ''
[2025-11-30T19:15:34.986+0000] {subprocess.py:93} INFO - 25/11/30 19:15:34 INFO Executor: Created or updated repl class loader org.apache.spark.util.MutableURLClassLoader@3a18fb7c for default.
[2025-11-30T19:15:35.000+0000] {subprocess.py:93} INFO - 25/11/30 19:15:34 INFO Utils: Successfully started service 'org.apache.spark.network.netty.NettyBlockTransferService' on port 41795.
[2025-11-30T19:15:35.001+0000] {subprocess.py:93} INFO - 25/11/30 19:15:34 INFO NettyBlockTransferService: Server created on 76c6f5c40d8c:41795
[2025-11-30T19:15:35.001+0000] {subprocess.py:93} INFO - 25/11/30 19:15:35 INFO BlockManager: Using org.apache.spark.storage.RandomBlockReplicationPolicy for block replication policy
[2025-11-30T19:15:35.010+0000] {subprocess.py:93} INFO - 25/11/30 19:15:35 INFO BlockManagerMaster: Registering BlockManager BlockManagerId(driver, 76c6f5c40d8c, 41795, None)
[2025-11-30T19:15:35.013+0000] {subprocess.py:93} INFO - 25/11/30 19:15:35 INFO BlockManagerMasterEndpoint: Registering block manager 76c6f5c40d8c:41795 with 434.4 MiB RAM, BlockManagerId(driver, 76c6f5c40d8c, 41795, None)
[2025-11-30T19:15:35.014+0000] {subprocess.py:93} INFO - 25/11/30 19:15:35 INFO BlockManagerMaster: Registered BlockManager BlockManagerId(driver, 76c6f5c40d8c, 41795, None)
[2025-11-30T19:15:35.015+0000] {subprocess.py:93} INFO - 25/11/30 19:15:35 INFO BlockManager: Initialized BlockManager: BlockManagerId(driver, 76c6f5c40d8c, 41795, None)
[2025-11-30T19:15:35.415+0000] {subprocess.py:93} INFO - 25/11/30 19:15:35 INFO SharedState: Setting hive.metastore.warehouse.dir ('null') to the value of spark.sql.warehouse.dir.
[2025-11-30T19:15:35.424+0000] {subprocess.py:93} INFO - 25/11/30 19:15:35 INFO SharedState: Warehouse path is 'file:/home/jovyan/spark-warehouse'.
[2025-11-30T19:15:36.771+0000] {subprocess.py:93} INFO - 25/11/30 19:15:36 INFO InMemoryFileIndex: It took 87 ms to list leaf files for 1 paths.
[2025-11-30T19:15:37.195+0000] {subprocess.py:93} INFO - 25/11/30 19:15:37 INFO SparkContext: Starting job: parquet at NativeMethodAccessorImpl.java:0
[2025-11-30T19:15:37.217+0000] {subprocess.py:93} INFO - 25/11/30 19:15:37 INFO DAGScheduler: Got job 0 (parquet at NativeMethodAccessorImpl.java:0) with 1 output partitions
[2025-11-30T19:15:37.218+0000] {subprocess.py:93} INFO - 25/11/30 19:15:37 INFO DAGScheduler: Final stage: ResultStage 0 (parquet at NativeMethodAccessorImpl.java:0)
[2025-11-30T19:15:37.219+0000] {subprocess.py:93} INFO - 25/11/30 19:15:37 INFO DAGScheduler: Parents of final stage: List()
[2025-11-30T19:15:37.220+0000] {subprocess.py:93} INFO - 25/11/30 19:15:37 INFO DAGScheduler: Missing parents: List()
[2025-11-30T19:15:37.229+0000] {subprocess.py:93} INFO - 25/11/30 19:15:37 INFO DAGScheduler: Submitting ResultStage 0 (MapPartitionsRDD[1] at parquet at NativeMethodAccessorImpl.java:0), which has no missing parents
[2025-11-30T19:15:37.286+0000] {subprocess.py:93} INFO - 25/11/30 19:15:37 INFO MemoryStore: Block broadcast_0 stored as values in memory (estimated size 103.1 KiB, free 434.3 MiB)
[2025-11-30T19:15:37.319+0000] {subprocess.py:93} INFO - 25/11/30 19:15:37 INFO MemoryStore: Block broadcast_0_piece0 stored as bytes in memory (estimated size 37.1 KiB, free 434.3 MiB)
[2025-11-30T19:15:37.322+0000] {subprocess.py:93} INFO - 25/11/30 19:15:37 INFO BlockManagerInfo: Added broadcast_0_piece0 in memory on 76c6f5c40d8c:41795 (size: 37.1 KiB, free: 434.4 MiB)
[2025-11-30T19:15:37.327+0000] {subprocess.py:93} INFO - 25/11/30 19:15:37 INFO SparkContext: Created broadcast 0 from broadcast at DAGScheduler.scala:1580
[2025-11-30T19:15:37.345+0000] {subprocess.py:93} INFO - 25/11/30 19:15:37 INFO DAGScheduler: Submitting 1 missing tasks from ResultStage 0 (MapPartitionsRDD[1] at parquet at NativeMethodAccessorImpl.java:0) (first 15 tasks are for partitions Vector(0))
[2025-11-30T19:15:37.346+0000] {subprocess.py:93} INFO - 25/11/30 19:15:37 INFO TaskSchedulerImpl: Adding task set 0.0 with 1 tasks resource profile 0
[2025-11-30T19:15:37.415+0000] {subprocess.py:93} INFO - 25/11/30 19:15:37 INFO TaskSetManager: Starting task 0.0 in stage 0.0 (TID 0) (76c6f5c40d8c, executor driver, partition 0, PROCESS_LOCAL, 7842 bytes)
[2025-11-30T19:15:37.435+0000] {subprocess.py:93} INFO - 25/11/30 19:15:37 INFO Executor: Running task 0.0 in stage 0.0 (TID 0)
[2025-11-30T19:15:37.876+0000] {subprocess.py:93} INFO - 25/11/30 19:15:37 INFO Executor: Finished task 0.0 in stage 0.0 (TID 0). 1938 bytes result sent to driver
[2025-11-30T19:15:37.891+0000] {subprocess.py:93} INFO - 25/11/30 19:15:37 INFO TaskSetManager: Finished task 0.0 in stage 0.0 (TID 0) in 502 ms on 76c6f5c40d8c (executor driver) (1/1)
[2025-11-30T19:15:37.893+0000] {subprocess.py:93} INFO - 25/11/30 19:15:37 INFO TaskSchedulerImpl: Removed TaskSet 0.0, whose tasks have all completed, from pool
[2025-11-30T19:15:37.899+0000] {subprocess.py:93} INFO - 25/11/30 19:15:37 INFO DAGScheduler: ResultStage 0 (parquet at NativeMethodAccessorImpl.java:0) finished in 0.657 s
[2025-11-30T19:15:37.903+0000] {subprocess.py:93} INFO - 25/11/30 19:15:37 INFO DAGScheduler: Job 0 is finished. Cancelling potential speculative or zombie tasks for this job
[2025-11-30T19:15:37.904+0000] {subprocess.py:93} INFO - 25/11/30 19:15:37 INFO TaskSchedulerImpl: Killing all running tasks in stage 0: Stage finished
[2025-11-30T19:15:37.907+0000] {subprocess.py:93} INFO - 25/11/30 19:15:37 INFO DAGScheduler: Job 0 finished: parquet at NativeMethodAccessorImpl.java:0, took 0.711141 s
[2025-11-30T19:15:38.051+0000] {subprocess.py:93} INFO - 25/11/30 19:15:38 INFO BlockManagerInfo: Removed broadcast_0_piece0 on 76c6f5c40d8c:41795 in memory (size: 37.1 KiB, free: 434.4 MiB)
[2025-11-30T19:15:38.572+0000] {subprocess.py:93} INFO - 25/11/30 19:15:38 INFO InMemoryFileIndex: It took 4 ms to list leaf files for 1 paths.
[2025-11-30T19:15:38.603+0000] {subprocess.py:93} INFO - 25/11/30 19:15:38 INFO SparkContext: Starting job: parquet at NativeMethodAccessorImpl.java:0
[2025-11-30T19:15:38.604+0000] {subprocess.py:93} INFO - 25/11/30 19:15:38 INFO DAGScheduler: Got job 1 (parquet at NativeMethodAccessorImpl.java:0) with 1 output partitions
[2025-11-30T19:15:38.605+0000] {subprocess.py:93} INFO - 25/11/30 19:15:38 INFO DAGScheduler: Final stage: ResultStage 1 (parquet at NativeMethodAccessorImpl.java:0)
[2025-11-30T19:15:38.605+0000] {subprocess.py:93} INFO - 25/11/30 19:15:38 INFO DAGScheduler: Parents of final stage: List()
[2025-11-30T19:15:38.606+0000] {subprocess.py:93} INFO - 25/11/30 19:15:38 INFO DAGScheduler: Missing parents: List()
[2025-11-30T19:15:38.606+0000] {subprocess.py:93} INFO - 25/11/30 19:15:38 INFO DAGScheduler: Submitting ResultStage 1 (MapPartitionsRDD[3] at parquet at NativeMethodAccessorImpl.java:0), which has no missing parents
[2025-11-30T19:15:38.614+0000] {subprocess.py:93} INFO - 25/11/30 19:15:38 INFO MemoryStore: Block broadcast_1 stored as values in memory (estimated size 103.1 KiB, free 434.3 MiB)
[2025-11-30T19:15:38.621+0000] {subprocess.py:93} INFO - 25/11/30 19:15:38 INFO MemoryStore: Block broadcast_1_piece0 stored as bytes in memory (estimated size 37.1 KiB, free 434.3 MiB)
[2025-11-30T19:15:38.622+0000] {subprocess.py:93} INFO - 25/11/30 19:15:38 INFO BlockManagerInfo: Added broadcast_1_piece0 in memory on 76c6f5c40d8c:41795 (size: 37.1 KiB, free: 434.4 MiB)
[2025-11-30T19:15:38.623+0000] {subprocess.py:93} INFO - 25/11/30 19:15:38 INFO SparkContext: Created broadcast 1 from broadcast at DAGScheduler.scala:1580
[2025-11-30T19:15:38.624+0000] {subprocess.py:93} INFO - 25/11/30 19:15:38 INFO DAGScheduler: Submitting 1 missing tasks from ResultStage 1 (MapPartitionsRDD[3] at parquet at NativeMethodAccessorImpl.java:0) (first 15 tasks are for partitions Vector(0))
[2025-11-30T19:15:38.625+0000] {subprocess.py:93} INFO - 25/11/30 19:15:38 INFO TaskSchedulerImpl: Adding task set 1.0 with 1 tasks resource profile 0
[2025-11-30T19:15:38.627+0000] {subprocess.py:93} INFO - 25/11/30 19:15:38 INFO TaskSetManager: Starting task 0.0 in stage 1.0 (TID 1) (76c6f5c40d8c, executor driver, partition 0, PROCESS_LOCAL, 7834 bytes)
[2025-11-30T19:15:38.628+0000] {subprocess.py:93} INFO - 25/11/30 19:15:38 INFO Executor: Running task 0.0 in stage 1.0 (TID 1)
[2025-11-30T19:15:38.678+0000] {subprocess.py:93} INFO - 25/11/30 19:15:38 INFO Executor: Finished task 0.0 in stage 1.0 (TID 1). 1938 bytes result sent to driver
[2025-11-30T19:15:38.680+0000] {subprocess.py:93} INFO - 25/11/30 19:15:38 INFO TaskSetManager: Finished task 0.0 in stage 1.0 (TID 1) in 54 ms on 76c6f5c40d8c (executor driver) (1/1)
[2025-11-30T19:15:38.681+0000] {subprocess.py:93} INFO - 25/11/30 19:15:38 INFO TaskSchedulerImpl: Removed TaskSet 1.0, whose tasks have all completed, from pool
[2025-11-30T19:15:38.681+0000] {subprocess.py:93} INFO - 25/11/30 19:15:38 INFO DAGScheduler: ResultStage 1 (parquet at NativeMethodAccessorImpl.java:0) finished in 0.075 s
[2025-11-30T19:15:38.682+0000] {subprocess.py:93} INFO - 25/11/30 19:15:38 INFO DAGScheduler: Job 1 is finished. Cancelling potential speculative or zombie tasks for this job
[2025-11-30T19:15:38.682+0000] {subprocess.py:93} INFO - 25/11/30 19:15:38 INFO TaskSchedulerImpl: Killing all running tasks in stage 1: Stage finished
[2025-11-30T19:15:38.683+0000] {subprocess.py:93} INFO - 25/11/30 19:15:38 INFO DAGScheduler: Job 1 finished: parquet at NativeMethodAccessorImpl.java:0, took 0.079069 s
[2025-11-30T19:15:39.768+0000] {subprocess.py:93} INFO - 25/11/30 19:15:39 INFO FileSourceStrategy: Pushed Filters:
[2025-11-30T19:15:39.771+0000] {subprocess.py:93} INFO - 25/11/30 19:15:39 INFO FileSourceStrategy: Post-Scan Filters: atleastnnonnulls(7, description#0, link#1, price#2, location#3, bedrooms#4, bathrooms#5, area#6)
[2025-11-30T19:15:39.883+0000] {subprocess.py:93} INFO - 25/11/30 19:15:39 INFO BlockManagerInfo: Removed broadcast_1_piece0 on 76c6f5c40d8c:41795 in memory (size: 37.1 KiB, free: 434.4 MiB)
[2025-11-30T19:15:40.393+0000] {subprocess.py:93} INFO - 25/11/30 19:15:40 INFO CodeGenerator: Code generated in 342.608775 ms
[2025-11-30T19:15:40.409+0000] {subprocess.py:93} INFO - 25/11/30 19:15:40 INFO MemoryStore: Block broadcast_2 stored as values in memory (estimated size 201.5 KiB, free 434.2 MiB)
[2025-11-30T19:15:40.425+0000] {subprocess.py:93} INFO - 25/11/30 19:15:40 INFO MemoryStore: Block broadcast_2_piece0 stored as bytes in memory (estimated size 34.9 KiB, free 434.2 MiB)
[2025-11-30T19:15:40.427+0000] {subprocess.py:93} INFO - 25/11/30 19:15:40 INFO BlockManagerInfo: Added broadcast_2_piece0 in memory on 76c6f5c40d8c:41795 (size: 34.9 KiB, free: 434.4 MiB)
[2025-11-30T19:15:40.429+0000] {subprocess.py:93} INFO - 25/11/30 19:15:40 INFO SparkContext: Created broadcast 2 from parquet at NativeMethodAccessorImpl.java:0
[2025-11-30T19:15:40.448+0000] {subprocess.py:93} INFO - 25/11/30 19:15:40 INFO FileSourceScanExec: Planning scan with bin packing, max size: 4194304 bytes, open cost is considered as scanning 4194304 bytes.
[2025-11-30T19:15:40.551+0000] {subprocess.py:93} INFO - 25/11/30 19:15:40 INFO DAGScheduler: Registering RDD 7 (parquet at NativeMethodAccessorImpl.java:0) as input to shuffle 0
[2025-11-30T19:15:40.557+0000] {subprocess.py:93} INFO - 25/11/30 19:15:40 INFO DAGScheduler: Got map stage job 2 (parquet at NativeMethodAccessorImpl.java:0) with 1 output partitions
[2025-11-30T19:15:40.558+0000] {subprocess.py:93} INFO - 25/11/30 19:15:40 INFO DAGScheduler: Final stage: ShuffleMapStage 2 (parquet at NativeMethodAccessorImpl.java:0)
[2025-11-30T19:15:40.559+0000] {subprocess.py:93} INFO - 25/11/30 19:15:40 INFO DAGScheduler: Parents of final stage: List()
[2025-11-30T19:15:40.559+0000] {subprocess.py:93} INFO - 25/11/30 19:15:40 INFO DAGScheduler: Missing parents: List()
[2025-11-30T19:15:40.560+0000] {subprocess.py:93} INFO - 25/11/30 19:15:40 INFO DAGScheduler: Submitting ShuffleMapStage 2 (MapPartitionsRDD[7] at parquet at NativeMethodAccessorImpl.java:0), which has no missing parents
[2025-11-30T19:15:40.583+0000] {subprocess.py:93} INFO - 25/11/30 19:15:40 INFO MemoryStore: Block broadcast_3 stored as values in memory (estimated size 41.5 KiB, free 434.1 MiB)
[2025-11-30T19:15:40.592+0000] {subprocess.py:93} INFO - 25/11/30 19:15:40 INFO MemoryStore: Block broadcast_3_piece0 stored as bytes in memory (estimated size 15.8 KiB, free 434.1 MiB)
[2025-11-30T19:15:40.593+0000] {subprocess.py:93} INFO - 25/11/30 19:15:40 INFO BlockManagerInfo: Added broadcast_3_piece0 in memory on 76c6f5c40d8c:41795 (size: 15.8 KiB, free: 434.4 MiB)
[2025-11-30T19:15:40.594+0000] {subprocess.py:93} INFO - 25/11/30 19:15:40 INFO SparkContext: Created broadcast 3 from broadcast at DAGScheduler.scala:1580
[2025-11-30T19:15:40.596+0000] {subprocess.py:93} INFO - 25/11/30 19:15:40 INFO DAGScheduler: Submitting 1 missing tasks from ShuffleMapStage 2 (MapPartitionsRDD[7] at parquet at NativeMethodAccessorImpl.java:0) (first 15 tasks are for partitions Vector(0))
[2025-11-30T19:15:40.597+0000] {subprocess.py:93} INFO - 25/11/30 19:15:40 INFO TaskSchedulerImpl: Adding task set 2.0 with 1 tasks resource profile 0
[2025-11-30T19:15:40.605+0000] {subprocess.py:93} INFO - 25/11/30 19:15:40 INFO TaskSetManager: Starting task 0.0 in stage 2.0 (TID 2) (76c6f5c40d8c, executor driver, partition 0, ANY, 8299 bytes)
[2025-11-30T19:15:40.607+0000] {subprocess.py:93} INFO - 25/11/30 19:15:40 INFO Executor: Running task 0.0 in stage 2.0 (TID 2)
[2025-11-30T19:15:40.713+0000] {subprocess.py:93} INFO - 25/11/30 19:15:40 INFO CodeGenerator: Code generated in 58.234431 ms
[2025-11-30T19:15:40.751+0000] {subprocess.py:93} INFO - 25/11/30 19:15:40 INFO CodeGenerator: Code generated in 14.29882 ms
[2025-11-30T19:15:40.778+0000] {subprocess.py:93} INFO - 25/11/30 19:15:40 INFO CodeGenerator: Code generated in 6.863744 ms
[2025-11-30T19:15:40.814+0000] {subprocess.py:93} INFO - 25/11/30 19:15:40 INFO CodeGenerator: Code generated in 10.792438 ms
[2025-11-30T19:15:40.822+0000] {subprocess.py:93} INFO - 25/11/30 19:15:40 INFO FileScanRDD: Reading File path: hdfs://namenode:9000/datalake/bronze/dubizzle_all_listings_cairo/part-00000-4e7780e7-29cb-4c05-aff8-454f4159f528-c000.snappy.parquet, range: 0-303296, partition values: [empty row]
[2025-11-30T19:15:40.980+0000] {subprocess.py:93} INFO - 25/11/30 19:15:40 INFO CodecPool: Got brand-new decompressor [.snappy]
[2025-11-30T19:15:41.463+0000] {subprocess.py:93} INFO - 25/11/30 19:15:41 INFO Executor: Finished task 0.0 in stage 2.0 (TID 2). 3072 bytes result sent to driver
[2025-11-30T19:15:41.469+0000] {subprocess.py:93} INFO - 25/11/30 19:15:41 INFO TaskSetManager: Finished task 0.0 in stage 2.0 (TID 2) in 869 ms on 76c6f5c40d8c (executor driver) (1/1)
[2025-11-30T19:15:41.470+0000] {subprocess.py:93} INFO - 25/11/30 19:15:41 INFO TaskSchedulerImpl: Removed TaskSet 2.0, whose tasks have all completed, from pool
[2025-11-30T19:15:41.471+0000] {subprocess.py:93} INFO - 25/11/30 19:15:41 INFO DAGScheduler: ShuffleMapStage 2 (parquet at NativeMethodAccessorImpl.java:0) finished in 0.903 s
[2025-11-30T19:15:41.472+0000] {subprocess.py:93} INFO - 25/11/30 19:15:41 INFO DAGScheduler: looking for newly runnable stages
[2025-11-30T19:15:41.474+0000] {subprocess.py:93} INFO - 25/11/30 19:15:41 INFO DAGScheduler: running: Set()
[2025-11-30T19:15:41.474+0000] {subprocess.py:93} INFO - 25/11/30 19:15:41 INFO DAGScheduler: waiting: Set()
[2025-11-30T19:15:41.475+0000] {subprocess.py:93} INFO - 25/11/30 19:15:41 INFO DAGScheduler: failed: Set()
[2025-11-30T19:15:41.539+0000] {subprocess.py:93} INFO - 25/11/30 19:15:41 INFO ShufflePartitionsUtil: For shuffle(0), advisory target size: 67108864, actual target size 1048576, minimum partition size: 1048576
[2025-11-30T19:15:41.621+0000] {subprocess.py:93} INFO - 25/11/30 19:15:41 INFO ParquetUtils: Using default output committer for Parquet: org.apache.parquet.hadoop.ParquetOutputCommitter
[2025-11-30T19:15:41.702+0000] {subprocess.py:93} INFO - 25/11/30 19:15:41 INFO FileOutputCommitter: File Output Committer Algorithm version is 1
[2025-11-30T19:15:41.707+0000] {subprocess.py:93} INFO - 25/11/30 19:15:41 INFO FileOutputCommitter: FileOutputCommitter skip cleanup _temporary folders under output directory:false, ignore cleanup failures: false
[2025-11-30T19:15:41.708+0000] {subprocess.py:93} INFO - 25/11/30 19:15:41 INFO SQLHadoopMapReduceCommitProtocol: Using user defined output committer class org.apache.parquet.hadoop.ParquetOutputCommitter
[2025-11-30T19:15:41.709+0000] {subprocess.py:93} INFO - 25/11/30 19:15:41 INFO FileOutputCommitter: File Output Committer Algorithm version is 1
[2025-11-30T19:15:41.709+0000] {subprocess.py:93} INFO - 25/11/30 19:15:41 INFO FileOutputCommitter: FileOutputCommitter skip cleanup _temporary folders under output directory:false, ignore cleanup failures: false
[2025-11-30T19:15:41.709+0000] {subprocess.py:93} INFO - 25/11/30 19:15:41 INFO SQLHadoopMapReduceCommitProtocol: Using output committer class org.apache.parquet.hadoop.ParquetOutputCommitter
[2025-11-30T19:15:41.912+0000] {subprocess.py:93} INFO - 25/11/30 19:15:41 INFO CodeGenerator: Code generated in 130.007093 ms
[2025-11-30T19:15:42.109+0000] {subprocess.py:93} INFO - 25/11/30 19:15:41 INFO SparkContext: Starting job: parquet at NativeMethodAccessorImpl.java:0
[2025-11-30T19:15:42.110+0000] {subprocess.py:93} INFO - 25/11/30 19:15:41 INFO DAGScheduler: Got job 3 (parquet at NativeMethodAccessorImpl.java:0) with 1 output partitions
[2025-11-30T19:15:42.110+0000] {subprocess.py:93} INFO - 25/11/30 19:15:41 INFO DAGScheduler: Final stage: ResultStage 4 (parquet at NativeMethodAccessorImpl.java:0)
[2025-11-30T19:15:42.112+0000] {subprocess.py:93} INFO - 25/11/30 19:15:41 INFO DAGScheduler: Parents of final stage: List(ShuffleMapStage 3)
[2025-11-30T19:15:42.116+0000] {subprocess.py:93} INFO - 25/11/30 19:15:41 INFO DAGScheduler: Missing parents: List()
[2025-11-30T19:15:42.122+0000] {subprocess.py:93} INFO - 25/11/30 19:15:42 INFO DAGScheduler: Submitting ResultStage 4 (MapPartitionsRDD[10] at parquet at NativeMethodAccessorImpl.java:0), which has no missing parents
[2025-11-30T19:15:42.122+0000] {subprocess.py:93} INFO - 25/11/30 19:15:42 INFO MemoryStore: Block broadcast_4 stored as values in memory (estimated size 259.1 KiB, free 433.9 MiB)
[2025-11-30T19:15:42.128+0000] {subprocess.py:93} INFO - 25/11/30 19:15:42 INFO MemoryStore: Block broadcast_4_piece0 stored as bytes in memory (estimated size 93.9 KiB, free 433.8 MiB)
[2025-11-30T19:15:42.128+0000] {subprocess.py:93} INFO - 25/11/30 19:15:42 INFO BlockManagerInfo: Added broadcast_4_piece0 in memory on 76c6f5c40d8c:41795 (size: 93.9 KiB, free: 434.3 MiB)
[2025-11-30T19:15:42.129+0000] {subprocess.py:93} INFO - 25/11/30 19:15:42 INFO SparkContext: Created broadcast 4 from broadcast at DAGScheduler.scala:1580
[2025-11-30T19:15:42.130+0000] {subprocess.py:93} INFO - 25/11/30 19:15:42 INFO DAGScheduler: Submitting 1 missing tasks from ResultStage 4 (MapPartitionsRDD[10] at parquet at NativeMethodAccessorImpl.java:0) (first 15 tasks are for partitions Vector(0))
[2025-11-30T19:15:42.135+0000] {subprocess.py:93} INFO - 25/11/30 19:15:42 INFO TaskSchedulerImpl: Adding task set 4.0 with 1 tasks resource profile 0
[2025-11-30T19:15:42.137+0000] {subprocess.py:93} INFO - 25/11/30 19:15:42 INFO TaskSetManager: Starting task 0.0 in stage 4.0 (TID 3) (76c6f5c40d8c, executor driver, partition 0, NODE_LOCAL, 7615 bytes)
[2025-11-30T19:15:42.145+0000] {subprocess.py:93} INFO - 25/11/30 19:15:42 INFO Executor: Running task 0.0 in stage 4.0 (TID 3)
[2025-11-30T19:15:42.858+0000] {subprocess.py:93} INFO - 25/11/30 19:15:42 INFO ShuffleBlockFetcherIterator: Getting 1 (574.3 KiB) non-empty blocks including 1 (574.3 KiB) local and 0 (0.0 B) host-local and 0 (0.0 B) push-merged-local and 0 (0.0 B) remote blocks
[2025-11-30T19:15:42.872+0000] {subprocess.py:93} INFO - 25/11/30 19:15:42 INFO ShuffleBlockFetcherIterator: Started 0 remote fetches in 27 ms
[2025-11-30T19:15:42.874+0000] {subprocess.py:93} INFO - 25/11/30 19:15:42 INFO CodeGenerator: Code generated in 86.722365 ms
[2025-11-30T19:15:42.875+0000] {subprocess.py:93} INFO - 25/11/30 19:15:42 INFO FileOutputCommitter: File Output Committer Algorithm version is 1
[2025-11-30T19:15:42.876+0000] {subprocess.py:93} INFO - 25/11/30 19:15:42 INFO FileOutputCommitter: FileOutputCommitter skip cleanup _temporary folders under output directory:false, ignore cleanup failures: false
[2025-11-30T19:15:42.876+0000] {subprocess.py:93} INFO - 25/11/30 19:15:42 INFO SQLHadoopMapReduceCommitProtocol: Using user defined output committer class org.apache.parquet.hadoop.ParquetOutputCommitter
[2025-11-30T19:15:42.878+0000] {subprocess.py:93} INFO - 25/11/30 19:15:42 INFO FileOutputCommitter: File Output Committer Algorithm version is 1
[2025-11-30T19:15:42.878+0000] {subprocess.py:93} INFO - 25/11/30 19:15:42 INFO FileOutputCommitter: FileOutputCommitter skip cleanup _temporary folders under output directory:false, ignore cleanup failures: false
[2025-11-30T19:15:42.879+0000] {subprocess.py:93} INFO - 25/11/30 19:15:42 INFO SQLHadoopMapReduceCommitProtocol: Using output committer class org.apache.parquet.hadoop.ParquetOutputCommitter
[2025-11-30T19:15:42.880+0000] {subprocess.py:93} INFO - 25/11/30 19:15:42 INFO CodecConfig: Compression: SNAPPY
[2025-11-30T19:15:42.880+0000] {subprocess.py:93} INFO - 25/11/30 19:15:42 INFO CodecConfig: Compression: SNAPPY
[2025-11-30T19:15:42.881+0000] {subprocess.py:93} INFO - 25/11/30 19:15:42 INFO ParquetOutputFormat: ParquetRecordWriter [block size: 134217728b, row group padding size: 8388608b, validating: false]
[2025-11-30T19:15:42.881+0000] {subprocess.py:93} INFO - 25/11/30 19:15:42 INFO ParquetWriteSupport: Initialized Parquet WriteSupport with Catalyst schema:
[2025-11-30T19:15:42.882+0000] {subprocess.py:93} INFO - {
[2025-11-30T19:15:42.885+0000] {subprocess.py:93} INFO -   "type" : "struct",
[2025-11-30T19:15:42.888+0000] {subprocess.py:93} INFO -   "fields" : [ {
[2025-11-30T19:15:42.890+0000] {subprocess.py:93} INFO -     "name" : "description",
[2025-11-30T19:15:42.891+0000] {subprocess.py:93} INFO -     "type" : "string",
[2025-11-30T19:15:42.892+0000] {subprocess.py:93} INFO -     "nullable" : true,
[2025-11-30T19:15:42.892+0000] {subprocess.py:93} INFO -     "metadata" : { }
[2025-11-30T19:15:42.893+0000] {subprocess.py:93} INFO -   }, {
[2025-11-30T19:15:42.893+0000] {subprocess.py:93} INFO -     "name" : "link",
[2025-11-30T19:15:42.894+0000] {subprocess.py:93} INFO -     "type" : "string",
[2025-11-30T19:15:42.894+0000] {subprocess.py:93} INFO -     "nullable" : true,
[2025-11-30T19:15:42.895+0000] {subprocess.py:93} INFO -     "metadata" : { }
[2025-11-30T19:15:42.896+0000] {subprocess.py:93} INFO -   }, {
[2025-11-30T19:15:42.896+0000] {subprocess.py:93} INFO -     "name" : "price",
[2025-11-30T19:15:42.897+0000] {subprocess.py:93} INFO -     "type" : "double",
[2025-11-30T19:15:42.898+0000] {subprocess.py:93} INFO -     "nullable" : true,
[2025-11-30T19:15:42.898+0000] {subprocess.py:93} INFO -     "metadata" : { }
[2025-11-30T19:15:42.898+0000] {subprocess.py:93} INFO -   }, {
[2025-11-30T19:15:42.899+0000] {subprocess.py:93} INFO -     "name" : "location",
[2025-11-30T19:15:42.899+0000] {subprocess.py:93} INFO -     "type" : "string",
[2025-11-30T19:15:42.900+0000] {subprocess.py:93} INFO -     "nullable" : true,
[2025-11-30T19:15:42.900+0000] {subprocess.py:93} INFO -     "metadata" : { }
[2025-11-30T19:15:42.901+0000] {subprocess.py:93} INFO -   }, {
[2025-11-30T19:15:42.901+0000] {subprocess.py:93} INFO -     "name" : "bedrooms",
[2025-11-30T19:15:42.902+0000] {subprocess.py:93} INFO -     "type" : "integer",
[2025-11-30T19:15:42.902+0000] {subprocess.py:93} INFO -     "nullable" : true,
[2025-11-30T19:15:42.903+0000] {subprocess.py:93} INFO -     "metadata" : { }
[2025-11-30T19:15:42.903+0000] {subprocess.py:93} INFO -   }, {
[2025-11-30T19:15:42.904+0000] {subprocess.py:93} INFO -     "name" : "bathrooms",
[2025-11-30T19:15:42.904+0000] {subprocess.py:93} INFO -     "type" : "integer",
[2025-11-30T19:15:42.904+0000] {subprocess.py:93} INFO -     "nullable" : true,
[2025-11-30T19:15:42.905+0000] {subprocess.py:93} INFO -     "metadata" : { }
[2025-11-30T19:15:42.905+0000] {subprocess.py:93} INFO -   }, {
[2025-11-30T19:15:42.906+0000] {subprocess.py:93} INFO -     "name" : "area",
[2025-11-30T19:15:42.906+0000] {subprocess.py:93} INFO -     "type" : "double",
[2025-11-30T19:15:42.906+0000] {subprocess.py:93} INFO -     "nullable" : true,
[2025-11-30T19:15:42.907+0000] {subprocess.py:93} INFO -     "metadata" : { }
[2025-11-30T19:15:42.908+0000] {subprocess.py:93} INFO -   } ]
[2025-11-30T19:15:42.908+0000] {subprocess.py:93} INFO - }
[2025-11-30T19:15:42.909+0000] {subprocess.py:93} INFO - and corresponding Parquet message type:
[2025-11-30T19:15:42.909+0000] {subprocess.py:93} INFO - message spark_schema {
[2025-11-30T19:15:42.910+0000] {subprocess.py:93} INFO -   optional binary description (STRING);
[2025-11-30T19:15:42.910+0000] {subprocess.py:93} INFO -   optional binary link (STRING);
[2025-11-30T19:15:42.911+0000] {subprocess.py:93} INFO -   optional double price;
[2025-11-30T19:15:42.911+0000] {subprocess.py:93} INFO -   optional binary location (STRING);
[2025-11-30T19:15:42.911+0000] {subprocess.py:93} INFO -   optional int32 bedrooms;
[2025-11-30T19:15:42.912+0000] {subprocess.py:93} INFO -   optional int32 bathrooms;
[2025-11-30T19:15:42.912+0000] {subprocess.py:93} INFO -   optional double area;
[2025-11-30T19:15:42.913+0000] {subprocess.py:93} INFO - }
[2025-11-30T19:15:42.914+0000] {subprocess.py:93} INFO - 
[2025-11-30T19:15:42.915+0000] {subprocess.py:93} INFO - 
[2025-11-30T19:15:42.916+0000] {subprocess.py:93} INFO - 25/11/30 19:15:42 INFO CodecPool: Got brand-new compressor [.snappy]
[2025-11-30T19:15:42.916+0000] {subprocess.py:93} INFO - 25/11/30 19:15:42 INFO BlockManagerInfo: Removed broadcast_3_piece0 on 76c6f5c40d8c:41795 in memory (size: 15.8 KiB, free: 434.3 MiB)
[2025-11-30T19:15:43.118+0000] {subprocess.py:93} INFO - 25/11/30 19:15:43 INFO FileOutputCommitter: Saved output of task 'attempt_202511301915413416813187225023823_0004_m_000000_3' to hdfs://namenode:9000/datalake/silver/cleaned_dubbizle_cairo/_temporary/0/task_202511301915413416813187225023823_0004_m_000000
[2025-11-30T19:15:43.119+0000] {subprocess.py:93} INFO - 25/11/30 19:15:43 INFO SparkHadoopMapRedUtil: attempt_202511301915413416813187225023823_0004_m_000000_3: Committed. Elapsed time: 14 ms.
[2025-11-30T19:15:43.131+0000] {subprocess.py:93} INFO - 25/11/30 19:15:43 INFO Executor: Finished task 0.0 in stage 4.0 (TID 3). 6444 bytes result sent to driver
[2025-11-30T19:15:43.138+0000] {subprocess.py:93} INFO - 25/11/30 19:15:43 INFO TaskSetManager: Finished task 0.0 in stage 4.0 (TID 3) in 1009 ms on 76c6f5c40d8c (executor driver) (1/1)
[2025-11-30T19:15:43.139+0000] {subprocess.py:93} INFO - 25/11/30 19:15:43 INFO TaskSchedulerImpl: Removed TaskSet 4.0, whose tasks have all completed, from pool
[2025-11-30T19:15:43.141+0000] {subprocess.py:93} INFO - 25/11/30 19:15:43 INFO DAGScheduler: ResultStage 4 (parquet at NativeMethodAccessorImpl.java:0) finished in 1.116 s
[2025-11-30T19:15:43.143+0000] {subprocess.py:93} INFO - 25/11/30 19:15:43 INFO DAGScheduler: Job 3 is finished. Cancelling potential speculative or zombie tasks for this job
[2025-11-30T19:15:43.144+0000] {subprocess.py:93} INFO - 25/11/30 19:15:43 INFO TaskSchedulerImpl: Killing all running tasks in stage 4: Stage finished
[2025-11-30T19:15:43.144+0000] {subprocess.py:93} INFO - 25/11/30 19:15:43 INFO DAGScheduler: Job 3 finished: parquet at NativeMethodAccessorImpl.java:0, took 1.146602 s
[2025-11-30T19:15:43.148+0000] {subprocess.py:93} INFO - 25/11/30 19:15:43 INFO FileFormatWriter: Start to commit write Job b8ef06b9-6d3a-4e0f-9e83-861441823ae7.
[2025-11-30T19:15:43.221+0000] {subprocess.py:93} INFO - 25/11/30 19:15:43 INFO FileFormatWriter: Write Job b8ef06b9-6d3a-4e0f-9e83-861441823ae7 committed. Elapsed time: 70 ms.
[2025-11-30T19:15:43.226+0000] {subprocess.py:93} INFO - 25/11/30 19:15:43 INFO FileFormatWriter: Finished processing stats for write job b8ef06b9-6d3a-4e0f-9e83-861441823ae7.
[2025-11-30T19:15:43.304+0000] {subprocess.py:93} INFO - 25/11/30 19:15:43 INFO FileSourceStrategy: Pushed Filters:
[2025-11-30T19:15:43.305+0000] {subprocess.py:93} INFO - 25/11/30 19:15:43 INFO FileSourceStrategy: Post-Scan Filters: atleastnnonnulls(7, description#14, link#15, price#16, location#17, bedrooms#18, bathrooms#19, area#20)
[2025-11-30T19:15:43.379+0000] {subprocess.py:93} INFO - 25/11/30 19:15:43 INFO MemoryStore: Block broadcast_5 stored as values in memory (estimated size 201.5 KiB, free 433.6 MiB)
[2025-11-30T19:15:43.389+0000] {subprocess.py:93} INFO - 25/11/30 19:15:43 INFO MemoryStore: Block broadcast_5_piece0 stored as bytes in memory (estimated size 34.9 KiB, free 433.6 MiB)
[2025-11-30T19:15:43.397+0000] {subprocess.py:93} INFO - 25/11/30 19:15:43 INFO BlockManagerInfo: Added broadcast_5_piece0 in memory on 76c6f5c40d8c:41795 (size: 34.9 KiB, free: 434.2 MiB)
[2025-11-30T19:15:43.398+0000] {subprocess.py:93} INFO - 25/11/30 19:15:43 INFO SparkContext: Created broadcast 5 from parquet at NativeMethodAccessorImpl.java:0
[2025-11-30T19:15:43.399+0000] {subprocess.py:93} INFO - 25/11/30 19:15:43 INFO FileSourceScanExec: Planning scan with bin packing, max size: 4194304 bytes, open cost is considered as scanning 4194304 bytes.
[2025-11-30T19:15:43.415+0000] {subprocess.py:93} INFO - 25/11/30 19:15:43 INFO DAGScheduler: Registering RDD 14 (parquet at NativeMethodAccessorImpl.java:0) as input to shuffle 1
[2025-11-30T19:15:43.415+0000] {subprocess.py:93} INFO - 25/11/30 19:15:43 INFO DAGScheduler: Got map stage job 4 (parquet at NativeMethodAccessorImpl.java:0) with 1 output partitions
[2025-11-30T19:15:43.416+0000] {subprocess.py:93} INFO - 25/11/30 19:15:43 INFO DAGScheduler: Final stage: ShuffleMapStage 5 (parquet at NativeMethodAccessorImpl.java:0)
[2025-11-30T19:15:43.417+0000] {subprocess.py:93} INFO - 25/11/30 19:15:43 INFO DAGScheduler: Parents of final stage: List()
[2025-11-30T19:15:43.418+0000] {subprocess.py:93} INFO - 25/11/30 19:15:43 INFO DAGScheduler: Missing parents: List()
[2025-11-30T19:15:43.422+0000] {subprocess.py:93} INFO - 25/11/30 19:15:43 INFO DAGScheduler: Submitting ShuffleMapStage 5 (MapPartitionsRDD[14] at parquet at NativeMethodAccessorImpl.java:0), which has no missing parents
[2025-11-30T19:15:43.431+0000] {subprocess.py:93} INFO - 25/11/30 19:15:43 INFO MemoryStore: Block broadcast_6 stored as values in memory (estimated size 41.5 KiB, free 433.6 MiB)
[2025-11-30T19:15:43.434+0000] {subprocess.py:93} INFO - 25/11/30 19:15:43 INFO MemoryStore: Block broadcast_6_piece0 stored as bytes in memory (estimated size 15.8 KiB, free 433.5 MiB)
[2025-11-30T19:15:43.435+0000] {subprocess.py:93} INFO - 25/11/30 19:15:43 INFO BlockManagerInfo: Added broadcast_6_piece0 in memory on 76c6f5c40d8c:41795 (size: 15.8 KiB, free: 434.2 MiB)
[2025-11-30T19:15:43.435+0000] {subprocess.py:93} INFO - 25/11/30 19:15:43 INFO SparkContext: Created broadcast 6 from broadcast at DAGScheduler.scala:1580
[2025-11-30T19:15:43.436+0000] {subprocess.py:93} INFO - 25/11/30 19:15:43 INFO DAGScheduler: Submitting 1 missing tasks from ShuffleMapStage 5 (MapPartitionsRDD[14] at parquet at NativeMethodAccessorImpl.java:0) (first 15 tasks are for partitions Vector(0))
[2025-11-30T19:15:43.437+0000] {subprocess.py:93} INFO - 25/11/30 19:15:43 INFO TaskSchedulerImpl: Adding task set 5.0 with 1 tasks resource profile 0
[2025-11-30T19:15:43.439+0000] {subprocess.py:93} INFO - 25/11/30 19:15:43 INFO TaskSetManager: Starting task 0.0 in stage 5.0 (TID 4) (76c6f5c40d8c, executor driver, partition 0, ANY, 8291 bytes)
[2025-11-30T19:15:43.440+0000] {subprocess.py:93} INFO - 25/11/30 19:15:43 INFO Executor: Running task 0.0 in stage 5.0 (TID 4)
[2025-11-30T19:15:43.468+0000] {subprocess.py:93} INFO - 25/11/30 19:15:43 INFO FileScanRDD: Reading File path: hdfs://namenode:9000/datalake/bronze/dubbizle_alexandria/part-00000-2fee7958-4bae-4dd2-839a-e57121a4f18c-c000.snappy.parquet, range: 0-182838, partition values: [empty row]
[2025-11-30T19:15:43.515+0000] {subprocess.py:93} INFO - 25/11/30 19:15:43 INFO BlockManagerInfo: Removed broadcast_4_piece0 on 76c6f5c40d8c:41795 in memory (size: 93.9 KiB, free: 434.3 MiB)
[2025-11-30T19:15:43.586+0000] {subprocess.py:93} INFO - 25/11/30 19:15:43 INFO Executor: Finished task 0.0 in stage 5.0 (TID 4). 3029 bytes result sent to driver
[2025-11-30T19:15:43.587+0000] {subprocess.py:93} INFO - 25/11/30 19:15:43 INFO TaskSetManager: Finished task 0.0 in stage 5.0 (TID 4) in 149 ms on 76c6f5c40d8c (executor driver) (1/1)
[2025-11-30T19:15:43.588+0000] {subprocess.py:93} INFO - 25/11/30 19:15:43 INFO TaskSchedulerImpl: Removed TaskSet 5.0, whose tasks have all completed, from pool
[2025-11-30T19:15:43.589+0000] {subprocess.py:93} INFO - 25/11/30 19:15:43 INFO DAGScheduler: ShuffleMapStage 5 (parquet at NativeMethodAccessorImpl.java:0) finished in 0.164 s
[2025-11-30T19:15:43.589+0000] {subprocess.py:93} INFO - 25/11/30 19:15:43 INFO DAGScheduler: looking for newly runnable stages
[2025-11-30T19:15:43.590+0000] {subprocess.py:93} INFO - 25/11/30 19:15:43 INFO DAGScheduler: running: Set()
[2025-11-30T19:15:43.590+0000] {subprocess.py:93} INFO - 25/11/30 19:15:43 INFO DAGScheduler: waiting: Set()
[2025-11-30T19:15:43.591+0000] {subprocess.py:93} INFO - 25/11/30 19:15:43 INFO DAGScheduler: failed: Set()
[2025-11-30T19:15:43.593+0000] {subprocess.py:93} INFO - 25/11/30 19:15:43 INFO ShufflePartitionsUtil: For shuffle(1), advisory target size: 67108864, actual target size 1048576, minimum partition size: 1048576
[2025-11-30T19:15:43.633+0000] {subprocess.py:93} INFO - 25/11/30 19:15:43 INFO ParquetUtils: Using default output committer for Parquet: org.apache.parquet.hadoop.ParquetOutputCommitter
[2025-11-30T19:15:43.634+0000] {subprocess.py:93} INFO - 25/11/30 19:15:43 INFO FileOutputCommitter: File Output Committer Algorithm version is 1
[2025-11-30T19:15:43.634+0000] {subprocess.py:93} INFO - 25/11/30 19:15:43 INFO FileOutputCommitter: FileOutputCommitter skip cleanup _temporary folders under output directory:false, ignore cleanup failures: false
[2025-11-30T19:15:43.634+0000] {subprocess.py:93} INFO - 25/11/30 19:15:43 INFO SQLHadoopMapReduceCommitProtocol: Using user defined output committer class org.apache.parquet.hadoop.ParquetOutputCommitter
[2025-11-30T19:15:43.635+0000] {subprocess.py:93} INFO - 25/11/30 19:15:43 INFO FileOutputCommitter: File Output Committer Algorithm version is 1
[2025-11-30T19:15:43.635+0000] {subprocess.py:93} INFO - 25/11/30 19:15:43 INFO FileOutputCommitter: FileOutputCommitter skip cleanup _temporary folders under output directory:false, ignore cleanup failures: false
[2025-11-30T19:15:43.635+0000] {subprocess.py:93} INFO - 25/11/30 19:15:43 INFO SQLHadoopMapReduceCommitProtocol: Using output committer class org.apache.parquet.hadoop.ParquetOutputCommitter
[2025-11-30T19:15:43.694+0000] {subprocess.py:93} INFO - 25/11/30 19:15:43 INFO SparkContext: Starting job: parquet at NativeMethodAccessorImpl.java:0
[2025-11-30T19:15:43.695+0000] {subprocess.py:93} INFO - 25/11/30 19:15:43 INFO DAGScheduler: Got job 5 (parquet at NativeMethodAccessorImpl.java:0) with 1 output partitions
[2025-11-30T19:15:43.696+0000] {subprocess.py:93} INFO - 25/11/30 19:15:43 INFO DAGScheduler: Final stage: ResultStage 7 (parquet at NativeMethodAccessorImpl.java:0)
[2025-11-30T19:15:43.696+0000] {subprocess.py:93} INFO - 25/11/30 19:15:43 INFO DAGScheduler: Parents of final stage: List(ShuffleMapStage 6)
[2025-11-30T19:15:43.697+0000] {subprocess.py:93} INFO - 25/11/30 19:15:43 INFO DAGScheduler: Missing parents: List()
[2025-11-30T19:15:43.697+0000] {subprocess.py:93} INFO - 25/11/30 19:15:43 INFO DAGScheduler: Submitting ResultStage 7 (MapPartitionsRDD[17] at parquet at NativeMethodAccessorImpl.java:0), which has no missing parents
[2025-11-30T19:15:43.711+0000] {subprocess.py:93} INFO - 25/11/30 19:15:43 INFO MemoryStore: Block broadcast_7 stored as values in memory (estimated size 260.7 KiB, free 433.6 MiB)
[2025-11-30T19:15:43.717+0000] {subprocess.py:93} INFO - 25/11/30 19:15:43 INFO MemoryStore: Block broadcast_7_piece0 stored as bytes in memory (estimated size 94.1 KiB, free 433.5 MiB)
[2025-11-30T19:15:43.718+0000] {subprocess.py:93} INFO - 25/11/30 19:15:43 INFO BlockManagerInfo: Added broadcast_7_piece0 in memory on 76c6f5c40d8c:41795 (size: 94.1 KiB, free: 434.2 MiB)
[2025-11-30T19:15:43.718+0000] {subprocess.py:93} INFO - 25/11/30 19:15:43 INFO SparkContext: Created broadcast 7 from broadcast at DAGScheduler.scala:1580
[2025-11-30T19:15:43.719+0000] {subprocess.py:93} INFO - 25/11/30 19:15:43 INFO DAGScheduler: Submitting 1 missing tasks from ResultStage 7 (MapPartitionsRDD[17] at parquet at NativeMethodAccessorImpl.java:0) (first 15 tasks are for partitions Vector(0))
[2025-11-30T19:15:43.720+0000] {subprocess.py:93} INFO - 25/11/30 19:15:43 INFO TaskSchedulerImpl: Adding task set 7.0 with 1 tasks resource profile 0
[2025-11-30T19:15:43.721+0000] {subprocess.py:93} INFO - 25/11/30 19:15:43 INFO TaskSetManager: Starting task 0.0 in stage 7.0 (TID 5) (76c6f5c40d8c, executor driver, partition 0, NODE_LOCAL, 7615 bytes)
[2025-11-30T19:15:43.722+0000] {subprocess.py:93} INFO - 25/11/30 19:15:43 INFO Executor: Running task 0.0 in stage 7.0 (TID 5)
[2025-11-30T19:15:43.737+0000] {subprocess.py:93} INFO - 25/11/30 19:15:43 INFO ShuffleBlockFetcherIterator: Getting 1 (350.1 KiB) non-empty blocks including 1 (350.1 KiB) local and 0 (0.0 B) host-local and 0 (0.0 B) push-merged-local and 0 (0.0 B) remote blocks
[2025-11-30T19:15:43.738+0000] {subprocess.py:93} INFO - 25/11/30 19:15:43 INFO ShuffleBlockFetcherIterator: Started 0 remote fetches in 0 ms
[2025-11-30T19:15:43.738+0000] {subprocess.py:93} INFO - 25/11/30 19:15:43 INFO FileOutputCommitter: File Output Committer Algorithm version is 1
[2025-11-30T19:15:43.738+0000] {subprocess.py:93} INFO - 25/11/30 19:15:43 INFO FileOutputCommitter: FileOutputCommitter skip cleanup _temporary folders under output directory:false, ignore cleanup failures: false
[2025-11-30T19:15:43.739+0000] {subprocess.py:93} INFO - 25/11/30 19:15:43 INFO SQLHadoopMapReduceCommitProtocol: Using user defined output committer class org.apache.parquet.hadoop.ParquetOutputCommitter
[2025-11-30T19:15:43.739+0000] {subprocess.py:93} INFO - 25/11/30 19:15:43 INFO FileOutputCommitter: File Output Committer Algorithm version is 1
[2025-11-30T19:15:43.740+0000] {subprocess.py:93} INFO - 25/11/30 19:15:43 INFO FileOutputCommitter: FileOutputCommitter skip cleanup _temporary folders under output directory:false, ignore cleanup failures: false
[2025-11-30T19:15:43.740+0000] {subprocess.py:93} INFO - 25/11/30 19:15:43 INFO SQLHadoopMapReduceCommitProtocol: Using output committer class org.apache.parquet.hadoop.ParquetOutputCommitter
[2025-11-30T19:15:43.740+0000] {subprocess.py:93} INFO - 25/11/30 19:15:43 INFO CodecConfig: Compression: SNAPPY
[2025-11-30T19:15:43.741+0000] {subprocess.py:93} INFO - 25/11/30 19:15:43 INFO CodecConfig: Compression: SNAPPY
[2025-11-30T19:15:43.741+0000] {subprocess.py:93} INFO - 25/11/30 19:15:43 INFO ParquetOutputFormat: ParquetRecordWriter [block size: 134217728b, row group padding size: 8388608b, validating: false]
[2025-11-30T19:15:43.743+0000] {subprocess.py:93} INFO - 25/11/30 19:15:43 INFO ParquetWriteSupport: Initialized Parquet WriteSupport with Catalyst schema:
[2025-11-30T19:15:43.743+0000] {subprocess.py:93} INFO - {
[2025-11-30T19:15:43.744+0000] {subprocess.py:93} INFO -   "type" : "struct",
[2025-11-30T19:15:43.744+0000] {subprocess.py:93} INFO -   "fields" : [ {
[2025-11-30T19:15:43.745+0000] {subprocess.py:93} INFO -     "name" : "description",
[2025-11-30T19:15:43.745+0000] {subprocess.py:93} INFO -     "type" : "string",
[2025-11-30T19:15:43.745+0000] {subprocess.py:93} INFO -     "nullable" : true,
[2025-11-30T19:15:43.745+0000] {subprocess.py:93} INFO -     "metadata" : { }
[2025-11-30T19:15:43.746+0000] {subprocess.py:93} INFO -   }, {
[2025-11-30T19:15:43.746+0000] {subprocess.py:93} INFO -     "name" : "link",
[2025-11-30T19:15:43.747+0000] {subprocess.py:93} INFO -     "type" : "string",
[2025-11-30T19:15:43.747+0000] {subprocess.py:93} INFO -     "nullable" : true,
[2025-11-30T19:15:43.747+0000] {subprocess.py:93} INFO -     "metadata" : { }
[2025-11-30T19:15:43.748+0000] {subprocess.py:93} INFO -   }, {
[2025-11-30T19:15:43.748+0000] {subprocess.py:93} INFO -     "name" : "price",
[2025-11-30T19:15:43.748+0000] {subprocess.py:93} INFO -     "type" : "double",
[2025-11-30T19:15:43.749+0000] {subprocess.py:93} INFO -     "nullable" : true,
[2025-11-30T19:15:43.749+0000] {subprocess.py:93} INFO -     "metadata" : { }
[2025-11-30T19:15:43.749+0000] {subprocess.py:93} INFO -   }, {
[2025-11-30T19:15:43.750+0000] {subprocess.py:93} INFO -     "name" : "location",
[2025-11-30T19:15:43.750+0000] {subprocess.py:93} INFO -     "type" : "string",
[2025-11-30T19:15:43.750+0000] {subprocess.py:93} INFO -     "nullable" : true,
[2025-11-30T19:15:43.751+0000] {subprocess.py:93} INFO -     "metadata" : { }
[2025-11-30T19:15:43.751+0000] {subprocess.py:93} INFO -   }, {
[2025-11-30T19:15:43.752+0000] {subprocess.py:93} INFO -     "name" : "bedrooms",
[2025-11-30T19:15:43.752+0000] {subprocess.py:93} INFO -     "type" : "integer",
[2025-11-30T19:15:43.752+0000] {subprocess.py:93} INFO -     "nullable" : true,
[2025-11-30T19:15:43.753+0000] {subprocess.py:93} INFO -     "metadata" : { }
[2025-11-30T19:15:43.753+0000] {subprocess.py:93} INFO -   }, {
[2025-11-30T19:15:43.754+0000] {subprocess.py:93} INFO -     "name" : "bathrooms",
[2025-11-30T19:15:43.754+0000] {subprocess.py:93} INFO -     "type" : "integer",
[2025-11-30T19:15:43.755+0000] {subprocess.py:93} INFO -     "nullable" : true,
[2025-11-30T19:15:43.755+0000] {subprocess.py:93} INFO -     "metadata" : { }
[2025-11-30T19:15:43.755+0000] {subprocess.py:93} INFO -   }, {
[2025-11-30T19:15:43.756+0000] {subprocess.py:93} INFO -     "name" : "area",
[2025-11-30T19:15:43.756+0000] {subprocess.py:93} INFO -     "type" : "double",
[2025-11-30T19:15:43.756+0000] {subprocess.py:93} INFO -     "nullable" : true,
[2025-11-30T19:15:43.757+0000] {subprocess.py:93} INFO -     "metadata" : { }
[2025-11-30T19:15:43.757+0000] {subprocess.py:93} INFO -   } ]
[2025-11-30T19:15:43.758+0000] {subprocess.py:93} INFO - }
[2025-11-30T19:15:43.758+0000] {subprocess.py:93} INFO - and corresponding Parquet message type:
[2025-11-30T19:15:43.759+0000] {subprocess.py:93} INFO - message spark_schema {
[2025-11-30T19:15:43.759+0000] {subprocess.py:93} INFO -   optional binary description (STRING);
[2025-11-30T19:15:43.759+0000] {subprocess.py:93} INFO -   optional binary link (STRING);
[2025-11-30T19:15:43.760+0000] {subprocess.py:93} INFO -   optional double price;
[2025-11-30T19:15:43.760+0000] {subprocess.py:93} INFO -   optional binary location (STRING);
[2025-11-30T19:15:43.760+0000] {subprocess.py:93} INFO -   optional int32 bedrooms;
[2025-11-30T19:15:43.761+0000] {subprocess.py:93} INFO -   optional int32 bathrooms;
[2025-11-30T19:15:43.761+0000] {subprocess.py:93} INFO -   optional double area;
[2025-11-30T19:15:43.762+0000] {subprocess.py:93} INFO - }
[2025-11-30T19:15:43.762+0000] {subprocess.py:93} INFO - 
[2025-11-30T19:15:43.762+0000] {subprocess.py:93} INFO - 
[2025-11-30T19:15:43.782+0000] {subprocess.py:93} INFO - 25/11/30 19:15:43 INFO BlockManagerInfo: Removed broadcast_2_piece0 on 76c6f5c40d8c:41795 in memory (size: 34.9 KiB, free: 434.3 MiB)
[2025-11-30T19:15:43.787+0000] {subprocess.py:93} INFO - 25/11/30 19:15:43 INFO BlockManagerInfo: Removed broadcast_6_piece0 on 76c6f5c40d8c:41795 in memory (size: 15.8 KiB, free: 434.3 MiB)
[2025-11-30T19:15:44.228+0000] {subprocess.py:93} INFO - 25/11/30 19:15:44 INFO FileOutputCommitter: Saved output of task 'attempt_20251130191543556655135864486119_0007_m_000000_5' to hdfs://namenode:9000/datalake/silver/cleaned_dubbizle_alexandria/_temporary/0/task_20251130191543556655135864486119_0007_m_000000
[2025-11-30T19:15:44.229+0000] {subprocess.py:93} INFO - 25/11/30 19:15:44 INFO SparkHadoopMapRedUtil: attempt_20251130191543556655135864486119_0007_m_000000_5: Committed. Elapsed time: 6 ms.
[2025-11-30T19:15:44.230+0000] {subprocess.py:93} INFO - 25/11/30 19:15:44 INFO Executor: Finished task 0.0 in stage 7.0 (TID 5). 6401 bytes result sent to driver
[2025-11-30T19:15:44.234+0000] {subprocess.py:93} INFO - 25/11/30 19:15:44 INFO TaskSetManager: Finished task 0.0 in stage 7.0 (TID 5) in 512 ms on 76c6f5c40d8c (executor driver) (1/1)
[2025-11-30T19:15:44.234+0000] {subprocess.py:93} INFO - 25/11/30 19:15:44 INFO TaskSchedulerImpl: Removed TaskSet 7.0, whose tasks have all completed, from pool
[2025-11-30T19:15:44.235+0000] {subprocess.py:93} INFO - 25/11/30 19:15:44 INFO DAGScheduler: ResultStage 7 (parquet at NativeMethodAccessorImpl.java:0) finished in 0.533 s
[2025-11-30T19:15:44.236+0000] {subprocess.py:93} INFO - 25/11/30 19:15:44 INFO DAGScheduler: Job 5 is finished. Cancelling potential speculative or zombie tasks for this job
[2025-11-30T19:15:44.236+0000] {subprocess.py:93} INFO - 25/11/30 19:15:44 INFO TaskSchedulerImpl: Killing all running tasks in stage 7: Stage finished
[2025-11-30T19:15:44.237+0000] {subprocess.py:93} INFO - 25/11/30 19:15:44 INFO DAGScheduler: Job 5 finished: parquet at NativeMethodAccessorImpl.java:0, took 0.543533 s
[2025-11-30T19:15:44.241+0000] {subprocess.py:93} INFO - 25/11/30 19:15:44 INFO FileFormatWriter: Start to commit write Job 26286ac0-6fe1-4bec-a39d-342843ea5323.
[2025-11-30T19:15:44.267+0000] {subprocess.py:93} INFO - 25/11/30 19:15:44 INFO FileFormatWriter: Write Job 26286ac0-6fe1-4bec-a39d-342843ea5323 committed. Elapsed time: 25 ms.
[2025-11-30T19:15:44.268+0000] {subprocess.py:93} INFO - 25/11/30 19:15:44 INFO FileFormatWriter: Finished processing stats for write job 26286ac0-6fe1-4bec-a39d-342843ea5323.
[2025-11-30T19:15:44.268+0000] {subprocess.py:93} INFO -  Dubbizle cleaned data saved to Silver layer
[2025-11-30T19:15:44.270+0000] {subprocess.py:93} INFO - 25/11/30 19:15:44 INFO SparkContext: SparkContext is stopping with exitCode 0.
[2025-11-30T19:15:44.282+0000] {subprocess.py:93} INFO - 25/11/30 19:15:44 INFO SparkUI: Stopped Spark web UI at http://76c6f5c40d8c:4043
[2025-11-30T19:15:44.295+0000] {subprocess.py:93} INFO - 25/11/30 19:15:44 INFO MapOutputTrackerMasterEndpoint: MapOutputTrackerMasterEndpoint stopped!
[2025-11-30T19:15:44.317+0000] {subprocess.py:93} INFO - 25/11/30 19:15:44 INFO MemoryStore: MemoryStore cleared
[2025-11-30T19:15:44.318+0000] {subprocess.py:93} INFO - 25/11/30 19:15:44 INFO BlockManager: BlockManager stopped
[2025-11-30T19:15:44.322+0000] {subprocess.py:93} INFO - 25/11/30 19:15:44 INFO BlockManagerMaster: BlockManagerMaster stopped
[2025-11-30T19:15:44.324+0000] {subprocess.py:93} INFO - 25/11/30 19:15:44 INFO OutputCommitCoordinator$OutputCommitCoordinatorEndpoint: OutputCommitCoordinator stopped!
[2025-11-30T19:15:44.333+0000] {subprocess.py:93} INFO - 25/11/30 19:15:44 INFO SparkContext: Successfully stopped SparkContext
[2025-11-30T19:15:44.741+0000] {subprocess.py:93} INFO - 25/11/30 19:15:44 INFO ShutdownHookManager: Shutdown hook called
[2025-11-30T19:15:44.742+0000] {subprocess.py:93} INFO - 25/11/30 19:15:44 INFO ShutdownHookManager: Deleting directory /tmp/spark-d9d65765-2103-472a-bf5d-04c1b881e16e
[2025-11-30T19:15:44.744+0000] {subprocess.py:93} INFO - 25/11/30 19:15:44 INFO ShutdownHookManager: Deleting directory /tmp/spark-d9d65765-2103-472a-bf5d-04c1b881e16e/pyspark-7c3cebc8-d4bc-43a2-8320-596923037240
[2025-11-30T19:15:44.746+0000] {subprocess.py:93} INFO - 25/11/30 19:15:44 INFO ShutdownHookManager: Deleting directory /tmp/spark-4fc0aac2-e16b-4d8f-8668-bfc758fb4b4c
[2025-11-30T19:15:44.788+0000] {subprocess.py:97} INFO - Command exited with return code 0
[2025-11-30T19:15:44.819+0000] {taskinstance.py:441} INFO - ::group::Post task execution logs
[2025-11-30T19:15:44.846+0000] {taskinstance.py:1206} INFO - Marking task as SUCCESS. dag_id=real_estate_etl_pipeline, task_id=clean_dubbizle, run_id=manual__2025-11-30T18:25:30.102845+00:00, execution_date=20251130T182530, start_date=20251130T191530, end_date=20251130T191544
[2025-11-30T19:15:44.890+0000] {local_task_job_runner.py:240} INFO - Task exited with return code 0
[2025-11-30T19:15:44.920+0000] {taskinstance.py:3503} INFO - 1 downstream tasks scheduled from follow-on schedule check
[2025-11-30T19:15:44.942+0000] {local_task_job_runner.py:222} INFO - ::endgroup::
