[2025-11-30T19:02:05.145+0000] {local_task_job_runner.py:120} INFO - ::group::Pre task execution logs
[2025-11-30T19:02:05.196+0000] {taskinstance.py:2076} INFO - Dependencies all met for dep_context=non-requeueable deps ti=<TaskInstance: real_estate_etl_pipeline.clean_dubbizle manual__2025-11-30T18:25:30.102845+00:00 [queued]>
[2025-11-30T19:02:05.215+0000] {taskinstance.py:2076} INFO - Dependencies all met for dep_context=requeueable deps ti=<TaskInstance: real_estate_etl_pipeline.clean_dubbizle manual__2025-11-30T18:25:30.102845+00:00 [queued]>
[2025-11-30T19:02:05.217+0000] {taskinstance.py:2306} INFO - Starting attempt 4 of 5
[2025-11-30T19:02:05.239+0000] {taskinstance.py:2330} INFO - Executing <Task(BashOperator): clean_dubbizle> on 2025-11-30 18:25:30.102845+00:00
[2025-11-30T19:02:05.253+0000] {warnings.py:112} WARNING - /home/***/.local/lib/python3.12/site-packages/***/task/task_runner/standard_task_runner.py:61: DeprecationWarning: This process (pid=407) is multi-threaded, use of fork() may lead to deadlocks in the child.
  pid = os.fork()

[2025-11-30T19:02:05.256+0000] {standard_task_runner.py:90} INFO - Running: ['***', 'tasks', 'run', 'real_estate_etl_pipeline', 'clean_dubbizle', 'manual__2025-11-30T18:25:30.102845+00:00', '--job-id', '26', '--raw', '--subdir', 'DAGS_FOLDER/scraping_dag.py', '--cfg-path', '/tmp/tmpeka2izhu']
[2025-11-30T19:02:05.263+0000] {standard_task_runner.py:63} INFO - Started process 409 to run task
[2025-11-30T19:02:05.263+0000] {standard_task_runner.py:91} INFO - Job 26: Subtask clean_dubbizle
[2025-11-30T19:02:05.357+0000] {task_command.py:426} INFO - Running <TaskInstance: real_estate_etl_pipeline.clean_dubbizle manual__2025-11-30T18:25:30.102845+00:00 [running]> on host 9a9a5f972fcd
[2025-11-30T19:02:05.515+0000] {taskinstance.py:2648} INFO - Exporting env vars: AIRFLOW_CTX_DAG_OWNER='***' AIRFLOW_CTX_DAG_ID='real_estate_etl_pipeline' AIRFLOW_CTX_TASK_ID='clean_dubbizle' AIRFLOW_CTX_EXECUTION_DATE='2025-11-30T18:25:30.102845+00:00' AIRFLOW_CTX_TRY_NUMBER='4' AIRFLOW_CTX_DAG_RUN_ID='manual__2025-11-30T18:25:30.102845+00:00'
[2025-11-30T19:02:05.518+0000] {taskinstance.py:430} INFO - ::endgroup::
[2025-11-30T19:02:05.520+0000] {subprocess.py:63} INFO - Tmp dir root location: /tmp
[2025-11-30T19:02:05.522+0000] {subprocess.py:75} INFO - Running command: ['/usr/bin/bash', '-c', 'docker exec jupyter spark-submit --master local[*] /data/Cleaning_Layer_Pyspark/clean_dubbizle.py']
[2025-11-30T19:02:05.541+0000] {subprocess.py:86} INFO - Output:
[2025-11-30T19:02:09.041+0000] {subprocess.py:93} INFO - 25/11/30 19:02:09 INFO SparkContext: Running Spark version 3.5.0
[2025-11-30T19:02:09.043+0000] {subprocess.py:93} INFO - 25/11/30 19:02:09 INFO SparkContext: OS info Linux, 5.15.167.4-microsoft-standard-WSL2, amd64
[2025-11-30T19:02:09.044+0000] {subprocess.py:93} INFO - 25/11/30 19:02:09 INFO SparkContext: Java version 17.0.8.1
[2025-11-30T19:02:09.104+0000] {subprocess.py:93} INFO - 25/11/30 19:02:09 WARN NativeCodeLoader: Unable to load native-hadoop library for your platform... using builtin-java classes where applicable
[2025-11-30T19:02:09.188+0000] {subprocess.py:93} INFO - 25/11/30 19:02:09 INFO ResourceUtils: ==============================================================
[2025-11-30T19:02:09.189+0000] {subprocess.py:93} INFO - 25/11/30 19:02:09 INFO ResourceUtils: No custom resources configured for spark.driver.
[2025-11-30T19:02:09.190+0000] {subprocess.py:93} INFO - 25/11/30 19:02:09 INFO ResourceUtils: ==============================================================
[2025-11-30T19:02:09.190+0000] {subprocess.py:93} INFO - 25/11/30 19:02:09 INFO SparkContext: Submitted application: Clean_Dubbizle
[2025-11-30T19:02:09.210+0000] {subprocess.py:93} INFO - 25/11/30 19:02:09 INFO ResourceProfile: Default ResourceProfile created, executor resources: Map(cores -> name: cores, amount: 1, script: , vendor: , memory -> name: memory, amount: 1024, script: , vendor: , offHeap -> name: offHeap, amount: 0, script: , vendor: ), task resources: Map(cpus -> name: cpus, amount: 1.0)
[2025-11-30T19:02:09.218+0000] {subprocess.py:93} INFO - 25/11/30 19:02:09 INFO ResourceProfile: Limiting resource is cpu
[2025-11-30T19:02:09.219+0000] {subprocess.py:93} INFO - 25/11/30 19:02:09 INFO ResourceProfileManager: Added ResourceProfile id: 0
[2025-11-30T19:02:09.264+0000] {subprocess.py:93} INFO - 25/11/30 19:02:09 INFO SecurityManager: Changing view acls to: jovyan
[2025-11-30T19:02:09.265+0000] {subprocess.py:93} INFO - 25/11/30 19:02:09 INFO SecurityManager: Changing modify acls to: jovyan
[2025-11-30T19:02:09.266+0000] {subprocess.py:93} INFO - 25/11/30 19:02:09 INFO SecurityManager: Changing view acls groups to:
[2025-11-30T19:02:09.267+0000] {subprocess.py:93} INFO - 25/11/30 19:02:09 INFO SecurityManager: Changing modify acls groups to:
[2025-11-30T19:02:09.268+0000] {subprocess.py:93} INFO - 25/11/30 19:02:09 INFO SecurityManager: SecurityManager: authentication disabled; ui acls disabled; users with view permissions: jovyan; groups with view permissions: EMPTY; users with modify permissions: jovyan; groups with modify permissions: EMPTY
[2025-11-30T19:02:09.494+0000] {subprocess.py:93} INFO - 25/11/30 19:02:09 INFO Utils: Successfully started service 'sparkDriver' on port 33139.
[2025-11-30T19:02:09.521+0000] {subprocess.py:93} INFO - 25/11/30 19:02:09 INFO SparkEnv: Registering MapOutputTracker
[2025-11-30T19:02:09.550+0000] {subprocess.py:93} INFO - 25/11/30 19:02:09 INFO SparkEnv: Registering BlockManagerMaster
[2025-11-30T19:02:09.565+0000] {subprocess.py:93} INFO - 25/11/30 19:02:09 INFO BlockManagerMasterEndpoint: Using org.apache.spark.storage.DefaultTopologyMapper for getting topology information
[2025-11-30T19:02:09.566+0000] {subprocess.py:93} INFO - 25/11/30 19:02:09 INFO BlockManagerMasterEndpoint: BlockManagerMasterEndpoint up
[2025-11-30T19:02:09.570+0000] {subprocess.py:93} INFO - 25/11/30 19:02:09 INFO SparkEnv: Registering BlockManagerMasterHeartbeat
[2025-11-30T19:02:09.591+0000] {subprocess.py:93} INFO - 25/11/30 19:02:09 INFO DiskBlockManager: Created local directory at /tmp/blockmgr-e5e960f2-b9d9-4ea7-b2c4-66dcebf4d4d9
[2025-11-30T19:02:09.605+0000] {subprocess.py:93} INFO - 25/11/30 19:02:09 INFO MemoryStore: MemoryStore started with capacity 434.4 MiB
[2025-11-30T19:02:09.622+0000] {subprocess.py:93} INFO - 25/11/30 19:02:09 INFO SparkEnv: Registering OutputCommitCoordinator
[2025-11-30T19:02:09.754+0000] {subprocess.py:93} INFO - 25/11/30 19:02:09 INFO JettyUtils: Start Jetty 0.0.0.0:4040 for SparkUI
[2025-11-30T19:02:09.824+0000] {subprocess.py:93} INFO - 25/11/30 19:02:09 INFO Utils: Successfully started service 'SparkUI' on port 4040.
[2025-11-30T19:02:09.947+0000] {subprocess.py:93} INFO - 25/11/30 19:02:09 INFO Executor: Starting executor ID driver on host 76c6f5c40d8c
[2025-11-30T19:02:09.947+0000] {subprocess.py:93} INFO - 25/11/30 19:02:09 INFO Executor: OS info Linux, 5.15.167.4-microsoft-standard-WSL2, amd64
[2025-11-30T19:02:09.948+0000] {subprocess.py:93} INFO - 25/11/30 19:02:09 INFO Executor: Java version 17.0.8.1
[2025-11-30T19:02:09.954+0000] {subprocess.py:93} INFO - 25/11/30 19:02:09 INFO Executor: Starting executor with user classpath (userClassPathFirst = false): ''
[2025-11-30T19:02:09.955+0000] {subprocess.py:93} INFO - 25/11/30 19:02:09 INFO Executor: Created or updated repl class loader org.apache.spark.util.MutableURLClassLoader@2a60694d for default.
[2025-11-30T19:02:09.973+0000] {subprocess.py:93} INFO - 25/11/30 19:02:09 INFO Utils: Successfully started service 'org.apache.spark.network.netty.NettyBlockTransferService' on port 41327.
[2025-11-30T19:02:09.973+0000] {subprocess.py:93} INFO - 25/11/30 19:02:09 INFO NettyBlockTransferService: Server created on 76c6f5c40d8c:41327
[2025-11-30T19:02:09.975+0000] {subprocess.py:93} INFO - 25/11/30 19:02:09 INFO BlockManager: Using org.apache.spark.storage.RandomBlockReplicationPolicy for block replication policy
[2025-11-30T19:02:09.987+0000] {subprocess.py:93} INFO - 25/11/30 19:02:09 INFO BlockManagerMaster: Registering BlockManager BlockManagerId(driver, 76c6f5c40d8c, 41327, None)
[2025-11-30T19:02:09.991+0000] {subprocess.py:93} INFO - 25/11/30 19:02:09 INFO BlockManagerMasterEndpoint: Registering block manager 76c6f5c40d8c:41327 with 434.4 MiB RAM, BlockManagerId(driver, 76c6f5c40d8c, 41327, None)
[2025-11-30T19:02:09.994+0000] {subprocess.py:93} INFO - 25/11/30 19:02:09 INFO BlockManagerMaster: Registered BlockManager BlockManagerId(driver, 76c6f5c40d8c, 41327, None)
[2025-11-30T19:02:09.996+0000] {subprocess.py:93} INFO - 25/11/30 19:02:09 INFO BlockManager: Initialized BlockManager: BlockManagerId(driver, 76c6f5c40d8c, 41327, None)
[2025-11-30T19:02:10.605+0000] {subprocess.py:93} INFO - 25/11/30 19:02:10 INFO SharedState: Setting hive.metastore.warehouse.dir ('null') to the value of spark.sql.warehouse.dir.
[2025-11-30T19:02:10.617+0000] {subprocess.py:93} INFO - 25/11/30 19:02:10 INFO SharedState: Warehouse path is 'file:/home/jovyan/spark-warehouse'.
[2025-11-30T19:02:12.241+0000] {subprocess.py:93} INFO - 25/11/30 19:02:12 INFO InMemoryFileIndex: It took 154 ms to list leaf files for 1 paths.
[2025-11-30T19:02:12.914+0000] {subprocess.py:93} INFO - 25/11/30 19:02:12 INFO SparkContext: Starting job: parquet at NativeMethodAccessorImpl.java:0
[2025-11-30T19:02:12.942+0000] {subprocess.py:93} INFO - 25/11/30 19:02:12 INFO DAGScheduler: Got job 0 (parquet at NativeMethodAccessorImpl.java:0) with 1 output partitions
[2025-11-30T19:02:12.943+0000] {subprocess.py:93} INFO - 25/11/30 19:02:12 INFO DAGScheduler: Final stage: ResultStage 0 (parquet at NativeMethodAccessorImpl.java:0)
[2025-11-30T19:02:12.944+0000] {subprocess.py:93} INFO - 25/11/30 19:02:12 INFO DAGScheduler: Parents of final stage: List()
[2025-11-30T19:02:12.945+0000] {subprocess.py:93} INFO - 25/11/30 19:02:12 INFO DAGScheduler: Missing parents: List()
[2025-11-30T19:02:12.949+0000] {subprocess.py:93} INFO - 25/11/30 19:02:12 INFO DAGScheduler: Submitting ResultStage 0 (MapPartitionsRDD[1] at parquet at NativeMethodAccessorImpl.java:0), which has no missing parents
[2025-11-30T19:02:13.028+0000] {subprocess.py:93} INFO - 25/11/30 19:02:13 INFO MemoryStore: Block broadcast_0 stored as values in memory (estimated size 103.1 KiB, free 434.3 MiB)
[2025-11-30T19:02:13.063+0000] {subprocess.py:93} INFO - 25/11/30 19:02:13 INFO MemoryStore: Block broadcast_0_piece0 stored as bytes in memory (estimated size 37.1 KiB, free 434.3 MiB)
[2025-11-30T19:02:13.067+0000] {subprocess.py:93} INFO - 25/11/30 19:02:13 INFO BlockManagerInfo: Added broadcast_0_piece0 in memory on 76c6f5c40d8c:41327 (size: 37.1 KiB, free: 434.4 MiB)
[2025-11-30T19:02:13.071+0000] {subprocess.py:93} INFO - 25/11/30 19:02:13 INFO SparkContext: Created broadcast 0 from broadcast at DAGScheduler.scala:1580
[2025-11-30T19:02:13.095+0000] {subprocess.py:93} INFO - 25/11/30 19:02:13 INFO DAGScheduler: Submitting 1 missing tasks from ResultStage 0 (MapPartitionsRDD[1] at parquet at NativeMethodAccessorImpl.java:0) (first 15 tasks are for partitions Vector(0))
[2025-11-30T19:02:13.097+0000] {subprocess.py:93} INFO - 25/11/30 19:02:13 INFO TaskSchedulerImpl: Adding task set 0.0 with 1 tasks resource profile 0
[2025-11-30T19:02:13.175+0000] {subprocess.py:93} INFO - 25/11/30 19:02:13 INFO TaskSetManager: Starting task 0.0 in stage 0.0 (TID 0) (76c6f5c40d8c, executor driver, partition 0, PROCESS_LOCAL, 7842 bytes)
[2025-11-30T19:02:13.197+0000] {subprocess.py:93} INFO - 25/11/30 19:02:13 INFO Executor: Running task 0.0 in stage 0.0 (TID 0)
[2025-11-30T19:02:13.781+0000] {subprocess.py:93} INFO - 25/11/30 19:02:13 INFO Executor: Finished task 0.0 in stage 0.0 (TID 0). 1895 bytes result sent to driver
[2025-11-30T19:02:13.795+0000] {subprocess.py:93} INFO - 25/11/30 19:02:13 INFO TaskSetManager: Finished task 0.0 in stage 0.0 (TID 0) in 656 ms on 76c6f5c40d8c (executor driver) (1/1)
[2025-11-30T19:02:13.797+0000] {subprocess.py:93} INFO - 25/11/30 19:02:13 INFO TaskSchedulerImpl: Removed TaskSet 0.0, whose tasks have all completed, from pool
[2025-11-30T19:02:13.803+0000] {subprocess.py:93} INFO - 25/11/30 19:02:13 INFO DAGScheduler: ResultStage 0 (parquet at NativeMethodAccessorImpl.java:0) finished in 0.839 s
[2025-11-30T19:02:13.806+0000] {subprocess.py:93} INFO - 25/11/30 19:02:13 INFO DAGScheduler: Job 0 is finished. Cancelling potential speculative or zombie tasks for this job
[2025-11-30T19:02:13.808+0000] {subprocess.py:93} INFO - 25/11/30 19:02:13 INFO TaskSchedulerImpl: Killing all running tasks in stage 0: Stage finished
[2025-11-30T19:02:13.818+0000] {subprocess.py:93} INFO - 25/11/30 19:02:13 INFO DAGScheduler: Job 0 finished: parquet at NativeMethodAccessorImpl.java:0, took 0.901864 s
[2025-11-30T19:02:14.678+0000] {subprocess.py:93} INFO - Traceback (most recent call last):
[2025-11-30T19:02:14.679+0000] {subprocess.py:93} INFO -   File "/data/Cleaning_Layer_Pyspark/clean_dubbizle.py", line 40, in <module>
[2025-11-30T19:02:14.682+0000] {subprocess.py:93} INFO -     main()
[2025-11-30T19:02:14.683+0000] {subprocess.py:93} INFO -   File "/data/Cleaning_Layer_Pyspark/clean_dubbizle.py", line 9, in main
[2025-11-30T19:02:14.686+0000] {subprocess.py:93} INFO -     df_alex = spark.read.parquet("hdfs://namenode:9000/datalake/bronze/dubbizle_alexandria")
[2025-11-30T19:02:14.687+0000] {subprocess.py:93} INFO -               ^^^^^^^^^^^^^^^^^^^^^^^^^^^^^^^^^^^^^^^^^^^^^^^^^^^^^^^^^^^^^^^^^^^^^^^^^^^^^^
[2025-11-30T19:02:14.688+0000] {subprocess.py:93} INFO -   File "/usr/local/spark/python/lib/pyspark.zip/pyspark/sql/readwriter.py", line 544, in parquet
[2025-11-30T19:02:14.689+0000] {subprocess.py:93} INFO -   File "/usr/local/spark/python/lib/py4j-0.10.9.7-src.zip/py4j/java_gateway.py", line 1322, in __call__
[2025-11-30T19:02:14.690+0000] {subprocess.py:93} INFO -   File "/usr/local/spark/python/lib/pyspark.zip/pyspark/errors/exceptions/captured.py", line 185, in deco
[2025-11-30T19:02:14.701+0000] {subprocess.py:93} INFO - pyspark.errors.exceptions.captured.AnalysisException: [PATH_NOT_FOUND] Path does not exist: hdfs://namenode:9000/datalake/bronze/dubbizle_alexandria.
[2025-11-30T19:02:14.760+0000] {subprocess.py:93} INFO - 25/11/30 19:02:14 INFO SparkContext: Invoking stop() from shutdown hook
[2025-11-30T19:02:14.761+0000] {subprocess.py:93} INFO - 25/11/30 19:02:14 INFO SparkContext: SparkContext is stopping with exitCode 0.
[2025-11-30T19:02:14.779+0000] {subprocess.py:93} INFO - 25/11/30 19:02:14 INFO SparkUI: Stopped Spark web UI at http://76c6f5c40d8c:4040
[2025-11-30T19:02:14.790+0000] {subprocess.py:93} INFO - 25/11/30 19:02:14 INFO MapOutputTrackerMasterEndpoint: MapOutputTrackerMasterEndpoint stopped!
[2025-11-30T19:02:14.807+0000] {subprocess.py:93} INFO - 25/11/30 19:02:14 INFO MemoryStore: MemoryStore cleared
[2025-11-30T19:02:14.808+0000] {subprocess.py:93} INFO - 25/11/30 19:02:14 INFO BlockManager: BlockManager stopped
[2025-11-30T19:02:14.813+0000] {subprocess.py:93} INFO - 25/11/30 19:02:14 INFO BlockManagerMaster: BlockManagerMaster stopped
[2025-11-30T19:02:14.815+0000] {subprocess.py:93} INFO - 25/11/30 19:02:14 INFO OutputCommitCoordinator$OutputCommitCoordinatorEndpoint: OutputCommitCoordinator stopped!
[2025-11-30T19:02:14.826+0000] {subprocess.py:93} INFO - 25/11/30 19:02:14 INFO SparkContext: Successfully stopped SparkContext
[2025-11-30T19:02:14.826+0000] {subprocess.py:93} INFO - 25/11/30 19:02:14 INFO ShutdownHookManager: Shutdown hook called
[2025-11-30T19:02:14.827+0000] {subprocess.py:93} INFO - 25/11/30 19:02:14 INFO ShutdownHookManager: Deleting directory /tmp/spark-8783bc4f-9456-4636-b4ed-5242aa060ba2/pyspark-992c8291-0e1c-4556-8a91-67793e11f131
[2025-11-30T19:02:14.832+0000] {subprocess.py:93} INFO - 25/11/30 19:02:14 INFO ShutdownHookManager: Deleting directory /tmp/spark-172a3b41-fc1c-40e3-a9ba-9b48025f7453
[2025-11-30T19:02:14.836+0000] {subprocess.py:93} INFO - 25/11/30 19:02:14 INFO ShutdownHookManager: Deleting directory /tmp/spark-8783bc4f-9456-4636-b4ed-5242aa060ba2
[2025-11-30T19:02:14.898+0000] {subprocess.py:97} INFO - Command exited with return code 1
[2025-11-30T19:02:14.899+0000] {taskinstance.py:441} INFO - ::group::Post task execution logs
[2025-11-30T19:02:14.912+0000] {taskinstance.py:2905} ERROR - Task failed with exception
Traceback (most recent call last):
  File "/home/airflow/.local/lib/python3.12/site-packages/airflow/models/taskinstance.py", line 465, in _execute_task
    result = _execute_callable(context=context, **execute_callable_kwargs)
             ^^^^^^^^^^^^^^^^^^^^^^^^^^^^^^^^^^^^^^^^^^^^^^^^^^^^^^^^^^^^^
  File "/home/airflow/.local/lib/python3.12/site-packages/airflow/models/taskinstance.py", line 432, in _execute_callable
    return execute_callable(context=context, **execute_callable_kwargs)
           ^^^^^^^^^^^^^^^^^^^^^^^^^^^^^^^^^^^^^^^^^^^^^^^^^^^^^^^^^^^^
  File "/home/airflow/.local/lib/python3.12/site-packages/airflow/models/baseoperator.py", line 401, in wrapper
    return func(self, *args, **kwargs)
           ^^^^^^^^^^^^^^^^^^^^^^^^^^^
  File "/home/airflow/.local/lib/python3.12/site-packages/airflow/operators/bash.py", line 243, in execute
    raise AirflowException(
airflow.exceptions.AirflowException: Bash command failed. The command returned a non-zero exit code 1.
[2025-11-30T19:02:14.919+0000] {taskinstance.py:1206} INFO - Marking task as UP_FOR_RETRY. dag_id=real_estate_etl_pipeline, task_id=clean_dubbizle, run_id=manual__2025-11-30T18:25:30.102845+00:00, execution_date=20251130T182530, start_date=20251130T190205, end_date=20251130T190214
[2025-11-30T19:02:14.945+0000] {standard_task_runner.py:110} ERROR - Failed to execute job 26 for task clean_dubbizle (Bash command failed. The command returned a non-zero exit code 1.; 409)
[2025-11-30T19:02:14.988+0000] {local_task_job_runner.py:240} INFO - Task exited with return code 1
[2025-11-30T19:02:15.020+0000] {taskinstance.py:3503} INFO - 0 downstream tasks scheduled from follow-on schedule check
[2025-11-30T19:02:15.024+0000] {local_task_job_runner.py:222} INFO - ::endgroup::
